[0.972s] DEBUG:colcon:Command line arguments: ['/usr/bin/colcon', 'build', '--symlink-install']
[0.972s] DEBUG:colcon:Parsed command line arguments: Namespace(log_base=None, log_level=None, verb_name='build', build_base='build', install_base='install', merge_install=False, symlink_install=True, test_result_base=None, continue_on_error=False, executor='parallel', parallel_workers=8, event_handlers=None, ignore_user_meta=False, metas=['./colcon.meta'], base_paths=['.'], packages_ignore=None, packages_ignore_regex=None, paths=None, packages_up_to=None, packages_up_to_regex=None, packages_above=None, packages_above_and_dependencies=None, packages_above_depth=None, packages_select_by_dep=None, packages_skip_by_dep=None, packages_skip_up_to=None, packages_select_build_failed=False, packages_skip_build_finished=False, packages_select_test_failures=False, packages_skip_test_passed=False, packages_select=None, packages_skip=None, packages_select_regex=None, packages_skip_regex=None, packages_start=None, packages_end=None, allow_overriding=[], cmake_args=None, cmake_target=None, cmake_target_skip_unavailable=False, cmake_clean_cache=False, cmake_clean_first=False, cmake_force_configure=False, ament_cmake_args=None, catkin_cmake_args=None, catkin_skip_building_tests=False, mixin_files=None, mixin=None, verb_parser=<colcon_mixin.mixin.mixin_argument.MixinArgumentDecorator object at 0x7c2f9d8774d0>, verb_extension=<colcon_core.verb.build.BuildVerb object at 0x7c2f9d8770e0>, main=<bound method BuildVerb.main of <colcon_core.verb.build.BuildVerb object at 0x7c2f9d8770e0>>, mixin_verb=('build',))
[1.149s] Level 1:colcon.colcon_core.package_discovery:discover_packages(colcon_meta) check parameters
[1.150s] Level 1:colcon.colcon_core.package_discovery:discover_packages(recursive) check parameters
[1.150s] Level 1:colcon.colcon_core.package_discovery:discover_packages(ignore) check parameters
[1.150s] Level 1:colcon.colcon_core.package_discovery:discover_packages(path) check parameters
[1.150s] Level 1:colcon.colcon_core.package_discovery:discover_packages(colcon_meta) discover
[1.151s] Level 1:colcon.colcon_core.package_discovery:discover_packages(recursive) discover
[1.151s] INFO:colcon.colcon_core.package_discovery:Crawling recursively for packages in '/home/edwardak/my_robot_ws'
[1.152s] Level 1:colcon.colcon_core.package_identification:_identify(.) by extensions ['ignore', 'ignore_ament_install']
[1.153s] Level 1:colcon.colcon_core.package_identification:_identify(.) by extension 'ignore'
[1.153s] Level 1:colcon.colcon_core.package_identification:_identify(.) by extension 'ignore_ament_install'
[1.154s] Level 1:colcon.colcon_core.package_identification:_identify(.) by extensions ['colcon_pkg']
[1.154s] Level 1:colcon.colcon_core.package_identification:_identify(.) by extension 'colcon_pkg'
[1.154s] Level 1:colcon.colcon_core.package_identification:_identify(.) by extensions ['colcon_meta']
[1.154s] Level 1:colcon.colcon_core.package_identification:_identify(.) by extension 'colcon_meta'
[1.154s] Level 1:colcon.colcon_core.package_identification:_identify(.) by extensions ['ros']
[1.154s] Level 1:colcon.colcon_core.package_identification:_identify(.) by extension 'ros'
[1.262s] Level 1:colcon.colcon_core.package_identification:_identify(.) by extensions ['cmake', 'python']
[1.262s] Level 1:colcon.colcon_core.package_identification:_identify(.) by extension 'cmake'
[1.263s] Level 1:colcon.colcon_core.package_identification:_identify(.) by extension 'python'
[1.263s] Level 1:colcon.colcon_core.package_identification:_identify(.) by extensions ['python_setup_py']
[1.263s] Level 1:colcon.colcon_core.package_identification:_identify(.) by extension 'python_setup_py'
[1.263s] Level 1:colcon.colcon_core.package_identification:_identify(build) by extensions ['ignore', 'ignore_ament_install']
[1.264s] Level 1:colcon.colcon_core.package_identification:_identify(build) by extension 'ignore'
[1.264s] Level 1:colcon.colcon_core.package_identification:_identify(build) ignored
[1.264s] Level 1:colcon.colcon_core.package_identification:_identify(install) by extensions ['ignore', 'ignore_ament_install']
[1.265s] Level 1:colcon.colcon_core.package_identification:_identify(install) by extension 'ignore'
[1.265s] Level 1:colcon.colcon_core.package_identification:_identify(install) ignored
[1.265s] Level 1:colcon.colcon_core.package_identification:_identify(log) by extensions ['ignore', 'ignore_ament_install']
[1.266s] Level 1:colcon.colcon_core.package_identification:_identify(log) by extension 'ignore'
[1.266s] Level 1:colcon.colcon_core.package_identification:_identify(log) ignored
[1.266s] Level 1:colcon.colcon_core.package_identification:_identify(src) by extensions ['ignore', 'ignore_ament_install']
[1.266s] Level 1:colcon.colcon_core.package_identification:_identify(src) by extension 'ignore'
[1.267s] Level 1:colcon.colcon_core.package_identification:_identify(src) by extension 'ignore_ament_install'
[1.267s] Level 1:colcon.colcon_core.package_identification:_identify(src) by extensions ['colcon_pkg']
[1.267s] Level 1:colcon.colcon_core.package_identification:_identify(src) by extension 'colcon_pkg'
[1.267s] Level 1:colcon.colcon_core.package_identification:_identify(src) by extensions ['colcon_meta']
[1.267s] Level 1:colcon.colcon_core.package_identification:_identify(src) by extension 'colcon_meta'
[1.267s] Level 1:colcon.colcon_core.package_identification:_identify(src) by extensions ['ros']
[1.267s] Level 1:colcon.colcon_core.package_identification:_identify(src) by extension 'ros'
[1.268s] Level 1:colcon.colcon_core.package_identification:_identify(src) by extensions ['cmake', 'python']
[1.268s] Level 1:colcon.colcon_core.package_identification:_identify(src) by extension 'cmake'
[1.268s] Level 1:colcon.colcon_core.package_identification:_identify(src) by extension 'python'
[1.268s] Level 1:colcon.colcon_core.package_identification:_identify(src) by extensions ['python_setup_py']
[1.269s] Level 1:colcon.colcon_core.package_identification:_identify(src) by extension 'python_setup_py'
[1.269s] Level 1:colcon.colcon_core.package_identification:_identify(src/build) by extensions ['ignore', 'ignore_ament_install']
[1.269s] Level 1:colcon.colcon_core.package_identification:_identify(src/build) by extension 'ignore'
[1.270s] Level 1:colcon.colcon_core.package_identification:_identify(src/build) ignored
[1.270s] Level 1:colcon.colcon_core.package_identification:_identify(src/install) by extensions ['ignore', 'ignore_ament_install']
[1.271s] Level 1:colcon.colcon_core.package_identification:_identify(src/install) by extension 'ignore'
[1.271s] Level 1:colcon.colcon_core.package_identification:_identify(src/install) ignored
[1.271s] Level 1:colcon.colcon_core.package_identification:_identify(src/log) by extensions ['ignore', 'ignore_ament_install']
[1.272s] Level 1:colcon.colcon_core.package_identification:_identify(src/log) by extension 'ignore'
[1.272s] Level 1:colcon.colcon_core.package_identification:_identify(src/log) ignored
[1.272s] Level 1:colcon.colcon_core.package_identification:_identify(src/my_camera) by extensions ['ignore', 'ignore_ament_install']
[1.272s] Level 1:colcon.colcon_core.package_identification:_identify(src/my_camera) by extension 'ignore'
[1.272s] Level 1:colcon.colcon_core.package_identification:_identify(src/my_camera) by extension 'ignore_ament_install'
[1.273s] Level 1:colcon.colcon_core.package_identification:_identify(src/my_camera) by extensions ['colcon_pkg']
[1.273s] Level 1:colcon.colcon_core.package_identification:_identify(src/my_camera) by extension 'colcon_pkg'
[1.273s] Level 1:colcon.colcon_core.package_identification:_identify(src/my_camera) by extensions ['colcon_meta']
[1.273s] Level 1:colcon.colcon_core.package_identification:_identify(src/my_camera) by extension 'colcon_meta'
[1.273s] Level 1:colcon.colcon_core.package_identification:_identify(src/my_camera) by extensions ['ros']
[1.273s] Level 1:colcon.colcon_core.package_identification:_identify(src/my_camera) by extension 'ros'
[1.283s] DEBUG:colcon.colcon_core.package_identification:Package 'src/my_camera' with type 'ros.ament_python' and name 'my_camera'
[1.284s] Level 1:colcon.colcon_core.package_identification:_identify(src/my_robot_bringup) by extensions ['ignore', 'ignore_ament_install']
[1.284s] Level 1:colcon.colcon_core.package_identification:_identify(src/my_robot_bringup) by extension 'ignore'
[1.285s] Level 1:colcon.colcon_core.package_identification:_identify(src/my_robot_bringup) by extension 'ignore_ament_install'
[1.285s] Level 1:colcon.colcon_core.package_identification:_identify(src/my_robot_bringup) by extensions ['colcon_pkg']
[1.285s] Level 1:colcon.colcon_core.package_identification:_identify(src/my_robot_bringup) by extension 'colcon_pkg'
[1.285s] Level 1:colcon.colcon_core.package_identification:_identify(src/my_robot_bringup) by extensions ['colcon_meta']
[1.285s] Level 1:colcon.colcon_core.package_identification:_identify(src/my_robot_bringup) by extension 'colcon_meta'
[1.285s] Level 1:colcon.colcon_core.package_identification:_identify(src/my_robot_bringup) by extensions ['ros']
[1.286s] Level 1:colcon.colcon_core.package_identification:_identify(src/my_robot_bringup) by extension 'ros'
[1.288s] DEBUG:colcon.colcon_core.package_identification:Package 'src/my_robot_bringup' with type 'ros.ament_cmake' and name 'my_robot_bringup'
[1.288s] Level 1:colcon.colcon_core.package_identification:_identify(src/my_robot_description) by extensions ['ignore', 'ignore_ament_install']
[1.288s] Level 1:colcon.colcon_core.package_identification:_identify(src/my_robot_description) by extension 'ignore'
[1.288s] Level 1:colcon.colcon_core.package_identification:_identify(src/my_robot_description) by extension 'ignore_ament_install'
[1.289s] Level 1:colcon.colcon_core.package_identification:_identify(src/my_robot_description) by extensions ['colcon_pkg']
[1.289s] Level 1:colcon.colcon_core.package_identification:_identify(src/my_robot_description) by extension 'colcon_pkg'
[1.289s] Level 1:colcon.colcon_core.package_identification:_identify(src/my_robot_description) by extensions ['colcon_meta']
[1.289s] Level 1:colcon.colcon_core.package_identification:_identify(src/my_robot_description) by extension 'colcon_meta'
[1.289s] Level 1:colcon.colcon_core.package_identification:_identify(src/my_robot_description) by extensions ['ros']
[1.289s] Level 1:colcon.colcon_core.package_identification:_identify(src/my_robot_description) by extension 'ros'
[1.290s] DEBUG:colcon.colcon_core.package_identification:Package 'src/my_robot_description' with type 'ros.ament_cmake' and name 'my_robot_description'
[1.290s] Level 1:colcon.colcon_core.package_discovery:discover_packages(recursive) using defaults
[1.291s] Level 1:colcon.colcon_core.package_discovery:discover_packages(ignore) discover
[1.291s] Level 1:colcon.colcon_core.package_discovery:discover_packages(ignore) using defaults
[1.291s] Level 1:colcon.colcon_core.package_discovery:discover_packages(path) discover
[1.291s] Level 1:colcon.colcon_core.package_discovery:discover_packages(path) using defaults
[1.365s] Level 1:colcon.colcon_core.package_discovery:discover_packages(prefix_path) check parameters
[1.366s] Level 1:colcon.colcon_core.package_discovery:discover_packages(prefix_path) discover
[1.377s] DEBUG:colcon.colcon_installed_package_information.package_discovery:Found 3 installed packages in /home/edwardak/my_robot_ws/install
[1.379s] DEBUG:colcon.colcon_installed_package_information.package_discovery:Found 6 installed packages in /home/edwardak/install
[1.394s] DEBUG:colcon.colcon_installed_package_information.package_discovery:Found 395 installed packages in /opt/ros/jazzy
[1.401s] Level 1:colcon.colcon_core.package_discovery:discover_packages(prefix_path) using defaults
[1.667s] Level 5:colcon.colcon_core.verb:set package 'my_camera' build argument 'cmake_args' from command line to 'None'
[1.667s] Level 5:colcon.colcon_core.verb:set package 'my_camera' build argument 'cmake_target' from command line to 'None'
[1.667s] Level 5:colcon.colcon_core.verb:set package 'my_camera' build argument 'cmake_target_skip_unavailable' from command line to 'False'
[1.667s] Level 5:colcon.colcon_core.verb:set package 'my_camera' build argument 'cmake_clean_cache' from command line to 'False'
[1.668s] Level 5:colcon.colcon_core.verb:set package 'my_camera' build argument 'cmake_clean_first' from command line to 'False'
[1.668s] Level 5:colcon.colcon_core.verb:set package 'my_camera' build argument 'cmake_force_configure' from command line to 'False'
[1.668s] Level 5:colcon.colcon_core.verb:set package 'my_camera' build argument 'ament_cmake_args' from command line to 'None'
[1.668s] Level 5:colcon.colcon_core.verb:set package 'my_camera' build argument 'catkin_cmake_args' from command line to 'None'
[1.668s] Level 5:colcon.colcon_core.verb:set package 'my_camera' build argument 'catkin_skip_building_tests' from command line to 'False'
[1.668s] DEBUG:colcon.colcon_core.verb:Building package 'my_camera' with the following arguments: {'ament_cmake_args': None, 'build_base': '/home/edwardak/my_robot_ws/build/my_camera', 'catkin_cmake_args': None, 'catkin_skip_building_tests': False, 'cmake_args': None, 'cmake_clean_cache': False, 'cmake_clean_first': False, 'cmake_force_configure': False, 'cmake_target': None, 'cmake_target_skip_unavailable': False, 'install_base': '/home/edwardak/my_robot_ws/install/my_camera', 'merge_install': False, 'path': '/home/edwardak/my_robot_ws/src/my_camera', 'symlink_install': True, 'test_result_base': None}
[1.669s] Level 5:colcon.colcon_core.verb:set package 'my_robot_description' build argument 'cmake_args' from command line to 'None'
[1.669s] Level 5:colcon.colcon_core.verb:set package 'my_robot_description' build argument 'cmake_target' from command line to 'None'
[1.669s] Level 5:colcon.colcon_core.verb:set package 'my_robot_description' build argument 'cmake_target_skip_unavailable' from command line to 'False'
[1.669s] Level 5:colcon.colcon_core.verb:set package 'my_robot_description' build argument 'cmake_clean_cache' from command line to 'False'
[1.669s] Level 5:colcon.colcon_core.verb:set package 'my_robot_description' build argument 'cmake_clean_first' from command line to 'False'
[1.669s] Level 5:colcon.colcon_core.verb:set package 'my_robot_description' build argument 'cmake_force_configure' from command line to 'False'
[1.670s] Level 5:colcon.colcon_core.verb:set package 'my_robot_description' build argument 'ament_cmake_args' from command line to 'None'
[1.670s] Level 5:colcon.colcon_core.verb:set package 'my_robot_description' build argument 'catkin_cmake_args' from command line to 'None'
[1.670s] Level 5:colcon.colcon_core.verb:set package 'my_robot_description' build argument 'catkin_skip_building_tests' from command line to 'False'
[1.670s] DEBUG:colcon.colcon_core.verb:Building package 'my_robot_description' with the following arguments: {'ament_cmake_args': None, 'build_base': '/home/edwardak/my_robot_ws/build/my_robot_description', 'catkin_cmake_args': None, 'catkin_skip_building_tests': False, 'cmake_args': None, 'cmake_clean_cache': False, 'cmake_clean_first': False, 'cmake_force_configure': False, 'cmake_target': None, 'cmake_target_skip_unavailable': False, 'install_base': '/home/edwardak/my_robot_ws/install/my_robot_description', 'merge_install': False, 'path': '/home/edwardak/my_robot_ws/src/my_robot_description', 'symlink_install': True, 'test_result_base': None}
[1.673s] Level 5:colcon.colcon_core.verb:set package 'my_robot_bringup' build argument 'cmake_args' from command line to 'None'
[1.673s] Level 5:colcon.colcon_core.verb:set package 'my_robot_bringup' build argument 'cmake_target' from command line to 'None'
[1.673s] Level 5:colcon.colcon_core.verb:set package 'my_robot_bringup' build argument 'cmake_target_skip_unavailable' from command line to 'False'
[1.673s] Level 5:colcon.colcon_core.verb:set package 'my_robot_bringup' build argument 'cmake_clean_cache' from command line to 'False'
[1.673s] Level 5:colcon.colcon_core.verb:set package 'my_robot_bringup' build argument 'cmake_clean_first' from command line to 'False'
[1.673s] Level 5:colcon.colcon_core.verb:set package 'my_robot_bringup' build argument 'cmake_force_configure' from command line to 'False'
[1.673s] Level 5:colcon.colcon_core.verb:set package 'my_robot_bringup' build argument 'ament_cmake_args' from command line to 'None'
[1.673s] Level 5:colcon.colcon_core.verb:set package 'my_robot_bringup' build argument 'catkin_cmake_args' from command line to 'None'
[1.673s] Level 5:colcon.colcon_core.verb:set package 'my_robot_bringup' build argument 'catkin_skip_building_tests' from command line to 'False'
[1.673s] DEBUG:colcon.colcon_core.verb:Building package 'my_robot_bringup' with the following arguments: {'ament_cmake_args': None, 'build_base': '/home/edwardak/my_robot_ws/build/my_robot_bringup', 'catkin_cmake_args': None, 'catkin_skip_building_tests': False, 'cmake_args': None, 'cmake_clean_cache': False, 'cmake_clean_first': False, 'cmake_force_configure': False, 'cmake_target': None, 'cmake_target_skip_unavailable': False, 'install_base': '/home/edwardak/my_robot_ws/install/my_robot_bringup', 'merge_install': False, 'path': '/home/edwardak/my_robot_ws/src/my_robot_bringup', 'symlink_install': True, 'test_result_base': None}
[1.674s] INFO:colcon.colcon_core.executor:Executing jobs using 'parallel' executor
[1.677s] DEBUG:colcon.colcon_parallel_executor.executor.parallel:run_until_complete
[1.678s] INFO:colcon.colcon_ros.task.ament_cmake.build:Building ROS package in '/home/edwardak/my_robot_ws/src/my_robot_description' with build type 'ament_cmake'
[1.678s] INFO:colcon.colcon_cmake.task.cmake.build:Building CMake package in '/home/edwardak/my_robot_ws/src/my_robot_description'
[1.695s] INFO:colcon.colcon_core.plugin_system:Skipping extension 'colcon_core.shell.bat': Not used on non-Windows systems
[1.695s] INFO:colcon.colcon_core.shell:Skip shell extension 'powershell' for command environment: Not usable outside of PowerShell
[1.695s] DEBUG:colcon.colcon_core.shell:Skip shell extension 'dsv' for command environment
[1.719s] INFO:colcon.colcon_ros.task.ament_python.build:Building ROS package in '/home/edwardak/my_robot_ws/src/my_camera' with build type 'ament_python'
[1.720s] Level 1:colcon.colcon_core.shell:create_environment_hook('my_camera', 'ament_prefix_path')
[1.720s] INFO:colcon.colcon_core.shell:Creating environment hook '/home/edwardak/my_robot_ws/install/my_camera/share/my_camera/hook/ament_prefix_path.ps1'
[1.723s] INFO:colcon.colcon_core.shell:Creating environment descriptor '/home/edwardak/my_robot_ws/install/my_camera/share/my_camera/hook/ament_prefix_path.dsv'
[1.724s] INFO:colcon.colcon_core.shell:Creating environment hook '/home/edwardak/my_robot_ws/install/my_camera/share/my_camera/hook/ament_prefix_path.sh'
[1.727s] INFO:colcon.colcon_core.shell:Skip shell extension 'powershell' for command environment: Not usable outside of PowerShell
[1.727s] DEBUG:colcon.colcon_core.shell:Skip shell extension 'dsv' for command environment
[1.771s] DEBUG:colcon.colcon_core.event_handler.log_command:Invoking command in '/home/edwardak/my_robot_ws/build/my_robot_description': CMAKE_PREFIX_PATH=${CMAKE_PREFIX_PATH}:/home/edwardak/my_robot_ws/install/my_camera:/opt/ros/jazzy /usr/bin/cmake /home/edwardak/my_robot_ws/src/my_robot_description -DAMENT_CMAKE_SYMLINK_INSTALL=1 -DCMAKE_INSTALL_PREFIX=/home/edwardak/my_robot_ws/install/my_robot_description
[2.694s] INFO:colcon.colcon_core.task.python.build:Building Python package in '/home/edwardak/my_robot_ws/src/my_camera'
[2.694s] INFO:colcon.colcon_core.shell:Skip shell extension 'powershell' for command environment: Not usable outside of PowerShell
[2.695s] DEBUG:colcon.colcon_core.shell:Skip shell extension 'dsv' for command environment
[3.162s] DEBUG:colcon.colcon_core.event_handler.log_command:Invoked command in '/home/edwardak/my_robot_ws/build/my_robot_description' returned '0': CMAKE_PREFIX_PATH=${CMAKE_PREFIX_PATH}:/home/edwardak/my_robot_ws/install/my_camera:/opt/ros/jazzy /usr/bin/cmake /home/edwardak/my_robot_ws/src/my_robot_description -DAMENT_CMAKE_SYMLINK_INSTALL=1 -DCMAKE_INSTALL_PREFIX=/home/edwardak/my_robot_ws/install/my_robot_description
[3.162s] DEBUG:colcon.colcon_core.event_handler.log_command:Invoking command in '/home/edwardak/my_robot_ws/build/my_robot_description': CMAKE_PREFIX_PATH=${CMAKE_PREFIX_PATH}:/home/edwardak/my_robot_ws/install/my_camera:/opt/ros/jazzy /usr/bin/cmake --build /home/edwardak/my_robot_ws/build/my_robot_description -- -j8 -l8
[3.325s] DEBUG:colcon.colcon_core.event_handler.log_command:Invoked command in '/home/edwardak/my_robot_ws/build/my_robot_description' returned '0': CMAKE_PREFIX_PATH=${CMAKE_PREFIX_PATH}:/home/edwardak/my_robot_ws/install/my_camera:/opt/ros/jazzy /usr/bin/cmake --build /home/edwardak/my_robot_ws/build/my_robot_description -- -j8 -l8
[3.364s] DEBUG:colcon.colcon_core.event_handler.log_command:Invoking command in '/home/edwardak/my_robot_ws/build/my_robot_description': CMAKE_PREFIX_PATH=${CMAKE_PREFIX_PATH}:/home/edwardak/my_robot_ws/install/my_camera:/opt/ros/jazzy /usr/bin/cmake --install /home/edwardak/my_robot_ws/build/my_robot_description
[3.470s] Level 1:colcon.colcon_core.environment:create_environment_scripts_only(my_robot_description)
[3.473s] DEBUG:colcon.colcon_core.event_handler.log_command:Invoked command in '/home/edwardak/my_robot_ws/build/my_robot_description' returned '0': CMAKE_PREFIX_PATH=${CMAKE_PREFIX_PATH}:/home/edwardak/my_robot_ws/install/my_camera:/opt/ros/jazzy /usr/bin/cmake --install /home/edwardak/my_robot_ws/build/my_robot_description
[3.481s] Level 1:colcon.colcon_core.environment:checking '/home/edwardak/my_robot_ws/install/my_robot_description' for CMake module files
[3.484s] Level 1:colcon.colcon_core.environment:checking '/home/edwardak/my_robot_ws/install/my_robot_description' for CMake config files
[3.485s] Level 1:colcon.colcon_core.shell:create_environment_hook('my_robot_description', 'cmake_prefix_path')
[3.485s] INFO:colcon.colcon_core.shell:Creating environment hook '/home/edwardak/my_robot_ws/install/my_robot_description/share/my_robot_description/hook/cmake_prefix_path.ps1'
[3.487s] INFO:colcon.colcon_core.shell:Creating environment descriptor '/home/edwardak/my_robot_ws/install/my_robot_description/share/my_robot_description/hook/cmake_prefix_path.dsv'
[3.488s] INFO:colcon.colcon_core.shell:Creating environment hook '/home/edwardak/my_robot_ws/install/my_robot_description/share/my_robot_description/hook/cmake_prefix_path.sh'
[3.491s] Level 1:colcon.colcon_core.environment:checking '/home/edwardak/my_robot_ws/install/my_robot_description/bin'
[3.491s] Level 1:colcon.colcon_core.environment:checking '/home/edwardak/my_robot_ws/install/my_robot_description/lib/pkgconfig/my_robot_description.pc'
[3.491s] Level 1:colcon.colcon_core.environment:checking '/home/edwardak/my_robot_ws/install/my_robot_description/lib/python3.12/site-packages'
[3.493s] Level 1:colcon.colcon_core.environment:checking '/home/edwardak/my_robot_ws/install/my_robot_description/bin'
[3.494s] INFO:colcon.colcon_core.shell:Creating package script '/home/edwardak/my_robot_ws/install/my_robot_description/share/my_robot_description/package.ps1'
[3.498s] INFO:colcon.colcon_core.shell:Creating package descriptor '/home/edwardak/my_robot_ws/install/my_robot_description/share/my_robot_description/package.dsv'
[3.503s] INFO:colcon.colcon_core.shell:Creating package script '/home/edwardak/my_robot_ws/install/my_robot_description/share/my_robot_description/package.sh'
[3.505s] INFO:colcon.colcon_core.shell:Creating package script '/home/edwardak/my_robot_ws/install/my_robot_description/share/my_robot_description/package.bash'
[3.508s] INFO:colcon.colcon_core.shell:Creating package script '/home/edwardak/my_robot_ws/install/my_robot_description/share/my_robot_description/package.zsh'
[3.511s] Level 1:colcon.colcon_core.environment:create_file_with_runtime_dependencies(/home/edwardak/my_robot_ws/install/my_robot_description/share/colcon-core/packages/my_robot_description)
[3.513s] Level 1:colcon.colcon_core.environment:create_environment_scripts_only(my_robot_description)
[3.514s] Level 1:colcon.colcon_core.environment:checking '/home/edwardak/my_robot_ws/install/my_robot_description' for CMake module files
[3.515s] Level 1:colcon.colcon_core.environment:checking '/home/edwardak/my_robot_ws/install/my_robot_description' for CMake config files
[3.516s] Level 1:colcon.colcon_core.shell:create_environment_hook('my_robot_description', 'cmake_prefix_path')
[3.517s] INFO:colcon.colcon_core.shell:Creating environment hook '/home/edwardak/my_robot_ws/install/my_robot_description/share/my_robot_description/hook/cmake_prefix_path.ps1'
[3.518s] INFO:colcon.colcon_core.shell:Creating environment descriptor '/home/edwardak/my_robot_ws/install/my_robot_description/share/my_robot_description/hook/cmake_prefix_path.dsv'
[3.521s] INFO:colcon.colcon_core.shell:Creating environment hook '/home/edwardak/my_robot_ws/install/my_robot_description/share/my_robot_description/hook/cmake_prefix_path.sh'
[3.525s] Level 1:colcon.colcon_core.environment:checking '/home/edwardak/my_robot_ws/install/my_robot_description/bin'
[3.530s] Level 1:colcon.colcon_core.environment:checking '/home/edwardak/my_robot_ws/install/my_robot_description/lib/pkgconfig/my_robot_description.pc'
[3.531s] Level 1:colcon.colcon_core.environment:checking '/home/edwardak/my_robot_ws/install/my_robot_description/lib/python3.12/site-packages'
[3.532s] Level 1:colcon.colcon_core.environment:checking '/home/edwardak/my_robot_ws/install/my_robot_description/bin'
[3.532s] INFO:colcon.colcon_core.shell:Creating package script '/home/edwardak/my_robot_ws/install/my_robot_description/share/my_robot_description/package.ps1'
[3.534s] INFO:colcon.colcon_core.shell:Creating package descriptor '/home/edwardak/my_robot_ws/install/my_robot_description/share/my_robot_description/package.dsv'
[3.537s] INFO:colcon.colcon_core.shell:Creating package script '/home/edwardak/my_robot_ws/install/my_robot_description/share/my_robot_description/package.sh'
[3.538s] INFO:colcon.colcon_core.shell:Creating package script '/home/edwardak/my_robot_ws/install/my_robot_description/share/my_robot_description/package.bash'
[3.542s] INFO:colcon.colcon_core.shell:Creating package script '/home/edwardak/my_robot_ws/install/my_robot_description/share/my_robot_description/package.zsh'
[3.543s] Level 1:colcon.colcon_core.environment:create_file_with_runtime_dependencies(/home/edwardak/my_robot_ws/install/my_robot_description/share/colcon-core/packages/my_robot_description)
[3.546s] INFO:colcon.colcon_ros.task.ament_cmake.build:Building ROS package in '/home/edwardak/my_robot_ws/src/my_robot_bringup' with build type 'ament_cmake'
[3.546s] INFO:colcon.colcon_cmake.task.cmake.build:Building CMake package in '/home/edwardak/my_robot_ws/src/my_robot_bringup'
[3.546s] INFO:colcon.colcon_core.shell:Skip shell extension 'powershell' for command environment: Not usable outside of PowerShell
[3.546s] DEBUG:colcon.colcon_core.shell:Skip shell extension 'dsv' for command environment
[3.842s] DEBUG:colcon.colcon_core.event_handler.log_command:Invoking command in '/home/edwardak/my_robot_ws/build/my_robot_bringup': CMAKE_PREFIX_PATH=/home/edwardak/my_robot_ws/install/my_robot_description:/home/edwardak/my_robot_ws/install/my_robot_bringup:/home/edwardak/install/tb_autonomy:/home/edwardak/install/tb_worlds:/home/edwardak/install/nav2_minimal_tb4_sim:/home/edwardak/install/nav2_minimal_tb4_description:/home/edwardak/install/nav2_minimal_tb3_sim:/home/edwardak/install/my_robot_description:/opt/ros/jazzy/opt/gz_sim_vendor:/opt/ros/jazzy/opt/gz_sensors_vendor:/opt/ros/jazzy/opt/gz_physics_vendor:/opt/ros/jazzy/opt/sdformat_vendor:/opt/ros/jazzy/opt/gz_gui_vendor:/opt/ros/jazzy/opt/gz_transport_vendor:/opt/ros/jazzy/opt/gz_rendering_vendor:/opt/ros/jazzy/opt/gz_plugin_vendor:/opt/ros/jazzy/opt/gz_fuel_tools_vendor:/opt/ros/jazzy/opt/gz_msgs_vendor:/opt/ros/jazzy/opt/gz_common_vendor:/opt/ros/jazzy/opt/gz_math_vendor:/opt/ros/jazzy/opt/gz_utils_vendor:/opt/ros/jazzy/opt/gz_tools_vendor:/opt/ros/jazzy/opt/gz_ogre_next_vendor:/opt/ros/jazzy/opt/gz_dartsim_vendor:/opt/ros/jazzy/opt/gz_cmake_vendor:/home/edwardak/my_robot_ws/install/my_camera:/opt/ros/jazzy /usr/bin/cmake /home/edwardak/my_robot_ws/src/my_robot_bringup -DAMENT_CMAKE_SYMLINK_INSTALL=1 -DCMAKE_INSTALL_PREFIX=/home/edwardak/my_robot_ws/install/my_robot_bringup
[5.162s] DEBUG:colcon.colcon_core.event_handler.log_command:Invoked command in '/home/edwardak/my_robot_ws/build/my_robot_bringup' returned '0': CMAKE_PREFIX_PATH=/home/edwardak/my_robot_ws/install/my_robot_description:/home/edwardak/my_robot_ws/install/my_robot_bringup:/home/edwardak/install/tb_autonomy:/home/edwardak/install/tb_worlds:/home/edwardak/install/nav2_minimal_tb4_sim:/home/edwardak/install/nav2_minimal_tb4_description:/home/edwardak/install/nav2_minimal_tb3_sim:/home/edwardak/install/my_robot_description:/opt/ros/jazzy/opt/gz_sim_vendor:/opt/ros/jazzy/opt/gz_sensors_vendor:/opt/ros/jazzy/opt/gz_physics_vendor:/opt/ros/jazzy/opt/sdformat_vendor:/opt/ros/jazzy/opt/gz_gui_vendor:/opt/ros/jazzy/opt/gz_transport_vendor:/opt/ros/jazzy/opt/gz_rendering_vendor:/opt/ros/jazzy/opt/gz_plugin_vendor:/opt/ros/jazzy/opt/gz_fuel_tools_vendor:/opt/ros/jazzy/opt/gz_msgs_vendor:/opt/ros/jazzy/opt/gz_common_vendor:/opt/ros/jazzy/opt/gz_math_vendor:/opt/ros/jazzy/opt/gz_utils_vendor:/opt/ros/jazzy/opt/gz_tools_vendor:/opt/ros/jazzy/opt/gz_ogre_next_vendor:/opt/ros/jazzy/opt/gz_dartsim_vendor:/opt/ros/jazzy/opt/gz_cmake_vendor:/home/edwardak/my_robot_ws/install/my_camera:/opt/ros/jazzy /usr/bin/cmake /home/edwardak/my_robot_ws/src/my_robot_bringup -DAMENT_CMAKE_SYMLINK_INSTALL=1 -DCMAKE_INSTALL_PREFIX=/home/edwardak/my_robot_ws/install/my_robot_bringup
[5.166s] DEBUG:colcon.colcon_core.event_handler.log_command:Invoking command in '/home/edwardak/my_robot_ws/build/my_robot_bringup': CMAKE_PREFIX_PATH=/home/edwardak/my_robot_ws/install/my_robot_description:/home/edwardak/my_robot_ws/install/my_robot_bringup:/home/edwardak/install/tb_autonomy:/home/edwardak/install/tb_worlds:/home/edwardak/install/nav2_minimal_tb4_sim:/home/edwardak/install/nav2_minimal_tb4_description:/home/edwardak/install/nav2_minimal_tb3_sim:/home/edwardak/install/my_robot_description:/opt/ros/jazzy/opt/gz_sim_vendor:/opt/ros/jazzy/opt/gz_sensors_vendor:/opt/ros/jazzy/opt/gz_physics_vendor:/opt/ros/jazzy/opt/sdformat_vendor:/opt/ros/jazzy/opt/gz_gui_vendor:/opt/ros/jazzy/opt/gz_transport_vendor:/opt/ros/jazzy/opt/gz_rendering_vendor:/opt/ros/jazzy/opt/gz_plugin_vendor:/opt/ros/jazzy/opt/gz_fuel_tools_vendor:/opt/ros/jazzy/opt/gz_msgs_vendor:/opt/ros/jazzy/opt/gz_common_vendor:/opt/ros/jazzy/opt/gz_math_vendor:/opt/ros/jazzy/opt/gz_utils_vendor:/opt/ros/jazzy/opt/gz_tools_vendor:/opt/ros/jazzy/opt/gz_ogre_next_vendor:/opt/ros/jazzy/opt/gz_dartsim_vendor:/opt/ros/jazzy/opt/gz_cmake_vendor:/home/edwardak/my_robot_ws/install/my_camera:/opt/ros/jazzy /usr/bin/cmake --build /home/edwardak/my_robot_ws/build/my_robot_bringup -- -j8 -l8
[5.260s] DEBUG:colcon.colcon_core.task.python.build:While undoing a previous installation files outside the Python library path are being ignored: /home/edwardak/my_robot_ws/install/my_camera/share/ament_index/resource_index/packages/my_camera
[5.261s] DEBUG:colcon.colcon_core.task.python.build:While undoing a previous installation files outside the Python library path are being ignored: /home/edwardak/my_robot_ws/install/my_camera/share/my_camera/package.xml
[5.261s] DEBUG:colcon.colcon_core.task.python.build:While undoing a previous installation files outside the Python library path are being ignored: /home/edwardak/my_robot_ws/install/my_camera/lib/my_camera/ip_stream_node
[5.262s] DEBUG:colcon.colcon_core.task.python.build:While undoing a previous installation files outside the Python library path are being ignored: /home/edwardak/my_robot_ws/install/my_camera/lib/my_camera/usbcam_node
[5.262s] DEBUG:colcon.colcon_core.task.python.build:While undoing a previous installation files outside the Python library path are being ignored: /home/edwardak/my_robot_ws/install/my_camera/lib/my_camera/webcam_node
[5.267s] DEBUG:colcon.colcon_core.event_handler.log_command:Invoking command in '/home/edwardak/my_robot_ws/build/my_camera': PYTHONPATH=/home/edwardak/my_robot_ws/build/my_camera/prefix_override:/usr/lib/python3/dist-packages/colcon_core/task/python/colcon_distutils_commands:/home/edwardak/my_robot_ws/install/my_camera/lib/python3.12/site-packages:${PYTHONPATH} /usr/bin/python3 -W ignore:setup.py install is deprecated -W ignore:easy_install command is deprecated setup.py develop --editable --build-directory /home/edwardak/my_robot_ws/build/my_camera/build --no-deps symlink_data --force
[5.311s] DEBUG:colcon.colcon_core.event_handler.log_command:Invoked command in '/home/edwardak/my_robot_ws/build/my_robot_bringup' returned '0': CMAKE_PREFIX_PATH=/home/edwardak/my_robot_ws/install/my_robot_description:/home/edwardak/my_robot_ws/install/my_robot_bringup:/home/edwardak/install/tb_autonomy:/home/edwardak/install/tb_worlds:/home/edwardak/install/nav2_minimal_tb4_sim:/home/edwardak/install/nav2_minimal_tb4_description:/home/edwardak/install/nav2_minimal_tb3_sim:/home/edwardak/install/my_robot_description:/opt/ros/jazzy/opt/gz_sim_vendor:/opt/ros/jazzy/opt/gz_sensors_vendor:/opt/ros/jazzy/opt/gz_physics_vendor:/opt/ros/jazzy/opt/sdformat_vendor:/opt/ros/jazzy/opt/gz_gui_vendor:/opt/ros/jazzy/opt/gz_transport_vendor:/opt/ros/jazzy/opt/gz_rendering_vendor:/opt/ros/jazzy/opt/gz_plugin_vendor:/opt/ros/jazzy/opt/gz_fuel_tools_vendor:/opt/ros/jazzy/opt/gz_msgs_vendor:/opt/ros/jazzy/opt/gz_common_vendor:/opt/ros/jazzy/opt/gz_math_vendor:/opt/ros/jazzy/opt/gz_utils_vendor:/opt/ros/jazzy/opt/gz_tools_vendor:/opt/ros/jazzy/opt/gz_ogre_next_vendor:/opt/ros/jazzy/opt/gz_dartsim_vendor:/opt/ros/jazzy/opt/gz_cmake_vendor:/home/edwardak/my_robot_ws/install/my_camera:/opt/ros/jazzy /usr/bin/cmake --build /home/edwardak/my_robot_ws/build/my_robot_bringup -- -j8 -l8
[5.314s] DEBUG:colcon.colcon_core.event_handler.log_command:Invoking command in '/home/edwardak/my_robot_ws/build/my_robot_bringup': CMAKE_PREFIX_PATH=/home/edwardak/my_robot_ws/install/my_robot_description:/home/edwardak/my_robot_ws/install/my_robot_bringup:/home/edwardak/install/tb_autonomy:/home/edwardak/install/tb_worlds:/home/edwardak/install/nav2_minimal_tb4_sim:/home/edwardak/install/nav2_minimal_tb4_description:/home/edwardak/install/nav2_minimal_tb3_sim:/home/edwardak/install/my_robot_description:/opt/ros/jazzy/opt/gz_sim_vendor:/opt/ros/jazzy/opt/gz_sensors_vendor:/opt/ros/jazzy/opt/gz_physics_vendor:/opt/ros/jazzy/opt/sdformat_vendor:/opt/ros/jazzy/opt/gz_gui_vendor:/opt/ros/jazzy/opt/gz_transport_vendor:/opt/ros/jazzy/opt/gz_rendering_vendor:/opt/ros/jazzy/opt/gz_plugin_vendor:/opt/ros/jazzy/opt/gz_fuel_tools_vendor:/opt/ros/jazzy/opt/gz_msgs_vendor:/opt/ros/jazzy/opt/gz_common_vendor:/opt/ros/jazzy/opt/gz_math_vendor:/opt/ros/jazzy/opt/gz_utils_vendor:/opt/ros/jazzy/opt/gz_tools_vendor:/opt/ros/jazzy/opt/gz_ogre_next_vendor:/opt/ros/jazzy/opt/gz_dartsim_vendor:/opt/ros/jazzy/opt/gz_cmake_vendor:/home/edwardak/my_robot_ws/install/my_camera:/opt/ros/jazzy /usr/bin/cmake --install /home/edwardak/my_robot_ws/build/my_robot_bringup
[5.412s] Level 1:colcon.colcon_core.environment:create_environment_scripts_only(my_robot_bringup)
[5.414s] Level 1:colcon.colcon_core.environment:checking '/home/edwardak/my_robot_ws/install/my_robot_bringup' for CMake module files
[5.416s] DEBUG:colcon.colcon_core.event_handler.log_command:Invoked command in '/home/edwardak/my_robot_ws/build/my_robot_bringup' returned '0': CMAKE_PREFIX_PATH=/home/edwardak/my_robot_ws/install/my_robot_description:/home/edwardak/my_robot_ws/install/my_robot_bringup:/home/edwardak/install/tb_autonomy:/home/edwardak/install/tb_worlds:/home/edwardak/install/nav2_minimal_tb4_sim:/home/edwardak/install/nav2_minimal_tb4_description:/home/edwardak/install/nav2_minimal_tb3_sim:/home/edwardak/install/my_robot_description:/opt/ros/jazzy/opt/gz_sim_vendor:/opt/ros/jazzy/opt/gz_sensors_vendor:/opt/ros/jazzy/opt/gz_physics_vendor:/opt/ros/jazzy/opt/sdformat_vendor:/opt/ros/jazzy/opt/gz_gui_vendor:/opt/ros/jazzy/opt/gz_transport_vendor:/opt/ros/jazzy/opt/gz_rendering_vendor:/opt/ros/jazzy/opt/gz_plugin_vendor:/opt/ros/jazzy/opt/gz_fuel_tools_vendor:/opt/ros/jazzy/opt/gz_msgs_vendor:/opt/ros/jazzy/opt/gz_common_vendor:/opt/ros/jazzy/opt/gz_math_vendor:/opt/ros/jazzy/opt/gz_utils_vendor:/opt/ros/jazzy/opt/gz_tools_vendor:/opt/ros/jazzy/opt/gz_ogre_next_vendor:/opt/ros/jazzy/opt/gz_dartsim_vendor:/opt/ros/jazzy/opt/gz_cmake_vendor:/home/edwardak/my_robot_ws/install/my_camera:/opt/ros/jazzy /usr/bin/cmake --install /home/edwardak/my_robot_ws/build/my_robot_bringup
[5.418s] Level 1:colcon.colcon_core.environment:checking '/home/edwardak/my_robot_ws/install/my_robot_bringup' for CMake config files
[5.420s] Level 1:colcon.colcon_core.shell:create_environment_hook('my_robot_bringup', 'cmake_prefix_path')
[5.420s] INFO:colcon.colcon_core.shell:Creating environment hook '/home/edwardak/my_robot_ws/install/my_robot_bringup/share/my_robot_bringup/hook/cmake_prefix_path.ps1'
[5.422s] INFO:colcon.colcon_core.shell:Creating environment descriptor '/home/edwardak/my_robot_ws/install/my_robot_bringup/share/my_robot_bringup/hook/cmake_prefix_path.dsv'
[5.423s] INFO:colcon.colcon_core.shell:Creating environment hook '/home/edwardak/my_robot_ws/install/my_robot_bringup/share/my_robot_bringup/hook/cmake_prefix_path.sh'
[5.425s] Level 1:colcon.colcon_core.environment:checking '/home/edwardak/my_robot_ws/install/my_robot_bringup/bin'
[5.425s] Level 1:colcon.colcon_core.environment:checking '/home/edwardak/my_robot_ws/install/my_robot_bringup/lib/pkgconfig/my_robot_bringup.pc'
[5.427s] Level 1:colcon.colcon_core.environment:checking '/home/edwardak/my_robot_ws/install/my_robot_bringup/lib/python3.12/site-packages'
[5.428s] Level 1:colcon.colcon_core.environment:checking '/home/edwardak/my_robot_ws/install/my_robot_bringup/bin'
[5.428s] INFO:colcon.colcon_core.shell:Creating package script '/home/edwardak/my_robot_ws/install/my_robot_bringup/share/my_robot_bringup/package.ps1'
[5.430s] INFO:colcon.colcon_core.shell:Creating package descriptor '/home/edwardak/my_robot_ws/install/my_robot_bringup/share/my_robot_bringup/package.dsv'
[5.431s] INFO:colcon.colcon_core.shell:Creating package script '/home/edwardak/my_robot_ws/install/my_robot_bringup/share/my_robot_bringup/package.sh'
[5.432s] INFO:colcon.colcon_core.shell:Creating package script '/home/edwardak/my_robot_ws/install/my_robot_bringup/share/my_robot_bringup/package.bash'
[5.435s] INFO:colcon.colcon_core.shell:Creating package script '/home/edwardak/my_robot_ws/install/my_robot_bringup/share/my_robot_bringup/package.zsh'
[5.436s] Level 1:colcon.colcon_core.environment:create_file_with_runtime_dependencies(/home/edwardak/my_robot_ws/install/my_robot_bringup/share/colcon-core/packages/my_robot_bringup)
[5.438s] Level 1:colcon.colcon_core.environment:create_environment_scripts_only(my_robot_bringup)
[5.439s] Level 1:colcon.colcon_core.environment:checking '/home/edwardak/my_robot_ws/install/my_robot_bringup' for CMake module files
[5.440s] Level 1:colcon.colcon_core.environment:checking '/home/edwardak/my_robot_ws/install/my_robot_bringup' for CMake config files
[5.441s] Level 1:colcon.colcon_core.shell:create_environment_hook('my_robot_bringup', 'cmake_prefix_path')
[5.442s] INFO:colcon.colcon_core.shell:Creating environment hook '/home/edwardak/my_robot_ws/install/my_robot_bringup/share/my_robot_bringup/hook/cmake_prefix_path.ps1'
[5.445s] INFO:colcon.colcon_core.shell:Creating environment descriptor '/home/edwardak/my_robot_ws/install/my_robot_bringup/share/my_robot_bringup/hook/cmake_prefix_path.dsv'
[5.448s] INFO:colcon.colcon_core.shell:Creating environment hook '/home/edwardak/my_robot_ws/install/my_robot_bringup/share/my_robot_bringup/hook/cmake_prefix_path.sh'
[5.449s] Level 1:colcon.colcon_core.environment:checking '/home/edwardak/my_robot_ws/install/my_robot_bringup/bin'
[5.450s] Level 1:colcon.colcon_core.environment:checking '/home/edwardak/my_robot_ws/install/my_robot_bringup/lib/pkgconfig/my_robot_bringup.pc'
[5.450s] Level 1:colcon.colcon_core.environment:checking '/home/edwardak/my_robot_ws/install/my_robot_bringup/lib/python3.12/site-packages'
[5.451s] Level 1:colcon.colcon_core.environment:checking '/home/edwardak/my_robot_ws/install/my_robot_bringup/bin'
[5.452s] INFO:colcon.colcon_core.shell:Creating package script '/home/edwardak/my_robot_ws/install/my_robot_bringup/share/my_robot_bringup/package.ps1'
[5.453s] INFO:colcon.colcon_core.shell:Creating package descriptor '/home/edwardak/my_robot_ws/install/my_robot_bringup/share/my_robot_bringup/package.dsv'
[5.455s] INFO:colcon.colcon_core.shell:Creating package script '/home/edwardak/my_robot_ws/install/my_robot_bringup/share/my_robot_bringup/package.sh'
[5.456s] INFO:colcon.colcon_core.shell:Creating package script '/home/edwardak/my_robot_ws/install/my_robot_bringup/share/my_robot_bringup/package.bash'
[5.458s] INFO:colcon.colcon_core.shell:Creating package script '/home/edwardak/my_robot_ws/install/my_robot_bringup/share/my_robot_bringup/package.zsh'
[5.460s] Level 1:colcon.colcon_core.environment:create_file_with_runtime_dependencies(/home/edwardak/my_robot_ws/install/my_robot_bringup/share/colcon-core/packages/my_robot_bringup)
[8.225s] Level 1:colcon.colcon_core.shell:create_environment_hook('my_camera', 'pythonpath_develop')
[8.226s] INFO:colcon.colcon_core.shell:Creating environment hook '/home/edwardak/my_robot_ws/build/my_camera/share/my_camera/hook/pythonpath_develop.ps1'
[8.229s] DEBUG:colcon.colcon_core.event_handler.log_command:Invoked command in '/home/edwardak/my_robot_ws/build/my_camera' returned '0': PYTHONPATH=/home/edwardak/my_robot_ws/build/my_camera/prefix_override:/usr/lib/python3/dist-packages/colcon_core/task/python/colcon_distutils_commands:/home/edwardak/my_robot_ws/install/my_camera/lib/python3.12/site-packages:${PYTHONPATH} /usr/bin/python3 -W ignore:setup.py install is deprecated -W ignore:easy_install command is deprecated setup.py develop --editable --build-directory /home/edwardak/my_robot_ws/build/my_camera/build --no-deps symlink_data --force
[8.230s] INFO:colcon.colcon_core.shell:Creating environment descriptor '/home/edwardak/my_robot_ws/build/my_camera/share/my_camera/hook/pythonpath_develop.dsv'
[8.231s] INFO:colcon.colcon_core.shell:Creating environment hook '/home/edwardak/my_robot_ws/build/my_camera/share/my_camera/hook/pythonpath_develop.sh'
[8.234s] Level 1:colcon.colcon_core.environment:checking '/home/edwardak/my_robot_ws/install/my_camera' for CMake module files
[8.236s] Level 1:colcon.colcon_core.environment:checking '/home/edwardak/my_robot_ws/install/my_camera' for CMake config files
[8.237s] Level 1:colcon.colcon_core.environment:checking '/home/edwardak/my_robot_ws/install/my_camera/lib'
[8.238s] Level 1:colcon.colcon_core.environment:checking '/home/edwardak/my_robot_ws/install/my_camera/bin'
[8.238s] Level 1:colcon.colcon_core.environment:checking '/home/edwardak/my_robot_ws/install/my_camera/lib/pkgconfig/my_camera.pc'
[8.238s] Level 1:colcon.colcon_core.environment:checking '/home/edwardak/my_robot_ws/install/my_camera/lib/python3.12/site-packages'
[8.239s] Level 1:colcon.colcon_core.shell:create_environment_hook('my_camera', 'pythonpath')
[8.239s] INFO:colcon.colcon_core.shell:Creating environment hook '/home/edwardak/my_robot_ws/install/my_camera/share/my_camera/hook/pythonpath.ps1'
[8.240s] INFO:colcon.colcon_core.shell:Creating environment descriptor '/home/edwardak/my_robot_ws/install/my_camera/share/my_camera/hook/pythonpath.dsv'
[8.242s] INFO:colcon.colcon_core.shell:Creating environment hook '/home/edwardak/my_robot_ws/install/my_camera/share/my_camera/hook/pythonpath.sh'
[8.245s] Level 1:colcon.colcon_core.environment:checking '/home/edwardak/my_robot_ws/install/my_camera/bin'
[8.246s] Level 1:colcon.colcon_core.environment:create_environment_scripts_only(my_camera)
[8.247s] INFO:colcon.colcon_core.shell:Creating package script '/home/edwardak/my_robot_ws/install/my_camera/share/my_camera/package.ps1'
[8.253s] INFO:colcon.colcon_core.shell:Creating package descriptor '/home/edwardak/my_robot_ws/install/my_camera/share/my_camera/package.dsv'
[8.255s] INFO:colcon.colcon_core.shell:Creating package script '/home/edwardak/my_robot_ws/install/my_camera/share/my_camera/package.sh'
[8.256s] INFO:colcon.colcon_core.shell:Creating package script '/home/edwardak/my_robot_ws/install/my_camera/share/my_camera/package.bash'
[8.257s] INFO:colcon.colcon_core.shell:Creating package script '/home/edwardak/my_robot_ws/install/my_camera/share/my_camera/package.zsh'
[8.258s] Level 1:colcon.colcon_core.environment:create_file_with_runtime_dependencies(/home/edwardak/my_robot_ws/install/my_camera/share/colcon-core/packages/my_camera)
[8.260s] DEBUG:colcon.colcon_parallel_executor.executor.parallel:closing loop
[8.261s] DEBUG:colcon.colcon_parallel_executor.executor.parallel:loop closed
[8.261s] DEBUG:colcon.colcon_parallel_executor.executor.parallel:run_until_complete finished with '0'
[8.261s] DEBUG:colcon.colcon_core.event_reactor:joining thread
[8.505s] INFO:colcon.colcon_core.plugin_system:Skipping extension 'colcon_notification.desktop_notification.notify_send': Could not find 'notify-send'
[8.506s] INFO:colcon.colcon_core.plugin_system:Skipping extension 'colcon_notification.desktop_notification.terminal_notifier': Not used on non-Darwin systems
[8.506s] INFO:colcon.colcon_core.plugin_system:Skipping extension 'colcon_notification.desktop_notification.win32': Not used on non-Windows systems
[8.506s] INFO:colcon.colcon_notification.desktop_notification:Sending desktop notification using 'notify2'
[8.515s] DEBUG:colcon.colcon_notification.desktop_notification.notify2:Failed to initialize notify2: org.freedesktop.DBus.Error.ServiceUnknown: The name org.freedesktop.Notifications was not provided by any .service files
[8.515s] DEBUG:colcon.colcon_core.event_reactor:joined thread
[8.516s] INFO:colcon.colcon_core.shell:Creating prefix script '/home/edwardak/my_robot_ws/install/local_setup.ps1'
[8.518s] INFO:colcon.colcon_core.shell:Creating prefix util module '/home/edwardak/my_robot_ws/install/_local_setup_util_ps1.py'
[8.521s] INFO:colcon.colcon_core.shell:Creating prefix chain script '/home/edwardak/my_robot_ws/install/setup.ps1'
[8.527s] INFO:colcon.colcon_core.shell:Creating prefix script '/home/edwardak/my_robot_ws/install/local_setup.sh'
[8.530s] INFO:colcon.colcon_core.shell:Creating prefix util module '/home/edwardak/my_robot_ws/install/_local_setup_util_sh.py'
[8.533s] INFO:colcon.colcon_core.shell:Creating prefix chain script '/home/edwardak/my_robot_ws/install/setup.sh'
[8.537s] INFO:colcon.colcon_core.shell:Creating prefix script '/home/edwardak/my_robot_ws/install/local_setup.bash'
[8.538s] INFO:colcon.colcon_core.shell:Creating prefix chain script '/home/edwardak/my_robot_ws/install/setup.bash'
[8.543s] INFO:colcon.colcon_core.shell:Creating prefix script '/home/edwardak/my_robot_ws/install/local_setup.zsh'
[8.545s] INFO:colcon.colcon_core.shell:Creating prefix chain script '/home/edwardak/my_robot_ws/install/setup.zsh'
