[0.000000] (-) TimerEvent: {}
[0.000382] (my_robot_description) JobQueued: {'identifier': 'my_robot_description', 'dependencies': OrderedDict()}
[0.000482] (my_robot_description) JobStarted: {'identifier': 'my_robot_description'}
[0.021616] (my_robot_description) JobProgress: {'identifier': 'my_robot_description', 'progress': 'cmake'}
[0.023191] (my_robot_description) Command: {'cmd': ['/usr/bin/cmake', '/home/edwardak/my_robot_ws/src/my_robot_description', '-DCMAKE_INSTALL_PREFIX=/home/edwardak/my_robot_ws/install/my_robot_description'], 'cwd': '/home/edwardak/my_robot_ws/build/my_robot_description', 'env': OrderedDict({'GZ_SIM_RESOURCE_PATH': '/opt/ros/jazzy/share', 'USER': 'edwardak', 'GZ_CONFIG_PATH': '/opt/ros/jazzy/opt/gz_sim_vendor/share/gz:/opt/ros/jazzy/opt/sdformat_vendor/share/gz:/opt/ros/jazzy/opt/gz_gui_vendor/share/gz:/opt/ros/jazzy/opt/gz_transport_vendor/share/gz:/opt/ros/jazzy/opt/gz_rendering_vendor/share/gz:/opt/ros/jazzy/opt/gz_plugin_vendor/share/gz:/opt/ros/jazzy/opt/gz_fuel_tools_vendor/share/gz:/opt/ros/jazzy/opt/gz_msgs_vendor/share/gz:/opt/ros/jazzy/opt/gz_common_vendor/share/gz', 'SHLVL': '1', 'LD_LIBRARY_PATH': '/opt/ros/jazzy/opt/gz_sim_vendor/lib:/opt/ros/jazzy/opt/gz_sensors_vendor/lib:/opt/ros/jazzy/opt/gz_physics_vendor/lib:/opt/ros/jazzy/opt/sdformat_vendor/lib:/opt/ros/jazzy/opt/rviz_ogre_vendor/lib:/opt/ros/jazzy/lib/x86_64-linux-gnu:/opt/ros/jazzy/opt/gz_gui_vendor/lib:/opt/ros/jazzy/opt/gz_transport_vendor/lib:/opt/ros/jazzy/opt/gz_rendering_vendor/lib:/opt/ros/jazzy/opt/gz_plugin_vendor/lib:/opt/ros/jazzy/opt/gz_fuel_tools_vendor/lib:/opt/ros/jazzy/opt/gz_msgs_vendor/lib:/opt/ros/jazzy/opt/gz_common_vendor/lib:/opt/ros/jazzy/opt/gz_math_vendor/lib:/opt/ros/jazzy/opt/gz_utils_vendor/lib:/opt/ros/jazzy/opt/gz_tools_vendor/lib:/opt/ros/jazzy/opt/gz_ogre_next_vendor/lib:/opt/ros/jazzy/opt/gz_dartsim_vendor/lib:/opt/ros/jazzy/opt/gz_cmake_vendor/lib:/opt/ros/jazzy/lib', 'HOME': '/home/edwardak', 'OLDPWD': '/home/edwardak/my_robot_ws/src', 'ROS_PYTHON_VERSION': '3', 'DBUS_SESSION_BUS_ADDRESS': 'unix:path=/run/user/1000/bus', 'COLORTERM': 'truecolor', 'WSL_DISTRO_NAME': 'Ubuntu', 'TERMINATOR_DBUS_NAME': 'net.tenshu.Terminator25ef4b219e3b005583550f2b0f9f990c3', 'WAYLAND_DISPLAY': 'wayland-0', 'COLCON_PREFIX_PATH': '/home/edwardak/my_robot_ws/install', 'ROS_DISTRO': 'jazzy', 'LOGNAME': 'edwardak', 'NAME': 'LAPTOP-PUJONALH', 'WSL_INTEROP': '/run/WSL/38780_interop', 'PULSE_SERVER': 'unix:/mnt/wslg/PulseServer', '_': '/usr/bin/colcon', 'ROS_VERSION': '2', 'TERM': 'xterm-256color', 'PATH': '/opt/ros/jazzy/opt/gz_msgs_vendor/bin:/opt/ros/jazzy/opt/gz_tools_vendor/bin:/opt/ros/jazzy/opt/gz_ogre_next_vendor/bin:/opt/ros/jazzy/bin:/usr/local/sbin:/usr/local/bin:/usr/sbin:/usr/bin:/sbin:/bin:/usr/games:/usr/local/games:/usr/lib/wsl/lib:/mnt/c/Program Files/Common Files/Oracle/Java/javapath:/mnt/c/Program Files (x86)/VMware/VMware Workstation/bin/:/mnt/c/WINDOWS/system32:/mnt/c/WINDOWS:/mnt/c/WINDOWS/System32/Wbem:/mnt/c/WINDOWS/System32/WindowsPowerShell/v1.0/:/mnt/c/WINDOWS/System32/OpenSSH/:/mnt/c/Program Files/Git/cmd:/mnt/c/Program Files/nodejs/:/mnt/c/Program Files (x86)/Microsoft SQL Server/160/Tools/Binn/:/mnt/c/Program Files/Microsoft SQL Server/160/Tools/Binn/:/mnt/c/Program Files/Microsoft SQL Server/Client SDK/ODBC/170/Tools/Binn/:/mnt/c/Program Files/Microsoft SQL Server/160/DTS/Binn/:/mnt/c/Program Files/dotnet/:/mnt/c/Program Files/Vagrant/bin:/mnt/c/Program Files/HP/HP One Agent:/mnt/c/Users/edwar/AppData/Local/Microsoft/WindowsApps:/mnt/c/Users/edwar/AppData/Local/atom/bin:/mnt/c/Program Files (x86)/Nmap:/mnt/c/Users/edwar/AppData/Local/Programs/Microsoft VS Code/bin:/mnt/c/Program Files/JetBrains/IntelliJ IDEA Community Edition 2021.2.2/bin:/mnt/c/Users/edwar/AppData/Roaming/npm:/mnt/c/Program Files/heroku/bin:/mnt/c/Users/edwar/AppData/Local/Microsoft/WindowsApps:/mnt/c/Users/edwar/AppData/Local/Programs/mongosh/:/mnt/c/Users/edwar/AppData/Roaming/Microsoft/Windows/Start Menu/Programs/Python 3.9:/mnt/c/Users/edwar/.dotnet/tools:/snap/bin', 'XDG_RUNTIME_DIR': '/run/user/1000/', 'DISPLAY': ':0', 'TERMINATOR_DBUS_PATH': '/net/tenshu/Terminator2', 'LANG': 'en_US.UTF-8', 'AMENT_PREFIX_PATH': '/home/edwardak/my_robot_ws/install/my_robot_description:/opt/ros/jazzy', 'SHELL': '/bin/bash', 'TERMINATOR_UUID': 'urn:uuid:ae0c4541-0692-4afd-8fe3-2f86f4f21232', 'ROS_AUTOMATIC_DISCOVERY_RANGE': 'SUBNET', 'PWD': '/home/edwardak/my_robot_ws/build/my_robot_description', 'XDG_DATA_DIRS': '/usr/local/share:/usr/share:/var/lib/snapd/desktop', 'PYTHONPATH': '/opt/ros/jazzy/lib/python3.12/site-packages', 'COLCON': '1', 'WSL2_GUI_APPS_ENABLED': '1', 'VTE_VERSION': '7600', 'HOSTTYPE': 'x86_64', 'CMAKE_PREFIX_PATH': '/home/edwardak/my_robot_ws/install/my_robot_description:/opt/ros/jazzy/opt/gz_sim_vendor:/opt/ros/jazzy/opt/gz_sensors_vendor:/opt/ros/jazzy/opt/gz_physics_vendor:/opt/ros/jazzy/opt/sdformat_vendor:/opt/ros/jazzy/opt/gz_gui_vendor:/opt/ros/jazzy/opt/gz_transport_vendor:/opt/ros/jazzy/opt/gz_rendering_vendor:/opt/ros/jazzy/opt/gz_plugin_vendor:/opt/ros/jazzy/opt/gz_fuel_tools_vendor:/opt/ros/jazzy/opt/gz_msgs_vendor:/opt/ros/jazzy/opt/gz_common_vendor:/opt/ros/jazzy/opt/gz_math_vendor:/opt/ros/jazzy/opt/gz_utils_vendor:/opt/ros/jazzy/opt/gz_tools_vendor:/opt/ros/jazzy/opt/gz_ogre_next_vendor:/opt/ros/jazzy/opt/gz_dartsim_vendor:/opt/ros/jazzy/opt/gz_cmake_vendor:/opt/ros/jazzy', 'WSLENV': ''}), 'shell': False}
[0.098302] (-) TimerEvent: {}
[0.198683] (-) TimerEvent: {}
[0.299153] (-) TimerEvent: {}
[0.399524] (-) TimerEvent: {}
[0.500001] (-) TimerEvent: {}
[0.503337] (my_robot_description) StdoutLine: {'line': b'-- The C compiler identification is GNU 13.3.0\n'}
[0.600124] (-) TimerEvent: {}
[0.700470] (-) TimerEvent: {}
[0.800836] (-) TimerEvent: {}
[0.901330] (-) TimerEvent: {}
[1.001733] (-) TimerEvent: {}
[1.102109] (-) TimerEvent: {}
[1.202479] (-) TimerEvent: {}
[1.302796] (-) TimerEvent: {}
[1.403101] (-) TimerEvent: {}
[1.469575] (my_robot_description) StdoutLine: {'line': b'-- The CXX compiler identification is GNU 13.3.0\n'}
[1.503242] (-) TimerEvent: {}
[1.603589] (-) TimerEvent: {}
[1.703990] (-) TimerEvent: {}
[1.804373] (-) TimerEvent: {}
[1.904731] (-) TimerEvent: {}
[2.005139] (-) TimerEvent: {}
[2.105680] (-) TimerEvent: {}
[2.206189] (-) TimerEvent: {}
[2.291371] (my_robot_description) StdoutLine: {'line': b'-- Detecting C compiler ABI info\n'}
[2.306328] (-) TimerEvent: {}
[2.406717] (-) TimerEvent: {}
[2.507146] (-) TimerEvent: {}
[2.607531] (-) TimerEvent: {}
[2.696063] (my_robot_description) StdoutLine: {'line': b'-- Detecting C compiler ABI info - done\n'}
[2.705195] (my_robot_description) StdoutLine: {'line': b'-- Check for working C compiler: /usr/bin/cc - skipped\n'}
[2.706256] (my_robot_description) StdoutLine: {'line': b'-- Detecting C compile features\n'}
[2.707633] (-) TimerEvent: {}
[2.708003] (my_robot_description) StdoutLine: {'line': b'-- Detecting C compile features - done\n'}
[2.807738] (-) TimerEvent: {}
[2.829760] (my_robot_description) StdoutLine: {'line': b'-- Detecting CXX compiler ABI info\n'}
[2.907884] (-) TimerEvent: {}
[3.008285] (-) TimerEvent: {}
[3.108632] (-) TimerEvent: {}
[3.193529] (my_robot_description) StdoutLine: {'line': b'-- Detecting CXX compiler ABI info - done\n'}
[3.202606] (my_robot_description) StdoutLine: {'line': b'-- Check for working CXX compiler: /usr/bin/c++ - skipped\n'}
[3.203055] (my_robot_description) StdoutLine: {'line': b'-- Detecting CXX compile features\n'}
[3.203432] (my_robot_description) StdoutLine: {'line': b'-- Detecting CXX compile features - done\n'}
[3.208737] (-) TimerEvent: {}
[3.246656] (my_robot_description) StdoutLine: {'line': b'-- Found ament_cmake: 2.5.4 (/opt/ros/jazzy/share/ament_cmake/cmake)\n'}
[3.308948] (-) TimerEvent: {}
[3.409698] (-) TimerEvent: {}
[3.444419] (my_robot_description) StdoutLine: {'line': b'-- Found Python3: /usr/bin/python3 (found version "3.12.3") found components: Interpreter \n'}
[3.509795] (-) TimerEvent: {}
[3.610141] (-) TimerEvent: {}
[3.710504] (-) TimerEvent: {}
[3.763721] (my_robot_description) StdoutLine: {'line': b'-- Configuring done (3.6s)\n'}
[3.768769] (my_robot_description) StdoutLine: {'line': b'-- Generating done (0.0s)\n'}
[3.772065] (my_robot_description) StdoutLine: {'line': b'-- Build files have been written to: /home/edwardak/my_robot_ws/build/my_robot_description\n'}
[3.779921] (my_robot_description) CommandEnded: {'returncode': 0}
[3.780845] (my_robot_description) JobProgress: {'identifier': 'my_robot_description', 'progress': 'build'}
[3.782307] (my_robot_description) Command: {'cmd': ['/usr/bin/cmake', '--build', '/home/edwardak/my_robot_ws/build/my_robot_description', '--', '-j8', '-l8'], 'cwd': '/home/edwardak/my_robot_ws/build/my_robot_description', 'env': OrderedDict({'GZ_SIM_RESOURCE_PATH': '/opt/ros/jazzy/share', 'USER': 'edwardak', 'GZ_CONFIG_PATH': '/opt/ros/jazzy/opt/gz_sim_vendor/share/gz:/opt/ros/jazzy/opt/sdformat_vendor/share/gz:/opt/ros/jazzy/opt/gz_gui_vendor/share/gz:/opt/ros/jazzy/opt/gz_transport_vendor/share/gz:/opt/ros/jazzy/opt/gz_rendering_vendor/share/gz:/opt/ros/jazzy/opt/gz_plugin_vendor/share/gz:/opt/ros/jazzy/opt/gz_fuel_tools_vendor/share/gz:/opt/ros/jazzy/opt/gz_msgs_vendor/share/gz:/opt/ros/jazzy/opt/gz_common_vendor/share/gz', 'SHLVL': '1', 'LD_LIBRARY_PATH': '/opt/ros/jazzy/opt/gz_sim_vendor/lib:/opt/ros/jazzy/opt/gz_sensors_vendor/lib:/opt/ros/jazzy/opt/gz_physics_vendor/lib:/opt/ros/jazzy/opt/sdformat_vendor/lib:/opt/ros/jazzy/opt/rviz_ogre_vendor/lib:/opt/ros/jazzy/lib/x86_64-linux-gnu:/opt/ros/jazzy/opt/gz_gui_vendor/lib:/opt/ros/jazzy/opt/gz_transport_vendor/lib:/opt/ros/jazzy/opt/gz_rendering_vendor/lib:/opt/ros/jazzy/opt/gz_plugin_vendor/lib:/opt/ros/jazzy/opt/gz_fuel_tools_vendor/lib:/opt/ros/jazzy/opt/gz_msgs_vendor/lib:/opt/ros/jazzy/opt/gz_common_vendor/lib:/opt/ros/jazzy/opt/gz_math_vendor/lib:/opt/ros/jazzy/opt/gz_utils_vendor/lib:/opt/ros/jazzy/opt/gz_tools_vendor/lib:/opt/ros/jazzy/opt/gz_ogre_next_vendor/lib:/opt/ros/jazzy/opt/gz_dartsim_vendor/lib:/opt/ros/jazzy/opt/gz_cmake_vendor/lib:/opt/ros/jazzy/lib', 'HOME': '/home/edwardak', 'OLDPWD': '/home/edwardak/my_robot_ws/src', 'ROS_PYTHON_VERSION': '3', 'DBUS_SESSION_BUS_ADDRESS': 'unix:path=/run/user/1000/bus', 'COLORTERM': 'truecolor', 'WSL_DISTRO_NAME': 'Ubuntu', 'TERMINATOR_DBUS_NAME': 'net.tenshu.Terminator25ef4b219e3b005583550f2b0f9f990c3', 'WAYLAND_DISPLAY': 'wayland-0', 'COLCON_PREFIX_PATH': '/home/edwardak/my_robot_ws/install', 'ROS_DISTRO': 'jazzy', 'LOGNAME': 'edwardak', 'NAME': 'LAPTOP-PUJONALH', 'WSL_INTEROP': '/run/WSL/38780_interop', 'PULSE_SERVER': 'unix:/mnt/wslg/PulseServer', '_': '/usr/bin/colcon', 'ROS_VERSION': '2', 'TERM': 'xterm-256color', 'PATH': '/opt/ros/jazzy/opt/gz_msgs_vendor/bin:/opt/ros/jazzy/opt/gz_tools_vendor/bin:/opt/ros/jazzy/opt/gz_ogre_next_vendor/bin:/opt/ros/jazzy/bin:/usr/local/sbin:/usr/local/bin:/usr/sbin:/usr/bin:/sbin:/bin:/usr/games:/usr/local/games:/usr/lib/wsl/lib:/mnt/c/Program Files/Common Files/Oracle/Java/javapath:/mnt/c/Program Files (x86)/VMware/VMware Workstation/bin/:/mnt/c/WINDOWS/system32:/mnt/c/WINDOWS:/mnt/c/WINDOWS/System32/Wbem:/mnt/c/WINDOWS/System32/WindowsPowerShell/v1.0/:/mnt/c/WINDOWS/System32/OpenSSH/:/mnt/c/Program Files/Git/cmd:/mnt/c/Program Files/nodejs/:/mnt/c/Program Files (x86)/Microsoft SQL Server/160/Tools/Binn/:/mnt/c/Program Files/Microsoft SQL Server/160/Tools/Binn/:/mnt/c/Program Files/Microsoft SQL Server/Client SDK/ODBC/170/Tools/Binn/:/mnt/c/Program Files/Microsoft SQL Server/160/DTS/Binn/:/mnt/c/Program Files/dotnet/:/mnt/c/Program Files/Vagrant/bin:/mnt/c/Program Files/HP/HP One Agent:/mnt/c/Users/edwar/AppData/Local/Microsoft/WindowsApps:/mnt/c/Users/edwar/AppData/Local/atom/bin:/mnt/c/Program Files (x86)/Nmap:/mnt/c/Users/edwar/AppData/Local/Programs/Microsoft VS Code/bin:/mnt/c/Program Files/JetBrains/IntelliJ IDEA Community Edition 2021.2.2/bin:/mnt/c/Users/edwar/AppData/Roaming/npm:/mnt/c/Program Files/heroku/bin:/mnt/c/Users/edwar/AppData/Local/Microsoft/WindowsApps:/mnt/c/Users/edwar/AppData/Local/Programs/mongosh/:/mnt/c/Users/edwar/AppData/Roaming/Microsoft/Windows/Start Menu/Programs/Python 3.9:/mnt/c/Users/edwar/.dotnet/tools:/snap/bin', 'XDG_RUNTIME_DIR': '/run/user/1000/', 'DISPLAY': ':0', 'TERMINATOR_DBUS_PATH': '/net/tenshu/Terminator2', 'LANG': 'en_US.UTF-8', 'AMENT_PREFIX_PATH': '/home/edwardak/my_robot_ws/install/my_robot_description:/opt/ros/jazzy', 'SHELL': '/bin/bash', 'TERMINATOR_UUID': 'urn:uuid:ae0c4541-0692-4afd-8fe3-2f86f4f21232', 'ROS_AUTOMATIC_DISCOVERY_RANGE': 'SUBNET', 'PWD': '/home/edwardak/my_robot_ws/build/my_robot_description', 'XDG_DATA_DIRS': '/usr/local/share:/usr/share:/var/lib/snapd/desktop', 'PYTHONPATH': '/opt/ros/jazzy/lib/python3.12/site-packages', 'COLCON': '1', 'WSL2_GUI_APPS_ENABLED': '1', 'VTE_VERSION': '7600', 'HOSTTYPE': 'x86_64', 'CMAKE_PREFIX_PATH': '/home/edwardak/my_robot_ws/install/my_robot_description:/opt/ros/jazzy/opt/gz_sim_vendor:/opt/ros/jazzy/opt/gz_sensors_vendor:/opt/ros/jazzy/opt/gz_physics_vendor:/opt/ros/jazzy/opt/sdformat_vendor:/opt/ros/jazzy/opt/gz_gui_vendor:/opt/ros/jazzy/opt/gz_transport_vendor:/opt/ros/jazzy/opt/gz_rendering_vendor:/opt/ros/jazzy/opt/gz_plugin_vendor:/opt/ros/jazzy/opt/gz_fuel_tools_vendor:/opt/ros/jazzy/opt/gz_msgs_vendor:/opt/ros/jazzy/opt/gz_common_vendor:/opt/ros/jazzy/opt/gz_math_vendor:/opt/ros/jazzy/opt/gz_utils_vendor:/opt/ros/jazzy/opt/gz_tools_vendor:/opt/ros/jazzy/opt/gz_ogre_next_vendor:/opt/ros/jazzy/opt/gz_dartsim_vendor:/opt/ros/jazzy/opt/gz_cmake_vendor:/opt/ros/jazzy', 'WSLENV': ''}), 'shell': False}
[3.810641] (-) TimerEvent: {}
[3.832217] (my_robot_description) CommandEnded: {'returncode': 0}
[3.833220] (my_robot_description) JobProgress: {'identifier': 'my_robot_description', 'progress': 'install'}
[3.844769] (my_robot_description) Command: {'cmd': ['/usr/bin/cmake', '--install', '/home/edwardak/my_robot_ws/build/my_robot_description'], 'cwd': '/home/edwardak/my_robot_ws/build/my_robot_description', 'env': OrderedDict({'GZ_SIM_RESOURCE_PATH': '/opt/ros/jazzy/share', 'USER': 'edwardak', 'GZ_CONFIG_PATH': '/opt/ros/jazzy/opt/gz_sim_vendor/share/gz:/opt/ros/jazzy/opt/sdformat_vendor/share/gz:/opt/ros/jazzy/opt/gz_gui_vendor/share/gz:/opt/ros/jazzy/opt/gz_transport_vendor/share/gz:/opt/ros/jazzy/opt/gz_rendering_vendor/share/gz:/opt/ros/jazzy/opt/gz_plugin_vendor/share/gz:/opt/ros/jazzy/opt/gz_fuel_tools_vendor/share/gz:/opt/ros/jazzy/opt/gz_msgs_vendor/share/gz:/opt/ros/jazzy/opt/gz_common_vendor/share/gz', 'SHLVL': '1', 'LD_LIBRARY_PATH': '/opt/ros/jazzy/opt/gz_sim_vendor/lib:/opt/ros/jazzy/opt/gz_sensors_vendor/lib:/opt/ros/jazzy/opt/gz_physics_vendor/lib:/opt/ros/jazzy/opt/sdformat_vendor/lib:/opt/ros/jazzy/opt/rviz_ogre_vendor/lib:/opt/ros/jazzy/lib/x86_64-linux-gnu:/opt/ros/jazzy/opt/gz_gui_vendor/lib:/opt/ros/jazzy/opt/gz_transport_vendor/lib:/opt/ros/jazzy/opt/gz_rendering_vendor/lib:/opt/ros/jazzy/opt/gz_plugin_vendor/lib:/opt/ros/jazzy/opt/gz_fuel_tools_vendor/lib:/opt/ros/jazzy/opt/gz_msgs_vendor/lib:/opt/ros/jazzy/opt/gz_common_vendor/lib:/opt/ros/jazzy/opt/gz_math_vendor/lib:/opt/ros/jazzy/opt/gz_utils_vendor/lib:/opt/ros/jazzy/opt/gz_tools_vendor/lib:/opt/ros/jazzy/opt/gz_ogre_next_vendor/lib:/opt/ros/jazzy/opt/gz_dartsim_vendor/lib:/opt/ros/jazzy/opt/gz_cmake_vendor/lib:/opt/ros/jazzy/lib', 'HOME': '/home/edwardak', 'OLDPWD': '/home/edwardak/my_robot_ws/src', 'ROS_PYTHON_VERSION': '3', 'DBUS_SESSION_BUS_ADDRESS': 'unix:path=/run/user/1000/bus', 'COLORTERM': 'truecolor', 'WSL_DISTRO_NAME': 'Ubuntu', 'TERMINATOR_DBUS_NAME': 'net.tenshu.Terminator25ef4b219e3b005583550f2b0f9f990c3', 'WAYLAND_DISPLAY': 'wayland-0', 'COLCON_PREFIX_PATH': '/home/edwardak/my_robot_ws/install', 'ROS_DISTRO': 'jazzy', 'LOGNAME': 'edwardak', 'NAME': 'LAPTOP-PUJONALH', 'WSL_INTEROP': '/run/WSL/38780_interop', 'PULSE_SERVER': 'unix:/mnt/wslg/PulseServer', '_': '/usr/bin/colcon', 'ROS_VERSION': '2', 'TERM': 'xterm-256color', 'PATH': '/opt/ros/jazzy/opt/gz_msgs_vendor/bin:/opt/ros/jazzy/opt/gz_tools_vendor/bin:/opt/ros/jazzy/opt/gz_ogre_next_vendor/bin:/opt/ros/jazzy/bin:/usr/local/sbin:/usr/local/bin:/usr/sbin:/usr/bin:/sbin:/bin:/usr/games:/usr/local/games:/usr/lib/wsl/lib:/mnt/c/Program Files/Common Files/Oracle/Java/javapath:/mnt/c/Program Files (x86)/VMware/VMware Workstation/bin/:/mnt/c/WINDOWS/system32:/mnt/c/WINDOWS:/mnt/c/WINDOWS/System32/Wbem:/mnt/c/WINDOWS/System32/WindowsPowerShell/v1.0/:/mnt/c/WINDOWS/System32/OpenSSH/:/mnt/c/Program Files/Git/cmd:/mnt/c/Program Files/nodejs/:/mnt/c/Program Files (x86)/Microsoft SQL Server/160/Tools/Binn/:/mnt/c/Program Files/Microsoft SQL Server/160/Tools/Binn/:/mnt/c/Program Files/Microsoft SQL Server/Client SDK/ODBC/170/Tools/Binn/:/mnt/c/Program Files/Microsoft SQL Server/160/DTS/Binn/:/mnt/c/Program Files/dotnet/:/mnt/c/Program Files/Vagrant/bin:/mnt/c/Program Files/HP/HP One Agent:/mnt/c/Users/edwar/AppData/Local/Microsoft/WindowsApps:/mnt/c/Users/edwar/AppData/Local/atom/bin:/mnt/c/Program Files (x86)/Nmap:/mnt/c/Users/edwar/AppData/Local/Programs/Microsoft VS Code/bin:/mnt/c/Program Files/JetBrains/IntelliJ IDEA Community Edition 2021.2.2/bin:/mnt/c/Users/edwar/AppData/Roaming/npm:/mnt/c/Program Files/heroku/bin:/mnt/c/Users/edwar/AppData/Local/Microsoft/WindowsApps:/mnt/c/Users/edwar/AppData/Local/Programs/mongosh/:/mnt/c/Users/edwar/AppData/Roaming/Microsoft/Windows/Start Menu/Programs/Python 3.9:/mnt/c/Users/edwar/.dotnet/tools:/snap/bin', 'XDG_RUNTIME_DIR': '/run/user/1000/', 'DISPLAY': ':0', 'TERMINATOR_DBUS_PATH': '/net/tenshu/Terminator2', 'LANG': 'en_US.UTF-8', 'AMENT_PREFIX_PATH': '/home/edwardak/my_robot_ws/install/my_robot_description:/opt/ros/jazzy', 'SHELL': '/bin/bash', 'TERMINATOR_UUID': 'urn:uuid:ae0c4541-0692-4afd-8fe3-2f86f4f21232', 'ROS_AUTOMATIC_DISCOVERY_RANGE': 'SUBNET', 'PWD': '/home/edwardak/my_robot_ws/build/my_robot_description', 'XDG_DATA_DIRS': '/usr/local/share:/usr/share:/var/lib/snapd/desktop', 'PYTHONPATH': '/opt/ros/jazzy/lib/python3.12/site-packages', 'COLCON': '1', 'WSL2_GUI_APPS_ENABLED': '1', 'VTE_VERSION': '7600', 'HOSTTYPE': 'x86_64', 'CMAKE_PREFIX_PATH': '/home/edwardak/my_robot_ws/install/my_robot_description:/opt/ros/jazzy/opt/gz_sim_vendor:/opt/ros/jazzy/opt/gz_sensors_vendor:/opt/ros/jazzy/opt/gz_physics_vendor:/opt/ros/jazzy/opt/sdformat_vendor:/opt/ros/jazzy/opt/gz_gui_vendor:/opt/ros/jazzy/opt/gz_transport_vendor:/opt/ros/jazzy/opt/gz_rendering_vendor:/opt/ros/jazzy/opt/gz_plugin_vendor:/opt/ros/jazzy/opt/gz_fuel_tools_vendor:/opt/ros/jazzy/opt/gz_msgs_vendor:/opt/ros/jazzy/opt/gz_common_vendor:/opt/ros/jazzy/opt/gz_math_vendor:/opt/ros/jazzy/opt/gz_utils_vendor:/opt/ros/jazzy/opt/gz_tools_vendor:/opt/ros/jazzy/opt/gz_ogre_next_vendor:/opt/ros/jazzy/opt/gz_dartsim_vendor:/opt/ros/jazzy/opt/gz_cmake_vendor:/opt/ros/jazzy', 'WSLENV': ''}), 'shell': False}
[3.854872] (my_robot_description) StdoutLine: {'line': b'-- Install configuration: ""\n'}
[3.855073] (my_robot_description) StdoutLine: {'line': b'-- Installing: /home/edwardak/my_robot_ws/install/my_robot_description/share/my_robot_description//urdf\n'}
[3.855897] (my_robot_description) StdoutLine: {'line': b'-- Installing: /home/edwardak/my_robot_ws/install/my_robot_description/share/my_robot_description//meshes\n'}
[3.856360] (my_robot_description) StdoutLine: {'line': b'-- Installing: /home/edwardak/my_robot_ws/install/my_robot_description/share/my_robot_description//meshes/base.stl\n'}
[3.856603] (my_robot_description) StdoutLine: {'line': b'-- Installing: /home/edwardak/my_robot_ws/install/my_robot_description/share/my_robot_description//rviz\n'}
[3.856969] (my_robot_description) StdoutLine: {'line': b'-- Installing: /home/edwardak/my_robot_ws/install/my_robot_description/share/my_robot_description//rviz/urdf_config.rviz\n'}
[3.857342] (my_robot_description) StdoutLine: {'line': b'-- Installing: /home/edwardak/my_robot_ws/install/my_robot_description/share/my_robot_description//launch\n'}
[3.857717] (my_robot_description) StdoutLine: {'line': b'-- Installing: /home/edwardak/my_robot_ws/install/my_robot_description/share/my_robot_description//launch/display.launch.xml\n'}
[3.859133] (my_robot_description) StdoutLine: {'line': b'-- Installing: /home/edwardak/my_robot_ws/install/my_robot_description/share/ament_index/resource_index/package_run_dependencies/my_robot_description\n'}
[3.859859] (my_robot_description) StdoutLine: {'line': b'-- Installing: /home/edwardak/my_robot_ws/install/my_robot_description/share/ament_index/resource_index/parent_prefix_path/my_robot_description\n'}
[3.860267] (my_robot_description) StdoutLine: {'line': b'-- Installing: /home/edwardak/my_robot_ws/install/my_robot_description/share/my_robot_description/environment/ament_prefix_path.sh\n'}
[3.860725] (my_robot_description) StdoutLine: {'line': b'-- Installing: /home/edwardak/my_robot_ws/install/my_robot_description/share/my_robot_description/environment/ament_prefix_path.dsv\n'}
[3.860875] (my_robot_description) StdoutLine: {'line': b'-- Installing: /home/edwardak/my_robot_ws/install/my_robot_description/share/my_robot_description/environment/path.sh\n'}
[3.861204] (my_robot_description) StdoutLine: {'line': b'-- Installing: /home/edwardak/my_robot_ws/install/my_robot_description/share/my_robot_description/environment/path.dsv\n'}
[3.861337] (my_robot_description) StdoutLine: {'line': b'-- Installing: /home/edwardak/my_robot_ws/install/my_robot_description/share/my_robot_description/local_setup.bash\n'}
[3.861593] (my_robot_description) StdoutLine: {'line': b'-- Installing: /home/edwardak/my_robot_ws/install/my_robot_description/share/my_robot_description/local_setup.sh\n'}
[3.861866] (my_robot_description) StdoutLine: {'line': b'-- Installing: /home/edwardak/my_robot_ws/install/my_robot_description/share/my_robot_description/local_setup.zsh\n'}
[3.862070] (my_robot_description) StdoutLine: {'line': b'-- Installing: /home/edwardak/my_robot_ws/install/my_robot_description/share/my_robot_description/local_setup.dsv\n'}
[3.862230] (my_robot_description) StdoutLine: {'line': b'-- Installing: /home/edwardak/my_robot_ws/install/my_robot_description/share/my_robot_description/package.dsv\n'}
[3.862866] (my_robot_description) StdoutLine: {'line': b'-- Installing: /home/edwardak/my_robot_ws/install/my_robot_description/share/ament_index/resource_index/packages/my_robot_description\n'}
[3.863260] (my_robot_description) StdoutLine: {'line': b'-- Installing: /home/edwardak/my_robot_ws/install/my_robot_description/share/my_robot_description/cmake/my_robot_descriptionConfig.cmake\n'}
[3.863859] (my_robot_description) StdoutLine: {'line': b'-- Installing: /home/edwardak/my_robot_ws/install/my_robot_description/share/my_robot_description/cmake/my_robot_descriptionConfig-version.cmake\n'}
[3.864003] (my_robot_description) StdoutLine: {'line': b'-- Installing: /home/edwardak/my_robot_ws/install/my_robot_description/share/my_robot_description/package.xml\n'}
[3.866169] (my_robot_description) CommandEnded: {'returncode': 0}
[3.895398] (my_robot_description) JobEnded: {'identifier': 'my_robot_description', 'rc': 0}
[3.897010] (-) EventReactorShutdown: {}
