[0.000000] (-) TimerEvent: {}
[0.000191] (my_robot_description) JobQueued: {'identifier': 'my_robot_description', 'dependencies': OrderedDict()}
[0.000226] (my_robot_description) JobStarted: {'identifier': 'my_robot_description'}
[0.019800] (my_robot_description) JobProgress: {'identifier': 'my_robot_description', 'progress': 'cmake'}
[0.022152] (my_robot_description) JobProgress: {'identifier': 'my_robot_description', 'progress': 'build'}
[0.022207] (my_robot_description) Command: {'cmd': ['/usr/bin/cmake', '--build', '/home/edwardak/my_robot_ws/build/my_robot_description', '--', '-j8', '-l8'], 'cwd': '/home/edwardak/my_robot_ws/build/my_robot_description', 'env': OrderedDict({'USER': 'edwardak', 'SHLVL': '1', 'HOME': '/home/edwardak', 'OLDPWD': '/home/edwardak', 'DBUS_SESSION_BUS_ADDRESS': 'unix:path=/run/user/1000/bus', 'WSL_DISTRO_NAME': 'Ubuntu', 'WAYLAND_DISPLAY': 'wayland-0', 'LOGNAME': 'edwardak', 'NAME': 'LAPTOP-PUJONALH', 'WSL_INTEROP': '/run/WSL/603_interop', 'PULSE_SERVER': 'unix:/mnt/wslg/PulseServer', '_': '/usr/bin/colcon', 'TERM': 'xterm-256color', 'PATH': '/usr/local/sbin:/usr/local/bin:/usr/sbin:/usr/bin:/sbin:/bin:/usr/games:/usr/local/games:/usr/lib/wsl/lib:/mnt/c/Program Files/WindowsApps/MicrosoftCorporationII.WindowsSubsystemForLinux_2.6.1.0_x64__8wekyb3d8bbwe:/mnt/c/Program Files/Common Files/Oracle/Java/javapath:/mnt/c/Program Files (x86)/VMware/VMware Workstation/bin/:/mnt/c/WINDOWS/system32:/mnt/c/WINDOWS:/mnt/c/WINDOWS/System32/Wbem:/mnt/c/WINDOWS/System32/WindowsPowerShell/v1.0/:/mnt/c/WINDOWS/System32/OpenSSH/:/mnt/c/Program Files/Git/cmd:/mnt/c/Program Files/nodejs/:/mnt/c/Program Files (x86)/Microsoft SQL Server/160/Tools/Binn/:/mnt/c/Program Files/Microsoft SQL Server/160/Tools/Binn/:/mnt/c/Program Files/Microsoft SQL Server/Client SDK/ODBC/170/Tools/Binn/:/mnt/c/Program Files/Microsoft SQL Server/160/DTS/Binn/:/mnt/c/Program Files/dotnet/:/mnt/c/Program Files/Vagrant/bin:/mnt/c/Program Files/HP/HP One Agent:/mnt/c/Users/edwar/AppData/Local/Microsoft/WindowsApps:/mnt/c/Users/edwar/AppData/Local/atom/bin:/mnt/c/Program Files (x86)/Nmap:/mnt/c/Users/edwar/AppData/Local/Programs/Microsoft VS Code/bin:/mnt/c/Program Files/JetBrains/IntelliJ IDEA Community Edition 2021.2.2/bin:/mnt/c/Users/edwar/AppData/Roaming/npm:/mnt/c/Program Files/heroku/bin:/mnt/c/Users/edwar/AppData/Local/Microsoft/WindowsApps:/mnt/c/Users/edwar/AppData/Local/Programs/mongosh/:/mnt/c/Users/edwar/AppData/Roaming/Microsoft/Windows/Start Menu/Programs/Python 3.9:/mnt/c/Users/edwar/.dotnet/tools:/snap/bin', 'XDG_RUNTIME_DIR': '/run/user/1000/', 'DISPLAY': ':0', 'LANG': 'en_US.UTF-8', 'SHELL': '/bin/bash', 'PWD': '/home/edwardak/my_robot_ws/build/my_robot_description', 'XDG_DATA_DIRS': '/usr/local/share:/usr/share:/var/lib/snapd/desktop', 'COLCON': '1', 'WSL2_GUI_APPS_ENABLED': '1', 'HOSTTYPE': 'x86_64', 'WSLENV': ''}), 'shell': False}
[0.097829] (-) TimerEvent: {}
[0.198200] (-) TimerEvent: {}
[0.248852] (my_robot_description) CommandEnded: {'returncode': 0}
[0.251873] (my_robot_description) JobProgress: {'identifier': 'my_robot_description', 'progress': 'install'}
[0.264163] (my_robot_description) Command: {'cmd': ['/usr/bin/cmake', '--install', '/home/edwardak/my_robot_ws/build/my_robot_description'], 'cwd': '/home/edwardak/my_robot_ws/build/my_robot_description', 'env': OrderedDict({'USER': 'edwardak', 'SHLVL': '1', 'HOME': '/home/edwardak', 'OLDPWD': '/home/edwardak', 'DBUS_SESSION_BUS_ADDRESS': 'unix:path=/run/user/1000/bus', 'WSL_DISTRO_NAME': 'Ubuntu', 'WAYLAND_DISPLAY': 'wayland-0', 'LOGNAME': 'edwardak', 'NAME': 'LAPTOP-PUJONALH', 'WSL_INTEROP': '/run/WSL/603_interop', 'PULSE_SERVER': 'unix:/mnt/wslg/PulseServer', '_': '/usr/bin/colcon', 'TERM': 'xterm-256color', 'PATH': '/usr/local/sbin:/usr/local/bin:/usr/sbin:/usr/bin:/sbin:/bin:/usr/games:/usr/local/games:/usr/lib/wsl/lib:/mnt/c/Program Files/WindowsApps/MicrosoftCorporationII.WindowsSubsystemForLinux_2.6.1.0_x64__8wekyb3d8bbwe:/mnt/c/Program Files/Common Files/Oracle/Java/javapath:/mnt/c/Program Files (x86)/VMware/VMware Workstation/bin/:/mnt/c/WINDOWS/system32:/mnt/c/WINDOWS:/mnt/c/WINDOWS/System32/Wbem:/mnt/c/WINDOWS/System32/WindowsPowerShell/v1.0/:/mnt/c/WINDOWS/System32/OpenSSH/:/mnt/c/Program Files/Git/cmd:/mnt/c/Program Files/nodejs/:/mnt/c/Program Files (x86)/Microsoft SQL Server/160/Tools/Binn/:/mnt/c/Program Files/Microsoft SQL Server/160/Tools/Binn/:/mnt/c/Program Files/Microsoft SQL Server/Client SDK/ODBC/170/Tools/Binn/:/mnt/c/Program Files/Microsoft SQL Server/160/DTS/Binn/:/mnt/c/Program Files/dotnet/:/mnt/c/Program Files/Vagrant/bin:/mnt/c/Program Files/HP/HP One Agent:/mnt/c/Users/edwar/AppData/Local/Microsoft/WindowsApps:/mnt/c/Users/edwar/AppData/Local/atom/bin:/mnt/c/Program Files (x86)/Nmap:/mnt/c/Users/edwar/AppData/Local/Programs/Microsoft VS Code/bin:/mnt/c/Program Files/JetBrains/IntelliJ IDEA Community Edition 2021.2.2/bin:/mnt/c/Users/edwar/AppData/Roaming/npm:/mnt/c/Program Files/heroku/bin:/mnt/c/Users/edwar/AppData/Local/Microsoft/WindowsApps:/mnt/c/Users/edwar/AppData/Local/Programs/mongosh/:/mnt/c/Users/edwar/AppData/Roaming/Microsoft/Windows/Start Menu/Programs/Python 3.9:/mnt/c/Users/edwar/.dotnet/tools:/snap/bin', 'XDG_RUNTIME_DIR': '/run/user/1000/', 'DISPLAY': ':0', 'LANG': 'en_US.UTF-8', 'SHELL': '/bin/bash', 'PWD': '/home/edwardak/my_robot_ws/build/my_robot_description', 'XDG_DATA_DIRS': '/usr/local/share:/usr/share:/var/lib/snapd/desktop', 'COLCON': '1', 'WSL2_GUI_APPS_ENABLED': '1', 'HOSTTYPE': 'x86_64', 'WSLENV': ''}), 'shell': False}
[0.273886] (my_robot_description) StdoutLine: {'line': b'-- Install configuration: ""\n'}
[0.275898] (my_robot_description) StdoutLine: {'line': b'-- Up-to-date: /home/edwardak/my_robot_ws/install/my_robot_description/share/my_robot_description//urdf\n'}
[0.276745] (my_robot_description) StdoutLine: {'line': b'-- Up-to-date: /home/edwardak/my_robot_ws/install/my_robot_description/share/my_robot_description//urdf/build\n'}
[0.277384] (my_robot_description) StdoutLine: {'line': b'-- Up-to-date: /home/edwardak/my_robot_ws/install/my_robot_description/share/my_robot_description//urdf/build/COLCON_IGNORE\n'}
[0.277603] (my_robot_description) StdoutLine: {'line': b'-- Up-to-date: /home/edwardak/my_robot_ws/install/my_robot_description/share/my_robot_description//urdf/build/.built_by\n'}
[0.278566] (my_robot_description) StdoutLine: {'line': b'-- Up-to-date: /home/edwardak/my_robot_ws/install/my_robot_description/share/my_robot_description//urdf/my_robot.urdf.xacro\n'}
[0.278696] (my_robot_description) StdoutLine: {'line': b'-- Up-to-date: /home/edwardak/my_robot_ws/install/my_robot_description/share/my_robot_description//urdf/common_properties.xacro\n'}
[0.280079] (my_robot_description) StdoutLine: {'line': b'-- Up-to-date: /home/edwardak/my_robot_ws/install/my_robot_description/share/my_robot_description//urdf/log\n'}
[0.280600] (my_robot_description) StdoutLine: {'line': b'-- Up-to-date: /home/edwardak/my_robot_ws/install/my_robot_description/share/my_robot_description//urdf/log/latest_build\n'}
[0.280919] (my_robot_description) StdoutLine: {'line': b'-- Up-to-date: /home/edwardak/my_robot_ws/install/my_robot_description/share/my_robot_description//urdf/log/COLCON_IGNORE\n'}
[0.280998] (my_robot_description) StdoutLine: {'line': b'-- Up-to-date: /home/edwardak/my_robot_ws/install/my_robot_description/share/my_robot_description//urdf/log/latest\n'}
[0.281057] (my_robot_description) StdoutLine: {'line': b'-- Up-to-date: /home/edwardak/my_robot_ws/install/my_robot_description/share/my_robot_description//urdf/log/build_2025-11-02_02-05-41\n'}
[0.281383] (my_robot_description) StdoutLine: {'line': b'-- Up-to-date: /home/edwardak/my_robot_ws/install/my_robot_description/share/my_robot_description//urdf/log/build_2025-11-02_02-05-41/logger_all.log\n'}
[0.281649] (my_robot_description) StdoutLine: {'line': b'-- Up-to-date: /home/edwardak/my_robot_ws/install/my_robot_description/share/my_robot_description//urdf/log/build_2025-11-02_02-05-41/events.log\n'}
[0.281781] (my_robot_description) StdoutLine: {'line': b'-- Up-to-date: /home/edwardak/my_robot_ws/install/my_robot_description/share/my_robot_description//urdf/install\n'}
[0.282227] (my_robot_description) StdoutLine: {'line': b'-- Up-to-date: /home/edwardak/my_robot_ws/install/my_robot_description/share/my_robot_description//urdf/install/local_setup.sh\n'}
[0.282426] (my_robot_description) StdoutLine: {'line': b'-- Up-to-date: /home/edwardak/my_robot_ws/install/my_robot_description/share/my_robot_description//urdf/install/local_setup.ps1\n'}
[0.282697] (my_robot_description) StdoutLine: {'line': b'-- Up-to-date: /home/edwardak/my_robot_ws/install/my_robot_description/share/my_robot_description//urdf/install/COLCON_IGNORE\n'}
[0.282866] (my_robot_description) StdoutLine: {'line': b'-- Up-to-date: /home/edwardak/my_robot_ws/install/my_robot_description/share/my_robot_description//urdf/install/local_setup.zsh\n'}
[0.283109] (my_robot_description) StdoutLine: {'line': b'-- Up-to-date: /home/edwardak/my_robot_ws/install/my_robot_description/share/my_robot_description//urdf/install/_local_setup_util_sh.py\n'}
[0.283471] (my_robot_description) StdoutLine: {'line': b'-- Up-to-date: /home/edwardak/my_robot_ws/install/my_robot_description/share/my_robot_description//urdf/install/setup.sh\n'}
[0.283810] (my_robot_description) StdoutLine: {'line': b'-- Up-to-date: /home/edwardak/my_robot_ws/install/my_robot_description/share/my_robot_description//urdf/install/_local_setup_util_ps1.py\n'}
[0.283894] (my_robot_description) StdoutLine: {'line': b'-- Up-to-date: /home/edwardak/my_robot_ws/install/my_robot_description/share/my_robot_description//urdf/install/.colcon_install_layout\n'}
[0.283952] (my_robot_description) StdoutLine: {'line': b'-- Up-to-date: /home/edwardak/my_robot_ws/install/my_robot_description/share/my_robot_description//urdf/install/setup.zsh\n'}
[0.284052] (my_robot_description) StdoutLine: {'line': b'-- Up-to-date: /home/edwardak/my_robot_ws/install/my_robot_description/share/my_robot_description//urdf/install/local_setup.bash\n'}
[0.284120] (my_robot_description) StdoutLine: {'line': b'-- Up-to-date: /home/edwardak/my_robot_ws/install/my_robot_description/share/my_robot_description//urdf/install/setup.ps1\n'}
[0.284176] (my_robot_description) StdoutLine: {'line': b'-- Up-to-date: /home/edwardak/my_robot_ws/install/my_robot_description/share/my_robot_description//urdf/install/setup.bash\n'}
[0.284265] (my_robot_description) StdoutLine: {'line': b'-- Up-to-date: /home/edwardak/my_robot_ws/install/my_robot_description/share/my_robot_description//urdf/mobile_base.xacro\n'}
[0.284605] (my_robot_description) StdoutLine: {'line': b'-- Up-to-date: /home/edwardak/my_robot_ws/install/my_robot_description/share/my_robot_description//meshes\n'}
[0.284736] (my_robot_description) StdoutLine: {'line': b'-- Up-to-date: /home/edwardak/my_robot_ws/install/my_robot_description/share/my_robot_description//meshes/base.stl\n'}
[0.284800] (my_robot_description) StdoutLine: {'line': b'-- Up-to-date: /home/edwardak/my_robot_ws/install/my_robot_description/share/my_robot_description//rviz\n'}
[0.285154] (my_robot_description) StdoutLine: {'line': b'-- Up-to-date: /home/edwardak/my_robot_ws/install/my_robot_description/share/my_robot_description//rviz/urdf_config.rviz\n'}
[0.285243] (my_robot_description) StdoutLine: {'line': b'-- Up-to-date: /home/edwardak/my_robot_ws/install/my_robot_description/share/my_robot_description//launch\n'}
[0.286556] (my_robot_description) StdoutLine: {'line': b'-- Up-to-date: /home/edwardak/my_robot_ws/install/my_robot_description/share/my_robot_description//launch/display.launch.py\n'}
[0.287793] (my_robot_description) StdoutLine: {'line': b'-- Up-to-date: /home/edwardak/my_robot_ws/install/my_robot_description/share/ament_index/resource_index/package_run_dependencies/my_robot_description\n'}
[0.288753] (my_robot_description) StdoutLine: {'line': b'-- Up-to-date: /home/edwardak/my_robot_ws/install/my_robot_description/share/ament_index/resource_index/parent_prefix_path/my_robot_description\n'}
[0.290065] (my_robot_description) StdoutLine: {'line': b'-- Up-to-date: /home/edwardak/my_robot_ws/install/my_robot_description/share/my_robot_description/environment/ament_prefix_path.sh\n'}
[0.290199] (my_robot_description) StdoutLine: {'line': b'-- Up-to-date: /home/edwardak/my_robot_ws/install/my_robot_description/share/my_robot_description/environment/ament_prefix_path.dsv\n'}
[0.290535] (my_robot_description) StdoutLine: {'line': b'-- Up-to-date: /home/edwardak/my_robot_ws/install/my_robot_description/share/my_robot_description/environment/path.sh\n'}
[0.290789] (my_robot_description) StdoutLine: {'line': b'-- Up-to-date: /home/edwardak/my_robot_ws/install/my_robot_description/share/my_robot_description/environment/path.dsv\n'}
[0.290868] (my_robot_description) StdoutLine: {'line': b'-- Up-to-date: /home/edwardak/my_robot_ws/install/my_robot_description/share/my_robot_description/local_setup.bash\n'}
[0.290928] (my_robot_description) StdoutLine: {'line': b'-- Up-to-date: /home/edwardak/my_robot_ws/install/my_robot_description/share/my_robot_description/local_setup.sh\n'}
[0.290988] (my_robot_description) StdoutLine: {'line': b'-- Up-to-date: /home/edwardak/my_robot_ws/install/my_robot_description/share/my_robot_description/local_setup.zsh\n'}
[0.291046] (my_robot_description) StdoutLine: {'line': b'-- Up-to-date: /home/edwardak/my_robot_ws/install/my_robot_description/share/my_robot_description/local_setup.dsv\n'}
[0.291104] (my_robot_description) StdoutLine: {'line': b'-- Installing: /home/edwardak/my_robot_ws/install/my_robot_description/share/my_robot_description/package.dsv\n'}
[0.292530] (my_robot_description) StdoutLine: {'line': b'-- Up-to-date: /home/edwardak/my_robot_ws/install/my_robot_description/share/ament_index/resource_index/packages/my_robot_description\n'}
[0.292973] (my_robot_description) StdoutLine: {'line': b'-- Up-to-date: /home/edwardak/my_robot_ws/install/my_robot_description/share/my_robot_description/cmake/my_robot_descriptionConfig.cmake\n'}
[0.293176] (my_robot_description) StdoutLine: {'line': b'-- Up-to-date: /home/edwardak/my_robot_ws/install/my_robot_description/share/my_robot_description/cmake/my_robot_descriptionConfig-version.cmake\n'}
[0.293630] (my_robot_description) StdoutLine: {'line': b'-- Up-to-date: /home/edwardak/my_robot_ws/install/my_robot_description/share/my_robot_description/package.xml\n'}
[0.296071] (my_robot_description) CommandEnded: {'returncode': 0}
[0.298286] (-) TimerEvent: {}
[0.333351] (my_robot_description) JobEnded: {'identifier': 'my_robot_description', 'rc': 0}
[0.336001] (-) EventReactorShutdown: {}
