[8.855s] Invoking command in '/home/edwardak/my_robot_ws/src/my_camera': PYTHONPATH=/home/edwardak/my_robot_ws/build/my_camera/prefix_override:/usr/lib/python3/dist-packages/colcon_core/task/python/colcon_distutils_commands:/home/edwardak/my_robot_ws/install/my_camera/lib/python3.12/site-packages:${PYTHONPATH} /usr/bin/python3 -W ignore:setup.py install is deprecated -W ignore:easy_install command is deprecated setup.py egg_info --egg-base ../../build/my_camera build --build-base /home/edwardak/my_robot_ws/build/my_camera/build install --record /home/edwardak/my_robot_ws/build/my_camera/install.log --single-version-externally-managed install_data
[10.947s] running egg_info
[11.078s] writing ../../build/my_camera/my_camera.egg-info/PKG-INFO
[11.078s] writing dependency_links to ../../build/my_camera/my_camera.egg-info/dependency_links.txt
[11.085s] writing entry points to ../../build/my_camera/my_camera.egg-info/entry_points.txt
[11.087s] writing requirements to ../../build/my_camera/my_camera.egg-info/requires.txt
[11.087s] writing top-level names to ../../build/my_camera/my_camera.egg-info/top_level.txt
[11.471s] reading manifest file '../../build/my_camera/my_camera.egg-info/SOURCES.txt'
[11.471s] adding license file 'LICENSE'
[11.471s] writing manifest file '../../build/my_camera/my_camera.egg-info/SOURCES.txt'
[11.471s] running build
[11.472s] running build_py
[11.472s] running install
[11.516s] running install_lib
[11.668s] running install_data
[11.668s] running install_egg_info
[11.845s] removing '/home/edwardak/my_robot_ws/install/my_camera/lib/python3.12/site-packages/my_camera-0.0.0-py3.12.egg-info' (and everything under it)
[11.884s] Copying ../../build/my_camera/my_camera.egg-info to /home/edwardak/my_robot_ws/install/my_camera/lib/python3.12/site-packages/my_camera-0.0.0-py3.12.egg-info
[11.889s] running install_scripts
[12.907s] Installing ip_stream_node script to /home/edwardak/my_robot_ws/install/my_camera/lib/my_camera
[12.926s] Installing usbcam_node script to /home/edwardak/my_robot_ws/install/my_camera/lib/my_camera
[12.927s] Installing webcam_node script to /home/edwardak/my_robot_ws/install/my_camera/lib/my_camera
[12.927s] writing list of installed files to '/home/edwardak/my_robot_ws/build/my_camera/install.log'
[13.133s] Invoked command in '/home/edwardak/my_robot_ws/src/my_camera' returned '0': PYTHONPATH=/home/edwardak/my_robot_ws/build/my_camera/prefix_override:/usr/lib/python3/dist-packages/colcon_core/task/python/colcon_distutils_commands:/home/edwardak/my_robot_ws/install/my_camera/lib/python3.12/site-packages:${PYTHONPATH} /usr/bin/python3 -W ignore:setup.py install is deprecated -W ignore:easy_install command is deprecated setup.py egg_info --egg-base ../../build/my_camera build --build-base /home/edwardak/my_robot_ws/build/my_camera/build install --record /home/edwardak/my_robot_ws/build/my_camera/install.log --single-version-externally-managed install_data
