[1.160s] DEBUG:colcon:Command line arguments: ['/usr/bin/colcon', 'build', '--symlink-install']
[1.161s] DEBUG:colcon:Parsed command line arguments: Namespace(log_base=None, log_level=None, verb_name='build', build_base='build', install_base='install', merge_install=False, symlink_install=True, test_result_base=None, continue_on_error=False, executor='parallel', parallel_workers=8, event_handlers=None, ignore_user_meta=False, metas=['./colcon.meta'], base_paths=['.'], packages_ignore=None, packages_ignore_regex=None, paths=None, packages_up_to=None, packages_up_to_regex=None, packages_above=None, packages_above_and_dependencies=None, packages_above_depth=None, packages_select_by_dep=None, packages_skip_by_dep=None, packages_skip_up_to=None, packages_select_build_failed=False, packages_skip_build_finished=False, packages_select_test_failures=False, packages_skip_test_passed=False, packages_select=None, packages_skip=None, packages_select_regex=None, packages_skip_regex=None, packages_start=None, packages_end=None, allow_overriding=[], cmake_args=None, cmake_target=None, cmake_target_skip_unavailable=False, cmake_clean_cache=False, cmake_clean_first=False, cmake_force_configure=False, ament_cmake_args=None, catkin_cmake_args=None, catkin_skip_building_tests=False, mixin_files=None, mixin=None, verb_parser=<colcon_mixin.mixin.mixin_argument.MixinArgumentDecorator object at 0x780f71b6b530>, verb_extension=<colcon_core.verb.build.BuildVerb object at 0x780f71b6acc0>, main=<bound method BuildVerb.main of <colcon_core.verb.build.BuildVerb object at 0x780f71b6acc0>>, mixin_verb=('build',))
[1.402s] Level 1:colcon.colcon_core.package_discovery:discover_packages(colcon_meta) check parameters
[1.402s] Level 1:colcon.colcon_core.package_discovery:discover_packages(recursive) check parameters
[1.403s] Level 1:colcon.colcon_core.package_discovery:discover_packages(ignore) check parameters
[1.403s] Level 1:colcon.colcon_core.package_discovery:discover_packages(path) check parameters
[1.403s] Level 1:colcon.colcon_core.package_discovery:discover_packages(colcon_meta) discover
[1.406s] Level 1:colcon.colcon_core.package_discovery:discover_packages(recursive) discover
[1.406s] INFO:colcon.colcon_core.package_discovery:Crawling recursively for packages in '/home/edwardak/my_robot_ws'
[1.407s] Level 1:colcon.colcon_core.package_identification:_identify(.) by extensions ['ignore', 'ignore_ament_install']
[1.407s] Level 1:colcon.colcon_core.package_identification:_identify(.) by extension 'ignore'
[1.407s] Level 1:colcon.colcon_core.package_identification:_identify(.) by extension 'ignore_ament_install'
[1.407s] Level 1:colcon.colcon_core.package_identification:_identify(.) by extensions ['colcon_pkg']
[1.407s] Level 1:colcon.colcon_core.package_identification:_identify(.) by extension 'colcon_pkg'
[1.408s] Level 1:colcon.colcon_core.package_identification:_identify(.) by extensions ['colcon_meta']
[1.408s] Level 1:colcon.colcon_core.package_identification:_identify(.) by extension 'colcon_meta'
[1.408s] Level 1:colcon.colcon_core.package_identification:_identify(.) by extensions ['ros']
[1.408s] Level 1:colcon.colcon_core.package_identification:_identify(.) by extension 'ros'
[1.546s] Level 1:colcon.colcon_core.package_identification:_identify(.) by extensions ['cmake', 'python']
[1.547s] Level 1:colcon.colcon_core.package_identification:_identify(.) by extension 'cmake'
[1.547s] Level 1:colcon.colcon_core.package_identification:_identify(.) by extension 'python'
[1.547s] Level 1:colcon.colcon_core.package_identification:_identify(.) by extensions ['python_setup_py']
[1.548s] Level 1:colcon.colcon_core.package_identification:_identify(.) by extension 'python_setup_py'
[1.548s] Level 1:colcon.colcon_core.package_identification:_identify(build) by extensions ['ignore', 'ignore_ament_install']
[1.548s] Level 1:colcon.colcon_core.package_identification:_identify(build) by extension 'ignore'
[1.548s] Level 1:colcon.colcon_core.package_identification:_identify(build) ignored
[1.549s] Level 1:colcon.colcon_core.package_identification:_identify(install) by extensions ['ignore', 'ignore_ament_install']
[1.549s] Level 1:colcon.colcon_core.package_identification:_identify(install) by extension 'ignore'
[1.549s] Level 1:colcon.colcon_core.package_identification:_identify(install) ignored
[1.550s] Level 1:colcon.colcon_core.package_identification:_identify(log) by extensions ['ignore', 'ignore_ament_install']
[1.550s] Level 1:colcon.colcon_core.package_identification:_identify(log) by extension 'ignore'
[1.550s] Level 1:colcon.colcon_core.package_identification:_identify(log) ignored
[1.550s] Level 1:colcon.colcon_core.package_identification:_identify(src) by extensions ['ignore', 'ignore_ament_install']
[1.551s] Level 1:colcon.colcon_core.package_identification:_identify(src) by extension 'ignore'
[1.551s] Level 1:colcon.colcon_core.package_identification:_identify(src) by extension 'ignore_ament_install'
[1.551s] Level 1:colcon.colcon_core.package_identification:_identify(src) by extensions ['colcon_pkg']
[1.551s] Level 1:colcon.colcon_core.package_identification:_identify(src) by extension 'colcon_pkg'
[1.551s] Level 1:colcon.colcon_core.package_identification:_identify(src) by extensions ['colcon_meta']
[1.551s] Level 1:colcon.colcon_core.package_identification:_identify(src) by extension 'colcon_meta'
[1.552s] Level 1:colcon.colcon_core.package_identification:_identify(src) by extensions ['ros']
[1.552s] Level 1:colcon.colcon_core.package_identification:_identify(src) by extension 'ros'
[1.552s] Level 1:colcon.colcon_core.package_identification:_identify(src) by extensions ['cmake', 'python']
[1.552s] Level 1:colcon.colcon_core.package_identification:_identify(src) by extension 'cmake'
[1.552s] Level 1:colcon.colcon_core.package_identification:_identify(src) by extension 'python'
[1.552s] Level 1:colcon.colcon_core.package_identification:_identify(src) by extensions ['python_setup_py']
[1.552s] Level 1:colcon.colcon_core.package_identification:_identify(src) by extension 'python_setup_py'
[1.553s] Level 1:colcon.colcon_core.package_identification:_identify(src/build) by extensions ['ignore', 'ignore_ament_install']
[1.553s] Level 1:colcon.colcon_core.package_identification:_identify(src/build) by extension 'ignore'
[1.553s] Level 1:colcon.colcon_core.package_identification:_identify(src/build) ignored
[1.554s] Level 1:colcon.colcon_core.package_identification:_identify(src/install) by extensions ['ignore', 'ignore_ament_install']
[1.554s] Level 1:colcon.colcon_core.package_identification:_identify(src/install) by extension 'ignore'
[1.555s] Level 1:colcon.colcon_core.package_identification:_identify(src/install) ignored
[1.560s] Level 1:colcon.colcon_core.package_identification:_identify(src/log) by extensions ['ignore', 'ignore_ament_install']
[1.560s] Level 1:colcon.colcon_core.package_identification:_identify(src/log) by extension 'ignore'
[1.561s] Level 1:colcon.colcon_core.package_identification:_identify(src/log) ignored
[1.561s] Level 1:colcon.colcon_core.package_identification:_identify(src/my_camera) by extensions ['ignore', 'ignore_ament_install']
[1.561s] Level 1:colcon.colcon_core.package_identification:_identify(src/my_camera) by extension 'ignore'
[1.562s] Level 1:colcon.colcon_core.package_identification:_identify(src/my_camera) by extension 'ignore_ament_install'
[1.562s] Level 1:colcon.colcon_core.package_identification:_identify(src/my_camera) by extensions ['colcon_pkg']
[1.562s] Level 1:colcon.colcon_core.package_identification:_identify(src/my_camera) by extension 'colcon_pkg'
[1.562s] Level 1:colcon.colcon_core.package_identification:_identify(src/my_camera) by extensions ['colcon_meta']
[1.563s] Level 1:colcon.colcon_core.package_identification:_identify(src/my_camera) by extension 'colcon_meta'
[1.563s] Level 1:colcon.colcon_core.package_identification:_identify(src/my_camera) by extensions ['ros']
[1.563s] Level 1:colcon.colcon_core.package_identification:_identify(src/my_camera) by extension 'ros'
[1.571s] DEBUG:colcon.colcon_core.package_identification:Package 'src/my_camera' with type 'ros.ament_python' and name 'my_camera'
[1.573s] Level 1:colcon.colcon_core.package_identification:_identify(src/my_robot_bringup) by extensions ['ignore', 'ignore_ament_install']
[1.573s] Level 1:colcon.colcon_core.package_identification:_identify(src/my_robot_bringup) by extension 'ignore'
[1.574s] Level 1:colcon.colcon_core.package_identification:_identify(src/my_robot_bringup) by extension 'ignore_ament_install'
[1.574s] Level 1:colcon.colcon_core.package_identification:_identify(src/my_robot_bringup) by extensions ['colcon_pkg']
[1.575s] Level 1:colcon.colcon_core.package_identification:_identify(src/my_robot_bringup) by extension 'colcon_pkg'
[1.575s] Level 1:colcon.colcon_core.package_identification:_identify(src/my_robot_bringup) by extensions ['colcon_meta']
[1.575s] Level 1:colcon.colcon_core.package_identification:_identify(src/my_robot_bringup) by extension 'colcon_meta'
[1.575s] Level 1:colcon.colcon_core.package_identification:_identify(src/my_robot_bringup) by extensions ['ros']
[1.575s] Level 1:colcon.colcon_core.package_identification:_identify(src/my_robot_bringup) by extension 'ros'
[1.582s] DEBUG:colcon.colcon_core.package_identification:Package 'src/my_robot_bringup' with type 'ros.ament_cmake' and name 'my_robot_bringup'
[1.583s] Level 1:colcon.colcon_core.package_identification:_identify(src/my_robot_description) by extensions ['ignore', 'ignore_ament_install']
[1.583s] Level 1:colcon.colcon_core.package_identification:_identify(src/my_robot_description) by extension 'ignore'
[1.583s] Level 1:colcon.colcon_core.package_identification:_identify(src/my_robot_description) by extension 'ignore_ament_install'
[1.584s] Level 1:colcon.colcon_core.package_identification:_identify(src/my_robot_description) by extensions ['colcon_pkg']
[1.584s] Level 1:colcon.colcon_core.package_identification:_identify(src/my_robot_description) by extension 'colcon_pkg'
[1.584s] Level 1:colcon.colcon_core.package_identification:_identify(src/my_robot_description) by extensions ['colcon_meta']
[1.584s] Level 1:colcon.colcon_core.package_identification:_identify(src/my_robot_description) by extension 'colcon_meta'
[1.584s] Level 1:colcon.colcon_core.package_identification:_identify(src/my_robot_description) by extensions ['ros']
[1.584s] Level 1:colcon.colcon_core.package_identification:_identify(src/my_robot_description) by extension 'ros'
[1.586s] DEBUG:colcon.colcon_core.package_identification:Package 'src/my_robot_description' with type 'ros.ament_cmake' and name 'my_robot_description'
[1.586s] Level 1:colcon.colcon_core.package_discovery:discover_packages(recursive) using defaults
[1.586s] Level 1:colcon.colcon_core.package_discovery:discover_packages(ignore) discover
[1.586s] Level 1:colcon.colcon_core.package_discovery:discover_packages(ignore) using defaults
[1.586s] Level 1:colcon.colcon_core.package_discovery:discover_packages(path) discover
[1.586s] Level 1:colcon.colcon_core.package_discovery:discover_packages(path) using defaults
[1.698s] Level 1:colcon.colcon_core.package_discovery:discover_packages(prefix_path) check parameters
[1.698s] Level 1:colcon.colcon_core.package_discovery:discover_packages(prefix_path) discover
[1.711s] DEBUG:colcon.colcon_installed_package_information.package_discovery:Found 3 installed packages in /home/edwardak/my_robot_ws/install
[1.713s] DEBUG:colcon.colcon_installed_package_information.package_discovery:Found 6 installed packages in /home/edwardak/install
[1.723s] DEBUG:colcon.colcon_installed_package_information.package_discovery:Found 395 installed packages in /opt/ros/jazzy
[1.734s] Level 1:colcon.colcon_core.package_discovery:discover_packages(prefix_path) using defaults
[2.086s] Level 5:colcon.colcon_core.verb:set package 'my_camera' build argument 'cmake_args' from command line to 'None'
[2.086s] Level 5:colcon.colcon_core.verb:set package 'my_camera' build argument 'cmake_target' from command line to 'None'
[2.087s] Level 5:colcon.colcon_core.verb:set package 'my_camera' build argument 'cmake_target_skip_unavailable' from command line to 'False'
[2.087s] Level 5:colcon.colcon_core.verb:set package 'my_camera' build argument 'cmake_clean_cache' from command line to 'False'
[2.087s] Level 5:colcon.colcon_core.verb:set package 'my_camera' build argument 'cmake_clean_first' from command line to 'False'
[2.087s] Level 5:colcon.colcon_core.verb:set package 'my_camera' build argument 'cmake_force_configure' from command line to 'False'
[2.087s] Level 5:colcon.colcon_core.verb:set package 'my_camera' build argument 'ament_cmake_args' from command line to 'None'
[2.088s] Level 5:colcon.colcon_core.verb:set package 'my_camera' build argument 'catkin_cmake_args' from command line to 'None'
[2.088s] Level 5:colcon.colcon_core.verb:set package 'my_camera' build argument 'catkin_skip_building_tests' from command line to 'False'
[2.088s] DEBUG:colcon.colcon_core.verb:Building package 'my_camera' with the following arguments: {'ament_cmake_args': None, 'build_base': '/home/edwardak/my_robot_ws/build/my_camera', 'catkin_cmake_args': None, 'catkin_skip_building_tests': False, 'cmake_args': None, 'cmake_clean_cache': False, 'cmake_clean_first': False, 'cmake_force_configure': False, 'cmake_target': None, 'cmake_target_skip_unavailable': False, 'install_base': '/home/edwardak/my_robot_ws/install/my_camera', 'merge_install': False, 'path': '/home/edwardak/my_robot_ws/src/my_camera', 'symlink_install': True, 'test_result_base': None}
[2.090s] Level 5:colcon.colcon_core.verb:set package 'my_robot_description' build argument 'cmake_args' from command line to 'None'
[2.090s] Level 5:colcon.colcon_core.verb:set package 'my_robot_description' build argument 'cmake_target' from command line to 'None'
[2.090s] Level 5:colcon.colcon_core.verb:set package 'my_robot_description' build argument 'cmake_target_skip_unavailable' from command line to 'False'
[2.090s] Level 5:colcon.colcon_core.verb:set package 'my_robot_description' build argument 'cmake_clean_cache' from command line to 'False'
[2.090s] Level 5:colcon.colcon_core.verb:set package 'my_robot_description' build argument 'cmake_clean_first' from command line to 'False'
[2.090s] Level 5:colcon.colcon_core.verb:set package 'my_robot_description' build argument 'cmake_force_configure' from command line to 'False'
[2.090s] Level 5:colcon.colcon_core.verb:set package 'my_robot_description' build argument 'ament_cmake_args' from command line to 'None'
[2.090s] Level 5:colcon.colcon_core.verb:set package 'my_robot_description' build argument 'catkin_cmake_args' from command line to 'None'
[2.090s] Level 5:colcon.colcon_core.verb:set package 'my_robot_description' build argument 'catkin_skip_building_tests' from command line to 'False'
[2.091s] DEBUG:colcon.colcon_core.verb:Building package 'my_robot_description' with the following arguments: {'ament_cmake_args': None, 'build_base': '/home/edwardak/my_robot_ws/build/my_robot_description', 'catkin_cmake_args': None, 'catkin_skip_building_tests': False, 'cmake_args': None, 'cmake_clean_cache': False, 'cmake_clean_first': False, 'cmake_force_configure': False, 'cmake_target': None, 'cmake_target_skip_unavailable': False, 'install_base': '/home/edwardak/my_robot_ws/install/my_robot_description', 'merge_install': False, 'path': '/home/edwardak/my_robot_ws/src/my_robot_description', 'symlink_install': True, 'test_result_base': None}
[2.092s] Level 5:colcon.colcon_core.verb:set package 'my_robot_bringup' build argument 'cmake_args' from command line to 'None'
[2.092s] Level 5:colcon.colcon_core.verb:set package 'my_robot_bringup' build argument 'cmake_target' from command line to 'None'
[2.092s] Level 5:colcon.colcon_core.verb:set package 'my_robot_bringup' build argument 'cmake_target_skip_unavailable' from command line to 'False'
[2.092s] Level 5:colcon.colcon_core.verb:set package 'my_robot_bringup' build argument 'cmake_clean_cache' from command line to 'False'
[2.092s] Level 5:colcon.colcon_core.verb:set package 'my_robot_bringup' build argument 'cmake_clean_first' from command line to 'False'
[2.092s] Level 5:colcon.colcon_core.verb:set package 'my_robot_bringup' build argument 'cmake_force_configure' from command line to 'False'
[2.092s] Level 5:colcon.colcon_core.verb:set package 'my_robot_bringup' build argument 'ament_cmake_args' from command line to 'None'
[2.092s] Level 5:colcon.colcon_core.verb:set package 'my_robot_bringup' build argument 'catkin_cmake_args' from command line to 'None'
[2.092s] Level 5:colcon.colcon_core.verb:set package 'my_robot_bringup' build argument 'catkin_skip_building_tests' from command line to 'False'
[2.093s] DEBUG:colcon.colcon_core.verb:Building package 'my_robot_bringup' with the following arguments: {'ament_cmake_args': None, 'build_base': '/home/edwardak/my_robot_ws/build/my_robot_bringup', 'catkin_cmake_args': None, 'catkin_skip_building_tests': False, 'cmake_args': None, 'cmake_clean_cache': False, 'cmake_clean_first': False, 'cmake_force_configure': False, 'cmake_target': None, 'cmake_target_skip_unavailable': False, 'install_base': '/home/edwardak/my_robot_ws/install/my_robot_bringup', 'merge_install': False, 'path': '/home/edwardak/my_robot_ws/src/my_robot_bringup', 'symlink_install': True, 'test_result_base': None}
[2.093s] INFO:colcon.colcon_core.executor:Executing jobs using 'parallel' executor
[2.097s] DEBUG:colcon.colcon_parallel_executor.executor.parallel:run_until_complete
[2.100s] INFO:colcon.colcon_ros.task.ament_cmake.build:Building ROS package in '/home/edwardak/my_robot_ws/src/my_robot_description' with build type 'ament_cmake'
[2.101s] INFO:colcon.colcon_cmake.task.cmake.build:Building CMake package in '/home/edwardak/my_robot_ws/src/my_robot_description'
[2.119s] INFO:colcon.colcon_core.plugin_system:Skipping extension 'colcon_core.shell.bat': Not used on non-Windows systems
[2.120s] INFO:colcon.colcon_core.shell:Skip shell extension 'powershell' for command environment: Not usable outside of PowerShell
[2.120s] DEBUG:colcon.colcon_core.shell:Skip shell extension 'dsv' for command environment
[2.144s] INFO:colcon.colcon_ros.task.ament_python.build:Building ROS package in '/home/edwardak/my_robot_ws/src/my_camera' with build type 'ament_python'
[2.145s] Level 1:colcon.colcon_core.shell:create_environment_hook('my_camera', 'ament_prefix_path')
[2.146s] INFO:colcon.colcon_core.shell:Creating environment hook '/home/edwardak/my_robot_ws/install/my_camera/share/my_camera/hook/ament_prefix_path.ps1'
[2.151s] INFO:colcon.colcon_core.shell:Creating environment descriptor '/home/edwardak/my_robot_ws/install/my_camera/share/my_camera/hook/ament_prefix_path.dsv'
[2.155s] INFO:colcon.colcon_core.shell:Creating environment hook '/home/edwardak/my_robot_ws/install/my_camera/share/my_camera/hook/ament_prefix_path.sh'
[2.158s] INFO:colcon.colcon_core.shell:Skip shell extension 'powershell' for command environment: Not usable outside of PowerShell
[2.158s] DEBUG:colcon.colcon_core.shell:Skip shell extension 'dsv' for command environment
[2.215s] DEBUG:colcon.colcon_core.event_handler.log_command:Invoking command in '/home/edwardak/my_robot_ws/build/my_robot_description': CMAKE_PREFIX_PATH=${CMAKE_PREFIX_PATH}:/home/edwardak/my_robot_ws/install/my_camera:/opt/ros/jazzy /usr/bin/cmake /home/edwardak/my_robot_ws/src/my_robot_description -DAMENT_CMAKE_SYMLINK_INSTALL=1 -DCMAKE_INSTALL_PREFIX=/home/edwardak/my_robot_ws/install/my_robot_description
[3.482s] INFO:colcon.colcon_core.task.python.build:Building Python package in '/home/edwardak/my_robot_ws/src/my_camera'
[3.483s] INFO:colcon.colcon_core.shell:Skip shell extension 'powershell' for command environment: Not usable outside of PowerShell
[3.483s] DEBUG:colcon.colcon_core.shell:Skip shell extension 'dsv' for command environment
[4.356s] DEBUG:colcon.colcon_core.event_handler.log_command:Invoked command in '/home/edwardak/my_robot_ws/build/my_robot_description' returned '0': CMAKE_PREFIX_PATH=${CMAKE_PREFIX_PATH}:/home/edwardak/my_robot_ws/install/my_camera:/opt/ros/jazzy /usr/bin/cmake /home/edwardak/my_robot_ws/src/my_robot_description -DAMENT_CMAKE_SYMLINK_INSTALL=1 -DCMAKE_INSTALL_PREFIX=/home/edwardak/my_robot_ws/install/my_robot_description
[4.361s] DEBUG:colcon.colcon_core.event_handler.log_command:Invoking command in '/home/edwardak/my_robot_ws/build/my_robot_description': CMAKE_PREFIX_PATH=${CMAKE_PREFIX_PATH}:/home/edwardak/my_robot_ws/install/my_camera:/opt/ros/jazzy /usr/bin/cmake --build /home/edwardak/my_robot_ws/build/my_robot_description -- -j8 -l8
[4.536s] DEBUG:colcon.colcon_core.event_handler.log_command:Invoked command in '/home/edwardak/my_robot_ws/build/my_robot_description' returned '0': CMAKE_PREFIX_PATH=${CMAKE_PREFIX_PATH}:/home/edwardak/my_robot_ws/install/my_camera:/opt/ros/jazzy /usr/bin/cmake --build /home/edwardak/my_robot_ws/build/my_robot_description -- -j8 -l8
[4.575s] DEBUG:colcon.colcon_core.event_handler.log_command:Invoking command in '/home/edwardak/my_robot_ws/build/my_robot_description': CMAKE_PREFIX_PATH=${CMAKE_PREFIX_PATH}:/home/edwardak/my_robot_ws/install/my_camera:/opt/ros/jazzy /usr/bin/cmake --install /home/edwardak/my_robot_ws/build/my_robot_description
[6.582s] DEBUG:colcon.colcon_core.task.python.build:While undoing a previous installation files outside the Python library path are being ignored: /home/edwardak/my_robot_ws/install/my_camera/share/ament_index/resource_index/packages/my_camera
[6.582s] DEBUG:colcon.colcon_core.task.python.build:While undoing a previous installation files outside the Python library path are being ignored: /home/edwardak/my_robot_ws/install/my_camera/share/my_camera/package.xml
[6.586s] DEBUG:colcon.colcon_core.task.python.build:While undoing a previous installation files outside the Python library path are being ignored: /home/edwardak/my_robot_ws/install/my_camera/lib/my_camera/ip_stream_node
[6.586s] DEBUG:colcon.colcon_core.task.python.build:While undoing a previous installation files outside the Python library path are being ignored: /home/edwardak/my_robot_ws/install/my_camera/lib/my_camera/usbcam_node
[6.586s] DEBUG:colcon.colcon_core.task.python.build:While undoing a previous installation files outside the Python library path are being ignored: /home/edwardak/my_robot_ws/install/my_camera/lib/my_camera/webcam_node
[6.620s] DEBUG:colcon.colcon_core.event_handler.log_command:Invoking command in '/home/edwardak/my_robot_ws/build/my_camera': PYTHONPATH=/home/edwardak/my_robot_ws/build/my_camera/prefix_override:/usr/lib/python3/dist-packages/colcon_core/task/python/colcon_distutils_commands:/home/edwardak/my_robot_ws/install/my_camera/lib/python3.12/site-packages:${PYTHONPATH} /usr/bin/python3 -W ignore:setup.py install is deprecated -W ignore:easy_install command is deprecated setup.py develop --editable --build-directory /home/edwardak/my_robot_ws/build/my_camera/build --no-deps symlink_data --force
[6.727s] Level 1:colcon.colcon_core.environment:create_environment_scripts_only(my_robot_description)
[6.729s] DEBUG:colcon.colcon_core.event_handler.log_command:Invoked command in '/home/edwardak/my_robot_ws/build/my_robot_description' returned '0': CMAKE_PREFIX_PATH=${CMAKE_PREFIX_PATH}:/home/edwardak/my_robot_ws/install/my_camera:/opt/ros/jazzy /usr/bin/cmake --install /home/edwardak/my_robot_ws/build/my_robot_description
[6.748s] Level 1:colcon.colcon_core.environment:checking '/home/edwardak/my_robot_ws/install/my_robot_description' for CMake module files
[6.750s] Level 1:colcon.colcon_core.environment:checking '/home/edwardak/my_robot_ws/install/my_robot_description' for CMake config files
[6.754s] Level 1:colcon.colcon_core.shell:create_environment_hook('my_robot_description', 'cmake_prefix_path')
[6.754s] INFO:colcon.colcon_core.shell:Creating environment hook '/home/edwardak/my_robot_ws/install/my_robot_description/share/my_robot_description/hook/cmake_prefix_path.ps1'
[6.756s] INFO:colcon.colcon_core.shell:Creating environment descriptor '/home/edwardak/my_robot_ws/install/my_robot_description/share/my_robot_description/hook/cmake_prefix_path.dsv'
[6.757s] INFO:colcon.colcon_core.shell:Creating environment hook '/home/edwardak/my_robot_ws/install/my_robot_description/share/my_robot_description/hook/cmake_prefix_path.sh'
[6.760s] Level 1:colcon.colcon_core.environment:checking '/home/edwardak/my_robot_ws/install/my_robot_description/bin'
[6.760s] Level 1:colcon.colcon_core.environment:checking '/home/edwardak/my_robot_ws/install/my_robot_description/lib/pkgconfig/my_robot_description.pc'
[6.761s] Level 1:colcon.colcon_core.environment:checking '/home/edwardak/my_robot_ws/install/my_robot_description/lib/python3.12/site-packages'
[6.762s] Level 1:colcon.colcon_core.environment:checking '/home/edwardak/my_robot_ws/install/my_robot_description/bin'
[6.763s] INFO:colcon.colcon_core.shell:Creating package script '/home/edwardak/my_robot_ws/install/my_robot_description/share/my_robot_description/package.ps1'
[6.766s] INFO:colcon.colcon_core.shell:Creating package descriptor '/home/edwardak/my_robot_ws/install/my_robot_description/share/my_robot_description/package.dsv'
[6.769s] INFO:colcon.colcon_core.shell:Creating package script '/home/edwardak/my_robot_ws/install/my_robot_description/share/my_robot_description/package.sh'
[6.771s] INFO:colcon.colcon_core.shell:Creating package script '/home/edwardak/my_robot_ws/install/my_robot_description/share/my_robot_description/package.bash'
[6.779s] INFO:colcon.colcon_core.shell:Creating package script '/home/edwardak/my_robot_ws/install/my_robot_description/share/my_robot_description/package.zsh'
[6.784s] Level 1:colcon.colcon_core.environment:create_file_with_runtime_dependencies(/home/edwardak/my_robot_ws/install/my_robot_description/share/colcon-core/packages/my_robot_description)
[6.785s] Level 1:colcon.colcon_core.environment:create_environment_scripts_only(my_robot_description)
[6.786s] Level 1:colcon.colcon_core.environment:checking '/home/edwardak/my_robot_ws/install/my_robot_description' for CMake module files
[6.793s] Level 1:colcon.colcon_core.environment:checking '/home/edwardak/my_robot_ws/install/my_robot_description' for CMake config files
[6.793s] Level 1:colcon.colcon_core.shell:create_environment_hook('my_robot_description', 'cmake_prefix_path')
[6.794s] INFO:colcon.colcon_core.shell:Creating environment hook '/home/edwardak/my_robot_ws/install/my_robot_description/share/my_robot_description/hook/cmake_prefix_path.ps1'
[6.796s] INFO:colcon.colcon_core.shell:Creating environment descriptor '/home/edwardak/my_robot_ws/install/my_robot_description/share/my_robot_description/hook/cmake_prefix_path.dsv'
[6.798s] INFO:colcon.colcon_core.shell:Creating environment hook '/home/edwardak/my_robot_ws/install/my_robot_description/share/my_robot_description/hook/cmake_prefix_path.sh'
[6.800s] Level 1:colcon.colcon_core.environment:checking '/home/edwardak/my_robot_ws/install/my_robot_description/bin'
[6.800s] Level 1:colcon.colcon_core.environment:checking '/home/edwardak/my_robot_ws/install/my_robot_description/lib/pkgconfig/my_robot_description.pc'
[6.801s] Level 1:colcon.colcon_core.environment:checking '/home/edwardak/my_robot_ws/install/my_robot_description/lib/python3.12/site-packages'
[6.802s] Level 1:colcon.colcon_core.environment:checking '/home/edwardak/my_robot_ws/install/my_robot_description/bin'
[6.802s] INFO:colcon.colcon_core.shell:Creating package script '/home/edwardak/my_robot_ws/install/my_robot_description/share/my_robot_description/package.ps1'
[6.806s] INFO:colcon.colcon_core.shell:Creating package descriptor '/home/edwardak/my_robot_ws/install/my_robot_description/share/my_robot_description/package.dsv'
[6.808s] INFO:colcon.colcon_core.shell:Creating package script '/home/edwardak/my_robot_ws/install/my_robot_description/share/my_robot_description/package.sh'
[6.810s] INFO:colcon.colcon_core.shell:Creating package script '/home/edwardak/my_robot_ws/install/my_robot_description/share/my_robot_description/package.bash'
[6.812s] INFO:colcon.colcon_core.shell:Creating package script '/home/edwardak/my_robot_ws/install/my_robot_description/share/my_robot_description/package.zsh'
[6.815s] Level 1:colcon.colcon_core.environment:create_file_with_runtime_dependencies(/home/edwardak/my_robot_ws/install/my_robot_description/share/colcon-core/packages/my_robot_description)
[6.816s] INFO:colcon.colcon_ros.task.ament_cmake.build:Building ROS package in '/home/edwardak/my_robot_ws/src/my_robot_bringup' with build type 'ament_cmake'
[6.817s] INFO:colcon.colcon_cmake.task.cmake.build:Building CMake package in '/home/edwardak/my_robot_ws/src/my_robot_bringup'
[6.817s] INFO:colcon.colcon_core.shell:Skip shell extension 'powershell' for command environment: Not usable outside of PowerShell
[6.817s] DEBUG:colcon.colcon_core.shell:Skip shell extension 'dsv' for command environment
[7.251s] DEBUG:colcon.colcon_core.event_handler.log_command:Invoking command in '/home/edwardak/my_robot_ws/build/my_robot_bringup': CMAKE_PREFIX_PATH=/home/edwardak/my_robot_ws/install/my_robot_description:/home/edwardak/install/tb_autonomy:/home/edwardak/install/tb_worlds:/home/edwardak/install/nav2_minimal_tb4_sim:/home/edwardak/install/nav2_minimal_tb4_description:/home/edwardak/install/nav2_minimal_tb3_sim:/home/edwardak/install/my_robot_description:/home/edwardak/my_robot_ws/install/my_robot_bringup:/opt/ros/jazzy/opt/gz_sim_vendor:/opt/ros/jazzy/opt/gz_sensors_vendor:/opt/ros/jazzy/opt/gz_physics_vendor:/opt/ros/jazzy/opt/sdformat_vendor:/opt/ros/jazzy/opt/gz_gui_vendor:/opt/ros/jazzy/opt/gz_transport_vendor:/opt/ros/jazzy/opt/gz_rendering_vendor:/opt/ros/jazzy/opt/gz_plugin_vendor:/opt/ros/jazzy/opt/gz_fuel_tools_vendor:/opt/ros/jazzy/opt/gz_msgs_vendor:/opt/ros/jazzy/opt/gz_common_vendor:/opt/ros/jazzy/opt/gz_math_vendor:/opt/ros/jazzy/opt/gz_utils_vendor:/opt/ros/jazzy/opt/gz_tools_vendor:/opt/ros/jazzy/opt/gz_ogre_next_vendor:/opt/ros/jazzy/opt/gz_dartsim_vendor:/opt/ros/jazzy/opt/gz_cmake_vendor:/home/edwardak/my_robot_ws/install/my_camera:/opt/ros/jazzy /usr/bin/cmake /home/edwardak/my_robot_ws/src/my_robot_bringup -DAMENT_CMAKE_SYMLINK_INSTALL=1 -DCMAKE_INSTALL_PREFIX=/home/edwardak/my_robot_ws/install/my_robot_bringup
[8.801s] DEBUG:colcon.colcon_core.event_handler.log_command:Invoked command in '/home/edwardak/my_robot_ws/build/my_robot_bringup' returned '0': CMAKE_PREFIX_PATH=/home/edwardak/my_robot_ws/install/my_robot_description:/home/edwardak/install/tb_autonomy:/home/edwardak/install/tb_worlds:/home/edwardak/install/nav2_minimal_tb4_sim:/home/edwardak/install/nav2_minimal_tb4_description:/home/edwardak/install/nav2_minimal_tb3_sim:/home/edwardak/install/my_robot_description:/home/edwardak/my_robot_ws/install/my_robot_bringup:/opt/ros/jazzy/opt/gz_sim_vendor:/opt/ros/jazzy/opt/gz_sensors_vendor:/opt/ros/jazzy/opt/gz_physics_vendor:/opt/ros/jazzy/opt/sdformat_vendor:/opt/ros/jazzy/opt/gz_gui_vendor:/opt/ros/jazzy/opt/gz_transport_vendor:/opt/ros/jazzy/opt/gz_rendering_vendor:/opt/ros/jazzy/opt/gz_plugin_vendor:/opt/ros/jazzy/opt/gz_fuel_tools_vendor:/opt/ros/jazzy/opt/gz_msgs_vendor:/opt/ros/jazzy/opt/gz_common_vendor:/opt/ros/jazzy/opt/gz_math_vendor:/opt/ros/jazzy/opt/gz_utils_vendor:/opt/ros/jazzy/opt/gz_tools_vendor:/opt/ros/jazzy/opt/gz_ogre_next_vendor:/opt/ros/jazzy/opt/gz_dartsim_vendor:/opt/ros/jazzy/opt/gz_cmake_vendor:/home/edwardak/my_robot_ws/install/my_camera:/opt/ros/jazzy /usr/bin/cmake /home/edwardak/my_robot_ws/src/my_robot_bringup -DAMENT_CMAKE_SYMLINK_INSTALL=1 -DCMAKE_INSTALL_PREFIX=/home/edwardak/my_robot_ws/install/my_robot_bringup
[8.802s] DEBUG:colcon.colcon_core.event_handler.log_command:Invoking command in '/home/edwardak/my_robot_ws/build/my_robot_bringup': CMAKE_PREFIX_PATH=/home/edwardak/my_robot_ws/install/my_robot_description:/home/edwardak/install/tb_autonomy:/home/edwardak/install/tb_worlds:/home/edwardak/install/nav2_minimal_tb4_sim:/home/edwardak/install/nav2_minimal_tb4_description:/home/edwardak/install/nav2_minimal_tb3_sim:/home/edwardak/install/my_robot_description:/home/edwardak/my_robot_ws/install/my_robot_bringup:/opt/ros/jazzy/opt/gz_sim_vendor:/opt/ros/jazzy/opt/gz_sensors_vendor:/opt/ros/jazzy/opt/gz_physics_vendor:/opt/ros/jazzy/opt/sdformat_vendor:/opt/ros/jazzy/opt/gz_gui_vendor:/opt/ros/jazzy/opt/gz_transport_vendor:/opt/ros/jazzy/opt/gz_rendering_vendor:/opt/ros/jazzy/opt/gz_plugin_vendor:/opt/ros/jazzy/opt/gz_fuel_tools_vendor:/opt/ros/jazzy/opt/gz_msgs_vendor:/opt/ros/jazzy/opt/gz_common_vendor:/opt/ros/jazzy/opt/gz_math_vendor:/opt/ros/jazzy/opt/gz_utils_vendor:/opt/ros/jazzy/opt/gz_tools_vendor:/opt/ros/jazzy/opt/gz_ogre_next_vendor:/opt/ros/jazzy/opt/gz_dartsim_vendor:/opt/ros/jazzy/opt/gz_cmake_vendor:/home/edwardak/my_robot_ws/install/my_camera:/opt/ros/jazzy /usr/bin/cmake --build /home/edwardak/my_robot_ws/build/my_robot_bringup -- -j8 -l8
[8.996s] DEBUG:colcon.colcon_core.event_handler.log_command:Invoked command in '/home/edwardak/my_robot_ws/build/my_robot_bringup' returned '0': CMAKE_PREFIX_PATH=/home/edwardak/my_robot_ws/install/my_robot_description:/home/edwardak/install/tb_autonomy:/home/edwardak/install/tb_worlds:/home/edwardak/install/nav2_minimal_tb4_sim:/home/edwardak/install/nav2_minimal_tb4_description:/home/edwardak/install/nav2_minimal_tb3_sim:/home/edwardak/install/my_robot_description:/home/edwardak/my_robot_ws/install/my_robot_bringup:/opt/ros/jazzy/opt/gz_sim_vendor:/opt/ros/jazzy/opt/gz_sensors_vendor:/opt/ros/jazzy/opt/gz_physics_vendor:/opt/ros/jazzy/opt/sdformat_vendor:/opt/ros/jazzy/opt/gz_gui_vendor:/opt/ros/jazzy/opt/gz_transport_vendor:/opt/ros/jazzy/opt/gz_rendering_vendor:/opt/ros/jazzy/opt/gz_plugin_vendor:/opt/ros/jazzy/opt/gz_fuel_tools_vendor:/opt/ros/jazzy/opt/gz_msgs_vendor:/opt/ros/jazzy/opt/gz_common_vendor:/opt/ros/jazzy/opt/gz_math_vendor:/opt/ros/jazzy/opt/gz_utils_vendor:/opt/ros/jazzy/opt/gz_tools_vendor:/opt/ros/jazzy/opt/gz_ogre_next_vendor:/opt/ros/jazzy/opt/gz_dartsim_vendor:/opt/ros/jazzy/opt/gz_cmake_vendor:/home/edwardak/my_robot_ws/install/my_camera:/opt/ros/jazzy /usr/bin/cmake --build /home/edwardak/my_robot_ws/build/my_robot_bringup -- -j8 -l8
[8.999s] DEBUG:colcon.colcon_core.event_handler.log_command:Invoking command in '/home/edwardak/my_robot_ws/build/my_robot_bringup': CMAKE_PREFIX_PATH=/home/edwardak/my_robot_ws/install/my_robot_description:/home/edwardak/install/tb_autonomy:/home/edwardak/install/tb_worlds:/home/edwardak/install/nav2_minimal_tb4_sim:/home/edwardak/install/nav2_minimal_tb4_description:/home/edwardak/install/nav2_minimal_tb3_sim:/home/edwardak/install/my_robot_description:/home/edwardak/my_robot_ws/install/my_robot_bringup:/opt/ros/jazzy/opt/gz_sim_vendor:/opt/ros/jazzy/opt/gz_sensors_vendor:/opt/ros/jazzy/opt/gz_physics_vendor:/opt/ros/jazzy/opt/sdformat_vendor:/opt/ros/jazzy/opt/gz_gui_vendor:/opt/ros/jazzy/opt/gz_transport_vendor:/opt/ros/jazzy/opt/gz_rendering_vendor:/opt/ros/jazzy/opt/gz_plugin_vendor:/opt/ros/jazzy/opt/gz_fuel_tools_vendor:/opt/ros/jazzy/opt/gz_msgs_vendor:/opt/ros/jazzy/opt/gz_common_vendor:/opt/ros/jazzy/opt/gz_math_vendor:/opt/ros/jazzy/opt/gz_utils_vendor:/opt/ros/jazzy/opt/gz_tools_vendor:/opt/ros/jazzy/opt/gz_ogre_next_vendor:/opt/ros/jazzy/opt/gz_dartsim_vendor:/opt/ros/jazzy/opt/gz_cmake_vendor:/home/edwardak/my_robot_ws/install/my_camera:/opt/ros/jazzy /usr/bin/cmake --install /home/edwardak/my_robot_ws/build/my_robot_bringup
[9.715s] Level 1:colcon.colcon_core.environment:create_environment_scripts_only(my_robot_bringup)
[9.716s] Level 1:colcon.colcon_core.environment:checking '/home/edwardak/my_robot_ws/install/my_robot_bringup' for CMake module files
[9.719s] DEBUG:colcon.colcon_core.event_handler.log_command:Invoked command in '/home/edwardak/my_robot_ws/build/my_robot_bringup' returned '0': CMAKE_PREFIX_PATH=/home/edwardak/my_robot_ws/install/my_robot_description:/home/edwardak/install/tb_autonomy:/home/edwardak/install/tb_worlds:/home/edwardak/install/nav2_minimal_tb4_sim:/home/edwardak/install/nav2_minimal_tb4_description:/home/edwardak/install/nav2_minimal_tb3_sim:/home/edwardak/install/my_robot_description:/home/edwardak/my_robot_ws/install/my_robot_bringup:/opt/ros/jazzy/opt/gz_sim_vendor:/opt/ros/jazzy/opt/gz_sensors_vendor:/opt/ros/jazzy/opt/gz_physics_vendor:/opt/ros/jazzy/opt/sdformat_vendor:/opt/ros/jazzy/opt/gz_gui_vendor:/opt/ros/jazzy/opt/gz_transport_vendor:/opt/ros/jazzy/opt/gz_rendering_vendor:/opt/ros/jazzy/opt/gz_plugin_vendor:/opt/ros/jazzy/opt/gz_fuel_tools_vendor:/opt/ros/jazzy/opt/gz_msgs_vendor:/opt/ros/jazzy/opt/gz_common_vendor:/opt/ros/jazzy/opt/gz_math_vendor:/opt/ros/jazzy/opt/gz_utils_vendor:/opt/ros/jazzy/opt/gz_tools_vendor:/opt/ros/jazzy/opt/gz_ogre_next_vendor:/opt/ros/jazzy/opt/gz_dartsim_vendor:/opt/ros/jazzy/opt/gz_cmake_vendor:/home/edwardak/my_robot_ws/install/my_camera:/opt/ros/jazzy /usr/bin/cmake --install /home/edwardak/my_robot_ws/build/my_robot_bringup
[9.719s] Level 1:colcon.colcon_core.environment:checking '/home/edwardak/my_robot_ws/install/my_robot_bringup' for CMake config files
[9.720s] Level 1:colcon.colcon_core.shell:create_environment_hook('my_robot_bringup', 'cmake_prefix_path')
[9.721s] INFO:colcon.colcon_core.shell:Creating environment hook '/home/edwardak/my_robot_ws/install/my_robot_bringup/share/my_robot_bringup/hook/cmake_prefix_path.ps1'
[9.722s] INFO:colcon.colcon_core.shell:Creating environment descriptor '/home/edwardak/my_robot_ws/install/my_robot_bringup/share/my_robot_bringup/hook/cmake_prefix_path.dsv'
[9.724s] INFO:colcon.colcon_core.shell:Creating environment hook '/home/edwardak/my_robot_ws/install/my_robot_bringup/share/my_robot_bringup/hook/cmake_prefix_path.sh'
[9.726s] Level 1:colcon.colcon_core.environment:checking '/home/edwardak/my_robot_ws/install/my_robot_bringup/bin'
[9.726s] Level 1:colcon.colcon_core.environment:checking '/home/edwardak/my_robot_ws/install/my_robot_bringup/lib/pkgconfig/my_robot_bringup.pc'
[9.727s] Level 1:colcon.colcon_core.environment:checking '/home/edwardak/my_robot_ws/install/my_robot_bringup/lib/python3.12/site-packages'
[9.728s] Level 1:colcon.colcon_core.environment:checking '/home/edwardak/my_robot_ws/install/my_robot_bringup/bin'
[9.729s] INFO:colcon.colcon_core.shell:Creating package script '/home/edwardak/my_robot_ws/install/my_robot_bringup/share/my_robot_bringup/package.ps1'
[9.730s] INFO:colcon.colcon_core.shell:Creating package descriptor '/home/edwardak/my_robot_ws/install/my_robot_bringup/share/my_robot_bringup/package.dsv'
[9.732s] INFO:colcon.colcon_core.shell:Creating package script '/home/edwardak/my_robot_ws/install/my_robot_bringup/share/my_robot_bringup/package.sh'
[9.733s] INFO:colcon.colcon_core.shell:Creating package script '/home/edwardak/my_robot_ws/install/my_robot_bringup/share/my_robot_bringup/package.bash'
[9.734s] INFO:colcon.colcon_core.shell:Creating package script '/home/edwardak/my_robot_ws/install/my_robot_bringup/share/my_robot_bringup/package.zsh'
[9.735s] Level 1:colcon.colcon_core.environment:create_file_with_runtime_dependencies(/home/edwardak/my_robot_ws/install/my_robot_bringup/share/colcon-core/packages/my_robot_bringup)
[9.736s] Level 1:colcon.colcon_core.environment:create_environment_scripts_only(my_robot_bringup)
[9.737s] Level 1:colcon.colcon_core.environment:checking '/home/edwardak/my_robot_ws/install/my_robot_bringup' for CMake module files
[9.738s] Level 1:colcon.colcon_core.environment:checking '/home/edwardak/my_robot_ws/install/my_robot_bringup' for CMake config files
[9.740s] Level 1:colcon.colcon_core.shell:create_environment_hook('my_robot_bringup', 'cmake_prefix_path')
[9.741s] INFO:colcon.colcon_core.shell:Creating environment hook '/home/edwardak/my_robot_ws/install/my_robot_bringup/share/my_robot_bringup/hook/cmake_prefix_path.ps1'
[9.744s] INFO:colcon.colcon_core.shell:Creating environment descriptor '/home/edwardak/my_robot_ws/install/my_robot_bringup/share/my_robot_bringup/hook/cmake_prefix_path.dsv'
[9.745s] INFO:colcon.colcon_core.shell:Creating environment hook '/home/edwardak/my_robot_ws/install/my_robot_bringup/share/my_robot_bringup/hook/cmake_prefix_path.sh'
[9.747s] Level 1:colcon.colcon_core.environment:checking '/home/edwardak/my_robot_ws/install/my_robot_bringup/bin'
[9.747s] Level 1:colcon.colcon_core.environment:checking '/home/edwardak/my_robot_ws/install/my_robot_bringup/lib/pkgconfig/my_robot_bringup.pc'
[9.748s] Level 1:colcon.colcon_core.environment:checking '/home/edwardak/my_robot_ws/install/my_robot_bringup/lib/python3.12/site-packages'
[9.749s] Level 1:colcon.colcon_core.environment:checking '/home/edwardak/my_robot_ws/install/my_robot_bringup/bin'
[9.750s] INFO:colcon.colcon_core.shell:Creating package script '/home/edwardak/my_robot_ws/install/my_robot_bringup/share/my_robot_bringup/package.ps1'
[9.752s] INFO:colcon.colcon_core.shell:Creating package descriptor '/home/edwardak/my_robot_ws/install/my_robot_bringup/share/my_robot_bringup/package.dsv'
[9.753s] INFO:colcon.colcon_core.shell:Creating package script '/home/edwardak/my_robot_ws/install/my_robot_bringup/share/my_robot_bringup/package.sh'
[9.756s] INFO:colcon.colcon_core.shell:Creating package script '/home/edwardak/my_robot_ws/install/my_robot_bringup/share/my_robot_bringup/package.bash'
[9.757s] INFO:colcon.colcon_core.shell:Creating package script '/home/edwardak/my_robot_ws/install/my_robot_bringup/share/my_robot_bringup/package.zsh'
[9.759s] Level 1:colcon.colcon_core.environment:create_file_with_runtime_dependencies(/home/edwardak/my_robot_ws/install/my_robot_bringup/share/colcon-core/packages/my_robot_bringup)
[9.766s] Level 1:colcon.colcon_core.shell:create_environment_hook('my_camera', 'pythonpath_develop')
[9.767s] INFO:colcon.colcon_core.shell:Creating environment hook '/home/edwardak/my_robot_ws/build/my_camera/share/my_camera/hook/pythonpath_develop.ps1'
[9.768s] DEBUG:colcon.colcon_core.event_handler.log_command:Invoked command in '/home/edwardak/my_robot_ws/build/my_camera' returned '0': PYTHONPATH=/home/edwardak/my_robot_ws/build/my_camera/prefix_override:/usr/lib/python3/dist-packages/colcon_core/task/python/colcon_distutils_commands:/home/edwardak/my_robot_ws/install/my_camera/lib/python3.12/site-packages:${PYTHONPATH} /usr/bin/python3 -W ignore:setup.py install is deprecated -W ignore:easy_install command is deprecated setup.py develop --editable --build-directory /home/edwardak/my_robot_ws/build/my_camera/build --no-deps symlink_data --force
[9.774s] INFO:colcon.colcon_core.shell:Creating environment descriptor '/home/edwardak/my_robot_ws/build/my_camera/share/my_camera/hook/pythonpath_develop.dsv'
[9.776s] INFO:colcon.colcon_core.shell:Creating environment hook '/home/edwardak/my_robot_ws/build/my_camera/share/my_camera/hook/pythonpath_develop.sh'
[9.777s] Level 1:colcon.colcon_core.environment:checking '/home/edwardak/my_robot_ws/install/my_camera' for CMake module files
[9.780s] Level 1:colcon.colcon_core.environment:checking '/home/edwardak/my_robot_ws/install/my_camera' for CMake config files
[9.783s] Level 1:colcon.colcon_core.environment:checking '/home/edwardak/my_robot_ws/install/my_camera/lib'
[9.783s] Level 1:colcon.colcon_core.environment:checking '/home/edwardak/my_robot_ws/install/my_camera/bin'
[9.784s] Level 1:colcon.colcon_core.environment:checking '/home/edwardak/my_robot_ws/install/my_camera/lib/pkgconfig/my_camera.pc'
[9.784s] Level 1:colcon.colcon_core.environment:checking '/home/edwardak/my_robot_ws/install/my_camera/lib/python3.12/site-packages'
[9.785s] Level 1:colcon.colcon_core.shell:create_environment_hook('my_camera', 'pythonpath')
[9.786s] INFO:colcon.colcon_core.shell:Creating environment hook '/home/edwardak/my_robot_ws/install/my_camera/share/my_camera/hook/pythonpath.ps1'
[9.788s] INFO:colcon.colcon_core.shell:Creating environment descriptor '/home/edwardak/my_robot_ws/install/my_camera/share/my_camera/hook/pythonpath.dsv'
[9.792s] INFO:colcon.colcon_core.shell:Creating environment hook '/home/edwardak/my_robot_ws/install/my_camera/share/my_camera/hook/pythonpath.sh'
[9.794s] Level 1:colcon.colcon_core.environment:checking '/home/edwardak/my_robot_ws/install/my_camera/bin'
[9.795s] Level 1:colcon.colcon_core.environment:create_environment_scripts_only(my_camera)
[9.796s] INFO:colcon.colcon_core.shell:Creating package script '/home/edwardak/my_robot_ws/install/my_camera/share/my_camera/package.ps1'
[9.797s] INFO:colcon.colcon_core.shell:Creating package descriptor '/home/edwardak/my_robot_ws/install/my_camera/share/my_camera/package.dsv'
[9.799s] INFO:colcon.colcon_core.shell:Creating package script '/home/edwardak/my_robot_ws/install/my_camera/share/my_camera/package.sh'
[9.802s] INFO:colcon.colcon_core.shell:Creating package script '/home/edwardak/my_robot_ws/install/my_camera/share/my_camera/package.bash'
[9.804s] INFO:colcon.colcon_core.shell:Creating package script '/home/edwardak/my_robot_ws/install/my_camera/share/my_camera/package.zsh'
[9.806s] Level 1:colcon.colcon_core.environment:create_file_with_runtime_dependencies(/home/edwardak/my_robot_ws/install/my_camera/share/colcon-core/packages/my_camera)
[9.807s] DEBUG:colcon.colcon_parallel_executor.executor.parallel:closing loop
[9.808s] DEBUG:colcon.colcon_parallel_executor.executor.parallel:loop closed
[9.808s] DEBUG:colcon.colcon_parallel_executor.executor.parallel:run_until_complete finished with '0'
[9.808s] DEBUG:colcon.colcon_core.event_reactor:joining thread
[10.078s] INFO:colcon.colcon_core.plugin_system:Skipping extension 'colcon_notification.desktop_notification.notify_send': Could not find 'notify-send'
[10.079s] INFO:colcon.colcon_core.plugin_system:Skipping extension 'colcon_notification.desktop_notification.terminal_notifier': Not used on non-Darwin systems
[10.079s] INFO:colcon.colcon_core.plugin_system:Skipping extension 'colcon_notification.desktop_notification.win32': Not used on non-Windows systems
[10.079s] INFO:colcon.colcon_notification.desktop_notification:Sending desktop notification using 'notify2'
[10.093s] DEBUG:colcon.colcon_notification.desktop_notification.notify2:Failed to initialize notify2: org.freedesktop.DBus.Error.ServiceUnknown: The name org.freedesktop.Notifications was not provided by any .service files
[10.094s] DEBUG:colcon.colcon_core.event_reactor:joined thread
[10.094s] INFO:colcon.colcon_core.shell:Creating prefix script '/home/edwardak/my_robot_ws/install/local_setup.ps1'
[10.097s] INFO:colcon.colcon_core.shell:Creating prefix util module '/home/edwardak/my_robot_ws/install/_local_setup_util_ps1.py'
[10.102s] INFO:colcon.colcon_core.shell:Creating prefix chain script '/home/edwardak/my_robot_ws/install/setup.ps1'
[10.106s] INFO:colcon.colcon_core.shell:Creating prefix script '/home/edwardak/my_robot_ws/install/local_setup.sh'
[10.108s] INFO:colcon.colcon_core.shell:Creating prefix util module '/home/edwardak/my_robot_ws/install/_local_setup_util_sh.py'
[10.111s] INFO:colcon.colcon_core.shell:Creating prefix chain script '/home/edwardak/my_robot_ws/install/setup.sh'
[10.123s] INFO:colcon.colcon_core.shell:Creating prefix script '/home/edwardak/my_robot_ws/install/local_setup.bash'
[10.124s] INFO:colcon.colcon_core.shell:Creating prefix chain script '/home/edwardak/my_robot_ws/install/setup.bash'
[10.129s] INFO:colcon.colcon_core.shell:Creating prefix script '/home/edwardak/my_robot_ws/install/local_setup.zsh'
[10.131s] INFO:colcon.colcon_core.shell:Creating prefix chain script '/home/edwardak/my_robot_ws/install/setup.zsh'
