[4.140s] Invoking command in '/home/edwardak/my_robot_ws/src/my_camera': PYTHONPATH=/home/edwardak/my_robot_ws/build/my_camera/prefix_override:/usr/lib/python3/dist-packages/colcon_core/task/python/colcon_distutils_commands:/home/edwardak/my_robot_ws/install/my_camera/lib/python3.12/site-packages:${PYTHONPATH} /usr/bin/python3 -W ignore:setup.py install is deprecated -W ignore:easy_install command is deprecated setup.py egg_info --egg-base ../../build/my_camera build --build-base /home/edwardak/my_robot_ws/build/my_camera/build install --record /home/edwardak/my_robot_ws/build/my_camera/install.log --single-version-externally-managed install_data
[5.357s] running egg_info
[5.448s] writing ../../build/my_camera/my_camera.egg-info/PKG-INFO
[5.449s] writing dependency_links to ../../build/my_camera/my_camera.egg-info/dependency_links.txt
[5.452s] writing entry points to ../../build/my_camera/my_camera.egg-info/entry_points.txt
[5.453s] writing requirements to ../../build/my_camera/my_camera.egg-info/requires.txt
[5.453s] writing top-level names to ../../build/my_camera/my_camera.egg-info/top_level.txt
[5.631s] reading manifest file '../../build/my_camera/my_camera.egg-info/SOURCES.txt'
[5.632s] adding license file 'LICENSE'
[5.634s] writing manifest file '../../build/my_camera/my_camera.egg-info/SOURCES.txt'
[5.636s] running build
[5.637s] running build_py
[5.637s] running install
[5.657s] running install_lib
[5.750s] running install_data
[5.751s] running install_egg_info
[5.853s] removing '/home/edwardak/my_robot_ws/install/my_camera/lib/python3.12/site-packages/my_camera-0.0.0-py3.12.egg-info' (and everything under it)
[5.856s] Copying ../../build/my_camera/my_camera.egg-info to /home/edwardak/my_robot_ws/install/my_camera/lib/python3.12/site-packages/my_camera-0.0.0-py3.12.egg-info
[5.862s] running install_scripts
[6.509s] Installing ip_stream_node script to /home/edwardak/my_robot_ws/install/my_camera/lib/my_camera
[6.511s] Installing usbcam_node script to /home/edwardak/my_robot_ws/install/my_camera/lib/my_camera
[6.511s] Installing webcam_node script to /home/edwardak/my_robot_ws/install/my_camera/lib/my_camera
[6.512s] writing list of installed files to '/home/edwardak/my_robot_ws/build/my_camera/install.log'
[6.626s] Invoked command in '/home/edwardak/my_robot_ws/src/my_camera' returned '0': PYTHONPATH=/home/edwardak/my_robot_ws/build/my_camera/prefix_override:/usr/lib/python3/dist-packages/colcon_core/task/python/colcon_distutils_commands:/home/edwardak/my_robot_ws/install/my_camera/lib/python3.12/site-packages:${PYTHONPATH} /usr/bin/python3 -W ignore:setup.py install is deprecated -W ignore:easy_install command is deprecated setup.py egg_info --egg-base ../../build/my_camera build --build-base /home/edwardak/my_robot_ws/build/my_camera/build install --record /home/edwardak/my_robot_ws/build/my_camera/install.log --single-version-externally-managed install_data
