[0.000000] (-) TimerEvent: {}
[0.000820] (my_robot_description) JobQueued: {'identifier': 'my_robot_description', 'dependencies': OrderedDict()}
[0.003067] (my_robot_description) JobStarted: {'identifier': 'my_robot_description'}
[0.076620] (my_robot_description) JobProgress: {'identifier': 'my_robot_description', 'progress': 'cmake'}
[0.079621] (my_robot_description) JobProgress: {'identifier': 'my_robot_description', 'progress': 'build'}
[0.081912] (my_robot_description) Command: {'cmd': ['/usr/bin/cmake', '--build', '/home/edwardak/my_robot_ws/build/my_robot_description', '--', '-j8', '-l8'], 'cwd': '/home/edwardak/my_robot_ws/build/my_robot_description', 'env': OrderedDict({'USER': 'edwardak', 'SHLVL': '1', 'HOME': '/home/edwardak', 'OLDPWD': '/home/edwardak', 'DBUS_SESSION_BUS_ADDRESS': 'unix:path=/run/user/1000/bus', 'WSL_DISTRO_NAME': 'Ubuntu', 'WAYLAND_DISPLAY': 'wayland-0', 'COLCON_PREFIX_PATH': '/home/edwardak/my_robot_ws/install', 'LOGNAME': 'edwardak', 'NAME': 'LAPTOP-PUJONALH', 'WSL_INTEROP': '/run/WSL/385_interop', 'PULSE_SERVER': 'unix:/mnt/wslg/PulseServer', '_': '/usr/bin/colcon', 'TERM': 'xterm-256color', 'PATH': '/usr/local/sbin:/usr/local/bin:/usr/sbin:/usr/bin:/sbin:/bin:/usr/games:/usr/local/games:/usr/lib/wsl/lib:/mnt/c/Program Files/WindowsApps/MicrosoftCorporationII.WindowsSubsystemForLinux_2.6.1.0_x64__8wekyb3d8bbwe:/mnt/c/Program Files/Common Files/Oracle/Java/javapath:/mnt/c/Program Files (x86)/VMware/VMware Workstation/bin/:/mnt/c/WINDOWS/system32:/mnt/c/WINDOWS:/mnt/c/WINDOWS/System32/Wbem:/mnt/c/WINDOWS/System32/WindowsPowerShell/v1.0/:/mnt/c/WINDOWS/System32/OpenSSH/:/mnt/c/Program Files/Git/cmd:/mnt/c/Program Files/nodejs/:/mnt/c/Program Files (x86)/Microsoft SQL Server/160/Tools/Binn/:/mnt/c/Program Files/Microsoft SQL Server/160/Tools/Binn/:/mnt/c/Program Files/Microsoft SQL Server/Client SDK/ODBC/170/Tools/Binn/:/mnt/c/Program Files/Microsoft SQL Server/160/DTS/Binn/:/mnt/c/Program Files/dotnet/:/mnt/c/Program Files/Vagrant/bin:/mnt/c/Program Files/HP/HP One Agent:/mnt/c/Users/edwar/AppData/Local/Microsoft/WindowsApps:/mnt/c/Users/edwar/AppData/Local/atom/bin:/mnt/c/Program Files (x86)/Nmap:/mnt/c/Users/edwar/AppData/Local/Programs/Microsoft VS Code/bin:/mnt/c/Program Files/JetBrains/IntelliJ IDEA Community Edition 2021.2.2/bin:/mnt/c/Users/edwar/AppData/Roaming/npm:/mnt/c/Program Files/heroku/bin:/mnt/c/Users/edwar/AppData/Local/Microsoft/WindowsApps:/mnt/c/Users/edwar/AppData/Local/Programs/mongosh/:/mnt/c/Users/edwar/AppData/Roaming/Microsoft/Windows/Start Menu/Programs/Python 3.9:/mnt/c/Users/edwar/.dotnet/tools:/snap/bin', 'XDG_RUNTIME_DIR': '/run/user/1000/', 'DISPLAY': ':0', 'LANG': 'en_US.UTF-8', 'AMENT_PREFIX_PATH': '/home/edwardak/my_robot_ws/install/my_robot_description', 'SHELL': '/bin/bash', 'PWD': '/home/edwardak/my_robot_ws/build/my_robot_description', 'XDG_DATA_DIRS': '/usr/local/share:/usr/share:/var/lib/snapd/desktop', 'COLCON': '1', 'WSL2_GUI_APPS_ENABLED': '1', 'HOSTTYPE': 'x86_64', 'CMAKE_PREFIX_PATH': '/home/edwardak/my_robot_ws/install/my_robot_description', 'WSLENV': ''}), 'shell': False}
[0.104151] (-) TimerEvent: {}
[0.216347] (-) TimerEvent: {}
[0.317178] (-) TimerEvent: {}
[0.416563] (my_robot_description) CommandEnded: {'returncode': 0}
[0.418223] (-) TimerEvent: {}
[0.420725] (my_robot_description) JobProgress: {'identifier': 'my_robot_description', 'progress': 'install'}
[0.451109] (my_robot_description) Command: {'cmd': ['/usr/bin/cmake', '--install', '/home/edwardak/my_robot_ws/build/my_robot_description'], 'cwd': '/home/edwardak/my_robot_ws/build/my_robot_description', 'env': OrderedDict({'USER': 'edwardak', 'SHLVL': '1', 'HOME': '/home/edwardak', 'OLDPWD': '/home/edwardak', 'DBUS_SESSION_BUS_ADDRESS': 'unix:path=/run/user/1000/bus', 'WSL_DISTRO_NAME': 'Ubuntu', 'WAYLAND_DISPLAY': 'wayland-0', 'COLCON_PREFIX_PATH': '/home/edwardak/my_robot_ws/install', 'LOGNAME': 'edwardak', 'NAME': 'LAPTOP-PUJONALH', 'WSL_INTEROP': '/run/WSL/385_interop', 'PULSE_SERVER': 'unix:/mnt/wslg/PulseServer', '_': '/usr/bin/colcon', 'TERM': 'xterm-256color', 'PATH': '/usr/local/sbin:/usr/local/bin:/usr/sbin:/usr/bin:/sbin:/bin:/usr/games:/usr/local/games:/usr/lib/wsl/lib:/mnt/c/Program Files/WindowsApps/MicrosoftCorporationII.WindowsSubsystemForLinux_2.6.1.0_x64__8wekyb3d8bbwe:/mnt/c/Program Files/Common Files/Oracle/Java/javapath:/mnt/c/Program Files (x86)/VMware/VMware Workstation/bin/:/mnt/c/WINDOWS/system32:/mnt/c/WINDOWS:/mnt/c/WINDOWS/System32/Wbem:/mnt/c/WINDOWS/System32/WindowsPowerShell/v1.0/:/mnt/c/WINDOWS/System32/OpenSSH/:/mnt/c/Program Files/Git/cmd:/mnt/c/Program Files/nodejs/:/mnt/c/Program Files (x86)/Microsoft SQL Server/160/Tools/Binn/:/mnt/c/Program Files/Microsoft SQL Server/160/Tools/Binn/:/mnt/c/Program Files/Microsoft SQL Server/Client SDK/ODBC/170/Tools/Binn/:/mnt/c/Program Files/Microsoft SQL Server/160/DTS/Binn/:/mnt/c/Program Files/dotnet/:/mnt/c/Program Files/Vagrant/bin:/mnt/c/Program Files/HP/HP One Agent:/mnt/c/Users/edwar/AppData/Local/Microsoft/WindowsApps:/mnt/c/Users/edwar/AppData/Local/atom/bin:/mnt/c/Program Files (x86)/Nmap:/mnt/c/Users/edwar/AppData/Local/Programs/Microsoft VS Code/bin:/mnt/c/Program Files/JetBrains/IntelliJ IDEA Community Edition 2021.2.2/bin:/mnt/c/Users/edwar/AppData/Roaming/npm:/mnt/c/Program Files/heroku/bin:/mnt/c/Users/edwar/AppData/Local/Microsoft/WindowsApps:/mnt/c/Users/edwar/AppData/Local/Programs/mongosh/:/mnt/c/Users/edwar/AppData/Roaming/Microsoft/Windows/Start Menu/Programs/Python 3.9:/mnt/c/Users/edwar/.dotnet/tools:/snap/bin', 'XDG_RUNTIME_DIR': '/run/user/1000/', 'DISPLAY': ':0', 'LANG': 'en_US.UTF-8', 'AMENT_PREFIX_PATH': '/home/edwardak/my_robot_ws/install/my_robot_description', 'SHELL': '/bin/bash', 'PWD': '/home/edwardak/my_robot_ws/build/my_robot_description', 'XDG_DATA_DIRS': '/usr/local/share:/usr/share:/var/lib/snapd/desktop', 'COLCON': '1', 'WSL2_GUI_APPS_ENABLED': '1', 'HOSTTYPE': 'x86_64', 'CMAKE_PREFIX_PATH': '/home/edwardak/my_robot_ws/install/my_robot_description', 'WSLENV': ''}), 'shell': False}
[0.479954] (my_robot_description) StdoutLine: {'line': b'-- Install configuration: ""\n'}
[0.481379] (my_robot_description) StdoutLine: {'line': b'-- Up-to-date: /home/edwardak/my_robot_ws/install/my_robot_description/share/my_robot_description//urdf\n'}
[0.481911] (my_robot_description) StdoutLine: {'line': b'-- Installing: /home/edwardak/my_robot_ws/install/my_robot_description/share/my_robot_description//urdf/my_robot.urdf.xacro\n'}
[0.485588] (my_robot_description) StdoutLine: {'line': b'-- Up-to-date: /home/edwardak/my_robot_ws/install/my_robot_description/share/my_robot_description//meshes\n'}
[0.486077] (my_robot_description) StdoutLine: {'line': b'-- Up-to-date: /home/edwardak/my_robot_ws/install/my_robot_description/share/my_robot_description//meshes/base.stl\n'}
[0.488223] (my_robot_description) StdoutLine: {'line': b'-- Up-to-date: /home/edwardak/my_robot_ws/install/my_robot_description/share/my_robot_description//rviz\n'}
[0.489515] (my_robot_description) StdoutLine: {'line': b'-- Up-to-date: /home/edwardak/my_robot_ws/install/my_robot_description/share/my_robot_description//rviz/urdf_config.rviz\n'}
[0.489909] (my_robot_description) StdoutLine: {'line': b'-- Up-to-date: /home/edwardak/my_robot_ws/install/my_robot_description/share/my_robot_description//launch\n'}
[0.490230] (my_robot_description) StdoutLine: {'line': b'-- Up-to-date: /home/edwardak/my_robot_ws/install/my_robot_description/share/my_robot_description//launch/display.launch.py\n'}
[0.491347] (my_robot_description) StdoutLine: {'line': b'-- Up-to-date: /home/edwardak/my_robot_ws/install/my_robot_description/share/ament_index/resource_index/package_run_dependencies/my_robot_description\n'}
[0.492642] (my_robot_description) StdoutLine: {'line': b'-- Up-to-date: /home/edwardak/my_robot_ws/install/my_robot_description/share/ament_index/resource_index/parent_prefix_path/my_robot_description\n'}
[0.493531] (my_robot_description) StdoutLine: {'line': b'-- Up-to-date: /home/edwardak/my_robot_ws/install/my_robot_description/share/my_robot_description/environment/ament_prefix_path.sh\n'}
[0.493759] (my_robot_description) StdoutLine: {'line': b'-- Up-to-date: /home/edwardak/my_robot_ws/install/my_robot_description/share/my_robot_description/environment/ament_prefix_path.dsv\n'}
[0.494024] (my_robot_description) StdoutLine: {'line': b'-- Up-to-date: /home/edwardak/my_robot_ws/install/my_robot_description/share/my_robot_description/environment/path.sh\n'}
[0.494262] (my_robot_description) StdoutLine: {'line': b'-- Up-to-date: /home/edwardak/my_robot_ws/install/my_robot_description/share/my_robot_description/environment/path.dsv\n'}
[0.494473] (my_robot_description) StdoutLine: {'line': b'-- Up-to-date: /home/edwardak/my_robot_ws/install/my_robot_description/share/my_robot_description/local_setup.bash\n'}
[0.494740] (my_robot_description) StdoutLine: {'line': b'-- Up-to-date: /home/edwardak/my_robot_ws/install/my_robot_description/share/my_robot_description/local_setup.sh\n'}
[0.494953] (my_robot_description) StdoutLine: {'line': b'-- Up-to-date: /home/edwardak/my_robot_ws/install/my_robot_description/share/my_robot_description/local_setup.zsh\n'}
[0.495203] (my_robot_description) StdoutLine: {'line': b'-- Up-to-date: /home/edwardak/my_robot_ws/install/my_robot_description/share/my_robot_description/local_setup.dsv\n'}
[0.495420] (my_robot_description) StdoutLine: {'line': b'-- Installing: /home/edwardak/my_robot_ws/install/my_robot_description/share/my_robot_description/package.dsv\n'}
[0.495643] (my_robot_description) StdoutLine: {'line': b'-- Up-to-date: /home/edwardak/my_robot_ws/install/my_robot_description/share/ament_index/resource_index/packages/my_robot_description\n'}
[0.495902] (my_robot_description) StdoutLine: {'line': b'-- Up-to-date: /home/edwardak/my_robot_ws/install/my_robot_description/share/my_robot_description/cmake/my_robot_descriptionConfig.cmake\n'}
[0.496123] (my_robot_description) StdoutLine: {'line': b'-- Up-to-date: /home/edwardak/my_robot_ws/install/my_robot_description/share/my_robot_description/cmake/my_robot_descriptionConfig-version.cmake\n'}
[0.496471] (my_robot_description) StdoutLine: {'line': b'-- Up-to-date: /home/edwardak/my_robot_ws/install/my_robot_description/share/my_robot_description/package.xml\n'}
[0.499715] (my_robot_description) CommandEnded: {'returncode': 0}
[0.519150] (-) TimerEvent: {}
[0.590821] (my_robot_description) JobEnded: {'identifier': 'my_robot_description', 'rc': 0}
[0.603994] (-) EventReactorShutdown: {}
