[3.951s] Invoking command in '/home/edwardak/my_robot_ws/src/my_camera': PYTHONPATH=/home/edwardak/my_robot_ws/build/my_camera/prefix_override:/usr/lib/python3/dist-packages/colcon_core/task/python/colcon_distutils_commands:/home/edwardak/my_robot_ws/install/my_camera/lib/python3.12/site-packages:${PYTHONPATH} /usr/bin/python3 -W ignore:setup.py install is deprecated -W ignore:easy_install command is deprecated setup.py egg_info --egg-base ../../build/my_camera build --build-base /home/edwardak/my_robot_ws/build/my_camera/build install --record /home/edwardak/my_robot_ws/build/my_camera/install.log --single-version-externally-managed install_data
[5.126s] running egg_info
[5.222s] writing ../../build/my_camera/my_camera.egg-info/PKG-INFO
[5.224s] writing dependency_links to ../../build/my_camera/my_camera.egg-info/dependency_links.txt
[5.224s] writing entry points to ../../build/my_camera/my_camera.egg-info/entry_points.txt
[5.224s] writing requirements to ../../build/my_camera/my_camera.egg-info/requires.txt
[5.225s] writing top-level names to ../../build/my_camera/my_camera.egg-info/top_level.txt
[5.414s] reading manifest file '../../build/my_camera/my_camera.egg-info/SOURCES.txt'
[5.415s] adding license file 'LICENSE'
[5.417s] writing manifest file '../../build/my_camera/my_camera.egg-info/SOURCES.txt'
[5.425s] running build
[5.426s] running build_py
[5.426s] running install
[5.447s] running install_lib
[5.547s] running install_data
[5.548s] running install_egg_info
[5.667s] removing '/home/edwardak/my_robot_ws/install/my_camera/lib/python3.12/site-packages/my_camera-0.0.0-py3.12.egg-info' (and everything under it)
[5.676s] Copying ../../build/my_camera/my_camera.egg-info to /home/edwardak/my_robot_ws/install/my_camera/lib/python3.12/site-packages/my_camera-0.0.0-py3.12.egg-info
[5.680s] running install_scripts
[6.321s] Installing ip_stream_node script to /home/edwardak/my_robot_ws/install/my_camera/lib/my_camera
[6.322s] Installing usbcam_node script to /home/edwardak/my_robot_ws/install/my_camera/lib/my_camera
[6.322s] Installing webcam_node script to /home/edwardak/my_robot_ws/install/my_camera/lib/my_camera
[6.323s] writing list of installed files to '/home/edwardak/my_robot_ws/build/my_camera/install.log'
[6.470s] Invoked command in '/home/edwardak/my_robot_ws/src/my_camera' returned '0': PYTHONPATH=/home/edwardak/my_robot_ws/build/my_camera/prefix_override:/usr/lib/python3/dist-packages/colcon_core/task/python/colcon_distutils_commands:/home/edwardak/my_robot_ws/install/my_camera/lib/python3.12/site-packages:${PYTHONPATH} /usr/bin/python3 -W ignore:setup.py install is deprecated -W ignore:easy_install command is deprecated setup.py egg_info --egg-base ../../build/my_camera build --build-base /home/edwardak/my_robot_ws/build/my_camera/build install --record /home/edwardak/my_robot_ws/build/my_camera/install.log --single-version-externally-managed install_data
