[3.580s] Invoking command in '/home/edwardak/my_robot_ws/src/my_camera': PYTHONPATH=/home/edwardak/my_robot_ws/build/my_camera/prefix_override:/usr/lib/python3/dist-packages/colcon_core/task/python/colcon_distutils_commands:/home/edwardak/my_robot_ws/install/my_camera/lib/python3.12/site-packages:${PYTHONPATH} /usr/bin/python3 -W ignore:setup.py install is deprecated -W ignore:easy_install command is deprecated setup.py egg_info --egg-base ../../build/my_camera build --build-base /home/edwardak/my_robot_ws/build/my_camera/build install --record /home/edwardak/my_robot_ws/build/my_camera/install.log --single-version-externally-managed install_data
[4.646s] running egg_info
[4.727s] writing ../../build/my_camera/my_camera.egg-info/PKG-INFO
[4.729s] writing dependency_links to ../../build/my_camera/my_camera.egg-info/dependency_links.txt
[4.733s] writing entry points to ../../build/my_camera/my_camera.egg-info/entry_points.txt
[4.733s] writing requirements to ../../build/my_camera/my_camera.egg-info/requires.txt
[4.733s] writing top-level names to ../../build/my_camera/my_camera.egg-info/top_level.txt
[4.913s] reading manifest file '../../build/my_camera/my_camera.egg-info/SOURCES.txt'
[4.913s] adding license file 'LICENSE'
[4.915s] writing manifest file '../../build/my_camera/my_camera.egg-info/SOURCES.txt'
[4.917s] running build
[4.924s] running build_py
[4.925s] running install
[4.947s] running install_lib
[5.029s] running install_data
[5.030s] running install_egg_info
[5.114s] removing '/home/edwardak/my_robot_ws/install/my_camera/lib/python3.12/site-packages/my_camera-0.0.0-py3.12.egg-info' (and everything under it)
[5.118s] Copying ../../build/my_camera/my_camera.egg-info to /home/edwardak/my_robot_ws/install/my_camera/lib/python3.12/site-packages/my_camera-0.0.0-py3.12.egg-info
[5.120s] running install_scripts
[5.669s] Installing ip_stream_node script to /home/edwardak/my_robot_ws/install/my_camera/lib/my_camera
[5.670s] Installing usbcam_node script to /home/edwardak/my_robot_ws/install/my_camera/lib/my_camera
[5.677s] Installing webcam_node script to /home/edwardak/my_robot_ws/install/my_camera/lib/my_camera
[5.677s] writing list of installed files to '/home/edwardak/my_robot_ws/build/my_camera/install.log'
[5.779s] Invoked command in '/home/edwardak/my_robot_ws/src/my_camera' returned '0': PYTHONPATH=/home/edwardak/my_robot_ws/build/my_camera/prefix_override:/usr/lib/python3/dist-packages/colcon_core/task/python/colcon_distutils_commands:/home/edwardak/my_robot_ws/install/my_camera/lib/python3.12/site-packages:${PYTHONPATH} /usr/bin/python3 -W ignore:setup.py install is deprecated -W ignore:easy_install command is deprecated setup.py egg_info --egg-base ../../build/my_camera build --build-base /home/edwardak/my_robot_ws/build/my_camera/build install --record /home/edwardak/my_robot_ws/build/my_camera/install.log --single-version-externally-managed install_data
