[3.546s] Invoking command in '/home/edwardak/my_robot_ws/build/my_camera': PYTHONPATH=/home/edwardak/my_robot_ws/build/my_camera/prefix_override:/usr/lib/python3/dist-packages/colcon_core/task/python/colcon_distutils_commands:/home/edwardak/my_robot_ws/install/my_camera/lib/python3.12/site-packages:${PYTHONPATH} /usr/bin/python3 -W ignore:setup.py install is deprecated -W ignore:easy_install command is deprecated setup.py develop --editable --build-directory /home/edwardak/my_robot_ws/build/my_camera/build --no-deps symlink_data --force
[5.187s] running develop
[6.034s] running egg_info
[6.105s] writing my_camera.egg-info/PKG-INFO
[6.106s] writing dependency_links to my_camera.egg-info/dependency_links.txt
[6.107s] writing entry points to my_camera.egg-info/entry_points.txt
[6.107s] writing requirements to my_camera.egg-info/requires.txt
[6.108s] writing top-level names to my_camera.egg-info/top_level.txt
[6.285s] reading manifest file 'my_camera.egg-info/SOURCES.txt'
[6.289s] writing manifest file 'my_camera.egg-info/SOURCES.txt'
[6.377s] running build_ext
[6.378s] Creating /home/edwardak/my_robot_ws/install/my_camera/lib/python3.12/site-packages/my-camera.egg-link (link to .)
[6.380s] Installing ip_stream_node script to /home/edwardak/my_robot_ws/install/my_camera/lib/my_camera
[6.380s] Installing usbcam_node script to /home/edwardak/my_robot_ws/install/my_camera/lib/my_camera
[6.385s] Installing webcam_node script to /home/edwardak/my_robot_ws/install/my_camera/lib/my_camera
[6.385s] 
[6.385s] Installed /home/edwardak/my_robot_ws/build/my_camera
[6.386s] running symlink_data
[6.386s] symbolically linking /home/edwardak/my_robot_ws/build/my_camera/resource/my_camera -> /home/edwardak/my_robot_ws/install/my_camera/share/ament_index/resource_index/packages
[6.386s] symbolically linking /home/edwardak/my_robot_ws/build/my_camera/package.xml -> /home/edwardak/my_robot_ws/install/my_camera/share/my_camera
[6.508s] Invoked command in '/home/edwardak/my_robot_ws/build/my_camera' returned '0': PYTHONPATH=/home/edwardak/my_robot_ws/build/my_camera/prefix_override:/usr/lib/python3/dist-packages/colcon_core/task/python/colcon_distutils_commands:/home/edwardak/my_robot_ws/install/my_camera/lib/python3.12/site-packages:${PYTHONPATH} /usr/bin/python3 -W ignore:setup.py install is deprecated -W ignore:easy_install command is deprecated setup.py develop --editable --build-directory /home/edwardak/my_robot_ws/build/my_camera/build --no-deps symlink_data --force
