[1.545s] Invoking command in '/home/edwardak/my_robot_ws/src/my_camera': PYTHONPATH=/home/edwardak/my_robot_ws/build/my_camera/prefix_override:/usr/lib/python3/dist-packages/colcon_core/task/python/colcon_distutils_commands:/home/edwardak/my_robot_ws/install/my_camera/lib/python3.12/site-packages:${PYTHONPATH} /usr/bin/python3 -W ignore:setup.py install is deprecated -W ignore:easy_install command is deprecated setup.py egg_info --egg-base ../../build/my_camera build --build-base /home/edwardak/my_robot_ws/build/my_camera/build install --record /home/edwardak/my_robot_ws/build/my_camera/install.log --single-version-externally-managed install_data
[1.915s] running egg_info
[1.940s] writing ../../build/my_camera/my_camera.egg-info/PKG-INFO
[1.941s] writing dependency_links to ../../build/my_camera/my_camera.egg-info/dependency_links.txt
[1.941s] writing entry points to ../../build/my_camera/my_camera.egg-info/entry_points.txt
[1.942s] writing requirements to ../../build/my_camera/my_camera.egg-info/requires.txt
[1.942s] writing top-level names to ../../build/my_camera/my_camera.egg-info/top_level.txt
[1.996s] reading manifest file '../../build/my_camera/my_camera.egg-info/SOURCES.txt'
[1.997s] adding license file 'LICENSE'
[1.998s] writing manifest file '../../build/my_camera/my_camera.egg-info/SOURCES.txt'
[1.998s] running build
[1.999s] running build_py
[1.999s] running install
[2.009s] running install_lib
[2.039s] running install_data
[2.039s] running install_egg_info
[2.066s] removing '/home/edwardak/my_robot_ws/install/my_camera/lib/python3.12/site-packages/my_camera-0.0.0-py3.12.egg-info' (and everything under it)
[2.067s] Copying ../../build/my_camera/my_camera.egg-info to /home/edwardak/my_robot_ws/install/my_camera/lib/python3.12/site-packages/my_camera-0.0.0-py3.12.egg-info
[2.070s] running install_scripts
[2.239s] Installing ip_stream_node script to /home/edwardak/my_robot_ws/install/my_camera/lib/my_camera
[2.240s] Installing usbcam_node script to /home/edwardak/my_robot_ws/install/my_camera/lib/my_camera
[2.241s] Installing webcam_node script to /home/edwardak/my_robot_ws/install/my_camera/lib/my_camera
[2.241s] writing list of installed files to '/home/edwardak/my_robot_ws/build/my_camera/install.log'
[2.276s] Invoked command in '/home/edwardak/my_robot_ws/src/my_camera' returned '0': PYTHONPATH=/home/edwardak/my_robot_ws/build/my_camera/prefix_override:/usr/lib/python3/dist-packages/colcon_core/task/python/colcon_distutils_commands:/home/edwardak/my_robot_ws/install/my_camera/lib/python3.12/site-packages:${PYTHONPATH} /usr/bin/python3 -W ignore:setup.py install is deprecated -W ignore:easy_install command is deprecated setup.py egg_info --egg-base ../../build/my_camera build --build-base /home/edwardak/my_robot_ws/build/my_camera/build install --record /home/edwardak/my_robot_ws/build/my_camera/install.log --single-version-externally-managed install_data
