[3.541s] DEBUG:colcon:Command line arguments: ['/usr/bin/colcon', 'build']
[3.541s] DEBUG:colcon:Parsed command line arguments: Namespace(log_base=None, log_level=None, verb_name='build', build_base='build', install_base='install', merge_install=False, symlink_install=False, test_result_base=None, continue_on_error=False, executor='parallel', parallel_workers=8, event_handlers=None, ignore_user_meta=False, metas=['./colcon.meta'], base_paths=['.'], packages_ignore=None, packages_ignore_regex=None, paths=None, packages_up_to=None, packages_up_to_regex=None, packages_above=None, packages_above_and_dependencies=None, packages_above_depth=None, packages_select_by_dep=None, packages_skip_by_dep=None, packages_skip_up_to=None, packages_select_build_failed=False, packages_skip_build_finished=False, packages_select_test_failures=False, packages_skip_test_passed=False, packages_select=None, packages_skip=None, packages_select_regex=None, packages_skip_regex=None, packages_start=None, packages_end=None, allow_overriding=[], cmake_args=None, cmake_target=None, cmake_target_skip_unavailable=False, cmake_clean_cache=False, cmake_clean_first=False, cmake_force_configure=False, ament_cmake_args=None, catkin_cmake_args=None, catkin_skip_building_tests=False, mixin_files=None, mixin=None, verb_parser=<colcon_mixin.mixin.mixin_argument.MixinArgumentDecorator object at 0x7442f5b727e0>, verb_extension=<colcon_core.verb.build.BuildVerb object at 0x7442f5c9ee70>, main=<bound method BuildVerb.main of <colcon_core.verb.build.BuildVerb object at 0x7442f5c9ee70>>, mixin_verb=('build',))
[3.912s] Level 1:colcon.colcon_core.package_discovery:discover_packages(colcon_meta) check parameters
[3.913s] Level 1:colcon.colcon_core.package_discovery:discover_packages(recursive) check parameters
[3.913s] Level 1:colcon.colcon_core.package_discovery:discover_packages(ignore) check parameters
[3.914s] Level 1:colcon.colcon_core.package_discovery:discover_packages(path) check parameters
[3.914s] Level 1:colcon.colcon_core.package_discovery:discover_packages(colcon_meta) discover
[3.914s] Level 1:colcon.colcon_core.package_discovery:discover_packages(recursive) discover
[3.914s] INFO:colcon.colcon_core.package_discovery:Crawling recursively for packages in '/home/edwardak/my_robot_ws'
[3.915s] Level 1:colcon.colcon_core.package_identification:_identify(.) by extensions ['ignore', 'ignore_ament_install']
[3.915s] Level 1:colcon.colcon_core.package_identification:_identify(.) by extension 'ignore'
[3.916s] Level 1:colcon.colcon_core.package_identification:_identify(.) by extension 'ignore_ament_install'
[3.916s] Level 1:colcon.colcon_core.package_identification:_identify(.) by extensions ['colcon_pkg']
[3.916s] Level 1:colcon.colcon_core.package_identification:_identify(.) by extension 'colcon_pkg'
[3.916s] Level 1:colcon.colcon_core.package_identification:_identify(.) by extensions ['colcon_meta']
[3.916s] Level 1:colcon.colcon_core.package_identification:_identify(.) by extension 'colcon_meta'
[3.916s] Level 1:colcon.colcon_core.package_identification:_identify(.) by extensions ['ros']
[3.916s] Level 1:colcon.colcon_core.package_identification:_identify(.) by extension 'ros'
[4.137s] Level 1:colcon.colcon_core.package_identification:_identify(.) by extensions ['cmake', 'python']
[4.137s] Level 1:colcon.colcon_core.package_identification:_identify(.) by extension 'cmake'
[4.137s] Level 1:colcon.colcon_core.package_identification:_identify(.) by extension 'python'
[4.137s] Level 1:colcon.colcon_core.package_identification:_identify(.) by extensions ['python_setup_py']
[4.137s] Level 1:colcon.colcon_core.package_identification:_identify(.) by extension 'python_setup_py'
[4.148s] Level 1:colcon.colcon_core.package_identification:_identify(build) by extensions ['ignore', 'ignore_ament_install']
[4.149s] Level 1:colcon.colcon_core.package_identification:_identify(build) by extension 'ignore'
[4.149s] Level 1:colcon.colcon_core.package_identification:_identify(build) ignored
[4.150s] Level 1:colcon.colcon_core.package_identification:_identify(install) by extensions ['ignore', 'ignore_ament_install']
[4.150s] Level 1:colcon.colcon_core.package_identification:_identify(install) by extension 'ignore'
[4.150s] Level 1:colcon.colcon_core.package_identification:_identify(install) ignored
[4.153s] Level 1:colcon.colcon_core.package_identification:_identify(log) by extensions ['ignore', 'ignore_ament_install']
[4.154s] Level 1:colcon.colcon_core.package_identification:_identify(log) by extension 'ignore'
[4.154s] Level 1:colcon.colcon_core.package_identification:_identify(log) ignored
[4.156s] Level 1:colcon.colcon_core.package_identification:_identify(src) by extensions ['ignore', 'ignore_ament_install']
[4.157s] Level 1:colcon.colcon_core.package_identification:_identify(src) by extension 'ignore'
[4.157s] Level 1:colcon.colcon_core.package_identification:_identify(src) by extension 'ignore_ament_install'
[4.157s] Level 1:colcon.colcon_core.package_identification:_identify(src) by extensions ['colcon_pkg']
[4.157s] Level 1:colcon.colcon_core.package_identification:_identify(src) by extension 'colcon_pkg'
[4.157s] Level 1:colcon.colcon_core.package_identification:_identify(src) by extensions ['colcon_meta']
[4.157s] Level 1:colcon.colcon_core.package_identification:_identify(src) by extension 'colcon_meta'
[4.158s] Level 1:colcon.colcon_core.package_identification:_identify(src) by extensions ['ros']
[4.160s] Level 1:colcon.colcon_core.package_identification:_identify(src) by extension 'ros'
[4.162s] Level 1:colcon.colcon_core.package_identification:_identify(src) by extensions ['cmake', 'python']
[4.164s] Level 1:colcon.colcon_core.package_identification:_identify(src) by extension 'cmake'
[4.172s] Level 1:colcon.colcon_core.package_identification:_identify(src) by extension 'python'
[4.172s] Level 1:colcon.colcon_core.package_identification:_identify(src) by extensions ['python_setup_py']
[4.172s] Level 1:colcon.colcon_core.package_identification:_identify(src) by extension 'python_setup_py'
[4.173s] Level 1:colcon.colcon_core.package_identification:_identify(src/log) by extensions ['ignore', 'ignore_ament_install']
[4.173s] Level 1:colcon.colcon_core.package_identification:_identify(src/log) by extension 'ignore'
[4.173s] Level 1:colcon.colcon_core.package_identification:_identify(src/log) ignored
[4.173s] Level 1:colcon.colcon_core.package_identification:_identify(src/my_robot_description) by extensions ['ignore', 'ignore_ament_install']
[4.173s] Level 1:colcon.colcon_core.package_identification:_identify(src/my_robot_description) by extension 'ignore'
[4.174s] Level 1:colcon.colcon_core.package_identification:_identify(src/my_robot_description) by extension 'ignore_ament_install'
[4.174s] Level 1:colcon.colcon_core.package_identification:_identify(src/my_robot_description) by extensions ['colcon_pkg']
[4.174s] Level 1:colcon.colcon_core.package_identification:_identify(src/my_robot_description) by extension 'colcon_pkg'
[4.174s] Level 1:colcon.colcon_core.package_identification:_identify(src/my_robot_description) by extensions ['colcon_meta']
[4.174s] Level 1:colcon.colcon_core.package_identification:_identify(src/my_robot_description) by extension 'colcon_meta'
[4.175s] Level 1:colcon.colcon_core.package_identification:_identify(src/my_robot_description) by extensions ['ros']
[4.175s] Level 1:colcon.colcon_core.package_identification:_identify(src/my_robot_description) by extension 'ros'
[4.204s] DEBUG:colcon.colcon_core.package_identification:Package 'src/my_robot_description' with type 'ros.ament_cmake' and name 'my_robot_description'
[4.204s] Level 1:colcon.colcon_core.package_discovery:discover_packages(recursive) using defaults
[4.204s] Level 1:colcon.colcon_core.package_discovery:discover_packages(ignore) discover
[4.205s] Level 1:colcon.colcon_core.package_discovery:discover_packages(ignore) using defaults
[4.205s] Level 1:colcon.colcon_core.package_discovery:discover_packages(path) discover
[4.205s] Level 1:colcon.colcon_core.package_discovery:discover_packages(path) using defaults
[4.462s] Level 1:colcon.colcon_core.package_discovery:discover_packages(prefix_path) check parameters
[4.462s] Level 1:colcon.colcon_core.package_discovery:discover_packages(prefix_path) discover
[4.507s] DEBUG:colcon.colcon_installed_package_information.package_discovery:Found 1 installed packages in /home/edwardak/my_robot_ws/install
[4.543s] DEBUG:colcon.colcon_installed_package_information.package_discovery:Found 390 installed packages in /opt/ros/jazzy
[4.559s] Level 1:colcon.colcon_core.package_discovery:discover_packages(prefix_path) using defaults
[5.450s] Level 5:colcon.colcon_core.verb:set package 'my_robot_description' build argument 'cmake_args' from command line to 'None'
[5.450s] Level 5:colcon.colcon_core.verb:set package 'my_robot_description' build argument 'cmake_target' from command line to 'None'
[5.452s] Level 5:colcon.colcon_core.verb:set package 'my_robot_description' build argument 'cmake_target_skip_unavailable' from command line to 'False'
[5.452s] Level 5:colcon.colcon_core.verb:set package 'my_robot_description' build argument 'cmake_clean_cache' from command line to 'False'
[5.453s] Level 5:colcon.colcon_core.verb:set package 'my_robot_description' build argument 'cmake_clean_first' from command line to 'False'
[5.453s] Level 5:colcon.colcon_core.verb:set package 'my_robot_description' build argument 'cmake_force_configure' from command line to 'False'
[5.453s] Level 5:colcon.colcon_core.verb:set package 'my_robot_description' build argument 'ament_cmake_args' from command line to 'None'
[5.453s] Level 5:colcon.colcon_core.verb:set package 'my_robot_description' build argument 'catkin_cmake_args' from command line to 'None'
[5.453s] Level 5:colcon.colcon_core.verb:set package 'my_robot_description' build argument 'catkin_skip_building_tests' from command line to 'False'
[5.453s] DEBUG:colcon.colcon_core.verb:Building package 'my_robot_description' with the following arguments: {'ament_cmake_args': None, 'build_base': '/home/edwardak/my_robot_ws/build/my_robot_description', 'catkin_cmake_args': None, 'catkin_skip_building_tests': False, 'cmake_args': None, 'cmake_clean_cache': False, 'cmake_clean_first': False, 'cmake_force_configure': False, 'cmake_target': None, 'cmake_target_skip_unavailable': False, 'install_base': '/home/edwardak/my_robot_ws/install/my_robot_description', 'merge_install': False, 'path': '/home/edwardak/my_robot_ws/src/my_robot_description', 'symlink_install': False, 'test_result_base': None}
[5.453s] INFO:colcon.colcon_core.executor:Executing jobs using 'parallel' executor
[5.480s] DEBUG:colcon.colcon_parallel_executor.executor.parallel:run_until_complete
[5.481s] INFO:colcon.colcon_ros.task.ament_cmake.build:Building ROS package in '/home/edwardak/my_robot_ws/src/my_robot_description' with build type 'ament_cmake'
[5.481s] INFO:colcon.colcon_cmake.task.cmake.build:Building CMake package in '/home/edwardak/my_robot_ws/src/my_robot_description'
[5.524s] INFO:colcon.colcon_core.plugin_system:Skipping extension 'colcon_core.shell.bat': Not used on non-Windows systems
[5.525s] INFO:colcon.colcon_core.shell:Skip shell extension 'powershell' for command environment: Not usable outside of PowerShell
[5.525s] DEBUG:colcon.colcon_core.shell:Skip shell extension 'dsv' for command environment
[5.662s] DEBUG:colcon.colcon_core.event_handler.log_command:Invoking command in '/home/edwardak/my_robot_ws/build/my_robot_description': CMAKE_PREFIX_PATH=${CMAKE_PREFIX_PATH}:/opt/ros/jazzy /usr/bin/cmake --build /home/edwardak/my_robot_ws/build/my_robot_description -- -j8 -l8
[6.227s] DEBUG:colcon.colcon_core.event_handler.log_command:Invoked command in '/home/edwardak/my_robot_ws/build/my_robot_description' returned '0': CMAKE_PREFIX_PATH=${CMAKE_PREFIX_PATH}:/opt/ros/jazzy /usr/bin/cmake --build /home/edwardak/my_robot_ws/build/my_robot_description -- -j8 -l8
[6.338s] DEBUG:colcon.colcon_core.event_handler.log_command:Invoking command in '/home/edwardak/my_robot_ws/build/my_robot_description': CMAKE_PREFIX_PATH=${CMAKE_PREFIX_PATH}:/opt/ros/jazzy /usr/bin/cmake --install /home/edwardak/my_robot_ws/build/my_robot_description
[6.416s] Level 1:colcon.colcon_core.environment:create_environment_scripts_only(my_robot_description)
[6.432s] DEBUG:colcon.colcon_core.event_handler.log_command:Invoked command in '/home/edwardak/my_robot_ws/build/my_robot_description' returned '0': CMAKE_PREFIX_PATH=${CMAKE_PREFIX_PATH}:/opt/ros/jazzy /usr/bin/cmake --install /home/edwardak/my_robot_ws/build/my_robot_description
[6.449s] Level 1:colcon.colcon_core.environment:checking '/home/edwardak/my_robot_ws/install/my_robot_description' for CMake module files
[6.451s] Level 1:colcon.colcon_core.environment:checking '/home/edwardak/my_robot_ws/install/my_robot_description' for CMake config files
[6.452s] Level 1:colcon.colcon_core.shell:create_environment_hook('my_robot_description', 'cmake_prefix_path')
[6.453s] INFO:colcon.colcon_core.shell:Creating environment hook '/home/edwardak/my_robot_ws/install/my_robot_description/share/my_robot_description/hook/cmake_prefix_path.ps1'
[6.455s] INFO:colcon.colcon_core.shell:Creating environment descriptor '/home/edwardak/my_robot_ws/install/my_robot_description/share/my_robot_description/hook/cmake_prefix_path.dsv'
[6.457s] INFO:colcon.colcon_core.shell:Creating environment hook '/home/edwardak/my_robot_ws/install/my_robot_description/share/my_robot_description/hook/cmake_prefix_path.sh'
[6.466s] Level 1:colcon.colcon_core.environment:checking '/home/edwardak/my_robot_ws/install/my_robot_description/bin'
[6.467s] Level 1:colcon.colcon_core.environment:checking '/home/edwardak/my_robot_ws/install/my_robot_description/lib/pkgconfig/my_robot_description.pc'
[6.469s] Level 1:colcon.colcon_core.environment:checking '/home/edwardak/my_robot_ws/install/my_robot_description/lib/python3.12/site-packages'
[6.471s] Level 1:colcon.colcon_core.environment:checking '/home/edwardak/my_robot_ws/install/my_robot_description/bin'
[6.472s] INFO:colcon.colcon_core.shell:Creating package script '/home/edwardak/my_robot_ws/install/my_robot_description/share/my_robot_description/package.ps1'
[6.484s] INFO:colcon.colcon_core.shell:Creating package descriptor '/home/edwardak/my_robot_ws/install/my_robot_description/share/my_robot_description/package.dsv'
[6.489s] INFO:colcon.colcon_core.shell:Creating package script '/home/edwardak/my_robot_ws/install/my_robot_description/share/my_robot_description/package.sh'
[6.503s] INFO:colcon.colcon_core.shell:Creating package script '/home/edwardak/my_robot_ws/install/my_robot_description/share/my_robot_description/package.bash'
[6.505s] INFO:colcon.colcon_core.shell:Creating package script '/home/edwardak/my_robot_ws/install/my_robot_description/share/my_robot_description/package.zsh'
[6.515s] Level 1:colcon.colcon_core.environment:create_file_with_runtime_dependencies(/home/edwardak/my_robot_ws/install/my_robot_description/share/colcon-core/packages/my_robot_description)
[6.517s] Level 1:colcon.colcon_core.environment:create_environment_scripts_only(my_robot_description)
[6.517s] Level 1:colcon.colcon_core.environment:checking '/home/edwardak/my_robot_ws/install/my_robot_description' for CMake module files
[6.519s] Level 1:colcon.colcon_core.environment:checking '/home/edwardak/my_robot_ws/install/my_robot_description' for CMake config files
[6.520s] Level 1:colcon.colcon_core.shell:create_environment_hook('my_robot_description', 'cmake_prefix_path')
[6.521s] INFO:colcon.colcon_core.shell:Creating environment hook '/home/edwardak/my_robot_ws/install/my_robot_description/share/my_robot_description/hook/cmake_prefix_path.ps1'
[6.523s] INFO:colcon.colcon_core.shell:Creating environment descriptor '/home/edwardak/my_robot_ws/install/my_robot_description/share/my_robot_description/hook/cmake_prefix_path.dsv'
[6.525s] INFO:colcon.colcon_core.shell:Creating environment hook '/home/edwardak/my_robot_ws/install/my_robot_description/share/my_robot_description/hook/cmake_prefix_path.sh'
[6.542s] Level 1:colcon.colcon_core.environment:checking '/home/edwardak/my_robot_ws/install/my_robot_description/bin'
[6.551s] Level 1:colcon.colcon_core.environment:checking '/home/edwardak/my_robot_ws/install/my_robot_description/lib/pkgconfig/my_robot_description.pc'
[6.551s] Level 1:colcon.colcon_core.environment:checking '/home/edwardak/my_robot_ws/install/my_robot_description/lib/python3.12/site-packages'
[6.552s] Level 1:colcon.colcon_core.environment:checking '/home/edwardak/my_robot_ws/install/my_robot_description/bin'
[6.553s] INFO:colcon.colcon_core.shell:Creating package script '/home/edwardak/my_robot_ws/install/my_robot_description/share/my_robot_description/package.ps1'
[6.555s] INFO:colcon.colcon_core.shell:Creating package descriptor '/home/edwardak/my_robot_ws/install/my_robot_description/share/my_robot_description/package.dsv'
[6.558s] INFO:colcon.colcon_core.shell:Creating package script '/home/edwardak/my_robot_ws/install/my_robot_description/share/my_robot_description/package.sh'
[6.566s] INFO:colcon.colcon_core.shell:Creating package script '/home/edwardak/my_robot_ws/install/my_robot_description/share/my_robot_description/package.bash'
[6.568s] INFO:colcon.colcon_core.shell:Creating package script '/home/edwardak/my_robot_ws/install/my_robot_description/share/my_robot_description/package.zsh'
[6.569s] Level 1:colcon.colcon_core.environment:create_file_with_runtime_dependencies(/home/edwardak/my_robot_ws/install/my_robot_description/share/colcon-core/packages/my_robot_description)
[6.582s] DEBUG:colcon.colcon_parallel_executor.executor.parallel:closing loop
[6.610s] DEBUG:colcon.colcon_parallel_executor.executor.parallel:loop closed
[6.611s] DEBUG:colcon.colcon_parallel_executor.executor.parallel:run_until_complete finished with '0'
[6.611s] DEBUG:colcon.colcon_core.event_reactor:joining thread
[6.933s] INFO:colcon.colcon_core.plugin_system:Skipping extension 'colcon_notification.desktop_notification.notify_send': Could not find 'notify-send'
[6.934s] INFO:colcon.colcon_core.plugin_system:Skipping extension 'colcon_notification.desktop_notification.terminal_notifier': Not used on non-Darwin systems
[6.935s] INFO:colcon.colcon_core.plugin_system:Skipping extension 'colcon_notification.desktop_notification.win32': Not used on non-Windows systems
[6.935s] INFO:colcon.colcon_notification.desktop_notification:Sending desktop notification using 'notify2'
[6.946s] DEBUG:colcon.colcon_notification.desktop_notification.notify2:Failed to initialize notify2: org.freedesktop.DBus.Error.ServiceUnknown: The name org.freedesktop.Notifications was not provided by any .service files
[6.947s] DEBUG:colcon.colcon_core.event_reactor:joined thread
[6.948s] INFO:colcon.colcon_core.shell:Creating prefix script '/home/edwardak/my_robot_ws/install/local_setup.ps1'
[6.951s] INFO:colcon.colcon_core.shell:Creating prefix util module '/home/edwardak/my_robot_ws/install/_local_setup_util_ps1.py'
[6.969s] INFO:colcon.colcon_core.shell:Creating prefix chain script '/home/edwardak/my_robot_ws/install/setup.ps1'
[6.983s] INFO:colcon.colcon_core.shell:Creating prefix script '/home/edwardak/my_robot_ws/install/local_setup.sh'
[6.985s] INFO:colcon.colcon_core.shell:Creating prefix util module '/home/edwardak/my_robot_ws/install/_local_setup_util_sh.py'
[6.988s] INFO:colcon.colcon_core.shell:Creating prefix chain script '/home/edwardak/my_robot_ws/install/setup.sh'
[6.994s] INFO:colcon.colcon_core.shell:Creating prefix script '/home/edwardak/my_robot_ws/install/local_setup.bash'
[6.995s] INFO:colcon.colcon_core.shell:Creating prefix chain script '/home/edwardak/my_robot_ws/install/setup.bash'
[6.999s] INFO:colcon.colcon_core.shell:Creating prefix script '/home/edwardak/my_robot_ws/install/local_setup.zsh'
[7.001s] INFO:colcon.colcon_core.shell:Creating prefix chain script '/home/edwardak/my_robot_ws/install/setup.zsh'
