[0.273s] Invoking command in '/home/edwardak/my_robot_ws/build/my_robot_bringup': CMAKE_PREFIX_PATH=${CMAKE_PREFIX_PATH}:/opt/ros/jazzy /usr/bin/cmake --build /home/edwardak/my_robot_ws/build/my_robot_bringup -- -j8 -l8
[0.432s] Invoked command in '/home/edwardak/my_robot_ws/build/my_robot_bringup' returned '0': CMAKE_PREFIX_PATH=${CMAKE_PREFIX_PATH}:/opt/ros/jazzy /usr/bin/cmake --build /home/edwardak/my_robot_ws/build/my_robot_bringup -- -j8 -l8
[0.436s] Invoking command in '/home/edwardak/my_robot_ws/build/my_robot_bringup': CMAKE_PREFIX_PATH=${CMAKE_PREFIX_PATH}:/opt/ros/jazzy /usr/bin/cmake --install /home/edwardak/my_robot_ws/build/my_robot_bringup
[0.465s] -- Install configuration: ""
[0.468s] -- Up-to-date: /home/edwardak/my_robot_ws/install/my_robot_bringup/share/my_robot_bringup//launch
[0.468s] -- Up-to-date: /home/edwardak/my_robot_ws/install/my_robot_bringup/share/my_robot_bringup//launch/my_robot.launch.xml
[0.468s] -- Up-to-date: /home/edwardak/my_robot_ws/install/my_robot_bringup/share/my_robot_bringup//config
[0.468s] -- Up-to-date: /home/edwardak/my_robot_ws/install/my_robot_bringup/share/ament_index/resource_index/package_run_dependencies/my_robot_bringup
[0.468s] -- Up-to-date: /home/edwardak/my_robot_ws/install/my_robot_bringup/share/ament_index/resource_index/parent_prefix_path/my_robot_bringup
[0.469s] -- Up-to-date: /home/edwardak/my_robot_ws/install/my_robot_bringup/share/my_robot_bringup/environment/ament_prefix_path.sh
[0.469s] -- Up-to-date: /home/edwardak/my_robot_ws/install/my_robot_bringup/share/my_robot_bringup/environment/ament_prefix_path.dsv
[0.469s] -- Up-to-date: /home/edwardak/my_robot_ws/install/my_robot_bringup/share/my_robot_bringup/environment/path.sh
[0.469s] -- Up-to-date: /home/edwardak/my_robot_ws/install/my_robot_bringup/share/my_robot_bringup/environment/path.dsv
[0.469s] -- Up-to-date: /home/edwardak/my_robot_ws/install/my_robot_bringup/share/my_robot_bringup/local_setup.bash
[0.469s] -- Up-to-date: /home/edwardak/my_robot_ws/install/my_robot_bringup/share/my_robot_bringup/local_setup.sh
[0.470s] -- Up-to-date: /home/edwardak/my_robot_ws/install/my_robot_bringup/share/my_robot_bringup/local_setup.zsh
[0.470s] -- Up-to-date: /home/edwardak/my_robot_ws/install/my_robot_bringup/share/my_robot_bringup/local_setup.dsv
[0.471s] -- Up-to-date: /home/edwardak/my_robot_ws/install/my_robot_bringup/share/my_robot_bringup/package.dsv
[0.472s] -- Up-to-date: /home/edwardak/my_robot_ws/install/my_robot_bringup/share/ament_index/resource_index/packages/my_robot_bringup
[0.472s] -- Up-to-date: /home/edwardak/my_robot_ws/install/my_robot_bringup/share/my_robot_bringup/cmake/my_robot_bringupConfig.cmake
[0.473s] -- Up-to-date: /home/edwardak/my_robot_ws/install/my_robot_bringup/share/my_robot_bringup/cmake/my_robot_bringupConfig-version.cmake
[0.473s] -- Up-to-date: /home/edwardak/my_robot_ws/install/my_robot_bringup/share/my_robot_bringup/package.xml
[0.479s] Invoked command in '/home/edwardak/my_robot_ws/build/my_robot_bringup' returned '0': CMAKE_PREFIX_PATH=${CMAKE_PREFIX_PATH}:/opt/ros/jazzy /usr/bin/cmake --install /home/edwardak/my_robot_ws/build/my_robot_bringup
