[4.176s] Invoking command in '/home/edwardak/my_robot_ws/src/my_camera': PYTHONPATH=/home/edwardak/my_robot_ws/build/my_camera/prefix_override:/usr/lib/python3/dist-packages/colcon_core/task/python/colcon_distutils_commands:/home/edwardak/my_robot_ws/install/my_camera/lib/python3.12/site-packages:${PYTHONPATH} /usr/bin/python3 -W ignore:setup.py install is deprecated -W ignore:easy_install command is deprecated setup.py egg_info --egg-base ../../build/my_camera build --build-base /home/edwardak/my_robot_ws/build/my_camera/build install --record /home/edwardak/my_robot_ws/build/my_camera/install.log --single-version-externally-managed install_data
[5.815s] running egg_info
[6.015s] writing ../../build/my_camera/my_camera.egg-info/PKG-INFO
[6.015s] writing dependency_links to ../../build/my_camera/my_camera.egg-info/dependency_links.txt
[6.015s] writing entry points to ../../build/my_camera/my_camera.egg-info/entry_points.txt
[6.020s] writing requirements to ../../build/my_camera/my_camera.egg-info/requires.txt
[6.027s] writing top-level names to ../../build/my_camera/my_camera.egg-info/top_level.txt
[6.399s] reading manifest file '../../build/my_camera/my_camera.egg-info/SOURCES.txt'
[6.400s] adding license file 'LICENSE'
[6.400s] writing manifest file '../../build/my_camera/my_camera.egg-info/SOURCES.txt'
[6.409s] running build
[6.410s] running build_py
[6.412s] running install
[6.477s] running install_lib
[6.671s] running install_data
[6.672s] running install_egg_info
[6.811s] removing '/home/edwardak/my_robot_ws/install/my_camera/lib/python3.12/site-packages/my_camera-0.0.0-py3.12.egg-info' (and everything under it)
[6.812s] Copying ../../build/my_camera/my_camera.egg-info to /home/edwardak/my_robot_ws/install/my_camera/lib/python3.12/site-packages/my_camera-0.0.0-py3.12.egg-info
[6.819s] running install_scripts
[7.640s] Installing ip_stream_node script to /home/edwardak/my_robot_ws/install/my_camera/lib/my_camera
[7.641s] Installing usbcam_node script to /home/edwardak/my_robot_ws/install/my_camera/lib/my_camera
[7.641s] Installing webcam_node script to /home/edwardak/my_robot_ws/install/my_camera/lib/my_camera
[7.641s] writing list of installed files to '/home/edwardak/my_robot_ws/build/my_camera/install.log'
[7.776s] Invoked command in '/home/edwardak/my_robot_ws/src/my_camera' returned '0': PYTHONPATH=/home/edwardak/my_robot_ws/build/my_camera/prefix_override:/usr/lib/python3/dist-packages/colcon_core/task/python/colcon_distutils_commands:/home/edwardak/my_robot_ws/install/my_camera/lib/python3.12/site-packages:${PYTHONPATH} /usr/bin/python3 -W ignore:setup.py install is deprecated -W ignore:easy_install command is deprecated setup.py egg_info --egg-base ../../build/my_camera build --build-base /home/edwardak/my_robot_ws/build/my_camera/build install --record /home/edwardak/my_robot_ws/build/my_camera/install.log --single-version-externally-managed install_data
