[0.025s] Invoking command in '/home/edwardak/my_robot_ws/build/my_robot_description': CMAKE_PREFIX_PATH=${CMAKE_PREFIX_PATH}:/opt/ros/jazzy /usr/bin/cmake /home/edwardak/my_robot_ws/src/my_robot_description -DCMAKE_INSTALL_PREFIX=/home/edwardak/my_robot_ws/install/my_robot_description
[0.503s] -- The C compiler identification is GNU 13.3.0
[1.469s] -- The CXX compiler identification is GNU 13.3.0
[2.291s] -- Detecting C compiler ABI info
[2.696s] -- Detecting C compiler ABI info - done
[2.705s] -- Check for working C compiler: /usr/bin/cc - skipped
[2.706s] -- Detecting C compile features
[2.708s] -- Detecting C compile features - done
[2.829s] -- Detecting CXX compiler ABI info
[3.193s] -- Detecting CXX compiler ABI info - done
[3.202s] -- Check for working CXX compiler: /usr/bin/c++ - skipped
[3.203s] -- Detecting CXX compile features
[3.203s] -- Detecting CXX compile features - done
[3.246s] -- Found ament_cmake: 2.5.4 (/opt/ros/jazzy/share/ament_cmake/cmake)
[3.444s] -- Found Python3: /usr/bin/python3 (found version "3.12.3") found components: Interpreter 
[3.763s] -- Configuring done (3.6s)
[3.768s] -- Generating done (0.0s)
[3.772s] -- Build files have been written to: /home/edwardak/my_robot_ws/build/my_robot_description
[3.780s] Invoked command in '/home/edwardak/my_robot_ws/build/my_robot_description' returned '0': CMAKE_PREFIX_PATH=${CMAKE_PREFIX_PATH}:/opt/ros/jazzy /usr/bin/cmake /home/edwardak/my_robot_ws/src/my_robot_description -DCMAKE_INSTALL_PREFIX=/home/edwardak/my_robot_ws/install/my_robot_description
[3.782s] Invoking command in '/home/edwardak/my_robot_ws/build/my_robot_description': CMAKE_PREFIX_PATH=${CMAKE_PREFIX_PATH}:/opt/ros/jazzy /usr/bin/cmake --build /home/edwardak/my_robot_ws/build/my_robot_description -- -j8 -l8
[3.832s] Invoked command in '/home/edwardak/my_robot_ws/build/my_robot_description' returned '0': CMAKE_PREFIX_PATH=${CMAKE_PREFIX_PATH}:/opt/ros/jazzy /usr/bin/cmake --build /home/edwardak/my_robot_ws/build/my_robot_description -- -j8 -l8
[3.845s] Invoking command in '/home/edwardak/my_robot_ws/build/my_robot_description': CMAKE_PREFIX_PATH=${CMAKE_PREFIX_PATH}:/opt/ros/jazzy /usr/bin/cmake --install /home/edwardak/my_robot_ws/build/my_robot_description
[3.854s] -- Install configuration: ""
[3.855s] -- Installing: /home/edwardak/my_robot_ws/install/my_robot_description/share/my_robot_description//urdf
[3.856s] -- Installing: /home/edwardak/my_robot_ws/install/my_robot_description/share/my_robot_description//meshes
[3.856s] -- Installing: /home/edwardak/my_robot_ws/install/my_robot_description/share/my_robot_description//meshes/base.stl
[3.856s] -- Installing: /home/edwardak/my_robot_ws/install/my_robot_description/share/my_robot_description//rviz
[3.857s] -- Installing: /home/edwardak/my_robot_ws/install/my_robot_description/share/my_robot_description//rviz/urdf_config.rviz
[3.857s] -- Installing: /home/edwardak/my_robot_ws/install/my_robot_description/share/my_robot_description//launch
[3.857s] -- Installing: /home/edwardak/my_robot_ws/install/my_robot_description/share/my_robot_description//launch/display.launch.xml
[3.859s] -- Installing: /home/edwardak/my_robot_ws/install/my_robot_description/share/ament_index/resource_index/package_run_dependencies/my_robot_description
[3.859s] -- Installing: /home/edwardak/my_robot_ws/install/my_robot_description/share/ament_index/resource_index/parent_prefix_path/my_robot_description
[3.860s] -- Installing: /home/edwardak/my_robot_ws/install/my_robot_description/share/my_robot_description/environment/ament_prefix_path.sh
[3.860s] -- Installing: /home/edwardak/my_robot_ws/install/my_robot_description/share/my_robot_description/environment/ament_prefix_path.dsv
[3.861s] -- Installing: /home/edwardak/my_robot_ws/install/my_robot_description/share/my_robot_description/environment/path.sh
[3.861s] -- Installing: /home/edwardak/my_robot_ws/install/my_robot_description/share/my_robot_description/environment/path.dsv
[3.861s] -- Installing: /home/edwardak/my_robot_ws/install/my_robot_description/share/my_robot_description/local_setup.bash
[3.861s] -- Installing: /home/edwardak/my_robot_ws/install/my_robot_description/share/my_robot_description/local_setup.sh
[3.861s] -- Installing: /home/edwardak/my_robot_ws/install/my_robot_description/share/my_robot_description/local_setup.zsh
[3.862s] -- Installing: /home/edwardak/my_robot_ws/install/my_robot_description/share/my_robot_description/local_setup.dsv
[3.862s] -- Installing: /home/edwardak/my_robot_ws/install/my_robot_description/share/my_robot_description/package.dsv
[3.862s] -- Installing: /home/edwardak/my_robot_ws/install/my_robot_description/share/ament_index/resource_index/packages/my_robot_description
[3.863s] -- Installing: /home/edwardak/my_robot_ws/install/my_robot_description/share/my_robot_description/cmake/my_robot_descriptionConfig.cmake
[3.863s] -- Installing: /home/edwardak/my_robot_ws/install/my_robot_description/share/my_robot_description/cmake/my_robot_descriptionConfig-version.cmake
[3.864s] -- Installing: /home/edwardak/my_robot_ws/install/my_robot_description/share/my_robot_description/package.xml
[3.866s] Invoked command in '/home/edwardak/my_robot_ws/build/my_robot_description' returned '0': CMAKE_PREFIX_PATH=${CMAKE_PREFIX_PATH}:/opt/ros/jazzy /usr/bin/cmake --install /home/edwardak/my_robot_ws/build/my_robot_description
