[0.124s] Invoking command in '/home/edwardak/my_robot_ws/src/build/my_robot_bringup': AMENT_PREFIX_PATH=/home/edwardak/my_robot_ws/src/install/my_robot_description:${AMENT_PREFIX_PATH} CMAKE_PREFIX_PATH=/home/edwardak/my_robot_ws/src/install/my_robot_description:/home/edwardak/my_robot_ws/install/my_robot_description:/opt/ros/jazzy/opt/gz_sim_vendor:/opt/ros/jazzy/opt/gz_sensors_vendor:/opt/ros/jazzy/opt/gz_physics_vendor:/opt/ros/jazzy/opt/sdformat_vendor:/opt/ros/jazzy/opt/gz_gui_vendor:/opt/ros/jazzy/opt/gz_transport_vendor:/opt/ros/jazzy/opt/gz_rendering_vendor:/opt/ros/jazzy/opt/gz_plugin_vendor:/opt/ros/jazzy/opt/gz_fuel_tools_vendor:/opt/ros/jazzy/opt/gz_msgs_vendor:/opt/ros/jazzy/opt/gz_common_vendor:/opt/ros/jazzy/opt/gz_math_vendor:/opt/ros/jazzy/opt/gz_utils_vendor:/opt/ros/jazzy/opt/gz_tools_vendor:/opt/ros/jazzy/opt/gz_ogre_next_vendor:/opt/ros/jazzy/opt/gz_dartsim_vendor:/opt/ros/jazzy/opt/gz_cmake_vendor:/opt/ros/jazzy /usr/bin/cmake /home/edwardak/my_robot_ws/src/my_robot_bringup -DCMAKE_INSTALL_PREFIX=/home/edwardak/my_robot_ws/src/install/my_robot_bringup
[0.447s] -- The C compiler identification is GNU 13.3.0
[1.927s] -- The CXX compiler identification is GNU 13.3.0
[3.355s] -- Detecting C compiler ABI info
[3.967s] -- Detecting C compiler ABI info - done
[3.980s] -- Check for working C compiler: /usr/bin/cc - skipped
[3.981s] -- Detecting C compile features
[3.981s] -- Detecting C compile features - done
[4.202s] -- Detecting CXX compiler ABI info
[4.863s] -- Detecting CXX compiler ABI info - done
[4.878s] -- Check for working CXX compiler: /usr/bin/c++ - skipped
[4.878s] -- Detecting CXX compile features
[4.879s] -- Detecting CXX compile features - done
[4.887s] -- Found ament_cmake: 2.5.4 (/opt/ros/jazzy/share/ament_cmake/cmake)
[5.193s] -- Found Python3: /usr/bin/python3 (found version "3.12.3") found components: Interpreter 
[5.453s] -- Found ament_lint_auto: 0.17.3 (/opt/ros/jazzy/share/ament_lint_auto/cmake)
[5.727s] -- Added test 'lint_cmake' to check CMake code style
[5.732s] -- Added test 'xmllint' to check XML markup files
[5.739s] -- Configuring done (5.6s)
[5.748s] -- Generating done (0.0s)
[5.752s] -- Build files have been written to: /home/edwardak/my_robot_ws/src/build/my_robot_bringup
[5.761s] Invoked command in '/home/edwardak/my_robot_ws/src/build/my_robot_bringup' returned '0': AMENT_PREFIX_PATH=/home/edwardak/my_robot_ws/src/install/my_robot_description:${AMENT_PREFIX_PATH} CMAKE_PREFIX_PATH=/home/edwardak/my_robot_ws/src/install/my_robot_description:/home/edwardak/my_robot_ws/install/my_robot_description:/opt/ros/jazzy/opt/gz_sim_vendor:/opt/ros/jazzy/opt/gz_sensors_vendor:/opt/ros/jazzy/opt/gz_physics_vendor:/opt/ros/jazzy/opt/sdformat_vendor:/opt/ros/jazzy/opt/gz_gui_vendor:/opt/ros/jazzy/opt/gz_transport_vendor:/opt/ros/jazzy/opt/gz_rendering_vendor:/opt/ros/jazzy/opt/gz_plugin_vendor:/opt/ros/jazzy/opt/gz_fuel_tools_vendor:/opt/ros/jazzy/opt/gz_msgs_vendor:/opt/ros/jazzy/opt/gz_common_vendor:/opt/ros/jazzy/opt/gz_math_vendor:/opt/ros/jazzy/opt/gz_utils_vendor:/opt/ros/jazzy/opt/gz_tools_vendor:/opt/ros/jazzy/opt/gz_ogre_next_vendor:/opt/ros/jazzy/opt/gz_dartsim_vendor:/opt/ros/jazzy/opt/gz_cmake_vendor:/opt/ros/jazzy /usr/bin/cmake /home/edwardak/my_robot_ws/src/my_robot_bringup -DCMAKE_INSTALL_PREFIX=/home/edwardak/my_robot_ws/src/install/my_robot_bringup
[5.764s] Invoking command in '/home/edwardak/my_robot_ws/src/build/my_robot_bringup': AMENT_PREFIX_PATH=/home/edwardak/my_robot_ws/src/install/my_robot_description:${AMENT_PREFIX_PATH} CMAKE_PREFIX_PATH=/home/edwardak/my_robot_ws/src/install/my_robot_description:/home/edwardak/my_robot_ws/install/my_robot_description:/opt/ros/jazzy/opt/gz_sim_vendor:/opt/ros/jazzy/opt/gz_sensors_vendor:/opt/ros/jazzy/opt/gz_physics_vendor:/opt/ros/jazzy/opt/sdformat_vendor:/opt/ros/jazzy/opt/gz_gui_vendor:/opt/ros/jazzy/opt/gz_transport_vendor:/opt/ros/jazzy/opt/gz_rendering_vendor:/opt/ros/jazzy/opt/gz_plugin_vendor:/opt/ros/jazzy/opt/gz_fuel_tools_vendor:/opt/ros/jazzy/opt/gz_msgs_vendor:/opt/ros/jazzy/opt/gz_common_vendor:/opt/ros/jazzy/opt/gz_math_vendor:/opt/ros/jazzy/opt/gz_utils_vendor:/opt/ros/jazzy/opt/gz_tools_vendor:/opt/ros/jazzy/opt/gz_ogre_next_vendor:/opt/ros/jazzy/opt/gz_dartsim_vendor:/opt/ros/jazzy/opt/gz_cmake_vendor:/opt/ros/jazzy /usr/bin/cmake --build /home/edwardak/my_robot_ws/src/build/my_robot_bringup -- -j8 -l8
[5.845s] Invoked command in '/home/edwardak/my_robot_ws/src/build/my_robot_bringup' returned '0': AMENT_PREFIX_PATH=/home/edwardak/my_robot_ws/src/install/my_robot_description:${AMENT_PREFIX_PATH} CMAKE_PREFIX_PATH=/home/edwardak/my_robot_ws/src/install/my_robot_description:/home/edwardak/my_robot_ws/install/my_robot_description:/opt/ros/jazzy/opt/gz_sim_vendor:/opt/ros/jazzy/opt/gz_sensors_vendor:/opt/ros/jazzy/opt/gz_physics_vendor:/opt/ros/jazzy/opt/sdformat_vendor:/opt/ros/jazzy/opt/gz_gui_vendor:/opt/ros/jazzy/opt/gz_transport_vendor:/opt/ros/jazzy/opt/gz_rendering_vendor:/opt/ros/jazzy/opt/gz_plugin_vendor:/opt/ros/jazzy/opt/gz_fuel_tools_vendor:/opt/ros/jazzy/opt/gz_msgs_vendor:/opt/ros/jazzy/opt/gz_common_vendor:/opt/ros/jazzy/opt/gz_math_vendor:/opt/ros/jazzy/opt/gz_utils_vendor:/opt/ros/jazzy/opt/gz_tools_vendor:/opt/ros/jazzy/opt/gz_ogre_next_vendor:/opt/ros/jazzy/opt/gz_dartsim_vendor:/opt/ros/jazzy/opt/gz_cmake_vendor:/opt/ros/jazzy /usr/bin/cmake --build /home/edwardak/my_robot_ws/src/build/my_robot_bringup -- -j8 -l8
[5.847s] Invoking command in '/home/edwardak/my_robot_ws/src/build/my_robot_bringup': AMENT_PREFIX_PATH=/home/edwardak/my_robot_ws/src/install/my_robot_description:${AMENT_PREFIX_PATH} CMAKE_PREFIX_PATH=/home/edwardak/my_robot_ws/src/install/my_robot_description:/home/edwardak/my_robot_ws/install/my_robot_description:/opt/ros/jazzy/opt/gz_sim_vendor:/opt/ros/jazzy/opt/gz_sensors_vendor:/opt/ros/jazzy/opt/gz_physics_vendor:/opt/ros/jazzy/opt/sdformat_vendor:/opt/ros/jazzy/opt/gz_gui_vendor:/opt/ros/jazzy/opt/gz_transport_vendor:/opt/ros/jazzy/opt/gz_rendering_vendor:/opt/ros/jazzy/opt/gz_plugin_vendor:/opt/ros/jazzy/opt/gz_fuel_tools_vendor:/opt/ros/jazzy/opt/gz_msgs_vendor:/opt/ros/jazzy/opt/gz_common_vendor:/opt/ros/jazzy/opt/gz_math_vendor:/opt/ros/jazzy/opt/gz_utils_vendor:/opt/ros/jazzy/opt/gz_tools_vendor:/opt/ros/jazzy/opt/gz_ogre_next_vendor:/opt/ros/jazzy/opt/gz_dartsim_vendor:/opt/ros/jazzy/opt/gz_cmake_vendor:/opt/ros/jazzy /usr/bin/cmake --install /home/edwardak/my_robot_ws/src/build/my_robot_bringup
[5.867s] -- Install configuration: ""
[5.867s] -- Installing: /home/edwardak/my_robot_ws/src/install/my_robot_bringup/share/my_robot_bringup//launch
[5.869s] -- Installing: /home/edwardak/my_robot_ws/src/install/my_robot_bringup/share/my_robot_bringup//launch/my_robot.launch.xml
[5.869s] -- Installing: /home/edwardak/my_robot_ws/src/install/my_robot_bringup/share/my_robot_bringup//config
[5.871s] -- Installing: /home/edwardak/my_robot_ws/src/install/my_robot_bringup/share/ament_index/resource_index/package_run_dependencies/my_robot_bringup
[5.872s] -- Installing: /home/edwardak/my_robot_ws/src/install/my_robot_bringup/share/ament_index/resource_index/parent_prefix_path/my_robot_bringup
[5.873s] -- Installing: /home/edwardak/my_robot_ws/src/install/my_robot_bringup/share/my_robot_bringup/environment/ament_prefix_path.sh
[5.873s] -- Installing: /home/edwardak/my_robot_ws/src/install/my_robot_bringup/share/my_robot_bringup/environment/ament_prefix_path.dsv
[5.874s] -- Installing: /home/edwardak/my_robot_ws/src/install/my_robot_bringup/share/my_robot_bringup/environment/path.sh
[5.874s] -- Installing: /home/edwardak/my_robot_ws/src/install/my_robot_bringup/share/my_robot_bringup/environment/path.dsv
[5.874s] -- Installing: /home/edwardak/my_robot_ws/src/install/my_robot_bringup/share/my_robot_bringup/local_setup.bash
[5.875s] -- Installing: /home/edwardak/my_robot_ws/src/install/my_robot_bringup/share/my_robot_bringup/local_setup.sh
[5.875s] -- Installing: /home/edwardak/my_robot_ws/src/install/my_robot_bringup/share/my_robot_bringup/local_setup.zsh
[5.875s] -- Installing: /home/edwardak/my_robot_ws/src/install/my_robot_bringup/share/my_robot_bringup/local_setup.dsv
[5.875s] -- Installing: /home/edwardak/my_robot_ws/src/install/my_robot_bringup/share/my_robot_bringup/package.dsv
[5.876s] -- Installing: /home/edwardak/my_robot_ws/src/install/my_robot_bringup/share/ament_index/resource_index/packages/my_robot_bringup
[5.877s] -- Installing: /home/edwardak/my_robot_ws/src/install/my_robot_bringup/share/my_robot_bringup/cmake/my_robot_bringupConfig.cmake
[5.877s] -- Installing: /home/edwardak/my_robot_ws/src/install/my_robot_bringup/share/my_robot_bringup/cmake/my_robot_bringupConfig-version.cmake
[5.878s] -- Installing: /home/edwardak/my_robot_ws/src/install/my_robot_bringup/share/my_robot_bringup/package.xml
[5.884s] Invoked command in '/home/edwardak/my_robot_ws/src/build/my_robot_bringup' returned '0': AMENT_PREFIX_PATH=/home/edwardak/my_robot_ws/src/install/my_robot_description:${AMENT_PREFIX_PATH} CMAKE_PREFIX_PATH=/home/edwardak/my_robot_ws/src/install/my_robot_description:/home/edwardak/my_robot_ws/install/my_robot_description:/opt/ros/jazzy/opt/gz_sim_vendor:/opt/ros/jazzy/opt/gz_sensors_vendor:/opt/ros/jazzy/opt/gz_physics_vendor:/opt/ros/jazzy/opt/sdformat_vendor:/opt/ros/jazzy/opt/gz_gui_vendor:/opt/ros/jazzy/opt/gz_transport_vendor:/opt/ros/jazzy/opt/gz_rendering_vendor:/opt/ros/jazzy/opt/gz_plugin_vendor:/opt/ros/jazzy/opt/gz_fuel_tools_vendor:/opt/ros/jazzy/opt/gz_msgs_vendor:/opt/ros/jazzy/opt/gz_common_vendor:/opt/ros/jazzy/opt/gz_math_vendor:/opt/ros/jazzy/opt/gz_utils_vendor:/opt/ros/jazzy/opt/gz_tools_vendor:/opt/ros/jazzy/opt/gz_ogre_next_vendor:/opt/ros/jazzy/opt/gz_dartsim_vendor:/opt/ros/jazzy/opt/gz_cmake_vendor:/opt/ros/jazzy /usr/bin/cmake --install /home/edwardak/my_robot_ws/src/build/my_robot_bringup
