[1.393s] DEBUG:colcon:Command line arguments: ['/usr/bin/colcon', 'build']
[1.394s] DEBUG:colcon:Parsed command line arguments: Namespace(log_base=None, log_level=None, verb_name='build', build_base='build', install_base='install', merge_install=False, symlink_install=False, test_result_base=None, continue_on_error=False, executor='parallel', parallel_workers=8, event_handlers=None, ignore_user_meta=False, metas=['./colcon.meta'], base_paths=['.'], packages_ignore=None, packages_ignore_regex=None, paths=None, packages_up_to=None, packages_up_to_regex=None, packages_above=None, packages_above_and_dependencies=None, packages_above_depth=None, packages_select_by_dep=None, packages_skip_by_dep=None, packages_skip_up_to=None, packages_select_build_failed=False, packages_skip_build_finished=False, packages_select_test_failures=False, packages_skip_test_passed=False, packages_select=None, packages_skip=None, packages_select_regex=None, packages_skip_regex=None, packages_start=None, packages_end=None, allow_overriding=[], cmake_args=None, cmake_target=None, cmake_target_skip_unavailable=False, cmake_clean_cache=False, cmake_clean_first=False, cmake_force_configure=False, ament_cmake_args=None, catkin_cmake_args=None, catkin_skip_building_tests=False, mixin_files=None, mixin=None, verb_parser=<colcon_mixin.mixin.mixin_argument.MixinArgumentDecorator object at 0x701e91c8b170>, verb_extension=<colcon_core.verb.build.BuildVerb object at 0x701e91c8ade0>, main=<bound method BuildVerb.main of <colcon_core.verb.build.BuildVerb object at 0x701e91c8ade0>>, mixin_verb=('build',))
[1.703s] Level 1:colcon.colcon_core.package_discovery:discover_packages(colcon_meta) check parameters
[1.703s] Level 1:colcon.colcon_core.package_discovery:discover_packages(recursive) check parameters
[1.703s] Level 1:colcon.colcon_core.package_discovery:discover_packages(ignore) check parameters
[1.703s] Level 1:colcon.colcon_core.package_discovery:discover_packages(path) check parameters
[1.703s] Level 1:colcon.colcon_core.package_discovery:discover_packages(colcon_meta) discover
[1.704s] Level 1:colcon.colcon_core.package_discovery:discover_packages(recursive) discover
[1.704s] INFO:colcon.colcon_core.package_discovery:Crawling recursively for packages in '/home/edwardak/my_robot_ws'
[1.704s] Level 1:colcon.colcon_core.package_identification:_identify(.) by extensions ['ignore', 'ignore_ament_install']
[1.705s] Level 1:colcon.colcon_core.package_identification:_identify(.) by extension 'ignore'
[1.705s] Level 1:colcon.colcon_core.package_identification:_identify(.) by extension 'ignore_ament_install'
[1.705s] Level 1:colcon.colcon_core.package_identification:_identify(.) by extensions ['colcon_pkg']
[1.705s] Level 1:colcon.colcon_core.package_identification:_identify(.) by extension 'colcon_pkg'
[1.705s] Level 1:colcon.colcon_core.package_identification:_identify(.) by extensions ['colcon_meta']
[1.705s] Level 1:colcon.colcon_core.package_identification:_identify(.) by extension 'colcon_meta'
[1.705s] Level 1:colcon.colcon_core.package_identification:_identify(.) by extensions ['ros']
[1.705s] Level 1:colcon.colcon_core.package_identification:_identify(.) by extension 'ros'
[1.848s] Level 1:colcon.colcon_core.package_identification:_identify(.) by extensions ['cmake', 'python']
[1.849s] Level 1:colcon.colcon_core.package_identification:_identify(.) by extension 'cmake'
[1.849s] Level 1:colcon.colcon_core.package_identification:_identify(.) by extension 'python'
[1.849s] Level 1:colcon.colcon_core.package_identification:_identify(.) by extensions ['python_setup_py']
[1.849s] Level 1:colcon.colcon_core.package_identification:_identify(.) by extension 'python_setup_py'
[1.850s] Level 1:colcon.colcon_core.package_identification:_identify(build) by extensions ['ignore', 'ignore_ament_install']
[1.850s] Level 1:colcon.colcon_core.package_identification:_identify(build) by extension 'ignore'
[1.850s] Level 1:colcon.colcon_core.package_identification:_identify(build) ignored
[1.851s] Level 1:colcon.colcon_core.package_identification:_identify(install) by extensions ['ignore', 'ignore_ament_install']
[1.851s] Level 1:colcon.colcon_core.package_identification:_identify(install) by extension 'ignore'
[1.851s] Level 1:colcon.colcon_core.package_identification:_identify(install) ignored
[1.852s] Level 1:colcon.colcon_core.package_identification:_identify(log) by extensions ['ignore', 'ignore_ament_install']
[1.852s] Level 1:colcon.colcon_core.package_identification:_identify(log) by extension 'ignore'
[1.852s] Level 1:colcon.colcon_core.package_identification:_identify(log) ignored
[1.853s] Level 1:colcon.colcon_core.package_identification:_identify(src) by extensions ['ignore', 'ignore_ament_install']
[1.853s] Level 1:colcon.colcon_core.package_identification:_identify(src) by extension 'ignore'
[1.853s] Level 1:colcon.colcon_core.package_identification:_identify(src) by extension 'ignore_ament_install'
[1.853s] Level 1:colcon.colcon_core.package_identification:_identify(src) by extensions ['colcon_pkg']
[1.853s] Level 1:colcon.colcon_core.package_identification:_identify(src) by extension 'colcon_pkg'
[1.853s] Level 1:colcon.colcon_core.package_identification:_identify(src) by extensions ['colcon_meta']
[1.853s] Level 1:colcon.colcon_core.package_identification:_identify(src) by extension 'colcon_meta'
[1.854s] Level 1:colcon.colcon_core.package_identification:_identify(src) by extensions ['ros']
[1.854s] Level 1:colcon.colcon_core.package_identification:_identify(src) by extension 'ros'
[1.854s] Level 1:colcon.colcon_core.package_identification:_identify(src) by extensions ['cmake', 'python']
[1.854s] Level 1:colcon.colcon_core.package_identification:_identify(src) by extension 'cmake'
[1.854s] Level 1:colcon.colcon_core.package_identification:_identify(src) by extension 'python'
[1.854s] Level 1:colcon.colcon_core.package_identification:_identify(src) by extensions ['python_setup_py']
[1.854s] Level 1:colcon.colcon_core.package_identification:_identify(src) by extension 'python_setup_py'
[1.855s] Level 1:colcon.colcon_core.package_identification:_identify(src/build) by extensions ['ignore', 'ignore_ament_install']
[1.855s] Level 1:colcon.colcon_core.package_identification:_identify(src/build) by extension 'ignore'
[1.855s] Level 1:colcon.colcon_core.package_identification:_identify(src/build) ignored
[1.856s] Level 1:colcon.colcon_core.package_identification:_identify(src/install) by extensions ['ignore', 'ignore_ament_install']
[1.856s] Level 1:colcon.colcon_core.package_identification:_identify(src/install) by extension 'ignore'
[1.857s] Level 1:colcon.colcon_core.package_identification:_identify(src/install) ignored
[1.858s] Level 1:colcon.colcon_core.package_identification:_identify(src/log) by extensions ['ignore', 'ignore_ament_install']
[1.858s] Level 1:colcon.colcon_core.package_identification:_identify(src/log) by extension 'ignore'
[1.858s] Level 1:colcon.colcon_core.package_identification:_identify(src/log) ignored
[1.859s] Level 1:colcon.colcon_core.package_identification:_identify(src/my_camera) by extensions ['ignore', 'ignore_ament_install']
[1.859s] Level 1:colcon.colcon_core.package_identification:_identify(src/my_camera) by extension 'ignore'
[1.859s] Level 1:colcon.colcon_core.package_identification:_identify(src/my_camera) by extension 'ignore_ament_install'
[1.859s] Level 1:colcon.colcon_core.package_identification:_identify(src/my_camera) by extensions ['colcon_pkg']
[1.859s] Level 1:colcon.colcon_core.package_identification:_identify(src/my_camera) by extension 'colcon_pkg'
[1.860s] Level 1:colcon.colcon_core.package_identification:_identify(src/my_camera) by extensions ['colcon_meta']
[1.860s] Level 1:colcon.colcon_core.package_identification:_identify(src/my_camera) by extension 'colcon_meta'
[1.860s] Level 1:colcon.colcon_core.package_identification:_identify(src/my_camera) by extensions ['ros']
[1.860s] Level 1:colcon.colcon_core.package_identification:_identify(src/my_camera) by extension 'ros'
[1.879s] DEBUG:colcon.colcon_core.package_identification:Package 'src/my_camera' with type 'ros.ament_python' and name 'my_camera'
[1.879s] Level 1:colcon.colcon_core.package_identification:_identify(src/my_robot_bringup) by extensions ['ignore', 'ignore_ament_install']
[1.879s] Level 1:colcon.colcon_core.package_identification:_identify(src/my_robot_bringup) by extension 'ignore'
[1.880s] Level 1:colcon.colcon_core.package_identification:_identify(src/my_robot_bringup) by extension 'ignore_ament_install'
[1.880s] Level 1:colcon.colcon_core.package_identification:_identify(src/my_robot_bringup) by extensions ['colcon_pkg']
[1.880s] Level 1:colcon.colcon_core.package_identification:_identify(src/my_robot_bringup) by extension 'colcon_pkg'
[1.880s] Level 1:colcon.colcon_core.package_identification:_identify(src/my_robot_bringup) by extensions ['colcon_meta']
[1.880s] Level 1:colcon.colcon_core.package_identification:_identify(src/my_robot_bringup) by extension 'colcon_meta'
[1.881s] Level 1:colcon.colcon_core.package_identification:_identify(src/my_robot_bringup) by extensions ['ros']
[1.881s] Level 1:colcon.colcon_core.package_identification:_identify(src/my_robot_bringup) by extension 'ros'
[1.886s] DEBUG:colcon.colcon_core.package_identification:Package 'src/my_robot_bringup' with type 'ros.ament_cmake' and name 'my_robot_bringup'
[1.886s] Level 1:colcon.colcon_core.package_identification:_identify(src/my_robot_description) by extensions ['ignore', 'ignore_ament_install']
[1.887s] Level 1:colcon.colcon_core.package_identification:_identify(src/my_robot_description) by extension 'ignore'
[1.887s] Level 1:colcon.colcon_core.package_identification:_identify(src/my_robot_description) by extension 'ignore_ament_install'
[1.887s] Level 1:colcon.colcon_core.package_identification:_identify(src/my_robot_description) by extensions ['colcon_pkg']
[1.887s] Level 1:colcon.colcon_core.package_identification:_identify(src/my_robot_description) by extension 'colcon_pkg'
[1.887s] Level 1:colcon.colcon_core.package_identification:_identify(src/my_robot_description) by extensions ['colcon_meta']
[1.887s] Level 1:colcon.colcon_core.package_identification:_identify(src/my_robot_description) by extension 'colcon_meta'
[1.887s] Level 1:colcon.colcon_core.package_identification:_identify(src/my_robot_description) by extensions ['ros']
[1.887s] Level 1:colcon.colcon_core.package_identification:_identify(src/my_robot_description) by extension 'ros'
[1.889s] DEBUG:colcon.colcon_core.package_identification:Package 'src/my_robot_description' with type 'ros.ament_cmake' and name 'my_robot_description'
[1.889s] Level 1:colcon.colcon_core.package_discovery:discover_packages(recursive) using defaults
[1.890s] Level 1:colcon.colcon_core.package_discovery:discover_packages(ignore) discover
[1.890s] Level 1:colcon.colcon_core.package_discovery:discover_packages(ignore) using defaults
[1.890s] Level 1:colcon.colcon_core.package_discovery:discover_packages(path) discover
[1.890s] Level 1:colcon.colcon_core.package_discovery:discover_packages(path) using defaults
[1.998s] Level 1:colcon.colcon_core.package_discovery:discover_packages(prefix_path) check parameters
[1.999s] Level 1:colcon.colcon_core.package_discovery:discover_packages(prefix_path) discover
[2.021s] DEBUG:colcon.colcon_installed_package_information.package_discovery:Found 3 installed packages in /home/edwardak/my_robot_ws/install
[2.027s] DEBUG:colcon.colcon_installed_package_information.package_discovery:Found 6 installed packages in /home/edwardak/install
[2.034s] DEBUG:colcon.colcon_installed_package_information.package_discovery:Found 390 installed packages in /opt/ros/jazzy
[2.046s] Level 1:colcon.colcon_core.package_discovery:discover_packages(prefix_path) using defaults
[2.394s] Level 5:colcon.colcon_core.verb:set package 'my_camera' build argument 'cmake_args' from command line to 'None'
[2.395s] Level 5:colcon.colcon_core.verb:set package 'my_camera' build argument 'cmake_target' from command line to 'None'
[2.395s] Level 5:colcon.colcon_core.verb:set package 'my_camera' build argument 'cmake_target_skip_unavailable' from command line to 'False'
[2.395s] Level 5:colcon.colcon_core.verb:set package 'my_camera' build argument 'cmake_clean_cache' from command line to 'False'
[2.395s] Level 5:colcon.colcon_core.verb:set package 'my_camera' build argument 'cmake_clean_first' from command line to 'False'
[2.395s] Level 5:colcon.colcon_core.verb:set package 'my_camera' build argument 'cmake_force_configure' from command line to 'False'
[2.395s] Level 5:colcon.colcon_core.verb:set package 'my_camera' build argument 'ament_cmake_args' from command line to 'None'
[2.395s] Level 5:colcon.colcon_core.verb:set package 'my_camera' build argument 'catkin_cmake_args' from command line to 'None'
[2.395s] Level 5:colcon.colcon_core.verb:set package 'my_camera' build argument 'catkin_skip_building_tests' from command line to 'False'
[2.395s] DEBUG:colcon.colcon_core.verb:Building package 'my_camera' with the following arguments: {'ament_cmake_args': None, 'build_base': '/home/edwardak/my_robot_ws/build/my_camera', 'catkin_cmake_args': None, 'catkin_skip_building_tests': False, 'cmake_args': None, 'cmake_clean_cache': False, 'cmake_clean_first': False, 'cmake_force_configure': False, 'cmake_target': None, 'cmake_target_skip_unavailable': False, 'install_base': '/home/edwardak/my_robot_ws/install/my_camera', 'merge_install': False, 'path': '/home/edwardak/my_robot_ws/src/my_camera', 'symlink_install': False, 'test_result_base': None}
[2.397s] Level 5:colcon.colcon_core.verb:set package 'my_robot_description' build argument 'cmake_args' from command line to 'None'
[2.397s] Level 5:colcon.colcon_core.verb:set package 'my_robot_description' build argument 'cmake_target' from command line to 'None'
[2.397s] Level 5:colcon.colcon_core.verb:set package 'my_robot_description' build argument 'cmake_target_skip_unavailable' from command line to 'False'
[2.397s] Level 5:colcon.colcon_core.verb:set package 'my_robot_description' build argument 'cmake_clean_cache' from command line to 'False'
[2.397s] Level 5:colcon.colcon_core.verb:set package 'my_robot_description' build argument 'cmake_clean_first' from command line to 'False'
[2.397s] Level 5:colcon.colcon_core.verb:set package 'my_robot_description' build argument 'cmake_force_configure' from command line to 'False'
[2.397s] Level 5:colcon.colcon_core.verb:set package 'my_robot_description' build argument 'ament_cmake_args' from command line to 'None'
[2.397s] Level 5:colcon.colcon_core.verb:set package 'my_robot_description' build argument 'catkin_cmake_args' from command line to 'None'
[2.397s] Level 5:colcon.colcon_core.verb:set package 'my_robot_description' build argument 'catkin_skip_building_tests' from command line to 'False'
[2.397s] DEBUG:colcon.colcon_core.verb:Building package 'my_robot_description' with the following arguments: {'ament_cmake_args': None, 'build_base': '/home/edwardak/my_robot_ws/build/my_robot_description', 'catkin_cmake_args': None, 'catkin_skip_building_tests': False, 'cmake_args': None, 'cmake_clean_cache': False, 'cmake_clean_first': False, 'cmake_force_configure': False, 'cmake_target': None, 'cmake_target_skip_unavailable': False, 'install_base': '/home/edwardak/my_robot_ws/install/my_robot_description', 'merge_install': False, 'path': '/home/edwardak/my_robot_ws/src/my_robot_description', 'symlink_install': False, 'test_result_base': None}
[2.398s] Level 5:colcon.colcon_core.verb:set package 'my_robot_bringup' build argument 'cmake_args' from command line to 'None'
[2.398s] Level 5:colcon.colcon_core.verb:set package 'my_robot_bringup' build argument 'cmake_target' from command line to 'None'
[2.398s] Level 5:colcon.colcon_core.verb:set package 'my_robot_bringup' build argument 'cmake_target_skip_unavailable' from command line to 'False'
[2.398s] Level 5:colcon.colcon_core.verb:set package 'my_robot_bringup' build argument 'cmake_clean_cache' from command line to 'False'
[2.399s] Level 5:colcon.colcon_core.verb:set package 'my_robot_bringup' build argument 'cmake_clean_first' from command line to 'False'
[2.399s] Level 5:colcon.colcon_core.verb:set package 'my_robot_bringup' build argument 'cmake_force_configure' from command line to 'False'
[2.399s] Level 5:colcon.colcon_core.verb:set package 'my_robot_bringup' build argument 'ament_cmake_args' from command line to 'None'
[2.399s] Level 5:colcon.colcon_core.verb:set package 'my_robot_bringup' build argument 'catkin_cmake_args' from command line to 'None'
[2.399s] Level 5:colcon.colcon_core.verb:set package 'my_robot_bringup' build argument 'catkin_skip_building_tests' from command line to 'False'
[2.399s] DEBUG:colcon.colcon_core.verb:Building package 'my_robot_bringup' with the following arguments: {'ament_cmake_args': None, 'build_base': '/home/edwardak/my_robot_ws/build/my_robot_bringup', 'catkin_cmake_args': None, 'catkin_skip_building_tests': False, 'cmake_args': None, 'cmake_clean_cache': False, 'cmake_clean_first': False, 'cmake_force_configure': False, 'cmake_target': None, 'cmake_target_skip_unavailable': False, 'install_base': '/home/edwardak/my_robot_ws/install/my_robot_bringup', 'merge_install': False, 'path': '/home/edwardak/my_robot_ws/src/my_robot_bringup', 'symlink_install': False, 'test_result_base': None}
[2.400s] INFO:colcon.colcon_core.executor:Executing jobs using 'parallel' executor
[2.403s] DEBUG:colcon.colcon_parallel_executor.executor.parallel:run_until_complete
[2.405s] INFO:colcon.colcon_ros.task.ament_cmake.build:Building ROS package in '/home/edwardak/my_robot_ws/src/my_robot_description' with build type 'ament_cmake'
[2.406s] INFO:colcon.colcon_cmake.task.cmake.build:Building CMake package in '/home/edwardak/my_robot_ws/src/my_robot_description'
[2.438s] INFO:colcon.colcon_core.plugin_system:Skipping extension 'colcon_core.shell.bat': Not used on non-Windows systems
[2.438s] INFO:colcon.colcon_core.shell:Skip shell extension 'powershell' for command environment: Not usable outside of PowerShell
[2.438s] DEBUG:colcon.colcon_core.shell:Skip shell extension 'dsv' for command environment
[2.463s] INFO:colcon.colcon_ros.task.ament_python.build:Building ROS package in '/home/edwardak/my_robot_ws/src/my_camera' with build type 'ament_python'
[2.464s] Level 1:colcon.colcon_core.shell:create_environment_hook('my_camera', 'ament_prefix_path')
[2.465s] INFO:colcon.colcon_core.shell:Creating environment hook '/home/edwardak/my_robot_ws/install/my_camera/share/my_camera/hook/ament_prefix_path.ps1'
[2.472s] INFO:colcon.colcon_core.shell:Creating environment descriptor '/home/edwardak/my_robot_ws/install/my_camera/share/my_camera/hook/ament_prefix_path.dsv'
[2.474s] INFO:colcon.colcon_core.shell:Creating environment hook '/home/edwardak/my_robot_ws/install/my_camera/share/my_camera/hook/ament_prefix_path.sh'
[2.477s] INFO:colcon.colcon_core.shell:Skip shell extension 'powershell' for command environment: Not usable outside of PowerShell
[2.478s] DEBUG:colcon.colcon_core.shell:Skip shell extension 'dsv' for command environment
[2.556s] DEBUG:colcon.colcon_core.event_handler.log_command:Invoking command in '/home/edwardak/my_robot_ws/build/my_robot_description': CMAKE_PREFIX_PATH=${CMAKE_PREFIX_PATH}:/home/edwardak/my_robot_ws/install/my_camera:/opt/ros/jazzy /usr/bin/cmake --build /home/edwardak/my_robot_ws/build/my_robot_description -- -j8 -l8
[3.729s] INFO:colcon.colcon_core.task.python.build:Building Python package in '/home/edwardak/my_robot_ws/src/my_camera'
[3.734s] INFO:colcon.colcon_core.shell:Skip shell extension 'powershell' for command environment: Not usable outside of PowerShell
[3.734s] DEBUG:colcon.colcon_core.shell:Skip shell extension 'dsv' for command environment
[3.760s] DEBUG:colcon.colcon_core.event_handler.log_command:Invoked command in '/home/edwardak/my_robot_ws/build/my_robot_description' returned '0': CMAKE_PREFIX_PATH=${CMAKE_PREFIX_PATH}:/home/edwardak/my_robot_ws/install/my_camera:/opt/ros/jazzy /usr/bin/cmake --build /home/edwardak/my_robot_ws/build/my_robot_description -- -j8 -l8
[3.800s] DEBUG:colcon.colcon_core.event_handler.log_command:Invoking command in '/home/edwardak/my_robot_ws/build/my_robot_description': CMAKE_PREFIX_PATH=${CMAKE_PREFIX_PATH}:/home/edwardak/my_robot_ws/install/my_camera:/opt/ros/jazzy /usr/bin/cmake --install /home/edwardak/my_robot_ws/build/my_robot_description
[3.883s] Level 1:colcon.colcon_core.environment:create_environment_scripts_only(my_robot_description)
[3.884s] DEBUG:colcon.colcon_core.event_handler.log_command:Invoked command in '/home/edwardak/my_robot_ws/build/my_robot_description' returned '0': CMAKE_PREFIX_PATH=${CMAKE_PREFIX_PATH}:/home/edwardak/my_robot_ws/install/my_camera:/opt/ros/jazzy /usr/bin/cmake --install /home/edwardak/my_robot_ws/build/my_robot_description
[3.909s] Level 1:colcon.colcon_core.environment:checking '/home/edwardak/my_robot_ws/install/my_robot_description' for CMake module files
[3.915s] Level 1:colcon.colcon_core.environment:checking '/home/edwardak/my_robot_ws/install/my_robot_description' for CMake config files
[3.918s] Level 1:colcon.colcon_core.shell:create_environment_hook('my_robot_description', 'cmake_prefix_path')
[3.919s] INFO:colcon.colcon_core.shell:Creating environment hook '/home/edwardak/my_robot_ws/install/my_robot_description/share/my_robot_description/hook/cmake_prefix_path.ps1'
[3.921s] INFO:colcon.colcon_core.shell:Creating environment descriptor '/home/edwardak/my_robot_ws/install/my_robot_description/share/my_robot_description/hook/cmake_prefix_path.dsv'
[3.922s] INFO:colcon.colcon_core.shell:Creating environment hook '/home/edwardak/my_robot_ws/install/my_robot_description/share/my_robot_description/hook/cmake_prefix_path.sh'
[3.924s] Level 1:colcon.colcon_core.environment:checking '/home/edwardak/my_robot_ws/install/my_robot_description/bin'
[3.924s] Level 1:colcon.colcon_core.environment:checking '/home/edwardak/my_robot_ws/install/my_robot_description/lib/pkgconfig/my_robot_description.pc'
[3.925s] Level 1:colcon.colcon_core.environment:checking '/home/edwardak/my_robot_ws/install/my_robot_description/lib/python3.12/site-packages'
[3.925s] Level 1:colcon.colcon_core.environment:checking '/home/edwardak/my_robot_ws/install/my_robot_description/bin'
[3.926s] INFO:colcon.colcon_core.shell:Creating package script '/home/edwardak/my_robot_ws/install/my_robot_description/share/my_robot_description/package.ps1'
[3.928s] INFO:colcon.colcon_core.shell:Creating package descriptor '/home/edwardak/my_robot_ws/install/my_robot_description/share/my_robot_description/package.dsv'
[3.930s] INFO:colcon.colcon_core.shell:Creating package script '/home/edwardak/my_robot_ws/install/my_robot_description/share/my_robot_description/package.sh'
[3.934s] INFO:colcon.colcon_core.shell:Creating package script '/home/edwardak/my_robot_ws/install/my_robot_description/share/my_robot_description/package.bash'
[3.938s] INFO:colcon.colcon_core.shell:Creating package script '/home/edwardak/my_robot_ws/install/my_robot_description/share/my_robot_description/package.zsh'
[3.942s] Level 1:colcon.colcon_core.environment:create_file_with_runtime_dependencies(/home/edwardak/my_robot_ws/install/my_robot_description/share/colcon-core/packages/my_robot_description)
[3.944s] Level 1:colcon.colcon_core.environment:create_environment_scripts_only(my_robot_description)
[3.944s] Level 1:colcon.colcon_core.environment:checking '/home/edwardak/my_robot_ws/install/my_robot_description' for CMake module files
[3.946s] Level 1:colcon.colcon_core.environment:checking '/home/edwardak/my_robot_ws/install/my_robot_description' for CMake config files
[3.946s] Level 1:colcon.colcon_core.shell:create_environment_hook('my_robot_description', 'cmake_prefix_path')
[3.947s] INFO:colcon.colcon_core.shell:Creating environment hook '/home/edwardak/my_robot_ws/install/my_robot_description/share/my_robot_description/hook/cmake_prefix_path.ps1'
[3.950s] INFO:colcon.colcon_core.shell:Creating environment descriptor '/home/edwardak/my_robot_ws/install/my_robot_description/share/my_robot_description/hook/cmake_prefix_path.dsv'
[3.951s] INFO:colcon.colcon_core.shell:Creating environment hook '/home/edwardak/my_robot_ws/install/my_robot_description/share/my_robot_description/hook/cmake_prefix_path.sh'
[3.956s] Level 1:colcon.colcon_core.environment:checking '/home/edwardak/my_robot_ws/install/my_robot_description/bin'
[3.956s] Level 1:colcon.colcon_core.environment:checking '/home/edwardak/my_robot_ws/install/my_robot_description/lib/pkgconfig/my_robot_description.pc'
[3.957s] Level 1:colcon.colcon_core.environment:checking '/home/edwardak/my_robot_ws/install/my_robot_description/lib/python3.12/site-packages'
[3.959s] Level 1:colcon.colcon_core.environment:checking '/home/edwardak/my_robot_ws/install/my_robot_description/bin'
[3.961s] INFO:colcon.colcon_core.shell:Creating package script '/home/edwardak/my_robot_ws/install/my_robot_description/share/my_robot_description/package.ps1'
[3.962s] INFO:colcon.colcon_core.shell:Creating package descriptor '/home/edwardak/my_robot_ws/install/my_robot_description/share/my_robot_description/package.dsv'
[3.964s] INFO:colcon.colcon_core.shell:Creating package script '/home/edwardak/my_robot_ws/install/my_robot_description/share/my_robot_description/package.sh'
[3.966s] INFO:colcon.colcon_core.shell:Creating package script '/home/edwardak/my_robot_ws/install/my_robot_description/share/my_robot_description/package.bash'
[3.968s] INFO:colcon.colcon_core.shell:Creating package script '/home/edwardak/my_robot_ws/install/my_robot_description/share/my_robot_description/package.zsh'
[3.969s] Level 1:colcon.colcon_core.environment:create_file_with_runtime_dependencies(/home/edwardak/my_robot_ws/install/my_robot_description/share/colcon-core/packages/my_robot_description)
[3.973s] INFO:colcon.colcon_ros.task.ament_cmake.build:Building ROS package in '/home/edwardak/my_robot_ws/src/my_robot_bringup' with build type 'ament_cmake'
[3.973s] INFO:colcon.colcon_cmake.task.cmake.build:Building CMake package in '/home/edwardak/my_robot_ws/src/my_robot_bringup'
[3.974s] INFO:colcon.colcon_core.shell:Skip shell extension 'powershell' for command environment: Not usable outside of PowerShell
[3.974s] DEBUG:colcon.colcon_core.shell:Skip shell extension 'dsv' for command environment
[4.353s] DEBUG:colcon.colcon_core.event_handler.log_command:Invoking command in '/home/edwardak/my_robot_ws/build/my_robot_bringup': CMAKE_PREFIX_PATH=/home/edwardak/my_robot_ws/install/my_robot_description:/home/edwardak/install/tb_autonomy:/home/edwardak/install/tb_worlds:/home/edwardak/install/nav2_minimal_tb4_sim:/home/edwardak/install/nav2_minimal_tb4_description:/home/edwardak/install/nav2_minimal_tb3_sim:/home/edwardak/install/my_robot_description:/home/edwardak/my_robot_ws/install/my_robot_bringup:/opt/ros/jazzy/opt/gz_sim_vendor:/opt/ros/jazzy/opt/gz_sensors_vendor:/opt/ros/jazzy/opt/gz_physics_vendor:/opt/ros/jazzy/opt/sdformat_vendor:/opt/ros/jazzy/opt/gz_gui_vendor:/opt/ros/jazzy/opt/gz_transport_vendor:/opt/ros/jazzy/opt/gz_rendering_vendor:/opt/ros/jazzy/opt/gz_plugin_vendor:/opt/ros/jazzy/opt/gz_fuel_tools_vendor:/opt/ros/jazzy/opt/gz_msgs_vendor:/opt/ros/jazzy/opt/gz_common_vendor:/opt/ros/jazzy/opt/gz_math_vendor:/opt/ros/jazzy/opt/gz_utils_vendor:/opt/ros/jazzy/opt/gz_tools_vendor:/opt/ros/jazzy/opt/gz_ogre_next_vendor:/opt/ros/jazzy/opt/gz_dartsim_vendor:/opt/ros/jazzy/opt/gz_cmake_vendor:/home/edwardak/my_robot_ws/install/my_camera:/opt/ros/jazzy /usr/bin/cmake --build /home/edwardak/my_robot_ws/build/my_robot_bringup -- -j8 -l8
[4.553s] DEBUG:colcon.colcon_core.event_handler.log_command:Invoked command in '/home/edwardak/my_robot_ws/build/my_robot_bringup' returned '0': CMAKE_PREFIX_PATH=/home/edwardak/my_robot_ws/install/my_robot_description:/home/edwardak/install/tb_autonomy:/home/edwardak/install/tb_worlds:/home/edwardak/install/nav2_minimal_tb4_sim:/home/edwardak/install/nav2_minimal_tb4_description:/home/edwardak/install/nav2_minimal_tb3_sim:/home/edwardak/install/my_robot_description:/home/edwardak/my_robot_ws/install/my_robot_bringup:/opt/ros/jazzy/opt/gz_sim_vendor:/opt/ros/jazzy/opt/gz_sensors_vendor:/opt/ros/jazzy/opt/gz_physics_vendor:/opt/ros/jazzy/opt/sdformat_vendor:/opt/ros/jazzy/opt/gz_gui_vendor:/opt/ros/jazzy/opt/gz_transport_vendor:/opt/ros/jazzy/opt/gz_rendering_vendor:/opt/ros/jazzy/opt/gz_plugin_vendor:/opt/ros/jazzy/opt/gz_fuel_tools_vendor:/opt/ros/jazzy/opt/gz_msgs_vendor:/opt/ros/jazzy/opt/gz_common_vendor:/opt/ros/jazzy/opt/gz_math_vendor:/opt/ros/jazzy/opt/gz_utils_vendor:/opt/ros/jazzy/opt/gz_tools_vendor:/opt/ros/jazzy/opt/gz_ogre_next_vendor:/opt/ros/jazzy/opt/gz_dartsim_vendor:/opt/ros/jazzy/opt/gz_cmake_vendor:/home/edwardak/my_robot_ws/install/my_camera:/opt/ros/jazzy /usr/bin/cmake --build /home/edwardak/my_robot_ws/build/my_robot_bringup -- -j8 -l8
[4.558s] DEBUG:colcon.colcon_core.event_handler.log_command:Invoking command in '/home/edwardak/my_robot_ws/build/my_robot_bringup': CMAKE_PREFIX_PATH=/home/edwardak/my_robot_ws/install/my_robot_description:/home/edwardak/install/tb_autonomy:/home/edwardak/install/tb_worlds:/home/edwardak/install/nav2_minimal_tb4_sim:/home/edwardak/install/nav2_minimal_tb4_description:/home/edwardak/install/nav2_minimal_tb3_sim:/home/edwardak/install/my_robot_description:/home/edwardak/my_robot_ws/install/my_robot_bringup:/opt/ros/jazzy/opt/gz_sim_vendor:/opt/ros/jazzy/opt/gz_sensors_vendor:/opt/ros/jazzy/opt/gz_physics_vendor:/opt/ros/jazzy/opt/sdformat_vendor:/opt/ros/jazzy/opt/gz_gui_vendor:/opt/ros/jazzy/opt/gz_transport_vendor:/opt/ros/jazzy/opt/gz_rendering_vendor:/opt/ros/jazzy/opt/gz_plugin_vendor:/opt/ros/jazzy/opt/gz_fuel_tools_vendor:/opt/ros/jazzy/opt/gz_msgs_vendor:/opt/ros/jazzy/opt/gz_common_vendor:/opt/ros/jazzy/opt/gz_math_vendor:/opt/ros/jazzy/opt/gz_utils_vendor:/opt/ros/jazzy/opt/gz_tools_vendor:/opt/ros/jazzy/opt/gz_ogre_next_vendor:/opt/ros/jazzy/opt/gz_dartsim_vendor:/opt/ros/jazzy/opt/gz_cmake_vendor:/home/edwardak/my_robot_ws/install/my_camera:/opt/ros/jazzy /usr/bin/cmake --install /home/edwardak/my_robot_ws/build/my_robot_bringup
[4.604s] Level 1:colcon.colcon_core.environment:create_environment_scripts_only(my_robot_bringup)
[4.607s] Level 1:colcon.colcon_core.environment:checking '/home/edwardak/my_robot_ws/install/my_robot_bringup' for CMake module files
[4.608s] DEBUG:colcon.colcon_core.event_handler.log_command:Invoked command in '/home/edwardak/my_robot_ws/build/my_robot_bringup' returned '0': CMAKE_PREFIX_PATH=/home/edwardak/my_robot_ws/install/my_robot_description:/home/edwardak/install/tb_autonomy:/home/edwardak/install/tb_worlds:/home/edwardak/install/nav2_minimal_tb4_sim:/home/edwardak/install/nav2_minimal_tb4_description:/home/edwardak/install/nav2_minimal_tb3_sim:/home/edwardak/install/my_robot_description:/home/edwardak/my_robot_ws/install/my_robot_bringup:/opt/ros/jazzy/opt/gz_sim_vendor:/opt/ros/jazzy/opt/gz_sensors_vendor:/opt/ros/jazzy/opt/gz_physics_vendor:/opt/ros/jazzy/opt/sdformat_vendor:/opt/ros/jazzy/opt/gz_gui_vendor:/opt/ros/jazzy/opt/gz_transport_vendor:/opt/ros/jazzy/opt/gz_rendering_vendor:/opt/ros/jazzy/opt/gz_plugin_vendor:/opt/ros/jazzy/opt/gz_fuel_tools_vendor:/opt/ros/jazzy/opt/gz_msgs_vendor:/opt/ros/jazzy/opt/gz_common_vendor:/opt/ros/jazzy/opt/gz_math_vendor:/opt/ros/jazzy/opt/gz_utils_vendor:/opt/ros/jazzy/opt/gz_tools_vendor:/opt/ros/jazzy/opt/gz_ogre_next_vendor:/opt/ros/jazzy/opt/gz_dartsim_vendor:/opt/ros/jazzy/opt/gz_cmake_vendor:/home/edwardak/my_robot_ws/install/my_camera:/opt/ros/jazzy /usr/bin/cmake --install /home/edwardak/my_robot_ws/build/my_robot_bringup
[4.610s] Level 1:colcon.colcon_core.environment:checking '/home/edwardak/my_robot_ws/install/my_robot_bringup' for CMake config files
[4.612s] Level 1:colcon.colcon_core.shell:create_environment_hook('my_robot_bringup', 'cmake_prefix_path')
[4.613s] INFO:colcon.colcon_core.shell:Creating environment hook '/home/edwardak/my_robot_ws/install/my_robot_bringup/share/my_robot_bringup/hook/cmake_prefix_path.ps1'
[4.614s] INFO:colcon.colcon_core.shell:Creating environment descriptor '/home/edwardak/my_robot_ws/install/my_robot_bringup/share/my_robot_bringup/hook/cmake_prefix_path.dsv'
[4.616s] INFO:colcon.colcon_core.shell:Creating environment hook '/home/edwardak/my_robot_ws/install/my_robot_bringup/share/my_robot_bringup/hook/cmake_prefix_path.sh'
[4.618s] Level 1:colcon.colcon_core.environment:checking '/home/edwardak/my_robot_ws/install/my_robot_bringup/bin'
[4.619s] Level 1:colcon.colcon_core.environment:checking '/home/edwardak/my_robot_ws/install/my_robot_bringup/lib/pkgconfig/my_robot_bringup.pc'
[4.619s] Level 1:colcon.colcon_core.environment:checking '/home/edwardak/my_robot_ws/install/my_robot_bringup/lib/python3.12/site-packages'
[4.623s] Level 1:colcon.colcon_core.environment:checking '/home/edwardak/my_robot_ws/install/my_robot_bringup/bin'
[4.623s] INFO:colcon.colcon_core.shell:Creating package script '/home/edwardak/my_robot_ws/install/my_robot_bringup/share/my_robot_bringup/package.ps1'
[4.625s] INFO:colcon.colcon_core.shell:Creating package descriptor '/home/edwardak/my_robot_ws/install/my_robot_bringup/share/my_robot_bringup/package.dsv'
[4.626s] INFO:colcon.colcon_core.shell:Creating package script '/home/edwardak/my_robot_ws/install/my_robot_bringup/share/my_robot_bringup/package.sh'
[4.627s] INFO:colcon.colcon_core.shell:Creating package script '/home/edwardak/my_robot_ws/install/my_robot_bringup/share/my_robot_bringup/package.bash'
[4.629s] INFO:colcon.colcon_core.shell:Creating package script '/home/edwardak/my_robot_ws/install/my_robot_bringup/share/my_robot_bringup/package.zsh'
[4.631s] Level 1:colcon.colcon_core.environment:create_file_with_runtime_dependencies(/home/edwardak/my_robot_ws/install/my_robot_bringup/share/colcon-core/packages/my_robot_bringup)
[4.636s] Level 1:colcon.colcon_core.environment:create_environment_scripts_only(my_robot_bringup)
[4.637s] Level 1:colcon.colcon_core.environment:checking '/home/edwardak/my_robot_ws/install/my_robot_bringup' for CMake module files
[4.639s] Level 1:colcon.colcon_core.environment:checking '/home/edwardak/my_robot_ws/install/my_robot_bringup' for CMake config files
[4.639s] Level 1:colcon.colcon_core.shell:create_environment_hook('my_robot_bringup', 'cmake_prefix_path')
[4.640s] INFO:colcon.colcon_core.shell:Creating environment hook '/home/edwardak/my_robot_ws/install/my_robot_bringup/share/my_robot_bringup/hook/cmake_prefix_path.ps1'
[4.641s] INFO:colcon.colcon_core.shell:Creating environment descriptor '/home/edwardak/my_robot_ws/install/my_robot_bringup/share/my_robot_bringup/hook/cmake_prefix_path.dsv'
[4.643s] INFO:colcon.colcon_core.shell:Creating environment hook '/home/edwardak/my_robot_ws/install/my_robot_bringup/share/my_robot_bringup/hook/cmake_prefix_path.sh'
[4.645s] Level 1:colcon.colcon_core.environment:checking '/home/edwardak/my_robot_ws/install/my_robot_bringup/bin'
[4.646s] Level 1:colcon.colcon_core.environment:checking '/home/edwardak/my_robot_ws/install/my_robot_bringup/lib/pkgconfig/my_robot_bringup.pc'
[4.646s] Level 1:colcon.colcon_core.environment:checking '/home/edwardak/my_robot_ws/install/my_robot_bringup/lib/python3.12/site-packages'
[4.648s] Level 1:colcon.colcon_core.environment:checking '/home/edwardak/my_robot_ws/install/my_robot_bringup/bin'
[4.649s] INFO:colcon.colcon_core.shell:Creating package script '/home/edwardak/my_robot_ws/install/my_robot_bringup/share/my_robot_bringup/package.ps1'
[4.652s] INFO:colcon.colcon_core.shell:Creating package descriptor '/home/edwardak/my_robot_ws/install/my_robot_bringup/share/my_robot_bringup/package.dsv'
[4.654s] INFO:colcon.colcon_core.shell:Creating package script '/home/edwardak/my_robot_ws/install/my_robot_bringup/share/my_robot_bringup/package.sh'
[4.657s] INFO:colcon.colcon_core.shell:Creating package script '/home/edwardak/my_robot_ws/install/my_robot_bringup/share/my_robot_bringup/package.bash'
[4.658s] INFO:colcon.colcon_core.shell:Creating package script '/home/edwardak/my_robot_ws/install/my_robot_bringup/share/my_robot_bringup/package.zsh'
[4.659s] Level 1:colcon.colcon_core.environment:create_file_with_runtime_dependencies(/home/edwardak/my_robot_ws/install/my_robot_bringup/share/colcon-core/packages/my_robot_bringup)
[7.570s] DEBUG:colcon.colcon_core.event_handler.log_command:Invoking command in '/home/edwardak/my_robot_ws/src/my_camera': PYTHONPATH=/home/edwardak/my_robot_ws/build/my_camera/prefix_override:/usr/lib/python3/dist-packages/colcon_core/task/python/colcon_distutils_commands:/home/edwardak/my_robot_ws/install/my_camera/lib/python3.12/site-packages:${PYTHONPATH} /usr/bin/python3 -W ignore:setup.py install is deprecated -W ignore:easy_install command is deprecated setup.py egg_info --egg-base ../../build/my_camera build --build-base /home/edwardak/my_robot_ws/build/my_camera/build install --record /home/edwardak/my_robot_ws/build/my_camera/install.log --single-version-externally-managed install_data
[10.783s] Level 1:colcon.colcon_core.environment:checking '/home/edwardak/my_robot_ws/install/my_camera' for CMake module files
[10.785s] DEBUG:colcon.colcon_core.event_handler.log_command:Invoked command in '/home/edwardak/my_robot_ws/src/my_camera' returned '0': PYTHONPATH=/home/edwardak/my_robot_ws/build/my_camera/prefix_override:/usr/lib/python3/dist-packages/colcon_core/task/python/colcon_distutils_commands:/home/edwardak/my_robot_ws/install/my_camera/lib/python3.12/site-packages:${PYTHONPATH} /usr/bin/python3 -W ignore:setup.py install is deprecated -W ignore:easy_install command is deprecated setup.py egg_info --egg-base ../../build/my_camera build --build-base /home/edwardak/my_robot_ws/build/my_camera/build install --record /home/edwardak/my_robot_ws/build/my_camera/install.log --single-version-externally-managed install_data
[10.787s] Level 1:colcon.colcon_core.environment:checking '/home/edwardak/my_robot_ws/install/my_camera' for CMake config files
[10.792s] Level 1:colcon.colcon_core.environment:checking '/home/edwardak/my_robot_ws/install/my_camera/lib'
[10.793s] Level 1:colcon.colcon_core.environment:checking '/home/edwardak/my_robot_ws/install/my_camera/bin'
[10.793s] Level 1:colcon.colcon_core.environment:checking '/home/edwardak/my_robot_ws/install/my_camera/lib/pkgconfig/my_camera.pc'
[10.796s] Level 1:colcon.colcon_core.environment:checking '/home/edwardak/my_robot_ws/install/my_camera/lib/python3.12/site-packages'
[10.799s] Level 1:colcon.colcon_core.shell:create_environment_hook('my_camera', 'pythonpath')
[10.804s] INFO:colcon.colcon_core.shell:Creating environment hook '/home/edwardak/my_robot_ws/install/my_camera/share/my_camera/hook/pythonpath.ps1'
[10.806s] INFO:colcon.colcon_core.shell:Creating environment descriptor '/home/edwardak/my_robot_ws/install/my_camera/share/my_camera/hook/pythonpath.dsv'
[10.810s] INFO:colcon.colcon_core.shell:Creating environment hook '/home/edwardak/my_robot_ws/install/my_camera/share/my_camera/hook/pythonpath.sh'
[10.815s] Level 1:colcon.colcon_core.environment:checking '/home/edwardak/my_robot_ws/install/my_camera/bin'
[10.815s] Level 1:colcon.colcon_core.environment:create_environment_scripts_only(my_camera)
[10.816s] INFO:colcon.colcon_core.shell:Creating package script '/home/edwardak/my_robot_ws/install/my_camera/share/my_camera/package.ps1'
[10.818s] INFO:colcon.colcon_core.shell:Creating package descriptor '/home/edwardak/my_robot_ws/install/my_camera/share/my_camera/package.dsv'
[10.821s] INFO:colcon.colcon_core.shell:Creating package script '/home/edwardak/my_robot_ws/install/my_camera/share/my_camera/package.sh'
[10.823s] INFO:colcon.colcon_core.shell:Creating package script '/home/edwardak/my_robot_ws/install/my_camera/share/my_camera/package.bash'
[10.825s] INFO:colcon.colcon_core.shell:Creating package script '/home/edwardak/my_robot_ws/install/my_camera/share/my_camera/package.zsh'
[10.833s] Level 1:colcon.colcon_core.environment:create_file_with_runtime_dependencies(/home/edwardak/my_robot_ws/install/my_camera/share/colcon-core/packages/my_camera)
[10.836s] DEBUG:colcon.colcon_parallel_executor.executor.parallel:closing loop
[10.838s] DEBUG:colcon.colcon_parallel_executor.executor.parallel:loop closed
[10.838s] DEBUG:colcon.colcon_parallel_executor.executor.parallel:run_until_complete finished with '0'
[10.839s] DEBUG:colcon.colcon_core.event_reactor:joining thread
[11.273s] INFO:colcon.colcon_core.plugin_system:Skipping extension 'colcon_notification.desktop_notification.notify_send': Could not find 'notify-send'
[11.274s] INFO:colcon.colcon_core.plugin_system:Skipping extension 'colcon_notification.desktop_notification.terminal_notifier': Not used on non-Darwin systems
[11.274s] INFO:colcon.colcon_core.plugin_system:Skipping extension 'colcon_notification.desktop_notification.win32': Not used on non-Windows systems
[11.274s] INFO:colcon.colcon_notification.desktop_notification:Sending desktop notification using 'notify2'
[11.297s] DEBUG:colcon.colcon_notification.desktop_notification.notify2:Failed to initialize notify2: org.freedesktop.DBus.Error.ServiceUnknown: The name org.freedesktop.Notifications was not provided by any .service files
[11.298s] DEBUG:colcon.colcon_core.event_reactor:joined thread
[11.299s] INFO:colcon.colcon_core.shell:Creating prefix script '/home/edwardak/my_robot_ws/install/local_setup.ps1'
[11.303s] INFO:colcon.colcon_core.shell:Creating prefix util module '/home/edwardak/my_robot_ws/install/_local_setup_util_ps1.py'
[11.310s] INFO:colcon.colcon_core.shell:Creating prefix chain script '/home/edwardak/my_robot_ws/install/setup.ps1'
[11.322s] INFO:colcon.colcon_core.shell:Creating prefix script '/home/edwardak/my_robot_ws/install/local_setup.sh'
[11.325s] INFO:colcon.colcon_core.shell:Creating prefix util module '/home/edwardak/my_robot_ws/install/_local_setup_util_sh.py'
[11.330s] INFO:colcon.colcon_core.shell:Creating prefix chain script '/home/edwardak/my_robot_ws/install/setup.sh'
[11.339s] INFO:colcon.colcon_core.shell:Creating prefix script '/home/edwardak/my_robot_ws/install/local_setup.bash'
[11.341s] INFO:colcon.colcon_core.shell:Creating prefix chain script '/home/edwardak/my_robot_ws/install/setup.bash'
[11.350s] INFO:colcon.colcon_core.shell:Creating prefix script '/home/edwardak/my_robot_ws/install/local_setup.zsh'
[11.354s] INFO:colcon.colcon_core.shell:Creating prefix chain script '/home/edwardak/my_robot_ws/install/setup.zsh'
