[0.111s] Invoking command in '/home/edwardak/my_robot_ws/build/my_robot_description': CMAKE_PREFIX_PATH=${CMAKE_PREFIX_PATH}:/home/edwardak/my_robot_ws/install/my_camera:/opt/ros/jazzy /usr/bin/cmake --build /home/edwardak/my_robot_ws/build/my_robot_description -- -j8 -l8
[1.143s] Invoked command in '/home/edwardak/my_robot_ws/build/my_robot_description' returned '0': CMAKE_PREFIX_PATH=${CMAKE_PREFIX_PATH}:/home/edwardak/my_robot_ws/install/my_camera:/opt/ros/jazzy /usr/bin/cmake --build /home/edwardak/my_robot_ws/build/my_robot_description -- -j8 -l8
[1.184s] Invoking command in '/home/edwardak/my_robot_ws/build/my_robot_description': CMAKE_PREFIX_PATH=${CMAKE_PREFIX_PATH}:/home/edwardak/my_robot_ws/install/my_camera:/opt/ros/jazzy /usr/bin/cmake --install /home/edwardak/my_robot_ws/build/my_robot_description
[1.210s] -- Install configuration: ""
[1.211s] -- Up-to-date: /home/edwardak/my_robot_ws/install/my_robot_description/share/my_robot_description//urdf
[1.212s] -- Up-to-date: /home/edwardak/my_robot_ws/install/my_robot_description/share/my_robot_description//urdf/build
[1.213s] -- Up-to-date: /home/edwardak/my_robot_ws/install/my_robot_description/share/my_robot_description//urdf/build/COLCON_IGNORE
[1.223s] -- Up-to-date: /home/edwardak/my_robot_ws/install/my_robot_description/share/my_robot_description//urdf/build/.built_by
[1.224s] -- Up-to-date: /home/edwardak/my_robot_ws/install/my_robot_description/share/my_robot_description//urdf/my_robot.urdf.xacro
[1.224s] -- Up-to-date: /home/edwardak/my_robot_ws/install/my_robot_description/share/my_robot_description//urdf/common_properties.xacro
[1.224s] -- Up-to-date: /home/edwardak/my_robot_ws/install/my_robot_description/share/my_robot_description//urdf/log
[1.224s] -- Up-to-date: /home/edwardak/my_robot_ws/install/my_robot_description/share/my_robot_description//urdf/log/latest_build
[1.225s] -- Up-to-date: /home/edwardak/my_robot_ws/install/my_robot_description/share/my_robot_description//urdf/log/COLCON_IGNORE
[1.225s] -- Up-to-date: /home/edwardak/my_robot_ws/install/my_robot_description/share/my_robot_description//urdf/log/latest
[1.225s] -- Up-to-date: /home/edwardak/my_robot_ws/install/my_robot_description/share/my_robot_description//urdf/log/build_2025-11-02_02-05-41
[1.225s] -- Up-to-date: /home/edwardak/my_robot_ws/install/my_robot_description/share/my_robot_description//urdf/log/build_2025-11-02_02-05-41/logger_all.log
[1.225s] -- Up-to-date: /home/edwardak/my_robot_ws/install/my_robot_description/share/my_robot_description//urdf/log/build_2025-11-02_02-05-41/events.log
[1.226s] -- Up-to-date: /home/edwardak/my_robot_ws/install/my_robot_description/share/my_robot_description//urdf/install
[1.228s] -- Up-to-date: /home/edwardak/my_robot_ws/install/my_robot_description/share/my_robot_description//urdf/install/local_setup.sh
[1.228s] -- Up-to-date: /home/edwardak/my_robot_ws/install/my_robot_description/share/my_robot_description//urdf/install/local_setup.ps1
[1.229s] -- Up-to-date: /home/edwardak/my_robot_ws/install/my_robot_description/share/my_robot_description//urdf/install/COLCON_IGNORE
[1.230s] -- Up-to-date: /home/edwardak/my_robot_ws/install/my_robot_description/share/my_robot_description//urdf/install/local_setup.zsh
[1.230s] -- Up-to-date: /home/edwardak/my_robot_ws/install/my_robot_description/share/my_robot_description//urdf/install/_local_setup_util_sh.py
[1.231s] -- Up-to-date: /home/edwardak/my_robot_ws/install/my_robot_description/share/my_robot_description//urdf/install/setup.sh
[1.231s] -- Up-to-date: /home/edwardak/my_robot_ws/install/my_robot_description/share/my_robot_description//urdf/install/_local_setup_util_ps1.py
[1.232s] -- Up-to-date: /home/edwardak/my_robot_ws/install/my_robot_description/share/my_robot_description//urdf/install/.colcon_install_layout
[1.232s] -- Up-to-date: /home/edwardak/my_robot_ws/install/my_robot_description/share/my_robot_description//urdf/install/setup.zsh
[1.233s] -- Up-to-date: /home/edwardak/my_robot_ws/install/my_robot_description/share/my_robot_description//urdf/install/local_setup.bash
[1.234s] -- Up-to-date: /home/edwardak/my_robot_ws/install/my_robot_description/share/my_robot_description//urdf/install/setup.ps1
[1.235s] -- Up-to-date: /home/edwardak/my_robot_ws/install/my_robot_description/share/my_robot_description//urdf/install/setup.bash
[1.235s] -- Up-to-date: /home/edwardak/my_robot_ws/install/my_robot_description/share/my_robot_description//urdf/mobile_base.xacro
[1.236s] -- Up-to-date: /home/edwardak/my_robot_ws/install/my_robot_description/share/my_robot_description//urdf/xacro
[1.236s] -- Installing: /home/edwardak/my_robot_ws/install/my_robot_description/share/my_robot_description//urdf/mobile_base_gazebo.xacro
[1.237s] -- Up-to-date: /home/edwardak/my_robot_ws/install/my_robot_description/share/my_robot_description//meshes
[1.237s] -- Up-to-date: /home/edwardak/my_robot_ws/install/my_robot_description/share/my_robot_description//meshes/base.stl
[1.237s] -- Up-to-date: /home/edwardak/my_robot_ws/install/my_robot_description/share/my_robot_description//rviz
[1.237s] -- Up-to-date: /home/edwardak/my_robot_ws/install/my_robot_description/share/my_robot_description//rviz/urdf_config.rviz
[1.237s] -- Up-to-date: /home/edwardak/my_robot_ws/install/my_robot_description/share/my_robot_description//launch
[1.237s] -- Up-to-date: /home/edwardak/my_robot_ws/install/my_robot_description/share/my_robot_description//launch/display.launch.xml
[1.237s] -- Up-to-date: /home/edwardak/my_robot_ws/install/my_robot_description/share/my_robot_description//launch/display.launch.py
[1.238s] -- Up-to-date: /home/edwardak/my_robot_ws/install/my_robot_description/share/my_robot_description/package.xml
[1.238s] -- Up-to-date: /home/edwardak/my_robot_ws/install/my_robot_description/share/ament_index/resource_index/package_run_dependencies/my_robot_description
[1.238s] -- Up-to-date: /home/edwardak/my_robot_ws/install/my_robot_description/share/ament_index/resource_index/parent_prefix_path/my_robot_description
[1.240s] -- Up-to-date: /home/edwardak/my_robot_ws/install/my_robot_description/share/my_robot_description/environment/ament_prefix_path.sh
[1.240s] -- Up-to-date: /home/edwardak/my_robot_ws/install/my_robot_description/share/my_robot_description/environment/ament_prefix_path.dsv
[1.240s] -- Up-to-date: /home/edwardak/my_robot_ws/install/my_robot_description/share/my_robot_description/environment/path.sh
[1.241s] -- Up-to-date: /home/edwardak/my_robot_ws/install/my_robot_description/share/my_robot_description/environment/path.dsv
[1.242s] -- Up-to-date: /home/edwardak/my_robot_ws/install/my_robot_description/share/my_robot_description/local_setup.bash
[1.244s] -- Up-to-date: /home/edwardak/my_robot_ws/install/my_robot_description/share/my_robot_description/local_setup.sh
[1.245s] -- Up-to-date: /home/edwardak/my_robot_ws/install/my_robot_description/share/my_robot_description/local_setup.zsh
[1.245s] -- Up-to-date: /home/edwardak/my_robot_ws/install/my_robot_description/share/my_robot_description/local_setup.dsv
[1.245s] -- Installing: /home/edwardak/my_robot_ws/install/my_robot_description/share/my_robot_description/package.dsv
[1.245s] -- Up-to-date: /home/edwardak/my_robot_ws/install/my_robot_description/share/ament_index/resource_index/packages/my_robot_description
[1.245s] -- Up-to-date: /home/edwardak/my_robot_ws/install/my_robot_description/share/my_robot_description/cmake/my_robot_descriptionConfig.cmake
[1.246s] -- Up-to-date: /home/edwardak/my_robot_ws/install/my_robot_description/share/my_robot_description/cmake/my_robot_descriptionConfig-version.cmake
[1.246s] -- Up-to-date: /home/edwardak/my_robot_ws/install/my_robot_description/share/my_robot_description/package.xml
[1.246s] Invoked command in '/home/edwardak/my_robot_ws/build/my_robot_description' returned '0': CMAKE_PREFIX_PATH=${CMAKE_PREFIX_PATH}:/home/edwardak/my_robot_ws/install/my_camera:/opt/ros/jazzy /usr/bin/cmake --install /home/edwardak/my_robot_ws/build/my_robot_description
