[0.020s] Invoking command in '/home/edwardak/my_robot_ws/build/my_robot_description': /usr/bin/cmake --build /home/edwardak/my_robot_ws/build/my_robot_description -- -j8 -l8
[0.076s] Invoked command in '/home/edwardak/my_robot_ws/build/my_robot_description' returned '0': /usr/bin/cmake --build /home/edwardak/my_robot_ws/build/my_robot_description -- -j8 -l8
[0.091s] Invoking command in '/home/edwardak/my_robot_ws/build/my_robot_description': /usr/bin/cmake --install /home/edwardak/my_robot_ws/build/my_robot_description
[0.106s] -- Install configuration: ""
[0.106s] -- Up-to-date: /home/edwardak/my_robot_ws/install/my_robot_description/share/my_robot_description//urdf
[0.106s] -- Up-to-date: /home/edwardak/my_robot_ws/install/my_robot_description/share/my_robot_description//urdf/build
[0.106s] -- Up-to-date: /home/edwardak/my_robot_ws/install/my_robot_description/share/my_robot_description//urdf/build/COLCON_IGNORE
[0.107s] -- Up-to-date: /home/edwardak/my_robot_ws/install/my_robot_description/share/my_robot_description//urdf/build/.built_by
[0.107s] -- Up-to-date: /home/edwardak/my_robot_ws/install/my_robot_description/share/my_robot_description//urdf/my_robot.urdf.xacro
[0.108s] -- Up-to-date: /home/edwardak/my_robot_ws/install/my_robot_description/share/my_robot_description//urdf/common_properties.xacro
[0.108s] -- Up-to-date: /home/edwardak/my_robot_ws/install/my_robot_description/share/my_robot_description//urdf/log
[0.108s] -- Up-to-date: /home/edwardak/my_robot_ws/install/my_robot_description/share/my_robot_description//urdf/log/latest_build
[0.108s] -- Up-to-date: /home/edwardak/my_robot_ws/install/my_robot_description/share/my_robot_description//urdf/log/COLCON_IGNORE
[0.109s] -- Up-to-date: /home/edwardak/my_robot_ws/install/my_robot_description/share/my_robot_description//urdf/log/latest
[0.109s] -- Up-to-date: /home/edwardak/my_robot_ws/install/my_robot_description/share/my_robot_description//urdf/log/build_2025-11-02_02-05-41
[0.110s] -- Up-to-date: /home/edwardak/my_robot_ws/install/my_robot_description/share/my_robot_description//urdf/log/build_2025-11-02_02-05-41/logger_all.log
[0.111s] -- Up-to-date: /home/edwardak/my_robot_ws/install/my_robot_description/share/my_robot_description//urdf/log/build_2025-11-02_02-05-41/events.log
[0.111s] -- Up-to-date: /home/edwardak/my_robot_ws/install/my_robot_description/share/my_robot_description//urdf/install
[0.112s] -- Up-to-date: /home/edwardak/my_robot_ws/install/my_robot_description/share/my_robot_description//urdf/install/local_setup.sh
[0.112s] -- Up-to-date: /home/edwardak/my_robot_ws/install/my_robot_description/share/my_robot_description//urdf/install/local_setup.ps1
[0.112s] -- Up-to-date: /home/edwardak/my_robot_ws/install/my_robot_description/share/my_robot_description//urdf/install/COLCON_IGNORE
[0.112s] -- Up-to-date: /home/edwardak/my_robot_ws/install/my_robot_description/share/my_robot_description//urdf/install/local_setup.zsh
[0.112s] -- Up-to-date: /home/edwardak/my_robot_ws/install/my_robot_description/share/my_robot_description//urdf/install/_local_setup_util_sh.py
[0.113s] -- Up-to-date: /home/edwardak/my_robot_ws/install/my_robot_description/share/my_robot_description//urdf/install/setup.sh
[0.113s] -- Up-to-date: /home/edwardak/my_robot_ws/install/my_robot_description/share/my_robot_description//urdf/install/_local_setup_util_ps1.py
[0.113s] -- Up-to-date: /home/edwardak/my_robot_ws/install/my_robot_description/share/my_robot_description//urdf/install/.colcon_install_layout
[0.113s] -- Up-to-date: /home/edwardak/my_robot_ws/install/my_robot_description/share/my_robot_description//urdf/install/setup.zsh
[0.114s] -- Up-to-date: /home/edwardak/my_robot_ws/install/my_robot_description/share/my_robot_description//urdf/install/local_setup.bash
[0.114s] -- Up-to-date: /home/edwardak/my_robot_ws/install/my_robot_description/share/my_robot_description//urdf/install/setup.ps1
[0.114s] -- Up-to-date: /home/edwardak/my_robot_ws/install/my_robot_description/share/my_robot_description//urdf/install/setup.bash
[0.115s] -- Up-to-date: /home/edwardak/my_robot_ws/install/my_robot_description/share/my_robot_description//urdf/mobile_base.xacro
[0.115s] -- Up-to-date: /home/edwardak/my_robot_ws/install/my_robot_description/share/my_robot_description//meshes
[0.115s] -- Up-to-date: /home/edwardak/my_robot_ws/install/my_robot_description/share/my_robot_description//meshes/base.stl
[0.115s] -- Up-to-date: /home/edwardak/my_robot_ws/install/my_robot_description/share/my_robot_description//rviz
[0.116s] -- Up-to-date: /home/edwardak/my_robot_ws/install/my_robot_description/share/my_robot_description//rviz/urdf_config.rviz
[0.116s] -- Up-to-date: /home/edwardak/my_robot_ws/install/my_robot_description/share/my_robot_description//launch
[0.116s] -- Up-to-date: /home/edwardak/my_robot_ws/install/my_robot_description/share/my_robot_description//launch/display.launch.py
[0.116s] -- Up-to-date: /home/edwardak/my_robot_ws/install/my_robot_description/share/ament_index/resource_index/package_run_dependencies/my_robot_description
[0.117s] -- Up-to-date: /home/edwardak/my_robot_ws/install/my_robot_description/share/ament_index/resource_index/parent_prefix_path/my_robot_description
[0.117s] -- Up-to-date: /home/edwardak/my_robot_ws/install/my_robot_description/share/my_robot_description/environment/ament_prefix_path.sh
[0.117s] -- Up-to-date: /home/edwardak/my_robot_ws/install/my_robot_description/share/my_robot_description/environment/ament_prefix_path.dsv
[0.118s] -- Up-to-date: /home/edwardak/my_robot_ws/install/my_robot_description/share/my_robot_description/environment/path.sh
[0.118s] -- Up-to-date: /home/edwardak/my_robot_ws/install/my_robot_description/share/my_robot_description/environment/path.dsv
[0.118s] -- Up-to-date: /home/edwardak/my_robot_ws/install/my_robot_description/share/my_robot_description/local_setup.bash
[0.118s] -- Up-to-date: /home/edwardak/my_robot_ws/install/my_robot_description/share/my_robot_description/local_setup.sh
[0.119s] -- Up-to-date: /home/edwardak/my_robot_ws/install/my_robot_description/share/my_robot_description/local_setup.zsh
[0.119s] -- Up-to-date: /home/edwardak/my_robot_ws/install/my_robot_description/share/my_robot_description/local_setup.dsv
[0.119s] -- Installing: /home/edwardak/my_robot_ws/install/my_robot_description/share/my_robot_description/package.dsv
[0.119s] -- Up-to-date: /home/edwardak/my_robot_ws/install/my_robot_description/share/ament_index/resource_index/packages/my_robot_description
[0.120s] -- Up-to-date: /home/edwardak/my_robot_ws/install/my_robot_description/share/my_robot_description/cmake/my_robot_descriptionConfig.cmake
[0.120s] -- Up-to-date: /home/edwardak/my_robot_ws/install/my_robot_description/share/my_robot_description/cmake/my_robot_descriptionConfig-version.cmake
[0.120s] -- Up-to-date: /home/edwardak/my_robot_ws/install/my_robot_description/share/my_robot_description/package.xml
[0.121s] Invoked command in '/home/edwardak/my_robot_ws/build/my_robot_description' returned '0': /usr/bin/cmake --install /home/edwardak/my_robot_ws/build/my_robot_description
