[0.041s] Invoking command in '/home/edwardak/my_robot_ws/build/my_robot_description': CMAKE_PREFIX_PATH=${CMAKE_PREFIX_PATH}:/opt/ros/jazzy /usr/bin/cmake --build /home/edwardak/my_robot_ws/build/my_robot_description -- -j8 -l8
[0.319s] Invoked command in '/home/edwardak/my_robot_ws/build/my_robot_description' returned '0': CMAKE_PREFIX_PATH=${CMAKE_PREFIX_PATH}:/opt/ros/jazzy /usr/bin/cmake --build /home/edwardak/my_robot_ws/build/my_robot_description -- -j8 -l8
[0.344s] Invoking command in '/home/edwardak/my_robot_ws/build/my_robot_description': CMAKE_PREFIX_PATH=${CMAKE_PREFIX_PATH}:/opt/ros/jazzy /usr/bin/cmake --install /home/edwardak/my_robot_ws/build/my_robot_description
[0.366s] -- Install configuration: ""
[0.367s] -- Up-to-date: /home/edwardak/my_robot_ws/install/my_robot_description/share/my_robot_description//urdf
[0.367s] -- Up-to-date: /home/edwardak/my_robot_ws/install/my_robot_description/share/my_robot_description//urdf/my_robot.urdf.xacro
[0.368s] -- Up-to-date: /home/edwardak/my_robot_ws/install/my_robot_description/share/my_robot_description//meshes
[0.369s] -- Up-to-date: /home/edwardak/my_robot_ws/install/my_robot_description/share/my_robot_description//meshes/base.stl
[0.369s] -- Up-to-date: /home/edwardak/my_robot_ws/install/my_robot_description/share/my_robot_description//rviz
[0.370s] -- Up-to-date: /home/edwardak/my_robot_ws/install/my_robot_description/share/my_robot_description//rviz/urdf_config.rviz
[0.370s] -- Up-to-date: /home/edwardak/my_robot_ws/install/my_robot_description/share/my_robot_description//launch
[0.372s] -- Up-to-date: /home/edwardak/my_robot_ws/install/my_robot_description/share/my_robot_description//launch/display.launch.py
[0.372s] -- Up-to-date: /home/edwardak/my_robot_ws/install/my_robot_description/share/ament_index/resource_index/package_run_dependencies/my_robot_description
[0.373s] -- Up-to-date: /home/edwardak/my_robot_ws/install/my_robot_description/share/ament_index/resource_index/parent_prefix_path/my_robot_description
[0.374s] -- Up-to-date: /home/edwardak/my_robot_ws/install/my_robot_description/share/my_robot_description/environment/ament_prefix_path.sh
[0.374s] -- Up-to-date: /home/edwardak/my_robot_ws/install/my_robot_description/share/my_robot_description/environment/ament_prefix_path.dsv
[0.375s] -- Up-to-date: /home/edwardak/my_robot_ws/install/my_robot_description/share/my_robot_description/environment/path.sh
[0.376s] -- Up-to-date: /home/edwardak/my_robot_ws/install/my_robot_description/share/my_robot_description/environment/path.dsv
[0.376s] -- Up-to-date: /home/edwardak/my_robot_ws/install/my_robot_description/share/my_robot_description/local_setup.bash
[0.377s] -- Up-to-date: /home/edwardak/my_robot_ws/install/my_robot_description/share/my_robot_description/local_setup.sh
[0.377s] -- Up-to-date: /home/edwardak/my_robot_ws/install/my_robot_description/share/my_robot_description/local_setup.zsh
[0.377s] -- Up-to-date: /home/edwardak/my_robot_ws/install/my_robot_description/share/my_robot_description/local_setup.dsv
[0.378s] -- Installing: /home/edwardak/my_robot_ws/install/my_robot_description/share/my_robot_description/package.dsv
[0.378s] -- Up-to-date: /home/edwardak/my_robot_ws/install/my_robot_description/share/ament_index/resource_index/packages/my_robot_description
[0.378s] -- Up-to-date: /home/edwardak/my_robot_ws/install/my_robot_description/share/my_robot_description/cmake/my_robot_descriptionConfig.cmake
[0.379s] -- Up-to-date: /home/edwardak/my_robot_ws/install/my_robot_description/share/my_robot_description/cmake/my_robot_descriptionConfig-version.cmake
[0.379s] -- Up-to-date: /home/edwardak/my_robot_ws/install/my_robot_description/share/my_robot_description/package.xml
[0.382s] Invoked command in '/home/edwardak/my_robot_ws/build/my_robot_description' returned '0': CMAKE_PREFIX_PATH=${CMAKE_PREFIX_PATH}:/opt/ros/jazzy /usr/bin/cmake --install /home/edwardak/my_robot_ws/build/my_robot_description
