[0.127s] Invoking command in '/home/edwardak/my_robot_ws/build/my_robot_description': CMAKE_PREFIX_PATH=${CMAKE_PREFIX_PATH}:/home/edwardak/my_robot_ws/install/my_camera:/opt/ros/jazzy /usr/bin/cmake /home/edwardak/my_robot_ws/src/my_robot_description -DCMAKE_INSTALL_PREFIX=/home/edwardak/my_robot_ws/install/my_robot_description
[0.542s] -- Found ament_cmake: 2.5.4 (/opt/ros/jazzy/share/ament_cmake/cmake)
[1.565s] -- Override CMake install command with custom implementation using symlinks instead of copying resources
[2.176s] -- Configuring done (1.8s)
[2.225s] -- Generating done (0.0s)
[2.239s] -- Build files have been written to: /home/edwardak/my_robot_ws/build/my_robot_description
[2.269s] Invoked command in '/home/edwardak/my_robot_ws/build/my_robot_description' returned '0': CMAKE_PREFIX_PATH=${CMAKE_PREFIX_PATH}:/home/edwardak/my_robot_ws/install/my_camera:/opt/ros/jazzy /usr/bin/cmake /home/edwardak/my_robot_ws/src/my_robot_description -DCMAKE_INSTALL_PREFIX=/home/edwardak/my_robot_ws/install/my_robot_description
[2.271s] Invoking command in '/home/edwardak/my_robot_ws/build/my_robot_description': CMAKE_PREFIX_PATH=${CMAKE_PREFIX_PATH}:/home/edwardak/my_robot_ws/install/my_camera:/opt/ros/jazzy /usr/bin/cmake --build /home/edwardak/my_robot_ws/build/my_robot_description -- -j8 -l8
[2.456s] Invoked command in '/home/edwardak/my_robot_ws/build/my_robot_description' returned '0': CMAKE_PREFIX_PATH=${CMAKE_PREFIX_PATH}:/home/edwardak/my_robot_ws/install/my_camera:/opt/ros/jazzy /usr/bin/cmake --build /home/edwardak/my_robot_ws/build/my_robot_description -- -j8 -l8
[2.496s] Invoking command in '/home/edwardak/my_robot_ws/build/my_robot_description': CMAKE_PREFIX_PATH=${CMAKE_PREFIX_PATH}:/home/edwardak/my_robot_ws/install/my_camera:/opt/ros/jazzy /usr/bin/cmake --install /home/edwardak/my_robot_ws/build/my_robot_description
[2.539s] -- Install configuration: ""
[2.540s] -- Execute custom install script
[2.548s] [33mCMake Warning (dev) at ament_cmake_symlink_install/ament_cmake_symlink_install.cmake:62 (file):
[2.549s]   Policy CMP0009 is not set: FILE GLOB_RECURSE calls should not follow
[2.549s]   symlinks by default.  Run "cmake --help-policy CMP0009" for policy details.
[2.549s]   Use the cmake_policy command to set the policy and suppress this warning.
[2.549s] Call Stack (most recent call first):
[2.549s]   ament_cmake_symlink_install/ament_cmake_symlink_install.cmake:314 (ament_cmake_symlink_install_directory)
[2.550s]   cmake_install.cmake:46 (include)
[2.550s] This warning is for project developers.  Use -Wno-dev to suppress it.
[2.550s] [0m
[2.556s] -- Up-to-date symlink: /home/edwardak/my_robot_ws/install/my_robot_description/share/my_robot_description//urdf/build/.built_by
[2.556s] -- Up-to-date symlink: /home/edwardak/my_robot_ws/install/my_robot_description/share/my_robot_description//urdf/build/COLCON_IGNORE
[2.557s] -- Up-to-date symlink: /home/edwardak/my_robot_ws/install/my_robot_description/share/my_robot_description//urdf/common_properties.xacro
[2.557s] -- Up-to-date symlink: /home/edwardak/my_robot_ws/install/my_robot_description/share/my_robot_description//urdf/install/.colcon_install_layout
[2.557s] -- Up-to-date symlink: /home/edwardak/my_robot_ws/install/my_robot_description/share/my_robot_description//urdf/install/COLCON_IGNORE
[2.558s] -- Up-to-date symlink: /home/edwardak/my_robot_ws/install/my_robot_description/share/my_robot_description//urdf/install/_local_setup_util_ps1.py
[2.559s] -- Up-to-date symlink: /home/edwardak/my_robot_ws/install/my_robot_description/share/my_robot_description//urdf/install/_local_setup_util_sh.py
[2.559s] -- Up-to-date symlink: /home/edwardak/my_robot_ws/install/my_robot_description/share/my_robot_description//urdf/install/local_setup.bash
[2.565s] -- Up-to-date symlink: /home/edwardak/my_robot_ws/install/my_robot_description/share/my_robot_description//urdf/install/local_setup.ps1
[2.566s] -- Up-to-date symlink: /home/edwardak/my_robot_ws/install/my_robot_description/share/my_robot_description//urdf/install/local_setup.sh
[2.567s] -- Up-to-date symlink: /home/edwardak/my_robot_ws/install/my_robot_description/share/my_robot_description//urdf/install/local_setup.zsh
[2.567s] -- Up-to-date symlink: /home/edwardak/my_robot_ws/install/my_robot_description/share/my_robot_description//urdf/install/setup.bash
[2.568s] -- Up-to-date symlink: /home/edwardak/my_robot_ws/install/my_robot_description/share/my_robot_description//urdf/install/setup.ps1
[2.569s] -- Up-to-date symlink: /home/edwardak/my_robot_ws/install/my_robot_description/share/my_robot_description//urdf/install/setup.sh
[2.573s] -- Up-to-date symlink: /home/edwardak/my_robot_ws/install/my_robot_description/share/my_robot_description//urdf/install/setup.zsh
[2.579s] -- Up-to-date symlink: /home/edwardak/my_robot_ws/install/my_robot_description/share/my_robot_description//urdf/log/COLCON_IGNORE
[2.580s] -- Up-to-date symlink: /home/edwardak/my_robot_ws/install/my_robot_description/share/my_robot_description//urdf/log/build_2025-11-02_02-05-41/events.log
[2.580s] -- Up-to-date symlink: /home/edwardak/my_robot_ws/install/my_robot_description/share/my_robot_description//urdf/log/build_2025-11-02_02-05-41/logger_all.log
[2.580s] -- Up-to-date symlink: /home/edwardak/my_robot_ws/install/my_robot_description/share/my_robot_description//urdf/log/latest/events.log
[2.580s] -- Up-to-date symlink: /home/edwardak/my_robot_ws/install/my_robot_description/share/my_robot_description//urdf/log/latest/logger_all.log
[2.581s] -- Up-to-date symlink: /home/edwardak/my_robot_ws/install/my_robot_description/share/my_robot_description//urdf/log/latest_build/events.log
[2.581s] -- Up-to-date symlink: /home/edwardak/my_robot_ws/install/my_robot_description/share/my_robot_description//urdf/log/latest_build/logger_all.log
[2.581s] -- Up-to-date symlink: /home/edwardak/my_robot_ws/install/my_robot_description/share/my_robot_description//urdf/mobile_base.xacro
[2.582s] -- Up-to-date symlink: /home/edwardak/my_robot_ws/install/my_robot_description/share/my_robot_description//urdf/mobile_base_gazebo.xacro
[2.582s] -- Up-to-date symlink: /home/edwardak/my_robot_ws/install/my_robot_description/share/my_robot_description//urdf/my_robot.urdf.xacro
[2.582s] -- Up-to-date symlink: /home/edwardak/my_robot_ws/install/my_robot_description/share/my_robot_description//urdf/xacro
[2.582s] -- Up-to-date symlink: /home/edwardak/my_robot_ws/install/my_robot_description/share/my_robot_description//meshes/base.stl
[2.584s] -- Up-to-date symlink: /home/edwardak/my_robot_ws/install/my_robot_description/share/my_robot_description//rviz/urdf_config.rviz
[2.588s] -- Up-to-date symlink: /home/edwardak/my_robot_ws/install/my_robot_description/share/my_robot_description//launch/display.launch.py
[2.589s] -- Up-to-date symlink: /home/edwardak/my_robot_ws/install/my_robot_description/share/my_robot_description//launch/display.launch.xml
[2.589s] -- Up-to-date symlink: /home/edwardak/my_robot_ws/install/my_robot_description/share/my_robot_description/package.xml
[2.589s] -- Up-to-date symlink: /home/edwardak/my_robot_ws/install/my_robot_description/share/ament_index/resource_index/package_run_dependencies/my_robot_description
[2.590s] -- Up-to-date symlink: /home/edwardak/my_robot_ws/install/my_robot_description/share/ament_index/resource_index/parent_prefix_path/my_robot_description
[2.594s] -- Up-to-date symlink: /home/edwardak/my_robot_ws/install/my_robot_description/share/my_robot_description/environment/ament_prefix_path.sh
[2.595s] -- Up-to-date symlink: /home/edwardak/my_robot_ws/install/my_robot_description/share/my_robot_description/environment/ament_prefix_path.dsv
[2.601s] -- Up-to-date symlink: /home/edwardak/my_robot_ws/install/my_robot_description/share/my_robot_description/environment/path.sh
[2.602s] -- Up-to-date symlink: /home/edwardak/my_robot_ws/install/my_robot_description/share/my_robot_description/environment/path.dsv
[2.602s] -- Up-to-date symlink: /home/edwardak/my_robot_ws/install/my_robot_description/share/my_robot_description/local_setup.bash
[2.603s] -- Up-to-date symlink: /home/edwardak/my_robot_ws/install/my_robot_description/share/my_robot_description/local_setup.sh
[2.603s] -- Up-to-date symlink: /home/edwardak/my_robot_ws/install/my_robot_description/share/my_robot_description/local_setup.zsh
[2.603s] -- Up-to-date symlink: /home/edwardak/my_robot_ws/install/my_robot_description/share/my_robot_description/local_setup.dsv
[2.603s] -- Symlinking: /home/edwardak/my_robot_ws/install/my_robot_description/share/my_robot_description/package.dsv
[2.643s] -- Up-to-date symlink: /home/edwardak/my_robot_ws/install/my_robot_description/share/ament_index/resource_index/packages/my_robot_description
[2.644s] -- Up-to-date symlink: /home/edwardak/my_robot_ws/install/my_robot_description/share/my_robot_description/cmake/my_robot_descriptionConfig.cmake
[2.646s] -- Up-to-date symlink: /home/edwardak/my_robot_ws/install/my_robot_description/share/my_robot_description/cmake/my_robot_descriptionConfig-version.cmake
[2.647s] -- Up-to-date symlink: /home/edwardak/my_robot_ws/install/my_robot_description/share/my_robot_description/package.xml
[2.663s] Invoked command in '/home/edwardak/my_robot_ws/build/my_robot_description' returned '0': CMAKE_PREFIX_PATH=${CMAKE_PREFIX_PATH}:/home/edwardak/my_robot_ws/install/my_camera:/opt/ros/jazzy /usr/bin/cmake --install /home/edwardak/my_robot_ws/build/my_robot_description
