[0.000000] (-) TimerEvent: {}
[0.000807] (my_robot_description) JobQueued: {'identifier': 'my_robot_description', 'dependencies': OrderedDict()}
[0.002112] (my_robot_description) JobStarted: {'identifier': 'my_robot_description'}
[0.013298] (my_robot_description) JobProgress: {'identifier': 'my_robot_description', 'progress': 'cmake'}
[0.016263] (my_robot_description) JobProgress: {'identifier': 'my_robot_description', 'progress': 'build'}
[0.016872] (my_robot_description) Command: {'cmd': ['/usr/bin/cmake', '--build', '/home/edwardak/my_robot_ws/build/my_robot_description', '--', '-j8', '-l8'], 'cwd': '/home/edwardak/my_robot_ws/build/my_robot_description', 'env': OrderedDict({'USER': 'edwardak', 'SHLVL': '1', 'HOME': '/home/edwardak', 'OLDPWD': '/home/edwardak', 'DBUS_SESSION_BUS_ADDRESS': 'unix:path=/run/user/1000/bus', 'WSL_DISTRO_NAME': 'Ubuntu', 'WAYLAND_DISPLAY': 'wayland-0', 'COLCON_PREFIX_PATH': '/home/edwardak/my_robot_ws/install', 'LOGNAME': 'edwardak', 'NAME': 'LAPTOP-PUJONALH', 'WSL_INTEROP': '/run/WSL/1110_interop', 'PULSE_SERVER': 'unix:/mnt/wslg/PulseServer', '_': '/usr/bin/colcon', 'TERM': 'xterm-256color', 'PATH': '/usr/local/sbin:/usr/local/bin:/usr/sbin:/usr/bin:/sbin:/bin:/usr/games:/usr/local/games:/usr/lib/wsl/lib:/mnt/c/Program Files/WindowsApps/MicrosoftCorporationII.WindowsSubsystemForLinux_2.6.1.0_x64__8wekyb3d8bbwe:/mnt/c/Program Files/Common Files/Oracle/Java/javapath:/mnt/c/Program Files (x86)/VMware/VMware Workstation/bin/:/mnt/c/WINDOWS/system32:/mnt/c/WINDOWS:/mnt/c/WINDOWS/System32/Wbem:/mnt/c/WINDOWS/System32/WindowsPowerShell/v1.0/:/mnt/c/WINDOWS/System32/OpenSSH/:/mnt/c/Program Files/Git/cmd:/mnt/c/Program Files/nodejs/:/mnt/c/Program Files (x86)/Microsoft SQL Server/160/Tools/Binn/:/mnt/c/Program Files/Microsoft SQL Server/160/Tools/Binn/:/mnt/c/Program Files/Microsoft SQL Server/Client SDK/ODBC/170/Tools/Binn/:/mnt/c/Program Files/Microsoft SQL Server/160/DTS/Binn/:/mnt/c/Program Files/dotnet/:/mnt/c/Program Files/Vagrant/bin:/mnt/c/Program Files/HP/HP One Agent:/mnt/c/Users/edwar/AppData/Local/Microsoft/WindowsApps:/mnt/c/Users/edwar/AppData/Local/atom/bin:/mnt/c/Program Files (x86)/Nmap:/mnt/c/Users/edwar/AppData/Local/Programs/Microsoft VS Code/bin:/mnt/c/Program Files/JetBrains/IntelliJ IDEA Community Edition 2021.2.2/bin:/mnt/c/Users/edwar/AppData/Roaming/npm:/mnt/c/Program Files/heroku/bin:/mnt/c/Users/edwar/AppData/Local/Microsoft/WindowsApps:/mnt/c/Users/edwar/AppData/Local/Programs/mongosh/:/mnt/c/Users/edwar/AppData/Roaming/Microsoft/Windows/Start Menu/Programs/Python 3.9:/mnt/c/Users/edwar/.dotnet/tools:/snap/bin', 'XDG_RUNTIME_DIR': '/run/user/1000/', 'DISPLAY': ':0', 'LANG': 'en_US.UTF-8', 'AMENT_PREFIX_PATH': '/home/edwardak/my_robot_ws/install/my_robot_description', 'SHELL': '/bin/bash', 'PWD': '/home/edwardak/my_robot_ws/build/my_robot_description', 'XDG_DATA_DIRS': '/usr/local/share:/usr/share:/var/lib/snapd/desktop', 'COLCON': '1', 'WSL2_GUI_APPS_ENABLED': '1', 'HOSTTYPE': 'x86_64', 'CMAKE_PREFIX_PATH': '/home/edwardak/my_robot_ws/install/my_robot_description', 'WSLENV': ''}), 'shell': False}
[0.077727] (my_robot_description) CommandEnded: {'returncode': 0}
[0.079213] (my_robot_description) JobProgress: {'identifier': 'my_robot_description', 'progress': 'install'}
[0.092703] (my_robot_description) Command: {'cmd': ['/usr/bin/cmake', '--install', '/home/edwardak/my_robot_ws/build/my_robot_description'], 'cwd': '/home/edwardak/my_robot_ws/build/my_robot_description', 'env': OrderedDict({'USER': 'edwardak', 'SHLVL': '1', 'HOME': '/home/edwardak', 'OLDPWD': '/home/edwardak', 'DBUS_SESSION_BUS_ADDRESS': 'unix:path=/run/user/1000/bus', 'WSL_DISTRO_NAME': 'Ubuntu', 'WAYLAND_DISPLAY': 'wayland-0', 'COLCON_PREFIX_PATH': '/home/edwardak/my_robot_ws/install', 'LOGNAME': 'edwardak', 'NAME': 'LAPTOP-PUJONALH', 'WSL_INTEROP': '/run/WSL/1110_interop', 'PULSE_SERVER': 'unix:/mnt/wslg/PulseServer', '_': '/usr/bin/colcon', 'TERM': 'xterm-256color', 'PATH': '/usr/local/sbin:/usr/local/bin:/usr/sbin:/usr/bin:/sbin:/bin:/usr/games:/usr/local/games:/usr/lib/wsl/lib:/mnt/c/Program Files/WindowsApps/MicrosoftCorporationII.WindowsSubsystemForLinux_2.6.1.0_x64__8wekyb3d8bbwe:/mnt/c/Program Files/Common Files/Oracle/Java/javapath:/mnt/c/Program Files (x86)/VMware/VMware Workstation/bin/:/mnt/c/WINDOWS/system32:/mnt/c/WINDOWS:/mnt/c/WINDOWS/System32/Wbem:/mnt/c/WINDOWS/System32/WindowsPowerShell/v1.0/:/mnt/c/WINDOWS/System32/OpenSSH/:/mnt/c/Program Files/Git/cmd:/mnt/c/Program Files/nodejs/:/mnt/c/Program Files (x86)/Microsoft SQL Server/160/Tools/Binn/:/mnt/c/Program Files/Microsoft SQL Server/160/Tools/Binn/:/mnt/c/Program Files/Microsoft SQL Server/Client SDK/ODBC/170/Tools/Binn/:/mnt/c/Program Files/Microsoft SQL Server/160/DTS/Binn/:/mnt/c/Program Files/dotnet/:/mnt/c/Program Files/Vagrant/bin:/mnt/c/Program Files/HP/HP One Agent:/mnt/c/Users/edwar/AppData/Local/Microsoft/WindowsApps:/mnt/c/Users/edwar/AppData/Local/atom/bin:/mnt/c/Program Files (x86)/Nmap:/mnt/c/Users/edwar/AppData/Local/Programs/Microsoft VS Code/bin:/mnt/c/Program Files/JetBrains/IntelliJ IDEA Community Edition 2021.2.2/bin:/mnt/c/Users/edwar/AppData/Roaming/npm:/mnt/c/Program Files/heroku/bin:/mnt/c/Users/edwar/AppData/Local/Microsoft/WindowsApps:/mnt/c/Users/edwar/AppData/Local/Programs/mongosh/:/mnt/c/Users/edwar/AppData/Roaming/Microsoft/Windows/Start Menu/Programs/Python 3.9:/mnt/c/Users/edwar/.dotnet/tools:/snap/bin', 'XDG_RUNTIME_DIR': '/run/user/1000/', 'DISPLAY': ':0', 'LANG': 'en_US.UTF-8', 'AMENT_PREFIX_PATH': '/home/edwardak/my_robot_ws/install/my_robot_description', 'SHELL': '/bin/bash', 'PWD': '/home/edwardak/my_robot_ws/build/my_robot_description', 'XDG_DATA_DIRS': '/usr/local/share:/usr/share:/var/lib/snapd/desktop', 'COLCON': '1', 'WSL2_GUI_APPS_ENABLED': '1', 'HOSTTYPE': 'x86_64', 'CMAKE_PREFIX_PATH': '/home/edwardak/my_robot_ws/install/my_robot_description', 'WSLENV': ''}), 'shell': False}
[0.099114] (-) TimerEvent: {}
[0.107510] (my_robot_description) StdoutLine: {'line': b'-- Install configuration: ""\n'}
[0.107969] (my_robot_description) StdoutLine: {'line': b'-- Up-to-date: /home/edwardak/my_robot_ws/install/my_robot_description/share/my_robot_description//urdf\n'}
[0.108204] (my_robot_description) StdoutLine: {'line': b'-- Up-to-date: /home/edwardak/my_robot_ws/install/my_robot_description/share/my_robot_description//urdf/build\n'}
[0.108366] (my_robot_description) StdoutLine: {'line': b'-- Up-to-date: /home/edwardak/my_robot_ws/install/my_robot_description/share/my_robot_description//urdf/build/COLCON_IGNORE\n'}
[0.108626] (my_robot_description) StdoutLine: {'line': b'-- Up-to-date: /home/edwardak/my_robot_ws/install/my_robot_description/share/my_robot_description//urdf/build/.built_by\n'}
[0.109074] (my_robot_description) StdoutLine: {'line': b'-- Up-to-date: /home/edwardak/my_robot_ws/install/my_robot_description/share/my_robot_description//urdf/my_robot.urdf.xacro\n'}
[0.109457] (my_robot_description) StdoutLine: {'line': b'-- Up-to-date: /home/edwardak/my_robot_ws/install/my_robot_description/share/my_robot_description//urdf/common_properties.xacro\n'}
[0.109936] (my_robot_description) StdoutLine: {'line': b'-- Up-to-date: /home/edwardak/my_robot_ws/install/my_robot_description/share/my_robot_description//urdf/log\n'}
[0.110350] (my_robot_description) StdoutLine: {'line': b'-- Up-to-date: /home/edwardak/my_robot_ws/install/my_robot_description/share/my_robot_description//urdf/log/latest_build\n'}
[0.110437] (my_robot_description) StdoutLine: {'line': b'-- Up-to-date: /home/edwardak/my_robot_ws/install/my_robot_description/share/my_robot_description//urdf/log/COLCON_IGNORE\n'}
[0.110663] (my_robot_description) StdoutLine: {'line': b'-- Up-to-date: /home/edwardak/my_robot_ws/install/my_robot_description/share/my_robot_description//urdf/log/latest\n'}
[0.110937] (my_robot_description) StdoutLine: {'line': b'-- Up-to-date: /home/edwardak/my_robot_ws/install/my_robot_description/share/my_robot_description//urdf/log/build_2025-11-02_02-05-41\n'}
[0.111238] (my_robot_description) StdoutLine: {'line': b'-- Up-to-date: /home/edwardak/my_robot_ws/install/my_robot_description/share/my_robot_description//urdf/log/build_2025-11-02_02-05-41/logger_all.log\n'}
[0.112350] (my_robot_description) StdoutLine: {'line': b'-- Up-to-date: /home/edwardak/my_robot_ws/install/my_robot_description/share/my_robot_description//urdf/log/build_2025-11-02_02-05-41/events.log\n'}
[0.113119] (my_robot_description) StdoutLine: {'line': b'-- Up-to-date: /home/edwardak/my_robot_ws/install/my_robot_description/share/my_robot_description//urdf/install\n'}
[0.113583] (my_robot_description) StdoutLine: {'line': b'-- Up-to-date: /home/edwardak/my_robot_ws/install/my_robot_description/share/my_robot_description//urdf/install/local_setup.sh\n'}
[0.114182] (my_robot_description) StdoutLine: {'line': b'-- Up-to-date: /home/edwardak/my_robot_ws/install/my_robot_description/share/my_robot_description//urdf/install/local_setup.ps1\n'}
[0.114311] (my_robot_description) StdoutLine: {'line': b'-- Up-to-date: /home/edwardak/my_robot_ws/install/my_robot_description/share/my_robot_description//urdf/install/COLCON_IGNORE\n'}
[0.114433] (my_robot_description) StdoutLine: {'line': b'-- Up-to-date: /home/edwardak/my_robot_ws/install/my_robot_description/share/my_robot_description//urdf/install/local_setup.zsh\n'}
[0.114528] (my_robot_description) StdoutLine: {'line': b'-- Up-to-date: /home/edwardak/my_robot_ws/install/my_robot_description/share/my_robot_description//urdf/install/_local_setup_util_sh.py\n'}
[0.114626] (my_robot_description) StdoutLine: {'line': b'-- Up-to-date: /home/edwardak/my_robot_ws/install/my_robot_description/share/my_robot_description//urdf/install/setup.sh\n'}
[0.114725] (my_robot_description) StdoutLine: {'line': b'-- Up-to-date: /home/edwardak/my_robot_ws/install/my_robot_description/share/my_robot_description//urdf/install/_local_setup_util_ps1.py\n'}
[0.114855] (my_robot_description) StdoutLine: {'line': b'-- Up-to-date: /home/edwardak/my_robot_ws/install/my_robot_description/share/my_robot_description//urdf/install/.colcon_install_layout\n'}
[0.114968] (my_robot_description) StdoutLine: {'line': b'-- Up-to-date: /home/edwardak/my_robot_ws/install/my_robot_description/share/my_robot_description//urdf/install/setup.zsh\n'}
[0.115138] (my_robot_description) StdoutLine: {'line': b'-- Up-to-date: /home/edwardak/my_robot_ws/install/my_robot_description/share/my_robot_description//urdf/install/local_setup.bash\n'}
[0.115992] (my_robot_description) StdoutLine: {'line': b'-- Up-to-date: /home/edwardak/my_robot_ws/install/my_robot_description/share/my_robot_description//urdf/install/setup.ps1\n'}
[0.116333] (my_robot_description) StdoutLine: {'line': b'-- Up-to-date: /home/edwardak/my_robot_ws/install/my_robot_description/share/my_robot_description//urdf/install/setup.bash\n'}
[0.116606] (my_robot_description) StdoutLine: {'line': b'-- Up-to-date: /home/edwardak/my_robot_ws/install/my_robot_description/share/my_robot_description//urdf/mobile_base.xacro\n'}
[0.116896] (my_robot_description) StdoutLine: {'line': b'-- Up-to-date: /home/edwardak/my_robot_ws/install/my_robot_description/share/my_robot_description//meshes\n'}
[0.117148] (my_robot_description) StdoutLine: {'line': b'-- Up-to-date: /home/edwardak/my_robot_ws/install/my_robot_description/share/my_robot_description//meshes/base.stl\n'}
[0.117384] (my_robot_description) StdoutLine: {'line': b'-- Up-to-date: /home/edwardak/my_robot_ws/install/my_robot_description/share/my_robot_description//rviz\n'}
[0.117637] (my_robot_description) StdoutLine: {'line': b'-- Up-to-date: /home/edwardak/my_robot_ws/install/my_robot_description/share/my_robot_description//rviz/urdf_config.rviz\n'}
[0.117892] (my_robot_description) StdoutLine: {'line': b'-- Up-to-date: /home/edwardak/my_robot_ws/install/my_robot_description/share/my_robot_description//launch\n'}
[0.118086] (my_robot_description) StdoutLine: {'line': b'-- Up-to-date: /home/edwardak/my_robot_ws/install/my_robot_description/share/my_robot_description//launch/display.launch.py\n'}
[0.118275] (my_robot_description) StdoutLine: {'line': b'-- Up-to-date: /home/edwardak/my_robot_ws/install/my_robot_description/share/ament_index/resource_index/package_run_dependencies/my_robot_description\n'}
[0.118542] (my_robot_description) StdoutLine: {'line': b'-- Up-to-date: /home/edwardak/my_robot_ws/install/my_robot_description/share/ament_index/resource_index/parent_prefix_path/my_robot_description\n'}
[0.118767] (my_robot_description) StdoutLine: {'line': b'-- Up-to-date: /home/edwardak/my_robot_ws/install/my_robot_description/share/my_robot_description/environment/ament_prefix_path.sh\n'}
[0.118997] (my_robot_description) StdoutLine: {'line': b'-- Up-to-date: /home/edwardak/my_robot_ws/install/my_robot_description/share/my_robot_description/environment/ament_prefix_path.dsv\n'}
[0.119191] (my_robot_description) StdoutLine: {'line': b'-- Up-to-date: /home/edwardak/my_robot_ws/install/my_robot_description/share/my_robot_description/environment/path.sh\n'}
[0.119869] (my_robot_description) StdoutLine: {'line': b'-- Up-to-date: /home/edwardak/my_robot_ws/install/my_robot_description/share/my_robot_description/environment/path.dsv\n'}
[0.120106] (my_robot_description) StdoutLine: {'line': b'-- Up-to-date: /home/edwardak/my_robot_ws/install/my_robot_description/share/my_robot_description/local_setup.bash\n'}
[0.120364] (my_robot_description) StdoutLine: {'line': b'-- Up-to-date: /home/edwardak/my_robot_ws/install/my_robot_description/share/my_robot_description/local_setup.sh\n'}
[0.120779] (my_robot_description) StdoutLine: {'line': b'-- Up-to-date: /home/edwardak/my_robot_ws/install/my_robot_description/share/my_robot_description/local_setup.zsh\n'}
[0.121009] (my_robot_description) StdoutLine: {'line': b'-- Up-to-date: /home/edwardak/my_robot_ws/install/my_robot_description/share/my_robot_description/local_setup.dsv\n'}
[0.121210] (my_robot_description) StdoutLine: {'line': b'-- Installing: /home/edwardak/my_robot_ws/install/my_robot_description/share/my_robot_description/package.dsv\n'}
[0.121416] (my_robot_description) StdoutLine: {'line': b'-- Up-to-date: /home/edwardak/my_robot_ws/install/my_robot_description/share/ament_index/resource_index/packages/my_robot_description\n'}
[0.121836] (my_robot_description) StdoutLine: {'line': b'-- Up-to-date: /home/edwardak/my_robot_ws/install/my_robot_description/share/my_robot_description/cmake/my_robot_descriptionConfig.cmake\n'}
[0.122131] (my_robot_description) StdoutLine: {'line': b'-- Up-to-date: /home/edwardak/my_robot_ws/install/my_robot_description/share/my_robot_description/cmake/my_robot_descriptionConfig-version.cmake\n'}
[0.122359] (my_robot_description) StdoutLine: {'line': b'-- Up-to-date: /home/edwardak/my_robot_ws/install/my_robot_description/share/my_robot_description/package.xml\n'}
[0.123487] (my_robot_description) CommandEnded: {'returncode': 0}
[0.150243] (my_robot_description) JobEnded: {'identifier': 'my_robot_description', 'rc': 0}
[0.152262] (-) EventReactorShutdown: {}
