[1.523s] Invoking command in '/home/edwardak/my_robot_ws/src/my_camera': PYTHONPATH=/home/edwardak/my_robot_ws/build/my_camera/prefix_override:/usr/lib/python3/dist-packages/colcon_core/task/python/colcon_distutils_commands:/home/edwardak/my_robot_ws/install/my_camera/lib/python3.12/site-packages:${PYTHONPATH} /usr/bin/python3 -W ignore:setup.py install is deprecated -W ignore:easy_install command is deprecated setup.py egg_info --egg-base ../../build/my_camera build --build-base /home/edwardak/my_robot_ws/build/my_camera/build install --record /home/edwardak/my_robot_ws/build/my_camera/install.log --single-version-externally-managed install_data
[1.830s] running egg_info
[1.856s] writing ../../build/my_camera/my_camera.egg-info/PKG-INFO
[1.860s] writing dependency_links to ../../build/my_camera/my_camera.egg-info/dependency_links.txt
[1.860s] writing entry points to ../../build/my_camera/my_camera.egg-info/entry_points.txt
[1.861s] writing requirements to ../../build/my_camera/my_camera.egg-info/requires.txt
[1.861s] writing top-level names to ../../build/my_camera/my_camera.egg-info/top_level.txt
[1.910s] reading manifest file '../../build/my_camera/my_camera.egg-info/SOURCES.txt'
[1.911s] adding license file 'LICENSE'
[1.911s] writing manifest file '../../build/my_camera/my_camera.egg-info/SOURCES.txt'
[1.912s] running build
[1.912s] running build_py
[1.913s] running install
[1.921s] running install_lib
[1.945s] running install_data
[1.946s] running install_egg_info
[1.976s] removing '/home/edwardak/my_robot_ws/install/my_camera/lib/python3.12/site-packages/my_camera-0.0.0-py3.12.egg-info' (and everything under it)
[1.977s] Copying ../../build/my_camera/my_camera.egg-info to /home/edwardak/my_robot_ws/install/my_camera/lib/python3.12/site-packages/my_camera-0.0.0-py3.12.egg-info
[1.979s] running install_scripts
[2.134s] Installing ip_stream_node script to /home/edwardak/my_robot_ws/install/my_camera/lib/my_camera
[2.135s] Installing usbcam_node script to /home/edwardak/my_robot_ws/install/my_camera/lib/my_camera
[2.135s] Installing webcam_node script to /home/edwardak/my_robot_ws/install/my_camera/lib/my_camera
[2.135s] writing list of installed files to '/home/edwardak/my_robot_ws/build/my_camera/install.log'
[2.166s] Invoked command in '/home/edwardak/my_robot_ws/src/my_camera' returned '0': PYTHONPATH=/home/edwardak/my_robot_ws/build/my_camera/prefix_override:/usr/lib/python3/dist-packages/colcon_core/task/python/colcon_distutils_commands:/home/edwardak/my_robot_ws/install/my_camera/lib/python3.12/site-packages:${PYTHONPATH} /usr/bin/python3 -W ignore:setup.py install is deprecated -W ignore:easy_install command is deprecated setup.py egg_info --egg-base ../../build/my_camera build --build-base /home/edwardak/my_robot_ws/build/my_camera/build install --record /home/edwardak/my_robot_ws/build/my_camera/install.log --single-version-externally-managed install_data
