[1.106s] DEBUG:colcon:Command line arguments: ['/usr/bin/colcon', 'list', '-p', '--base-paths', '/home/edwardak/my_robot_ws/src', '--log-base', '/dev/null']
[1.106s] DEBUG:colcon:Parsed command line arguments: Namespace(log_base=None, log_level=None, verb_name='list', build_base='build', ignore_user_meta=False, metas=['./colcon.meta'], base_paths=['/home/edwardak/my_robot_ws/src', '--log-base', '/dev/null'], packages_ignore=None, packages_ignore_regex=None, paths=None, packages_up_to=None, packages_up_to_regex=None, packages_above=None, packages_above_and_dependencies=None, packages_above_depth=None, packages_select_by_dep=None, packages_skip_by_dep=None, packages_skip_up_to=None, packages_select_build_failed=False, packages_skip_build_finished=False, packages_select_test_failures=False, packages_skip_test_passed=False, packages_select=None, packages_skip=None, packages_select_regex=None, packages_skip_regex=None, packages_start=None, packages_end=None, allow_overriding=[], topological_order=False, names_only=False, paths_only=True, topological_graph=False, topological_graph_dot=False, topological_graph_density=False, topological_graph_legend=False, topological_graph_dot_cluster=False, topological_graph_dot_include_skipped=False, mixin_files=None, mixin=None, verb_parser=<colcon_mixin.mixin.mixin_argument.MixinArgumentDecorator object at 0x7cb2dec6b200>, verb_extension=<colcon_package_information.verb.list.ListVerb object at 0x7cb2dec6a2d0>, main=<bound method ListVerb.main of <colcon_package_information.verb.list.ListVerb object at 0x7cb2dec6a2d0>>, mixin_verb=('list',))
[1.301s] Level 1:colcon.colcon_core.package_discovery:discover_packages(colcon_meta) check parameters
[1.301s] Level 1:colcon.colcon_core.package_discovery:discover_packages(recursive) check parameters
[1.301s] Level 1:colcon.colcon_core.package_discovery:discover_packages(ignore) check parameters
[1.301s] Level 1:colcon.colcon_core.package_discovery:discover_packages(path) check parameters
[1.301s] Level 1:colcon.colcon_core.package_discovery:discover_packages(recursive) discover
[1.302s] INFO:colcon.colcon_core.package_discovery:Crawling recursively for packages in '/home/edwardak/my_robot_ws/src', '/home/edwardak/my_robot_ws/src/--log-base', '/dev/null'
[1.302s] Level 1:colcon.colcon_core.package_identification:_identify(/home/edwardak/my_robot_ws/src) by extensions ['ignore', 'ignore_ament_install']
[1.302s] Level 1:colcon.colcon_core.package_identification:_identify(/home/edwardak/my_robot_ws/src) by extension 'ignore'
[1.302s] Level 1:colcon.colcon_core.package_identification:_identify(/home/edwardak/my_robot_ws/src) by extension 'ignore_ament_install'
[1.303s] Level 1:colcon.colcon_core.package_identification:_identify(/home/edwardak/my_robot_ws/src) by extensions ['colcon_pkg']
[1.303s] Level 1:colcon.colcon_core.package_identification:_identify(/home/edwardak/my_robot_ws/src) by extension 'colcon_pkg'
[1.303s] Level 1:colcon.colcon_core.package_identification:_identify(/home/edwardak/my_robot_ws/src) by extensions ['colcon_meta']
[1.308s] Level 1:colcon.colcon_core.package_identification:_identify(/home/edwardak/my_robot_ws/src) by extension 'colcon_meta'
[1.308s] Level 1:colcon.colcon_core.package_identification:_identify(/home/edwardak/my_robot_ws/src) by extensions ['ros']
[1.308s] Level 1:colcon.colcon_core.package_identification:_identify(/home/edwardak/my_robot_ws/src) by extension 'ros'
[1.464s] Level 1:colcon.colcon_core.package_identification:_identify(/home/edwardak/my_robot_ws/src) by extensions ['cmake', 'python']
[1.464s] Level 1:colcon.colcon_core.package_identification:_identify(/home/edwardak/my_robot_ws/src) by extension 'cmake'
[1.464s] Level 1:colcon.colcon_core.package_identification:_identify(/home/edwardak/my_robot_ws/src) by extension 'python'
[1.465s] Level 1:colcon.colcon_core.package_identification:_identify(/home/edwardak/my_robot_ws/src) by extensions ['python_setup_py']
[1.465s] Level 1:colcon.colcon_core.package_identification:_identify(/home/edwardak/my_robot_ws/src) by extension 'python_setup_py'
[1.467s] Level 1:colcon.colcon_core.package_identification:_identify(/home/edwardak/my_robot_ws/src/log) by extensions ['ignore', 'ignore_ament_install']
[1.467s] Level 1:colcon.colcon_core.package_identification:_identify(/home/edwardak/my_robot_ws/src/log) by extension 'ignore'
[1.468s] Level 1:colcon.colcon_core.package_identification:_identify(/home/edwardak/my_robot_ws/src/log) ignored
[1.468s] Level 1:colcon.colcon_core.package_identification:_identify(/home/edwardak/my_robot_ws/src/my_robot_description) by extensions ['ignore', 'ignore_ament_install']
[1.469s] Level 1:colcon.colcon_core.package_identification:_identify(/home/edwardak/my_robot_ws/src/my_robot_description) by extension 'ignore'
[1.469s] Level 1:colcon.colcon_core.package_identification:_identify(/home/edwardak/my_robot_ws/src/my_robot_description) by extension 'ignore_ament_install'
[1.469s] Level 1:colcon.colcon_core.package_identification:_identify(/home/edwardak/my_robot_ws/src/my_robot_description) by extensions ['colcon_pkg']
[1.470s] Level 1:colcon.colcon_core.package_identification:_identify(/home/edwardak/my_robot_ws/src/my_robot_description) by extension 'colcon_pkg'
[1.470s] Level 1:colcon.colcon_core.package_identification:_identify(/home/edwardak/my_robot_ws/src/my_robot_description) by extensions ['colcon_meta']
[1.470s] Level 1:colcon.colcon_core.package_identification:_identify(/home/edwardak/my_robot_ws/src/my_robot_description) by extension 'colcon_meta'
[1.470s] Level 1:colcon.colcon_core.package_identification:_identify(/home/edwardak/my_robot_ws/src/my_robot_description) by extensions ['ros']
[1.470s] Level 1:colcon.colcon_core.package_identification:_identify(/home/edwardak/my_robot_ws/src/my_robot_description) by extension 'ros'
[1.485s] DEBUG:colcon.colcon_core.package_identification:Package '/home/edwardak/my_robot_ws/src/my_robot_description' with type 'ros.ament_cmake' and name 'my_robot_description'
[1.486s] Level 1:colcon.colcon_core.package_discovery:discover_packages(recursive) using defaults
