running egg_info
creating ../../build/my_camera/my_camera.egg-info
writing ../../build/my_camera/my_camera.egg-info/PKG-INFO
writing dependency_links to ../../build/my_camera/my_camera.egg-info/dependency_links.txt
writing entry points to ../../build/my_camera/my_camera.egg-info/entry_points.txt
writing requirements to ../../build/my_camera/my_camera.egg-info/requires.txt
writing top-level names to ../../build/my_camera/my_camera.egg-info/top_level.txt
writing manifest file '../../build/my_camera/my_camera.egg-info/SOURCES.txt'
reading manifest file '../../build/my_camera/my_camera.egg-info/SOURCES.txt'
adding license file 'LICENSE'
writing manifest file '../../build/my_camera/my_camera.egg-info/SOURCES.txt'
running build
running build_py
creating /home/edwardak/my_robot_ws/build/my_camera/build
creating /home/edwardak/my_robot_ws/build/my_camera/build/lib
creating /home/edwardak/my_robot_ws/build/my_camera/build/lib/my_camera
copying my_camera/ip_stream_node.py -> /home/edwardak/my_robot_ws/build/my_camera/build/lib/my_camera
copying my_camera/__init__.py -> /home/edwardak/my_robot_ws/build/my_camera/build/lib/my_camera
copying my_camera/usbcam_node.py -> /home/edwardak/my_robot_ws/build/my_camera/build/lib/my_camera
copying my_camera/webcam_node.py -> /home/edwardak/my_robot_ws/build/my_camera/build/lib/my_camera
running install
running install_lib
creating /home/edwardak/my_robot_ws/install/my_camera/lib/python3.12/site-packages/my_camera
copying /home/edwardak/my_robot_ws/build/my_camera/build/lib/my_camera/ip_stream_node.py -> /home/edwardak/my_robot_ws/install/my_camera/lib/python3.12/site-packages/my_camera
copying /home/edwardak/my_robot_ws/build/my_camera/build/lib/my_camera/__init__.py -> /home/edwardak/my_robot_ws/install/my_camera/lib/python3.12/site-packages/my_camera
copying /home/edwardak/my_robot_ws/build/my_camera/build/lib/my_camera/usbcam_node.py -> /home/edwardak/my_robot_ws/install/my_camera/lib/python3.12/site-packages/my_camera
copying /home/edwardak/my_robot_ws/build/my_camera/build/lib/my_camera/webcam_node.py -> /home/edwardak/my_robot_ws/install/my_camera/lib/python3.12/site-packages/my_camera
byte-compiling /home/edwardak/my_robot_ws/install/my_camera/lib/python3.12/site-packages/my_camera/ip_stream_node.py to ip_stream_node.cpython-312.pyc
byte-compiling /home/edwardak/my_robot_ws/install/my_camera/lib/python3.12/site-packages/my_camera/__init__.py to __init__.cpython-312.pyc
byte-compiling /home/edwardak/my_robot_ws/install/my_camera/lib/python3.12/site-packages/my_camera/usbcam_node.py to usbcam_node.cpython-312.pyc
byte-compiling /home/edwardak/my_robot_ws/install/my_camera/lib/python3.12/site-packages/my_camera/webcam_node.py to webcam_node.cpython-312.pyc
running install_data
creating /home/edwardak/my_robot_ws/install/my_camera/share/ament_index
creating /home/edwardak/my_robot_ws/install/my_camera/share/ament_index/resource_index
creating /home/edwardak/my_robot_ws/install/my_camera/share/ament_index/resource_index/packages
copying resource/my_camera -> /home/edwardak/my_robot_ws/install/my_camera/share/ament_index/resource_index/packages
copying package.xml -> /home/edwardak/my_robot_ws/install/my_camera/share/my_camera
running install_egg_info
Copying ../../build/my_camera/my_camera.egg-info to /home/edwardak/my_robot_ws/install/my_camera/lib/python3.12/site-packages/my_camera-0.0.0-py3.12.egg-info
running install_scripts
Installing ip_stream_node script to /home/edwardak/my_robot_ws/install/my_camera/lib/my_camera
Installing usbcam_node script to /home/edwardak/my_robot_ws/install/my_camera/lib/my_camera
Installing webcam_node script to /home/edwardak/my_robot_ws/install/my_camera/lib/my_camera
writing list of installed files to '/home/edwardak/my_robot_ws/build/my_camera/install.log'
