[4.689s] Invoking command in '/home/edwardak/my_robot_ws/src/my_camera': PYTHONPATH=/home/edwardak/my_robot_ws/build/my_camera/prefix_override:/usr/lib/python3/dist-packages/colcon_core/task/python/colcon_distutils_commands:/home/edwardak/my_robot_ws/install/my_camera/lib/python3.12/site-packages:${PYTHONPATH} /usr/bin/python3 -W ignore:setup.py install is deprecated -W ignore:easy_install command is deprecated setup.py egg_info --egg-base ../../build/my_camera build --build-base /home/edwardak/my_robot_ws/build/my_camera/build install --record /home/edwardak/my_robot_ws/build/my_camera/install.log --single-version-externally-managed install_data
[5.636s] running egg_info
[5.637s] creating ../../build/my_camera/my_camera.egg-info
[5.719s] writing ../../build/my_camera/my_camera.egg-info/PKG-INFO
[5.719s] writing dependency_links to ../../build/my_camera/my_camera.egg-info/dependency_links.txt
[5.720s] writing entry points to ../../build/my_camera/my_camera.egg-info/entry_points.txt
[5.720s] writing requirements to ../../build/my_camera/my_camera.egg-info/requires.txt
[5.720s] writing top-level names to ../../build/my_camera/my_camera.egg-info/top_level.txt
[5.720s] writing manifest file '../../build/my_camera/my_camera.egg-info/SOURCES.txt'
[5.851s] reading manifest file '../../build/my_camera/my_camera.egg-info/SOURCES.txt'
[5.851s] adding license file 'LICENSE'
[5.853s] writing manifest file '../../build/my_camera/my_camera.egg-info/SOURCES.txt'
[5.853s] running build
[5.854s] running build_py
[5.854s] creating /home/edwardak/my_robot_ws/build/my_camera/build
[5.854s] creating /home/edwardak/my_robot_ws/build/my_camera/build/lib
[5.858s] creating /home/edwardak/my_robot_ws/build/my_camera/build/lib/my_camera
[5.860s] copying my_camera/ip_stream_node.py -> /home/edwardak/my_robot_ws/build/my_camera/build/lib/my_camera
[5.861s] copying my_camera/__init__.py -> /home/edwardak/my_robot_ws/build/my_camera/build/lib/my_camera
[5.862s] copying my_camera/usbcam_node.py -> /home/edwardak/my_robot_ws/build/my_camera/build/lib/my_camera
[5.864s] copying my_camera/webcam_node.py -> /home/edwardak/my_robot_ws/build/my_camera/build/lib/my_camera
[5.865s] running install
[5.882s] running install_lib
[5.945s] creating /home/edwardak/my_robot_ws/install/my_camera/lib/python3.12/site-packages/my_camera
[5.947s] copying /home/edwardak/my_robot_ws/build/my_camera/build/lib/my_camera/ip_stream_node.py -> /home/edwardak/my_robot_ws/install/my_camera/lib/python3.12/site-packages/my_camera
[5.949s] copying /home/edwardak/my_robot_ws/build/my_camera/build/lib/my_camera/__init__.py -> /home/edwardak/my_robot_ws/install/my_camera/lib/python3.12/site-packages/my_camera
[5.949s] copying /home/edwardak/my_robot_ws/build/my_camera/build/lib/my_camera/usbcam_node.py -> /home/edwardak/my_robot_ws/install/my_camera/lib/python3.12/site-packages/my_camera
[5.959s] copying /home/edwardak/my_robot_ws/build/my_camera/build/lib/my_camera/webcam_node.py -> /home/edwardak/my_robot_ws/install/my_camera/lib/python3.12/site-packages/my_camera
[5.959s] byte-compiling /home/edwardak/my_robot_ws/install/my_camera/lib/python3.12/site-packages/my_camera/ip_stream_node.py to ip_stream_node.cpython-312.pyc
[5.960s] byte-compiling /home/edwardak/my_robot_ws/install/my_camera/lib/python3.12/site-packages/my_camera/__init__.py to __init__.cpython-312.pyc
[5.960s] byte-compiling /home/edwardak/my_robot_ws/install/my_camera/lib/python3.12/site-packages/my_camera/usbcam_node.py to usbcam_node.cpython-312.pyc
[5.960s] byte-compiling /home/edwardak/my_robot_ws/install/my_camera/lib/python3.12/site-packages/my_camera/webcam_node.py to webcam_node.cpython-312.pyc
[5.960s] running install_data
[5.960s] creating /home/edwardak/my_robot_ws/install/my_camera/share/ament_index
[5.961s] creating /home/edwardak/my_robot_ws/install/my_camera/share/ament_index/resource_index
[5.963s] creating /home/edwardak/my_robot_ws/install/my_camera/share/ament_index/resource_index/packages
[5.964s] copying resource/my_camera -> /home/edwardak/my_robot_ws/install/my_camera/share/ament_index/resource_index/packages
[5.964s] copying package.xml -> /home/edwardak/my_robot_ws/install/my_camera/share/my_camera
[5.965s] running install_egg_info
[6.034s] Copying ../../build/my_camera/my_camera.egg-info to /home/edwardak/my_robot_ws/install/my_camera/lib/python3.12/site-packages/my_camera-0.0.0-py3.12.egg-info
[6.042s] running install_scripts
[6.454s] Installing ip_stream_node script to /home/edwardak/my_robot_ws/install/my_camera/lib/my_camera
[6.459s] Installing usbcam_node script to /home/edwardak/my_robot_ws/install/my_camera/lib/my_camera
[6.462s] Installing webcam_node script to /home/edwardak/my_robot_ws/install/my_camera/lib/my_camera
[6.463s] writing list of installed files to '/home/edwardak/my_robot_ws/build/my_camera/install.log'
[6.535s] Invoked command in '/home/edwardak/my_robot_ws/src/my_camera' returned '0': PYTHONPATH=/home/edwardak/my_robot_ws/build/my_camera/prefix_override:/usr/lib/python3/dist-packages/colcon_core/task/python/colcon_distutils_commands:/home/edwardak/my_robot_ws/install/my_camera/lib/python3.12/site-packages:${PYTHONPATH} /usr/bin/python3 -W ignore:setup.py install is deprecated -W ignore:easy_install command is deprecated setup.py egg_info --egg-base ../../build/my_camera build --build-base /home/edwardak/my_robot_ws/build/my_camera/build install --record /home/edwardak/my_robot_ws/build/my_camera/install.log --single-version-externally-managed install_data
