[3.829s] Invoking command in '/home/edwardak/my_robot_ws/src/my_camera': PYTHONPATH=/home/edwardak/my_robot_ws/build/my_camera/prefix_override:/usr/lib/python3/dist-packages/colcon_core/task/python/colcon_distutils_commands:/home/edwardak/my_robot_ws/install/my_camera/lib/python3.12/site-packages:${PYTHONPATH} /usr/bin/python3 -W ignore:setup.py install is deprecated -W ignore:easy_install command is deprecated setup.py egg_info --egg-base ../../build/my_camera build --build-base /home/edwardak/my_robot_ws/build/my_camera/build install --record /home/edwardak/my_robot_ws/build/my_camera/install.log --single-version-externally-managed install_data
[4.985s] running egg_info
[5.089s] writing ../../build/my_camera/my_camera.egg-info/PKG-INFO
[5.090s] writing dependency_links to ../../build/my_camera/my_camera.egg-info/dependency_links.txt
[5.091s] writing entry points to ../../build/my_camera/my_camera.egg-info/entry_points.txt
[5.096s] writing requirements to ../../build/my_camera/my_camera.egg-info/requires.txt
[5.096s] writing top-level names to ../../build/my_camera/my_camera.egg-info/top_level.txt
[5.289s] reading manifest file '../../build/my_camera/my_camera.egg-info/SOURCES.txt'
[5.290s] adding license file 'LICENSE'
[5.292s] writing manifest file '../../build/my_camera/my_camera.egg-info/SOURCES.txt'
[5.293s] running build
[5.293s] running build_py
[5.294s] running install
[5.322s] running install_lib
[5.418s] running install_data
[5.421s] running install_egg_info
[5.537s] removing '/home/edwardak/my_robot_ws/install/my_camera/lib/python3.12/site-packages/my_camera-0.0.0-py3.12.egg-info' (and everything under it)
[5.537s] Copying ../../build/my_camera/my_camera.egg-info to /home/edwardak/my_robot_ws/install/my_camera/lib/python3.12/site-packages/my_camera-0.0.0-py3.12.egg-info
[5.545s] running install_scripts
[6.221s] Installing ip_stream_node script to /home/edwardak/my_robot_ws/install/my_camera/lib/my_camera
[6.224s] Installing usbcam_node script to /home/edwardak/my_robot_ws/install/my_camera/lib/my_camera
[6.225s] Installing webcam_node script to /home/edwardak/my_robot_ws/install/my_camera/lib/my_camera
[6.225s] writing list of installed files to '/home/edwardak/my_robot_ws/build/my_camera/install.log'
[6.355s] Invoked command in '/home/edwardak/my_robot_ws/src/my_camera' returned '0': PYTHONPATH=/home/edwardak/my_robot_ws/build/my_camera/prefix_override:/usr/lib/python3/dist-packages/colcon_core/task/python/colcon_distutils_commands:/home/edwardak/my_robot_ws/install/my_camera/lib/python3.12/site-packages:${PYTHONPATH} /usr/bin/python3 -W ignore:setup.py install is deprecated -W ignore:easy_install command is deprecated setup.py egg_info --egg-base ../../build/my_camera build --build-base /home/edwardak/my_robot_ws/build/my_camera/build install --record /home/edwardak/my_robot_ws/build/my_camera/install.log --single-version-externally-managed install_data
