[0.443s] DEBUG:colcon:Command line arguments: ['/usr/bin/colcon', 'build']
[0.444s] DEBUG:colcon:Parsed command line arguments: Namespace(log_base=None, log_level=None, verb_name='build', build_base='build', install_base='install', merge_install=False, symlink_install=False, test_result_base=None, continue_on_error=False, executor='parallel', parallel_workers=8, event_handlers=None, ignore_user_meta=False, metas=['./colcon.meta'], base_paths=['.'], packages_ignore=None, packages_ignore_regex=None, paths=None, packages_up_to=None, packages_up_to_regex=None, packages_above=None, packages_above_and_dependencies=None, packages_above_depth=None, packages_select_by_dep=None, packages_skip_by_dep=None, packages_skip_up_to=None, packages_select_build_failed=False, packages_skip_build_finished=False, packages_select_test_failures=False, packages_skip_test_passed=False, packages_select=None, packages_skip=None, packages_select_regex=None, packages_skip_regex=None, packages_start=None, packages_end=None, allow_overriding=[], cmake_args=None, cmake_target=None, cmake_target_skip_unavailable=False, cmake_clean_cache=False, cmake_clean_first=False, cmake_force_configure=False, ament_cmake_args=None, catkin_cmake_args=None, catkin_skip_building_tests=False, mixin_files=None, mixin=None, verb_parser=<colcon_mixin.mixin.mixin_argument.MixinArgumentDecorator object at 0x7c277804a600>, verb_extension=<colcon_core.verb.build.BuildVerb object at 0x7c27781b6c30>, main=<bound method BuildVerb.main of <colcon_core.verb.build.BuildVerb object at 0x7c27781b6c30>>, mixin_verb=('build',))
[0.542s] Level 1:colcon.colcon_core.package_discovery:discover_packages(colcon_meta) check parameters
[0.542s] Level 1:colcon.colcon_core.package_discovery:discover_packages(recursive) check parameters
[0.542s] Level 1:colcon.colcon_core.package_discovery:discover_packages(ignore) check parameters
[0.542s] Level 1:colcon.colcon_core.package_discovery:discover_packages(path) check parameters
[0.542s] Level 1:colcon.colcon_core.package_discovery:discover_packages(colcon_meta) discover
[0.542s] Level 1:colcon.colcon_core.package_discovery:discover_packages(recursive) discover
[0.543s] INFO:colcon.colcon_core.package_discovery:Crawling recursively for packages in '/home/edwardak/my_robot_ws'
[0.543s] Level 1:colcon.colcon_core.package_identification:_identify(.) by extensions ['ignore', 'ignore_ament_install']
[0.543s] Level 1:colcon.colcon_core.package_identification:_identify(.) by extension 'ignore'
[0.543s] Level 1:colcon.colcon_core.package_identification:_identify(.) by extension 'ignore_ament_install'
[0.543s] Level 1:colcon.colcon_core.package_identification:_identify(.) by extensions ['colcon_pkg']
[0.543s] Level 1:colcon.colcon_core.package_identification:_identify(.) by extension 'colcon_pkg'
[0.543s] Level 1:colcon.colcon_core.package_identification:_identify(.) by extensions ['colcon_meta']
[0.543s] Level 1:colcon.colcon_core.package_identification:_identify(.) by extension 'colcon_meta'
[0.543s] Level 1:colcon.colcon_core.package_identification:_identify(.) by extensions ['ros']
[0.543s] Level 1:colcon.colcon_core.package_identification:_identify(.) by extension 'ros'
[0.600s] Level 1:colcon.colcon_core.package_identification:_identify(.) by extensions ['cmake', 'python']
[0.601s] Level 1:colcon.colcon_core.package_identification:_identify(.) by extension 'cmake'
[0.601s] Level 1:colcon.colcon_core.package_identification:_identify(.) by extension 'python'
[0.601s] Level 1:colcon.colcon_core.package_identification:_identify(.) by extensions ['python_setup_py']
[0.601s] Level 1:colcon.colcon_core.package_identification:_identify(.) by extension 'python_setup_py'
[0.601s] Level 1:colcon.colcon_core.package_identification:_identify(build) by extensions ['ignore', 'ignore_ament_install']
[0.602s] Level 1:colcon.colcon_core.package_identification:_identify(build) by extension 'ignore'
[0.602s] Level 1:colcon.colcon_core.package_identification:_identify(build) ignored
[0.602s] Level 1:colcon.colcon_core.package_identification:_identify(install) by extensions ['ignore', 'ignore_ament_install']
[0.602s] Level 1:colcon.colcon_core.package_identification:_identify(install) by extension 'ignore'
[0.602s] Level 1:colcon.colcon_core.package_identification:_identify(install) ignored
[0.603s] Level 1:colcon.colcon_core.package_identification:_identify(log) by extensions ['ignore', 'ignore_ament_install']
[0.603s] Level 1:colcon.colcon_core.package_identification:_identify(log) by extension 'ignore'
[0.603s] Level 1:colcon.colcon_core.package_identification:_identify(log) ignored
[0.603s] Level 1:colcon.colcon_core.package_identification:_identify(src) by extensions ['ignore', 'ignore_ament_install']
[0.603s] Level 1:colcon.colcon_core.package_identification:_identify(src) by extension 'ignore'
[0.603s] Level 1:colcon.colcon_core.package_identification:_identify(src) by extension 'ignore_ament_install'
[0.603s] Level 1:colcon.colcon_core.package_identification:_identify(src) by extensions ['colcon_pkg']
[0.603s] Level 1:colcon.colcon_core.package_identification:_identify(src) by extension 'colcon_pkg'
[0.604s] Level 1:colcon.colcon_core.package_identification:_identify(src) by extensions ['colcon_meta']
[0.604s] Level 1:colcon.colcon_core.package_identification:_identify(src) by extension 'colcon_meta'
[0.604s] Level 1:colcon.colcon_core.package_identification:_identify(src) by extensions ['ros']
[0.604s] Level 1:colcon.colcon_core.package_identification:_identify(src) by extension 'ros'
[0.604s] Level 1:colcon.colcon_core.package_identification:_identify(src) by extensions ['cmake', 'python']
[0.604s] Level 1:colcon.colcon_core.package_identification:_identify(src) by extension 'cmake'
[0.604s] Level 1:colcon.colcon_core.package_identification:_identify(src) by extension 'python'
[0.604s] Level 1:colcon.colcon_core.package_identification:_identify(src) by extensions ['python_setup_py']
[0.604s] Level 1:colcon.colcon_core.package_identification:_identify(src) by extension 'python_setup_py'
[0.604s] Level 1:colcon.colcon_core.package_identification:_identify(src/log) by extensions ['ignore', 'ignore_ament_install']
[0.604s] Level 1:colcon.colcon_core.package_identification:_identify(src/log) by extension 'ignore'
[0.604s] Level 1:colcon.colcon_core.package_identification:_identify(src/log) ignored
[0.604s] Level 1:colcon.colcon_core.package_identification:_identify(src/my_robot_description) by extensions ['ignore', 'ignore_ament_install']
[0.605s] Level 1:colcon.colcon_core.package_identification:_identify(src/my_robot_description) by extension 'ignore'
[0.605s] Level 1:colcon.colcon_core.package_identification:_identify(src/my_robot_description) by extension 'ignore_ament_install'
[0.605s] Level 1:colcon.colcon_core.package_identification:_identify(src/my_robot_description) by extensions ['colcon_pkg']
[0.605s] Level 1:colcon.colcon_core.package_identification:_identify(src/my_robot_description) by extension 'colcon_pkg'
[0.605s] Level 1:colcon.colcon_core.package_identification:_identify(src/my_robot_description) by extensions ['colcon_meta']
[0.605s] Level 1:colcon.colcon_core.package_identification:_identify(src/my_robot_description) by extension 'colcon_meta'
[0.605s] Level 1:colcon.colcon_core.package_identification:_identify(src/my_robot_description) by extensions ['ros']
[0.605s] Level 1:colcon.colcon_core.package_identification:_identify(src/my_robot_description) by extension 'ros'
[0.608s] DEBUG:colcon.colcon_core.package_identification:Package 'src/my_robot_description' with type 'ros.ament_cmake' and name 'my_robot_description'
[0.609s] Level 1:colcon.colcon_core.package_discovery:discover_packages(recursive) using defaults
[0.609s] Level 1:colcon.colcon_core.package_discovery:discover_packages(ignore) discover
[0.609s] Level 1:colcon.colcon_core.package_discovery:discover_packages(ignore) using defaults
[0.609s] Level 1:colcon.colcon_core.package_discovery:discover_packages(path) discover
[0.609s] Level 1:colcon.colcon_core.package_discovery:discover_packages(path) using defaults
[0.656s] Level 1:colcon.colcon_core.package_discovery:discover_packages(prefix_path) check parameters
[0.657s] Level 1:colcon.colcon_core.package_discovery:discover_packages(prefix_path) discover
[0.664s] DEBUG:colcon.colcon_installed_package_information.package_discovery:Found 1 installed packages in /home/edwardak/my_robot_ws/install
[0.669s] DEBUG:colcon.colcon_installed_package_information.package_discovery:Found 390 installed packages in /opt/ros/jazzy
[0.673s] Level 1:colcon.colcon_core.package_discovery:discover_packages(prefix_path) using defaults
[0.904s] Level 5:colcon.colcon_core.verb:set package 'my_robot_description' build argument 'cmake_args' from command line to 'None'
[0.904s] Level 5:colcon.colcon_core.verb:set package 'my_robot_description' build argument 'cmake_target' from command line to 'None'
[0.905s] Level 5:colcon.colcon_core.verb:set package 'my_robot_description' build argument 'cmake_target_skip_unavailable' from command line to 'False'
[0.905s] Level 5:colcon.colcon_core.verb:set package 'my_robot_description' build argument 'cmake_clean_cache' from command line to 'False'
[0.905s] Level 5:colcon.colcon_core.verb:set package 'my_robot_description' build argument 'cmake_clean_first' from command line to 'False'
[0.905s] Level 5:colcon.colcon_core.verb:set package 'my_robot_description' build argument 'cmake_force_configure' from command line to 'False'
[0.905s] Level 5:colcon.colcon_core.verb:set package 'my_robot_description' build argument 'ament_cmake_args' from command line to 'None'
[0.905s] Level 5:colcon.colcon_core.verb:set package 'my_robot_description' build argument 'catkin_cmake_args' from command line to 'None'
[0.905s] Level 5:colcon.colcon_core.verb:set package 'my_robot_description' build argument 'catkin_skip_building_tests' from command line to 'False'
[0.905s] DEBUG:colcon.colcon_core.verb:Building package 'my_robot_description' with the following arguments: {'ament_cmake_args': None, 'build_base': '/home/edwardak/my_robot_ws/build/my_robot_description', 'catkin_cmake_args': None, 'catkin_skip_building_tests': False, 'cmake_args': None, 'cmake_clean_cache': False, 'cmake_clean_first': False, 'cmake_force_configure': False, 'cmake_target': None, 'cmake_target_skip_unavailable': False, 'install_base': '/home/edwardak/my_robot_ws/install/my_robot_description', 'merge_install': False, 'path': '/home/edwardak/my_robot_ws/src/my_robot_description', 'symlink_install': False, 'test_result_base': None}
[0.905s] INFO:colcon.colcon_core.executor:Executing jobs using 'parallel' executor
[0.908s] DEBUG:colcon.colcon_parallel_executor.executor.parallel:run_until_complete
[0.909s] INFO:colcon.colcon_ros.task.ament_cmake.build:Building ROS package in '/home/edwardak/my_robot_ws/src/my_robot_description' with build type 'ament_cmake'
[0.910s] INFO:colcon.colcon_cmake.task.cmake.build:Building CMake package in '/home/edwardak/my_robot_ws/src/my_robot_description'
[0.916s] INFO:colcon.colcon_core.plugin_system:Skipping extension 'colcon_core.shell.bat': Not used on non-Windows systems
[0.917s] INFO:colcon.colcon_core.shell:Skip shell extension 'powershell' for command environment: Not usable outside of PowerShell
[0.917s] DEBUG:colcon.colcon_core.shell:Skip shell extension 'dsv' for command environment
[0.953s] DEBUG:colcon.colcon_core.event_handler.log_command:Invoking command in '/home/edwardak/my_robot_ws/build/my_robot_description': CMAKE_PREFIX_PATH=${CMAKE_PREFIX_PATH}:/opt/ros/jazzy /usr/bin/cmake --build /home/edwardak/my_robot_ws/build/my_robot_description -- -j8 -l8
[1.084s] DEBUG:colcon.colcon_core.event_handler.log_command:Invoked command in '/home/edwardak/my_robot_ws/build/my_robot_description' returned '0': CMAKE_PREFIX_PATH=${CMAKE_PREFIX_PATH}:/opt/ros/jazzy /usr/bin/cmake --build /home/edwardak/my_robot_ws/build/my_robot_description -- -j8 -l8
[1.118s] DEBUG:colcon.colcon_core.event_handler.log_command:Invoking command in '/home/edwardak/my_robot_ws/build/my_robot_description': CMAKE_PREFIX_PATH=${CMAKE_PREFIX_PATH}:/opt/ros/jazzy /usr/bin/cmake --install /home/edwardak/my_robot_ws/build/my_robot_description
[1.177s] Level 1:colcon.colcon_core.environment:create_environment_scripts_only(my_robot_description)
[1.181s] DEBUG:colcon.colcon_core.event_handler.log_command:Invoked command in '/home/edwardak/my_robot_ws/build/my_robot_description' returned '0': CMAKE_PREFIX_PATH=${CMAKE_PREFIX_PATH}:/opt/ros/jazzy /usr/bin/cmake --install /home/edwardak/my_robot_ws/build/my_robot_description
[1.192s] Level 1:colcon.colcon_core.environment:checking '/home/edwardak/my_robot_ws/install/my_robot_description' for CMake module files
[1.194s] Level 1:colcon.colcon_core.environment:checking '/home/edwardak/my_robot_ws/install/my_robot_description' for CMake config files
[1.196s] Level 1:colcon.colcon_core.shell:create_environment_hook('my_robot_description', 'cmake_prefix_path')
[1.197s] INFO:colcon.colcon_core.shell:Creating environment hook '/home/edwardak/my_robot_ws/install/my_robot_description/share/my_robot_description/hook/cmake_prefix_path.ps1'
[1.201s] INFO:colcon.colcon_core.shell:Creating environment descriptor '/home/edwardak/my_robot_ws/install/my_robot_description/share/my_robot_description/hook/cmake_prefix_path.dsv'
[1.203s] INFO:colcon.colcon_core.shell:Creating environment hook '/home/edwardak/my_robot_ws/install/my_robot_description/share/my_robot_description/hook/cmake_prefix_path.sh'
[1.208s] Level 1:colcon.colcon_core.environment:checking '/home/edwardak/my_robot_ws/install/my_robot_description/bin'
[1.208s] Level 1:colcon.colcon_core.environment:checking '/home/edwardak/my_robot_ws/install/my_robot_description/lib/pkgconfig/my_robot_description.pc'
[1.209s] Level 1:colcon.colcon_core.environment:checking '/home/edwardak/my_robot_ws/install/my_robot_description/lib/python3.12/site-packages'
[1.210s] Level 1:colcon.colcon_core.environment:checking '/home/edwardak/my_robot_ws/install/my_robot_description/bin'
[1.211s] INFO:colcon.colcon_core.shell:Creating package script '/home/edwardak/my_robot_ws/install/my_robot_description/share/my_robot_description/package.ps1'
[1.214s] INFO:colcon.colcon_core.shell:Creating package descriptor '/home/edwardak/my_robot_ws/install/my_robot_description/share/my_robot_description/package.dsv'
[1.218s] INFO:colcon.colcon_core.shell:Creating package script '/home/edwardak/my_robot_ws/install/my_robot_description/share/my_robot_description/package.sh'
[1.220s] INFO:colcon.colcon_core.shell:Creating package script '/home/edwardak/my_robot_ws/install/my_robot_description/share/my_robot_description/package.bash'
[1.226s] INFO:colcon.colcon_core.shell:Creating package script '/home/edwardak/my_robot_ws/install/my_robot_description/share/my_robot_description/package.zsh'
[1.228s] Level 1:colcon.colcon_core.environment:create_file_with_runtime_dependencies(/home/edwardak/my_robot_ws/install/my_robot_description/share/colcon-core/packages/my_robot_description)
[1.230s] Level 1:colcon.colcon_core.environment:create_environment_scripts_only(my_robot_description)
[1.230s] Level 1:colcon.colcon_core.environment:checking '/home/edwardak/my_robot_ws/install/my_robot_description' for CMake module files
[1.232s] Level 1:colcon.colcon_core.environment:checking '/home/edwardak/my_robot_ws/install/my_robot_description' for CMake config files
[1.233s] Level 1:colcon.colcon_core.shell:create_environment_hook('my_robot_description', 'cmake_prefix_path')
[1.234s] INFO:colcon.colcon_core.shell:Creating environment hook '/home/edwardak/my_robot_ws/install/my_robot_description/share/my_robot_description/hook/cmake_prefix_path.ps1'
[1.235s] INFO:colcon.colcon_core.shell:Creating environment descriptor '/home/edwardak/my_robot_ws/install/my_robot_description/share/my_robot_description/hook/cmake_prefix_path.dsv'
[1.239s] INFO:colcon.colcon_core.shell:Creating environment hook '/home/edwardak/my_robot_ws/install/my_robot_description/share/my_robot_description/hook/cmake_prefix_path.sh'
[1.247s] Level 1:colcon.colcon_core.environment:checking '/home/edwardak/my_robot_ws/install/my_robot_description/bin'
[1.247s] Level 1:colcon.colcon_core.environment:checking '/home/edwardak/my_robot_ws/install/my_robot_description/lib/pkgconfig/my_robot_description.pc'
[1.248s] Level 1:colcon.colcon_core.environment:checking '/home/edwardak/my_robot_ws/install/my_robot_description/lib/python3.12/site-packages'
[1.248s] Level 1:colcon.colcon_core.environment:checking '/home/edwardak/my_robot_ws/install/my_robot_description/bin'
[1.249s] INFO:colcon.colcon_core.shell:Creating package script '/home/edwardak/my_robot_ws/install/my_robot_description/share/my_robot_description/package.ps1'
[1.250s] INFO:colcon.colcon_core.shell:Creating package descriptor '/home/edwardak/my_robot_ws/install/my_robot_description/share/my_robot_description/package.dsv'
[1.251s] INFO:colcon.colcon_core.shell:Creating package script '/home/edwardak/my_robot_ws/install/my_robot_description/share/my_robot_description/package.sh'
[1.255s] INFO:colcon.colcon_core.shell:Creating package script '/home/edwardak/my_robot_ws/install/my_robot_description/share/my_robot_description/package.bash'
[1.256s] INFO:colcon.colcon_core.shell:Creating package script '/home/edwardak/my_robot_ws/install/my_robot_description/share/my_robot_description/package.zsh'
[1.257s] Level 1:colcon.colcon_core.environment:create_file_with_runtime_dependencies(/home/edwardak/my_robot_ws/install/my_robot_description/share/colcon-core/packages/my_robot_description)
[1.262s] DEBUG:colcon.colcon_parallel_executor.executor.parallel:closing loop
[1.262s] DEBUG:colcon.colcon_parallel_executor.executor.parallel:loop closed
[1.263s] DEBUG:colcon.colcon_parallel_executor.executor.parallel:run_until_complete finished with '0'
[1.263s] DEBUG:colcon.colcon_core.event_reactor:joining thread
[1.485s] INFO:colcon.colcon_core.plugin_system:Skipping extension 'colcon_notification.desktop_notification.notify_send': Could not find 'notify-send'
[1.485s] INFO:colcon.colcon_core.plugin_system:Skipping extension 'colcon_notification.desktop_notification.terminal_notifier': Not used on non-Darwin systems
[1.486s] INFO:colcon.colcon_core.plugin_system:Skipping extension 'colcon_notification.desktop_notification.win32': Not used on non-Windows systems
[1.486s] INFO:colcon.colcon_notification.desktop_notification:Sending desktop notification using 'notify2'
[1.489s] DEBUG:colcon.colcon_notification.desktop_notification.notify2:Failed to initialize notify2: org.freedesktop.DBus.Error.ServiceUnknown: The name org.freedesktop.Notifications was not provided by any .service files
[1.490s] DEBUG:colcon.colcon_core.event_reactor:joined thread
[1.490s] INFO:colcon.colcon_core.shell:Creating prefix script '/home/edwardak/my_robot_ws/install/local_setup.ps1'
[1.494s] INFO:colcon.colcon_core.shell:Creating prefix util module '/home/edwardak/my_robot_ws/install/_local_setup_util_ps1.py'
[1.504s] INFO:colcon.colcon_core.shell:Creating prefix chain script '/home/edwardak/my_robot_ws/install/setup.ps1'
[1.507s] INFO:colcon.colcon_core.shell:Creating prefix script '/home/edwardak/my_robot_ws/install/local_setup.sh'
[1.509s] INFO:colcon.colcon_core.shell:Creating prefix util module '/home/edwardak/my_robot_ws/install/_local_setup_util_sh.py'
[1.512s] INFO:colcon.colcon_core.shell:Creating prefix chain script '/home/edwardak/my_robot_ws/install/setup.sh'
[1.518s] INFO:colcon.colcon_core.shell:Creating prefix script '/home/edwardak/my_robot_ws/install/local_setup.bash'
[1.520s] INFO:colcon.colcon_core.shell:Creating prefix chain script '/home/edwardak/my_robot_ws/install/setup.bash'
[1.524s] INFO:colcon.colcon_core.shell:Creating prefix script '/home/edwardak/my_robot_ws/install/local_setup.zsh'
[1.527s] INFO:colcon.colcon_core.shell:Creating prefix chain script '/home/edwardak/my_robot_ws/install/setup.zsh'
