[4.305s] Invoking command in '/home/edwardak/my_robot_ws/src/my_camera': PYTHONPATH=/home/edwardak/my_robot_ws/build/my_camera/prefix_override:/usr/lib/python3/dist-packages/colcon_core/task/python/colcon_distutils_commands:/home/edwardak/my_robot_ws/install/my_camera/lib/python3.12/site-packages:${PYTHONPATH} /usr/bin/python3 -W ignore:setup.py install is deprecated -W ignore:easy_install command is deprecated setup.py egg_info --egg-base ../../build/my_camera build --build-base /home/edwardak/my_robot_ws/build/my_camera/build install --record /home/edwardak/my_robot_ws/build/my_camera/install.log --single-version-externally-managed install_data
[5.577s] running egg_info
[5.666s] writing ../../build/my_camera/my_camera.egg-info/PKG-INFO
[5.671s] writing dependency_links to ../../build/my_camera/my_camera.egg-info/dependency_links.txt
[5.673s] writing entry points to ../../build/my_camera/my_camera.egg-info/entry_points.txt
[5.673s] writing requirements to ../../build/my_camera/my_camera.egg-info/requires.txt
[5.675s] writing top-level names to ../../build/my_camera/my_camera.egg-info/top_level.txt
[5.890s] reading manifest file '../../build/my_camera/my_camera.egg-info/SOURCES.txt'
[5.891s] adding license file 'LICENSE'
[5.894s] writing manifest file '../../build/my_camera/my_camera.egg-info/SOURCES.txt'
[5.894s] running build
[5.895s] running build_py
[5.896s] running install
[5.928s] running install_lib
[6.015s] running install_data
[6.017s] running install_egg_info
[6.159s] removing '/home/edwardak/my_robot_ws/install/my_camera/lib/python3.12/site-packages/my_camera-0.0.0-py3.12.egg-info' (and everything under it)
[6.160s] Copying ../../build/my_camera/my_camera.egg-info to /home/edwardak/my_robot_ws/install/my_camera/lib/python3.12/site-packages/my_camera-0.0.0-py3.12.egg-info
[6.164s] running install_scripts
[6.789s] Installing ip_stream_node script to /home/edwardak/my_robot_ws/install/my_camera/lib/my_camera
[6.789s] Installing usbcam_node script to /home/edwardak/my_robot_ws/install/my_camera/lib/my_camera
[6.789s] Installing webcam_node script to /home/edwardak/my_robot_ws/install/my_camera/lib/my_camera
[6.790s] writing list of installed files to '/home/edwardak/my_robot_ws/build/my_camera/install.log'
[6.897s] Invoked command in '/home/edwardak/my_robot_ws/src/my_camera' returned '0': PYTHONPATH=/home/edwardak/my_robot_ws/build/my_camera/prefix_override:/usr/lib/python3/dist-packages/colcon_core/task/python/colcon_distutils_commands:/home/edwardak/my_robot_ws/install/my_camera/lib/python3.12/site-packages:${PYTHONPATH} /usr/bin/python3 -W ignore:setup.py install is deprecated -W ignore:easy_install command is deprecated setup.py egg_info --egg-base ../../build/my_camera build --build-base /home/edwardak/my_robot_ws/build/my_camera/build install --record /home/edwardak/my_robot_ws/build/my_camera/install.log --single-version-externally-managed install_data
