[1.087s] DEBUG:colcon:Command line arguments: ['/usr/bin/colcon', 'build']
[1.087s] DEBUG:colcon:Parsed command line arguments: Namespace(log_base=None, log_level=None, verb_name='build', build_base='build', install_base='install', merge_install=False, symlink_install=False, test_result_base=None, continue_on_error=False, executor='parallel', parallel_workers=8, event_handlers=None, ignore_user_meta=False, metas=['./colcon.meta'], base_paths=['.'], packages_ignore=None, packages_ignore_regex=None, paths=None, packages_up_to=None, packages_up_to_regex=None, packages_above=None, packages_above_and_dependencies=None, packages_above_depth=None, packages_select_by_dep=None, packages_skip_by_dep=None, packages_skip_up_to=None, packages_select_build_failed=False, packages_skip_build_finished=False, packages_select_test_failures=False, packages_skip_test_passed=False, packages_select=None, packages_skip=None, packages_select_regex=None, packages_skip_regex=None, packages_start=None, packages_end=None, allow_overriding=[], cmake_args=None, cmake_target=None, cmake_target_skip_unavailable=False, cmake_clean_cache=False, cmake_clean_first=False, cmake_force_configure=False, ament_cmake_args=None, catkin_cmake_args=None, catkin_skip_building_tests=False, mixin_files=None, mixin=None, verb_parser=<colcon_mixin.mixin.mixin_argument.MixinArgumentDecorator object at 0x74d00c186780>, verb_extension=<colcon_core.verb.build.BuildVerb object at 0x74d00c22a6c0>, main=<bound method BuildVerb.main of <colcon_core.verb.build.BuildVerb object at 0x74d00c22a6c0>>, mixin_verb=('build',))
[1.268s] Level 1:colcon.colcon_core.package_discovery:discover_packages(colcon_meta) check parameters
[1.268s] Level 1:colcon.colcon_core.package_discovery:discover_packages(recursive) check parameters
[1.268s] Level 1:colcon.colcon_core.package_discovery:discover_packages(ignore) check parameters
[1.269s] Level 1:colcon.colcon_core.package_discovery:discover_packages(path) check parameters
[1.269s] Level 1:colcon.colcon_core.package_discovery:discover_packages(colcon_meta) discover
[1.269s] Level 1:colcon.colcon_core.package_discovery:discover_packages(recursive) discover
[1.269s] INFO:colcon.colcon_core.package_discovery:Crawling recursively for packages in '/home/edwardak/my_robot_ws/src'
[1.269s] Level 1:colcon.colcon_core.package_identification:_identify(.) by extensions ['ignore', 'ignore_ament_install']
[1.269s] Level 1:colcon.colcon_core.package_identification:_identify(.) by extension 'ignore'
[1.269s] Level 1:colcon.colcon_core.package_identification:_identify(.) by extension 'ignore_ament_install'
[1.269s] Level 1:colcon.colcon_core.package_identification:_identify(.) by extensions ['colcon_pkg']
[1.270s] Level 1:colcon.colcon_core.package_identification:_identify(.) by extension 'colcon_pkg'
[1.270s] Level 1:colcon.colcon_core.package_identification:_identify(.) by extensions ['colcon_meta']
[1.270s] Level 1:colcon.colcon_core.package_identification:_identify(.) by extension 'colcon_meta'
[1.270s] Level 1:colcon.colcon_core.package_identification:_identify(.) by extensions ['ros']
[1.270s] Level 1:colcon.colcon_core.package_identification:_identify(.) by extension 'ros'
[1.349s] Level 1:colcon.colcon_core.package_identification:_identify(.) by extensions ['cmake', 'python']
[1.349s] Level 1:colcon.colcon_core.package_identification:_identify(.) by extension 'cmake'
[1.349s] Level 1:colcon.colcon_core.package_identification:_identify(.) by extension 'python'
[1.349s] Level 1:colcon.colcon_core.package_identification:_identify(.) by extensions ['python_setup_py']
[1.351s] Level 1:colcon.colcon_core.package_identification:_identify(.) by extension 'python_setup_py'
[1.352s] Level 1:colcon.colcon_core.package_identification:_identify(build) by extensions ['ignore', 'ignore_ament_install']
[1.352s] Level 1:colcon.colcon_core.package_identification:_identify(build) by extension 'ignore'
[1.352s] Level 1:colcon.colcon_core.package_identification:_identify(build) ignored
[1.352s] Level 1:colcon.colcon_core.package_identification:_identify(install) by extensions ['ignore', 'ignore_ament_install']
[1.352s] Level 1:colcon.colcon_core.package_identification:_identify(install) by extension 'ignore'
[1.352s] Level 1:colcon.colcon_core.package_identification:_identify(install) ignored
[1.353s] Level 1:colcon.colcon_core.package_identification:_identify(log) by extensions ['ignore', 'ignore_ament_install']
[1.353s] Level 1:colcon.colcon_core.package_identification:_identify(log) by extension 'ignore'
[1.353s] Level 1:colcon.colcon_core.package_identification:_identify(log) ignored
[1.355s] Level 1:colcon.colcon_core.package_identification:_identify(my_robot_bringup) by extensions ['ignore', 'ignore_ament_install']
[1.355s] Level 1:colcon.colcon_core.package_identification:_identify(my_robot_bringup) by extension 'ignore'
[1.355s] Level 1:colcon.colcon_core.package_identification:_identify(my_robot_bringup) by extension 'ignore_ament_install'
[1.355s] Level 1:colcon.colcon_core.package_identification:_identify(my_robot_bringup) by extensions ['colcon_pkg']
[1.355s] Level 1:colcon.colcon_core.package_identification:_identify(my_robot_bringup) by extension 'colcon_pkg'
[1.355s] Level 1:colcon.colcon_core.package_identification:_identify(my_robot_bringup) by extensions ['colcon_meta']
[1.355s] Level 1:colcon.colcon_core.package_identification:_identify(my_robot_bringup) by extension 'colcon_meta'
[1.355s] Level 1:colcon.colcon_core.package_identification:_identify(my_robot_bringup) by extensions ['ros']
[1.355s] Level 1:colcon.colcon_core.package_identification:_identify(my_robot_bringup) by extension 'ros'
[1.362s] DEBUG:colcon.colcon_core.package_identification:Package 'my_robot_bringup' with type 'ros.ament_cmake' and name 'my_robot_bringup'
[1.363s] Level 1:colcon.colcon_core.package_identification:_identify(my_robot_description) by extensions ['ignore', 'ignore_ament_install']
[1.363s] Level 1:colcon.colcon_core.package_identification:_identify(my_robot_description) by extension 'ignore'
[1.363s] Level 1:colcon.colcon_core.package_identification:_identify(my_robot_description) by extension 'ignore_ament_install'
[1.363s] Level 1:colcon.colcon_core.package_identification:_identify(my_robot_description) by extensions ['colcon_pkg']
[1.363s] Level 1:colcon.colcon_core.package_identification:_identify(my_robot_description) by extension 'colcon_pkg'
[1.363s] Level 1:colcon.colcon_core.package_identification:_identify(my_robot_description) by extensions ['colcon_meta']
[1.363s] Level 1:colcon.colcon_core.package_identification:_identify(my_robot_description) by extension 'colcon_meta'
[1.363s] Level 1:colcon.colcon_core.package_identification:_identify(my_robot_description) by extensions ['ros']
[1.363s] Level 1:colcon.colcon_core.package_identification:_identify(my_robot_description) by extension 'ros'
[1.364s] DEBUG:colcon.colcon_core.package_identification:Package 'my_robot_description' with type 'ros.ament_cmake' and name 'my_robot_description'
[1.364s] Level 1:colcon.colcon_core.package_discovery:discover_packages(recursive) using defaults
[1.364s] Level 1:colcon.colcon_core.package_discovery:discover_packages(ignore) discover
[1.365s] Level 1:colcon.colcon_core.package_discovery:discover_packages(ignore) using defaults
[1.365s] Level 1:colcon.colcon_core.package_discovery:discover_packages(path) discover
[1.365s] Level 1:colcon.colcon_core.package_discovery:discover_packages(path) using defaults
[1.442s] Level 1:colcon.colcon_core.package_discovery:discover_packages(prefix_path) check parameters
[1.442s] Level 1:colcon.colcon_core.package_discovery:discover_packages(prefix_path) discover
[1.465s] DEBUG:colcon.colcon_installed_package_information.package_discovery:Found 2 installed packages in /home/edwardak/my_robot_ws/install
[1.473s] DEBUG:colcon.colcon_installed_package_information.package_discovery:Found 390 installed packages in /opt/ros/jazzy
[1.476s] Level 1:colcon.colcon_core.package_discovery:discover_packages(prefix_path) using defaults
[1.770s] Level 5:colcon.colcon_core.verb:set package 'my_robot_description' build argument 'cmake_args' from command line to 'None'
[1.771s] Level 5:colcon.colcon_core.verb:set package 'my_robot_description' build argument 'cmake_target' from command line to 'None'
[1.771s] Level 5:colcon.colcon_core.verb:set package 'my_robot_description' build argument 'cmake_target_skip_unavailable' from command line to 'False'
[1.771s] Level 5:colcon.colcon_core.verb:set package 'my_robot_description' build argument 'cmake_clean_cache' from command line to 'False'
[1.771s] Level 5:colcon.colcon_core.verb:set package 'my_robot_description' build argument 'cmake_clean_first' from command line to 'False'
[1.771s] Level 5:colcon.colcon_core.verb:set package 'my_robot_description' build argument 'cmake_force_configure' from command line to 'False'
[1.771s] Level 5:colcon.colcon_core.verb:set package 'my_robot_description' build argument 'ament_cmake_args' from command line to 'None'
[1.771s] Level 5:colcon.colcon_core.verb:set package 'my_robot_description' build argument 'catkin_cmake_args' from command line to 'None'
[1.771s] Level 5:colcon.colcon_core.verb:set package 'my_robot_description' build argument 'catkin_skip_building_tests' from command line to 'False'
[1.771s] DEBUG:colcon.colcon_core.verb:Building package 'my_robot_description' with the following arguments: {'ament_cmake_args': None, 'build_base': '/home/edwardak/my_robot_ws/src/build/my_robot_description', 'catkin_cmake_args': None, 'catkin_skip_building_tests': False, 'cmake_args': None, 'cmake_clean_cache': False, 'cmake_clean_first': False, 'cmake_force_configure': False, 'cmake_target': None, 'cmake_target_skip_unavailable': False, 'install_base': '/home/edwardak/my_robot_ws/src/install/my_robot_description', 'merge_install': False, 'path': '/home/edwardak/my_robot_ws/src/my_robot_description', 'symlink_install': False, 'test_result_base': None}
[1.772s] Level 5:colcon.colcon_core.verb:set package 'my_robot_bringup' build argument 'cmake_args' from command line to 'None'
[1.772s] Level 5:colcon.colcon_core.verb:set package 'my_robot_bringup' build argument 'cmake_target' from command line to 'None'
[1.772s] Level 5:colcon.colcon_core.verb:set package 'my_robot_bringup' build argument 'cmake_target_skip_unavailable' from command line to 'False'
[1.772s] Level 5:colcon.colcon_core.verb:set package 'my_robot_bringup' build argument 'cmake_clean_cache' from command line to 'False'
[1.772s] Level 5:colcon.colcon_core.verb:set package 'my_robot_bringup' build argument 'cmake_clean_first' from command line to 'False'
[1.772s] Level 5:colcon.colcon_core.verb:set package 'my_robot_bringup' build argument 'cmake_force_configure' from command line to 'False'
[1.772s] Level 5:colcon.colcon_core.verb:set package 'my_robot_bringup' build argument 'ament_cmake_args' from command line to 'None'
[1.772s] Level 5:colcon.colcon_core.verb:set package 'my_robot_bringup' build argument 'catkin_cmake_args' from command line to 'None'
[1.772s] Level 5:colcon.colcon_core.verb:set package 'my_robot_bringup' build argument 'catkin_skip_building_tests' from command line to 'False'
[1.772s] DEBUG:colcon.colcon_core.verb:Building package 'my_robot_bringup' with the following arguments: {'ament_cmake_args': None, 'build_base': '/home/edwardak/my_robot_ws/src/build/my_robot_bringup', 'catkin_cmake_args': None, 'catkin_skip_building_tests': False, 'cmake_args': None, 'cmake_clean_cache': False, 'cmake_clean_first': False, 'cmake_force_configure': False, 'cmake_target': None, 'cmake_target_skip_unavailable': False, 'install_base': '/home/edwardak/my_robot_ws/src/install/my_robot_bringup', 'merge_install': False, 'path': '/home/edwardak/my_robot_ws/src/my_robot_bringup', 'symlink_install': False, 'test_result_base': None}
[1.773s] INFO:colcon.colcon_core.executor:Executing jobs using 'parallel' executor
[1.775s] DEBUG:colcon.colcon_parallel_executor.executor.parallel:run_until_complete
[1.776s] INFO:colcon.colcon_ros.task.ament_cmake.build:Building ROS package in '/home/edwardak/my_robot_ws/src/my_robot_description' with build type 'ament_cmake'
[1.776s] INFO:colcon.colcon_cmake.task.cmake.build:Building CMake package in '/home/edwardak/my_robot_ws/src/my_robot_description'
[1.789s] INFO:colcon.colcon_core.plugin_system:Skipping extension 'colcon_core.shell.bat': Not used on non-Windows systems
[1.789s] INFO:colcon.colcon_core.shell:Skip shell extension 'powershell' for command environment: Not usable outside of PowerShell
[1.789s] DEBUG:colcon.colcon_core.shell:Skip shell extension 'dsv' for command environment
[1.813s] DEBUG:colcon.colcon_core.event_handler.log_command:Invoking command in '/home/edwardak/my_robot_ws/src/build/my_robot_description': CMAKE_PREFIX_PATH=${CMAKE_PREFIX_PATH}:/opt/ros/jazzy /usr/bin/cmake /home/edwardak/my_robot_ws/src/my_robot_description -DCMAKE_INSTALL_PREFIX=/home/edwardak/my_robot_ws/src/install/my_robot_description
[8.200s] DEBUG:colcon.colcon_core.event_handler.log_command:Invoked command in '/home/edwardak/my_robot_ws/src/build/my_robot_description' returned '0': CMAKE_PREFIX_PATH=${CMAKE_PREFIX_PATH}:/opt/ros/jazzy /usr/bin/cmake /home/edwardak/my_robot_ws/src/my_robot_description -DCMAKE_INSTALL_PREFIX=/home/edwardak/my_robot_ws/src/install/my_robot_description
[8.203s] DEBUG:colcon.colcon_core.event_handler.log_command:Invoking command in '/home/edwardak/my_robot_ws/src/build/my_robot_description': CMAKE_PREFIX_PATH=${CMAKE_PREFIX_PATH}:/opt/ros/jazzy /usr/bin/cmake --build /home/edwardak/my_robot_ws/src/build/my_robot_description -- -j8 -l8
[8.284s] DEBUG:colcon.colcon_core.event_handler.log_command:Invoked command in '/home/edwardak/my_robot_ws/src/build/my_robot_description' returned '0': CMAKE_PREFIX_PATH=${CMAKE_PREFIX_PATH}:/opt/ros/jazzy /usr/bin/cmake --build /home/edwardak/my_robot_ws/src/build/my_robot_description -- -j8 -l8
[8.306s] DEBUG:colcon.colcon_core.event_handler.log_command:Invoking command in '/home/edwardak/my_robot_ws/src/build/my_robot_description': CMAKE_PREFIX_PATH=${CMAKE_PREFIX_PATH}:/opt/ros/jazzy /usr/bin/cmake --install /home/edwardak/my_robot_ws/src/build/my_robot_description
[8.362s] Level 1:colcon.colcon_core.environment:create_environment_scripts_only(my_robot_description)
[8.364s] DEBUG:colcon.colcon_core.event_handler.log_command:Invoked command in '/home/edwardak/my_robot_ws/src/build/my_robot_description' returned '0': CMAKE_PREFIX_PATH=${CMAKE_PREFIX_PATH}:/opt/ros/jazzy /usr/bin/cmake --install /home/edwardak/my_robot_ws/src/build/my_robot_description
[8.379s] Level 1:colcon.colcon_core.environment:checking '/home/edwardak/my_robot_ws/src/install/my_robot_description' for CMake module files
[8.380s] Level 1:colcon.colcon_core.environment:checking '/home/edwardak/my_robot_ws/src/install/my_robot_description' for CMake config files
[8.381s] Level 1:colcon.colcon_core.shell:create_environment_hook('my_robot_description', 'cmake_prefix_path')
[8.381s] INFO:colcon.colcon_core.shell:Creating environment hook '/home/edwardak/my_robot_ws/src/install/my_robot_description/share/my_robot_description/hook/cmake_prefix_path.ps1'
[8.384s] INFO:colcon.colcon_core.shell:Creating environment descriptor '/home/edwardak/my_robot_ws/src/install/my_robot_description/share/my_robot_description/hook/cmake_prefix_path.dsv'
[8.385s] INFO:colcon.colcon_core.shell:Creating environment hook '/home/edwardak/my_robot_ws/src/install/my_robot_description/share/my_robot_description/hook/cmake_prefix_path.sh'
[8.387s] Level 1:colcon.colcon_core.environment:checking '/home/edwardak/my_robot_ws/src/install/my_robot_description/bin'
[8.387s] Level 1:colcon.colcon_core.environment:checking '/home/edwardak/my_robot_ws/src/install/my_robot_description/lib/pkgconfig/my_robot_description.pc'
[8.388s] Level 1:colcon.colcon_core.environment:checking '/home/edwardak/my_robot_ws/src/install/my_robot_description/lib/python3.12/site-packages'
[8.388s] Level 1:colcon.colcon_core.environment:checking '/home/edwardak/my_robot_ws/src/install/my_robot_description/bin'
[8.388s] INFO:colcon.colcon_core.shell:Creating package script '/home/edwardak/my_robot_ws/src/install/my_robot_description/share/my_robot_description/package.ps1'
[8.390s] INFO:colcon.colcon_core.shell:Creating package descriptor '/home/edwardak/my_robot_ws/src/install/my_robot_description/share/my_robot_description/package.dsv'
[8.392s] INFO:colcon.colcon_core.shell:Creating package script '/home/edwardak/my_robot_ws/src/install/my_robot_description/share/my_robot_description/package.sh'
[8.394s] INFO:colcon.colcon_core.shell:Creating package script '/home/edwardak/my_robot_ws/src/install/my_robot_description/share/my_robot_description/package.bash'
[8.396s] INFO:colcon.colcon_core.shell:Creating package script '/home/edwardak/my_robot_ws/src/install/my_robot_description/share/my_robot_description/package.zsh'
[8.398s] Level 1:colcon.colcon_core.environment:create_file_with_runtime_dependencies(/home/edwardak/my_robot_ws/src/install/my_robot_description/share/colcon-core/packages/my_robot_description)
[8.400s] Level 1:colcon.colcon_core.environment:create_environment_scripts_only(my_robot_description)
[8.400s] Level 1:colcon.colcon_core.environment:checking '/home/edwardak/my_robot_ws/src/install/my_robot_description' for CMake module files
[8.401s] Level 1:colcon.colcon_core.environment:checking '/home/edwardak/my_robot_ws/src/install/my_robot_description' for CMake config files
[8.402s] Level 1:colcon.colcon_core.shell:create_environment_hook('my_robot_description', 'cmake_prefix_path')
[8.402s] INFO:colcon.colcon_core.shell:Creating environment hook '/home/edwardak/my_robot_ws/src/install/my_robot_description/share/my_robot_description/hook/cmake_prefix_path.ps1'
[8.403s] INFO:colcon.colcon_core.shell:Creating environment descriptor '/home/edwardak/my_robot_ws/src/install/my_robot_description/share/my_robot_description/hook/cmake_prefix_path.dsv'
[8.403s] INFO:colcon.colcon_core.shell:Creating environment hook '/home/edwardak/my_robot_ws/src/install/my_robot_description/share/my_robot_description/hook/cmake_prefix_path.sh'
[8.404s] Level 1:colcon.colcon_core.environment:checking '/home/edwardak/my_robot_ws/src/install/my_robot_description/bin'
[8.404s] Level 1:colcon.colcon_core.environment:checking '/home/edwardak/my_robot_ws/src/install/my_robot_description/lib/pkgconfig/my_robot_description.pc'
[8.405s] Level 1:colcon.colcon_core.environment:checking '/home/edwardak/my_robot_ws/src/install/my_robot_description/lib/python3.12/site-packages'
[8.405s] Level 1:colcon.colcon_core.environment:checking '/home/edwardak/my_robot_ws/src/install/my_robot_description/bin'
[8.405s] INFO:colcon.colcon_core.shell:Creating package script '/home/edwardak/my_robot_ws/src/install/my_robot_description/share/my_robot_description/package.ps1'
[8.407s] INFO:colcon.colcon_core.shell:Creating package descriptor '/home/edwardak/my_robot_ws/src/install/my_robot_description/share/my_robot_description/package.dsv'
[8.408s] INFO:colcon.colcon_core.shell:Creating package script '/home/edwardak/my_robot_ws/src/install/my_robot_description/share/my_robot_description/package.sh'
[8.409s] INFO:colcon.colcon_core.shell:Creating package script '/home/edwardak/my_robot_ws/src/install/my_robot_description/share/my_robot_description/package.bash'
[8.410s] INFO:colcon.colcon_core.shell:Creating package script '/home/edwardak/my_robot_ws/src/install/my_robot_description/share/my_robot_description/package.zsh'
[8.410s] Level 1:colcon.colcon_core.environment:create_file_with_runtime_dependencies(/home/edwardak/my_robot_ws/src/install/my_robot_description/share/colcon-core/packages/my_robot_description)
[8.411s] INFO:colcon.colcon_ros.task.ament_cmake.build:Building ROS package in '/home/edwardak/my_robot_ws/src/my_robot_bringup' with build type 'ament_cmake'
[8.411s] INFO:colcon.colcon_cmake.task.cmake.build:Building CMake package in '/home/edwardak/my_robot_ws/src/my_robot_bringup'
[8.412s] INFO:colcon.colcon_core.shell:Skip shell extension 'powershell' for command environment: Not usable outside of PowerShell
[8.412s] DEBUG:colcon.colcon_core.shell:Skip shell extension 'dsv' for command environment
[8.538s] DEBUG:colcon.colcon_core.event_handler.log_command:Invoking command in '/home/edwardak/my_robot_ws/src/build/my_robot_bringup': AMENT_PREFIX_PATH=/home/edwardak/my_robot_ws/src/install/my_robot_description:${AMENT_PREFIX_PATH} CMAKE_PREFIX_PATH=/home/edwardak/my_robot_ws/src/install/my_robot_description:/home/edwardak/my_robot_ws/install/my_robot_description:/opt/ros/jazzy/opt/gz_sim_vendor:/opt/ros/jazzy/opt/gz_sensors_vendor:/opt/ros/jazzy/opt/gz_physics_vendor:/opt/ros/jazzy/opt/sdformat_vendor:/opt/ros/jazzy/opt/gz_gui_vendor:/opt/ros/jazzy/opt/gz_transport_vendor:/opt/ros/jazzy/opt/gz_rendering_vendor:/opt/ros/jazzy/opt/gz_plugin_vendor:/opt/ros/jazzy/opt/gz_fuel_tools_vendor:/opt/ros/jazzy/opt/gz_msgs_vendor:/opt/ros/jazzy/opt/gz_common_vendor:/opt/ros/jazzy/opt/gz_math_vendor:/opt/ros/jazzy/opt/gz_utils_vendor:/opt/ros/jazzy/opt/gz_tools_vendor:/opt/ros/jazzy/opt/gz_ogre_next_vendor:/opt/ros/jazzy/opt/gz_dartsim_vendor:/opt/ros/jazzy/opt/gz_cmake_vendor:/opt/ros/jazzy /usr/bin/cmake /home/edwardak/my_robot_ws/src/my_robot_bringup -DCMAKE_INSTALL_PREFIX=/home/edwardak/my_robot_ws/src/install/my_robot_bringup
[14.175s] DEBUG:colcon.colcon_core.event_handler.log_command:Invoked command in '/home/edwardak/my_robot_ws/src/build/my_robot_bringup' returned '0': AMENT_PREFIX_PATH=/home/edwardak/my_robot_ws/src/install/my_robot_description:${AMENT_PREFIX_PATH} CMAKE_PREFIX_PATH=/home/edwardak/my_robot_ws/src/install/my_robot_description:/home/edwardak/my_robot_ws/install/my_robot_description:/opt/ros/jazzy/opt/gz_sim_vendor:/opt/ros/jazzy/opt/gz_sensors_vendor:/opt/ros/jazzy/opt/gz_physics_vendor:/opt/ros/jazzy/opt/sdformat_vendor:/opt/ros/jazzy/opt/gz_gui_vendor:/opt/ros/jazzy/opt/gz_transport_vendor:/opt/ros/jazzy/opt/gz_rendering_vendor:/opt/ros/jazzy/opt/gz_plugin_vendor:/opt/ros/jazzy/opt/gz_fuel_tools_vendor:/opt/ros/jazzy/opt/gz_msgs_vendor:/opt/ros/jazzy/opt/gz_common_vendor:/opt/ros/jazzy/opt/gz_math_vendor:/opt/ros/jazzy/opt/gz_utils_vendor:/opt/ros/jazzy/opt/gz_tools_vendor:/opt/ros/jazzy/opt/gz_ogre_next_vendor:/opt/ros/jazzy/opt/gz_dartsim_vendor:/opt/ros/jazzy/opt/gz_cmake_vendor:/opt/ros/jazzy /usr/bin/cmake /home/edwardak/my_robot_ws/src/my_robot_bringup -DCMAKE_INSTALL_PREFIX=/home/edwardak/my_robot_ws/src/install/my_robot_bringup
[14.177s] DEBUG:colcon.colcon_core.event_handler.log_command:Invoking command in '/home/edwardak/my_robot_ws/src/build/my_robot_bringup': AMENT_PREFIX_PATH=/home/edwardak/my_robot_ws/src/install/my_robot_description:${AMENT_PREFIX_PATH} CMAKE_PREFIX_PATH=/home/edwardak/my_robot_ws/src/install/my_robot_description:/home/edwardak/my_robot_ws/install/my_robot_description:/opt/ros/jazzy/opt/gz_sim_vendor:/opt/ros/jazzy/opt/gz_sensors_vendor:/opt/ros/jazzy/opt/gz_physics_vendor:/opt/ros/jazzy/opt/sdformat_vendor:/opt/ros/jazzy/opt/gz_gui_vendor:/opt/ros/jazzy/opt/gz_transport_vendor:/opt/ros/jazzy/opt/gz_rendering_vendor:/opt/ros/jazzy/opt/gz_plugin_vendor:/opt/ros/jazzy/opt/gz_fuel_tools_vendor:/opt/ros/jazzy/opt/gz_msgs_vendor:/opt/ros/jazzy/opt/gz_common_vendor:/opt/ros/jazzy/opt/gz_math_vendor:/opt/ros/jazzy/opt/gz_utils_vendor:/opt/ros/jazzy/opt/gz_tools_vendor:/opt/ros/jazzy/opt/gz_ogre_next_vendor:/opt/ros/jazzy/opt/gz_dartsim_vendor:/opt/ros/jazzy/opt/gz_cmake_vendor:/opt/ros/jazzy /usr/bin/cmake --build /home/edwardak/my_robot_ws/src/build/my_robot_bringup -- -j8 -l8
[14.258s] DEBUG:colcon.colcon_core.event_handler.log_command:Invoked command in '/home/edwardak/my_robot_ws/src/build/my_robot_bringup' returned '0': AMENT_PREFIX_PATH=/home/edwardak/my_robot_ws/src/install/my_robot_description:${AMENT_PREFIX_PATH} CMAKE_PREFIX_PATH=/home/edwardak/my_robot_ws/src/install/my_robot_description:/home/edwardak/my_robot_ws/install/my_robot_description:/opt/ros/jazzy/opt/gz_sim_vendor:/opt/ros/jazzy/opt/gz_sensors_vendor:/opt/ros/jazzy/opt/gz_physics_vendor:/opt/ros/jazzy/opt/sdformat_vendor:/opt/ros/jazzy/opt/gz_gui_vendor:/opt/ros/jazzy/opt/gz_transport_vendor:/opt/ros/jazzy/opt/gz_rendering_vendor:/opt/ros/jazzy/opt/gz_plugin_vendor:/opt/ros/jazzy/opt/gz_fuel_tools_vendor:/opt/ros/jazzy/opt/gz_msgs_vendor:/opt/ros/jazzy/opt/gz_common_vendor:/opt/ros/jazzy/opt/gz_math_vendor:/opt/ros/jazzy/opt/gz_utils_vendor:/opt/ros/jazzy/opt/gz_tools_vendor:/opt/ros/jazzy/opt/gz_ogre_next_vendor:/opt/ros/jazzy/opt/gz_dartsim_vendor:/opt/ros/jazzy/opt/gz_cmake_vendor:/opt/ros/jazzy /usr/bin/cmake --build /home/edwardak/my_robot_ws/src/build/my_robot_bringup -- -j8 -l8
[14.261s] DEBUG:colcon.colcon_core.event_handler.log_command:Invoking command in '/home/edwardak/my_robot_ws/src/build/my_robot_bringup': AMENT_PREFIX_PATH=/home/edwardak/my_robot_ws/src/install/my_robot_description:${AMENT_PREFIX_PATH} CMAKE_PREFIX_PATH=/home/edwardak/my_robot_ws/src/install/my_robot_description:/home/edwardak/my_robot_ws/install/my_robot_description:/opt/ros/jazzy/opt/gz_sim_vendor:/opt/ros/jazzy/opt/gz_sensors_vendor:/opt/ros/jazzy/opt/gz_physics_vendor:/opt/ros/jazzy/opt/sdformat_vendor:/opt/ros/jazzy/opt/gz_gui_vendor:/opt/ros/jazzy/opt/gz_transport_vendor:/opt/ros/jazzy/opt/gz_rendering_vendor:/opt/ros/jazzy/opt/gz_plugin_vendor:/opt/ros/jazzy/opt/gz_fuel_tools_vendor:/opt/ros/jazzy/opt/gz_msgs_vendor:/opt/ros/jazzy/opt/gz_common_vendor:/opt/ros/jazzy/opt/gz_math_vendor:/opt/ros/jazzy/opt/gz_utils_vendor:/opt/ros/jazzy/opt/gz_tools_vendor:/opt/ros/jazzy/opt/gz_ogre_next_vendor:/opt/ros/jazzy/opt/gz_dartsim_vendor:/opt/ros/jazzy/opt/gz_cmake_vendor:/opt/ros/jazzy /usr/bin/cmake --install /home/edwardak/my_robot_ws/src/build/my_robot_bringup
[14.296s] Level 1:colcon.colcon_core.environment:create_environment_scripts_only(my_robot_bringup)
[14.296s] Level 1:colcon.colcon_core.environment:checking '/home/edwardak/my_robot_ws/src/install/my_robot_bringup' for CMake module files
[14.298s] DEBUG:colcon.colcon_core.event_handler.log_command:Invoked command in '/home/edwardak/my_robot_ws/src/build/my_robot_bringup' returned '0': AMENT_PREFIX_PATH=/home/edwardak/my_robot_ws/src/install/my_robot_description:${AMENT_PREFIX_PATH} CMAKE_PREFIX_PATH=/home/edwardak/my_robot_ws/src/install/my_robot_description:/home/edwardak/my_robot_ws/install/my_robot_description:/opt/ros/jazzy/opt/gz_sim_vendor:/opt/ros/jazzy/opt/gz_sensors_vendor:/opt/ros/jazzy/opt/gz_physics_vendor:/opt/ros/jazzy/opt/sdformat_vendor:/opt/ros/jazzy/opt/gz_gui_vendor:/opt/ros/jazzy/opt/gz_transport_vendor:/opt/ros/jazzy/opt/gz_rendering_vendor:/opt/ros/jazzy/opt/gz_plugin_vendor:/opt/ros/jazzy/opt/gz_fuel_tools_vendor:/opt/ros/jazzy/opt/gz_msgs_vendor:/opt/ros/jazzy/opt/gz_common_vendor:/opt/ros/jazzy/opt/gz_math_vendor:/opt/ros/jazzy/opt/gz_utils_vendor:/opt/ros/jazzy/opt/gz_tools_vendor:/opt/ros/jazzy/opt/gz_ogre_next_vendor:/opt/ros/jazzy/opt/gz_dartsim_vendor:/opt/ros/jazzy/opt/gz_cmake_vendor:/opt/ros/jazzy /usr/bin/cmake --install /home/edwardak/my_robot_ws/src/build/my_robot_bringup
[14.299s] Level 1:colcon.colcon_core.environment:checking '/home/edwardak/my_robot_ws/src/install/my_robot_bringup' for CMake config files
[14.299s] Level 1:colcon.colcon_core.shell:create_environment_hook('my_robot_bringup', 'cmake_prefix_path')
[14.299s] INFO:colcon.colcon_core.shell:Creating environment hook '/home/edwardak/my_robot_ws/src/install/my_robot_bringup/share/my_robot_bringup/hook/cmake_prefix_path.ps1'
[14.301s] INFO:colcon.colcon_core.shell:Creating environment descriptor '/home/edwardak/my_robot_ws/src/install/my_robot_bringup/share/my_robot_bringup/hook/cmake_prefix_path.dsv'
[14.302s] INFO:colcon.colcon_core.shell:Creating environment hook '/home/edwardak/my_robot_ws/src/install/my_robot_bringup/share/my_robot_bringup/hook/cmake_prefix_path.sh'
[14.303s] Level 1:colcon.colcon_core.environment:checking '/home/edwardak/my_robot_ws/src/install/my_robot_bringup/bin'
[14.303s] Level 1:colcon.colcon_core.environment:checking '/home/edwardak/my_robot_ws/src/install/my_robot_bringup/lib/pkgconfig/my_robot_bringup.pc'
[14.303s] Level 1:colcon.colcon_core.environment:checking '/home/edwardak/my_robot_ws/src/install/my_robot_bringup/lib/python3.12/site-packages'
[14.304s] Level 1:colcon.colcon_core.environment:checking '/home/edwardak/my_robot_ws/src/install/my_robot_bringup/bin'
[14.304s] INFO:colcon.colcon_core.shell:Creating package script '/home/edwardak/my_robot_ws/src/install/my_robot_bringup/share/my_robot_bringup/package.ps1'
[14.304s] INFO:colcon.colcon_core.shell:Creating package descriptor '/home/edwardak/my_robot_ws/src/install/my_robot_bringup/share/my_robot_bringup/package.dsv'
[14.305s] INFO:colcon.colcon_core.shell:Creating package script '/home/edwardak/my_robot_ws/src/install/my_robot_bringup/share/my_robot_bringup/package.sh'
[14.306s] INFO:colcon.colcon_core.shell:Creating package script '/home/edwardak/my_robot_ws/src/install/my_robot_bringup/share/my_robot_bringup/package.bash'
[14.306s] INFO:colcon.colcon_core.shell:Creating package script '/home/edwardak/my_robot_ws/src/install/my_robot_bringup/share/my_robot_bringup/package.zsh'
[14.306s] Level 1:colcon.colcon_core.environment:create_file_with_runtime_dependencies(/home/edwardak/my_robot_ws/src/install/my_robot_bringup/share/colcon-core/packages/my_robot_bringup)
[14.308s] Level 1:colcon.colcon_core.environment:create_environment_scripts_only(my_robot_bringup)
[14.308s] Level 1:colcon.colcon_core.environment:checking '/home/edwardak/my_robot_ws/src/install/my_robot_bringup' for CMake module files
[14.309s] Level 1:colcon.colcon_core.environment:checking '/home/edwardak/my_robot_ws/src/install/my_robot_bringup' for CMake config files
[14.309s] Level 1:colcon.colcon_core.shell:create_environment_hook('my_robot_bringup', 'cmake_prefix_path')
[14.309s] INFO:colcon.colcon_core.shell:Creating environment hook '/home/edwardak/my_robot_ws/src/install/my_robot_bringup/share/my_robot_bringup/hook/cmake_prefix_path.ps1'
[14.310s] INFO:colcon.colcon_core.shell:Creating environment descriptor '/home/edwardak/my_robot_ws/src/install/my_robot_bringup/share/my_robot_bringup/hook/cmake_prefix_path.dsv'
[14.310s] INFO:colcon.colcon_core.shell:Creating environment hook '/home/edwardak/my_robot_ws/src/install/my_robot_bringup/share/my_robot_bringup/hook/cmake_prefix_path.sh'
[14.311s] Level 1:colcon.colcon_core.environment:checking '/home/edwardak/my_robot_ws/src/install/my_robot_bringup/bin'
[14.312s] Level 1:colcon.colcon_core.environment:checking '/home/edwardak/my_robot_ws/src/install/my_robot_bringup/lib/pkgconfig/my_robot_bringup.pc'
[14.312s] Level 1:colcon.colcon_core.environment:checking '/home/edwardak/my_robot_ws/src/install/my_robot_bringup/lib/python3.12/site-packages'
[14.312s] Level 1:colcon.colcon_core.environment:checking '/home/edwardak/my_robot_ws/src/install/my_robot_bringup/bin'
[14.313s] INFO:colcon.colcon_core.shell:Creating package script '/home/edwardak/my_robot_ws/src/install/my_robot_bringup/share/my_robot_bringup/package.ps1'
[14.313s] INFO:colcon.colcon_core.shell:Creating package descriptor '/home/edwardak/my_robot_ws/src/install/my_robot_bringup/share/my_robot_bringup/package.dsv'
[14.314s] INFO:colcon.colcon_core.shell:Creating package script '/home/edwardak/my_robot_ws/src/install/my_robot_bringup/share/my_robot_bringup/package.sh'
[14.315s] INFO:colcon.colcon_core.shell:Creating package script '/home/edwardak/my_robot_ws/src/install/my_robot_bringup/share/my_robot_bringup/package.bash'
[14.315s] INFO:colcon.colcon_core.shell:Creating package script '/home/edwardak/my_robot_ws/src/install/my_robot_bringup/share/my_robot_bringup/package.zsh'
[14.316s] Level 1:colcon.colcon_core.environment:create_file_with_runtime_dependencies(/home/edwardak/my_robot_ws/src/install/my_robot_bringup/share/colcon-core/packages/my_robot_bringup)
[14.317s] DEBUG:colcon.colcon_parallel_executor.executor.parallel:closing loop
[14.317s] DEBUG:colcon.colcon_parallel_executor.executor.parallel:loop closed
[14.318s] DEBUG:colcon.colcon_parallel_executor.executor.parallel:run_until_complete finished with '0'
[14.318s] DEBUG:colcon.colcon_core.event_reactor:joining thread
[14.472s] INFO:colcon.colcon_core.plugin_system:Skipping extension 'colcon_notification.desktop_notification.notify_send': Could not find 'notify-send'
[14.472s] INFO:colcon.colcon_core.plugin_system:Skipping extension 'colcon_notification.desktop_notification.terminal_notifier': Not used on non-Darwin systems
[14.472s] INFO:colcon.colcon_core.plugin_system:Skipping extension 'colcon_notification.desktop_notification.win32': Not used on non-Windows systems
[14.472s] INFO:colcon.colcon_notification.desktop_notification:Sending desktop notification using 'notify2'
[14.504s] DEBUG:colcon.colcon_notification.desktop_notification.notify2:Failed to initialize notify2: org.freedesktop.DBus.Error.ServiceUnknown: The name org.freedesktop.Notifications was not provided by any .service files
[14.505s] DEBUG:colcon.colcon_core.event_reactor:joined thread
[14.505s] INFO:colcon.colcon_core.shell:Creating prefix script '/home/edwardak/my_robot_ws/src/install/local_setup.ps1'
[14.507s] INFO:colcon.colcon_core.shell:Creating prefix util module '/home/edwardak/my_robot_ws/src/install/_local_setup_util_ps1.py'
[14.510s] INFO:colcon.colcon_core.shell:Creating prefix chain script '/home/edwardak/my_robot_ws/src/install/setup.ps1'
[14.512s] INFO:colcon.colcon_core.shell:Creating prefix script '/home/edwardak/my_robot_ws/src/install/local_setup.sh'
[14.514s] INFO:colcon.colcon_core.shell:Creating prefix util module '/home/edwardak/my_robot_ws/src/install/_local_setup_util_sh.py'
[14.515s] INFO:colcon.colcon_core.shell:Creating prefix chain script '/home/edwardak/my_robot_ws/src/install/setup.sh'
[14.517s] INFO:colcon.colcon_core.shell:Creating prefix script '/home/edwardak/my_robot_ws/src/install/local_setup.bash'
[14.518s] INFO:colcon.colcon_core.shell:Creating prefix chain script '/home/edwardak/my_robot_ws/src/install/setup.bash'
[14.520s] INFO:colcon.colcon_core.shell:Creating prefix script '/home/edwardak/my_robot_ws/src/install/local_setup.zsh'
[14.522s] INFO:colcon.colcon_core.shell:Creating prefix chain script '/home/edwardak/my_robot_ws/src/install/setup.zsh'
