[5.726s] Invoking command in '/home/edwardak/my_robot_ws/src/my_camera': PYTHONPATH=/home/edwardak/my_robot_ws/build/my_camera/prefix_override:/usr/lib/python3/dist-packages/colcon_core/task/python/colcon_distutils_commands:/home/edwardak/my_robot_ws/install/my_camera/lib/python3.12/site-packages:${PYTHONPATH} /usr/bin/python3 -W ignore:setup.py install is deprecated -W ignore:easy_install command is deprecated setup.py egg_info --egg-base ../../build/my_camera build --build-base /home/edwardak/my_robot_ws/build/my_camera/build install --record /home/edwardak/my_robot_ws/build/my_camera/install.log --single-version-externally-managed install_data
[6.869s] running egg_info
[6.967s] writing ../../build/my_camera/my_camera.egg-info/PKG-INFO
[6.968s] writing dependency_links to ../../build/my_camera/my_camera.egg-info/dependency_links.txt
[6.972s] writing entry points to ../../build/my_camera/my_camera.egg-info/entry_points.txt
[6.972s] writing requirements to ../../build/my_camera/my_camera.egg-info/requires.txt
[6.972s] writing top-level names to ../../build/my_camera/my_camera.egg-info/top_level.txt
[7.170s] reading manifest file '../../build/my_camera/my_camera.egg-info/SOURCES.txt'
[7.173s] adding license file 'LICENSE'
[7.175s] writing manifest file '../../build/my_camera/my_camera.egg-info/SOURCES.txt'
[7.176s] running build
[7.176s] running build_py
[7.178s] running install
[7.212s] running install_lib
[7.325s] running install_data
[7.326s] running install_egg_info
[7.435s] removing '/home/edwardak/my_robot_ws/install/my_camera/lib/python3.12/site-packages/my_camera-0.0.0-py3.12.egg-info' (and everything under it)
[7.447s] Copying ../../build/my_camera/my_camera.egg-info to /home/edwardak/my_robot_ws/install/my_camera/lib/python3.12/site-packages/my_camera-0.0.0-py3.12.egg-info
[7.455s] running install_scripts
[8.168s] Installing ip_stream_node script to /home/edwardak/my_robot_ws/install/my_camera/lib/my_camera
[8.169s] Installing usbcam_node script to /home/edwardak/my_robot_ws/install/my_camera/lib/my_camera
[8.170s] Installing webcam_node script to /home/edwardak/my_robot_ws/install/my_camera/lib/my_camera
[8.170s] writing list of installed files to '/home/edwardak/my_robot_ws/build/my_camera/install.log'
[8.303s] Invoked command in '/home/edwardak/my_robot_ws/src/my_camera' returned '0': PYTHONPATH=/home/edwardak/my_robot_ws/build/my_camera/prefix_override:/usr/lib/python3/dist-packages/colcon_core/task/python/colcon_distutils_commands:/home/edwardak/my_robot_ws/install/my_camera/lib/python3.12/site-packages:${PYTHONPATH} /usr/bin/python3 -W ignore:setup.py install is deprecated -W ignore:easy_install command is deprecated setup.py egg_info --egg-base ../../build/my_camera build --build-base /home/edwardak/my_robot_ws/build/my_camera/build install --record /home/edwardak/my_robot_ws/build/my_camera/install.log --single-version-externally-managed install_data
