[1.153s] Invoking command in '/home/edwardak/my_robot_ws/src/my_camera': PYTHONPATH=/home/edwardak/my_robot_ws/build/my_camera/prefix_override:/usr/lib/python3/dist-packages/colcon_core/task/python/colcon_distutils_commands:/home/edwardak/my_robot_ws/install/my_camera/lib/python3.12/site-packages:${PYTHONPATH} /usr/bin/python3 -W ignore:setup.py install is deprecated -W ignore:easy_install command is deprecated setup.py egg_info --egg-base ../../build/my_camera build --build-base /home/edwardak/my_robot_ws/build/my_camera/build install --record /home/edwardak/my_robot_ws/build/my_camera/install.log --single-version-externally-managed install_data
[1.462s] running egg_info
[1.485s] writing ../../build/my_camera/my_camera.egg-info/PKG-INFO
[1.485s] writing dependency_links to ../../build/my_camera/my_camera.egg-info/dependency_links.txt
[1.485s] writing entry points to ../../build/my_camera/my_camera.egg-info/entry_points.txt
[1.486s] writing requirements to ../../build/my_camera/my_camera.egg-info/requires.txt
[1.486s] writing top-level names to ../../build/my_camera/my_camera.egg-info/top_level.txt
[1.538s] reading manifest file '../../build/my_camera/my_camera.egg-info/SOURCES.txt'
[1.538s] adding license file 'LICENSE'
[1.539s] writing manifest file '../../build/my_camera/my_camera.egg-info/SOURCES.txt'
[1.539s] running build
[1.539s] running build_py
[1.540s] running install
[1.546s] running install_lib
[1.573s] running install_data
[1.573s] running install_egg_info
[1.599s] removing '/home/edwardak/my_robot_ws/install/my_camera/lib/python3.12/site-packages/my_camera-0.0.0-py3.12.egg-info' (and everything under it)
[1.600s] Copying ../../build/my_camera/my_camera.egg-info to /home/edwardak/my_robot_ws/install/my_camera/lib/python3.12/site-packages/my_camera-0.0.0-py3.12.egg-info
[1.602s] running install_scripts
[1.772s] Installing ip_stream_node script to /home/edwardak/my_robot_ws/install/my_camera/lib/my_camera
[1.773s] Installing usbcam_node script to /home/edwardak/my_robot_ws/install/my_camera/lib/my_camera
[1.773s] Installing webcam_node script to /home/edwardak/my_robot_ws/install/my_camera/lib/my_camera
[1.773s] writing list of installed files to '/home/edwardak/my_robot_ws/build/my_camera/install.log'
[1.808s] Invoked command in '/home/edwardak/my_robot_ws/src/my_camera' returned '0': PYTHONPATH=/home/edwardak/my_robot_ws/build/my_camera/prefix_override:/usr/lib/python3/dist-packages/colcon_core/task/python/colcon_distutils_commands:/home/edwardak/my_robot_ws/install/my_camera/lib/python3.12/site-packages:${PYTHONPATH} /usr/bin/python3 -W ignore:setup.py install is deprecated -W ignore:easy_install command is deprecated setup.py egg_info --egg-base ../../build/my_camera build --build-base /home/edwardak/my_robot_ws/build/my_camera/build install --record /home/edwardak/my_robot_ws/build/my_camera/install.log --single-version-externally-managed install_data
